Log file open, 01/02/17 00:29:00
LogInit:Display: Running engine for game: Rescale
LogPlatformFile: Not using cached read wrapper
LogInit:Display: RandInit(-642845705) SRandInit(-642845704).
LogTaskGraph: Started task graph with 5 named threads and 6 total threads with 1 sets of task threads.
LogStats: Stats thread started at 0.164791
LogPluginManager: Loaded Plugin Paper2D, From D:/Epic Games/4.14/Engine/Plugins/2D/Paper2D/Paper2D.uplugin
LogPluginManager: Loaded Plugin LightPropagationVolume, From D:/Epic Games/4.14/Engine/Plugins/Blendables/LightPropagationVolume/LightPropagationVolume.uplugin
LogPluginManager: Loaded Plugin BlankPlugin, From D:/Epic Games/4.14/Engine/Plugins/Developer/BlankPlugin/BlankPlugin.uplugin
LogPluginManager: Loaded Plugin CodeLiteSourceCodeAccess, From D:/Epic Games/4.14/Engine/Plugins/Developer/CodeLiteSourceCodeAccess/CodeLiteSourceCodeAccess.uplugin
LogPluginManager: Loaded Plugin GitSourceControl, From D:/Epic Games/4.14/Engine/Plugins/Developer/GitSourceControl/GitSourceControl.uplugin
LogPluginManager: Loaded Plugin KDevelopSourceCodeAccess, From D:/Epic Games/4.14/Engine/Plugins/Developer/KDevelopSourceCodeAccess/KDevelopSourceCodeAccess.uplugin
LogPluginManager: Loaded Plugin NullSourceCodeAccess, From D:/Epic Games/4.14/Engine/Plugins/Developer/NullSourceCodeAccess/NullSourceCodeAccess.uplugin
LogPluginManager: Loaded Plugin OneSkyLocalizationService, From D:/Epic Games/4.14/Engine/Plugins/Developer/OneSkyLocalizationService/OneSkyLocalizationService.uplugin
LogPluginManager: Loaded Plugin PerforceSourceControl, From D:/Epic Games/4.14/Engine/Plugins/Developer/PerforceSourceControl/PerforceSourceControl.uplugin
LogPluginManager: Loaded Plugin SubversionSourceControl, From D:/Epic Games/4.14/Engine/Plugins/Developer/SubversionSourceControl/SubversionSourceControl.uplugin
LogPluginManager: Loaded Plugin UObjectPlugin, From D:/Epic Games/4.14/Engine/Plugins/Developer/UObjectPlugin/UObjectPlugin.uplugin
LogPluginManager: Loaded Plugin VisualStudioSourceCodeAccess, From D:/Epic Games/4.14/Engine/Plugins/Developer/VisualStudioSourceCodeAccess/VisualStudioSourceCodeAccess.uplugin
LogPluginManager: Loaded Plugin XCodeSourceCodeAccess, From D:/Epic Games/4.14/Engine/Plugins/Developer/XCodeSourceCodeAccess/XCodeSourceCodeAccess.uplugin
LogPluginManager: Loaded Plugin AudioCapture, From D:/Epic Games/4.14/Engine/Plugins/Editor/AudioCapture/AudioCapture.uplugin
LogPluginManager: Loaded Plugin EpicSurvey, From D:/Epic Games/4.14/Engine/Plugins/Editor/EpicSurvey/EpicSurvey.uplugin
LogPluginManager: Loaded Plugin MacGraphicsSwitching, From D:/Epic Games/4.14/Engine/Plugins/Editor/MacGraphicsSwitching/MacGraphicsSwitching.uplugin
LogPluginManager: Loaded Plugin MobileLauncherProfileWizard, From D:/Epic Games/4.14/Engine/Plugins/Editor/MobileLauncherProfileWizard/MobileLauncherProfileWizard.uplugin
LogPluginManager: Loaded Plugin PluginBrowser, From D:/Epic Games/4.14/Engine/Plugins/Editor/PluginBrowser/PluginBrowser.uplugin
LogPluginManager: Loaded Plugin SpeedTreeImporter, From D:/Epic Games/4.14/Engine/Plugins/Editor/SpeedTreeImporter/SpeedTreeImporter.uplugin
LogPluginManager: Loaded Plugin SuperSearchEditor, From D:/Epic Games/4.14/Engine/Plugins/Editor/SuperSearchEditor/SuperSearchEditor.uplugin
LogPluginManager: Loaded Plugin AlembicImporter, From D:/Epic Games/4.14/Engine/Plugins/Experimental/AlembicImporter/AlembicImporter.uplugin
LogPluginManager: Loaded Plugin BlueprintStats, From D:/Epic Games/4.14/Engine/Plugins/Experimental/BlueprintStats/BlueprintStats.uplugin
LogPluginManager: Loaded Plugin CharacterAI, From D:/Epic Games/4.14/Engine/Plugins/Experimental/CharacterAI/CharacterAI.uplugin
LogPluginManager: Loaded Plugin CodeEditor, From D:/Epic Games/4.14/Engine/Plugins/Experimental/CodeEditor/CodeEditor.uplugin
LogPluginManager: Loaded Plugin CodeView, From D:/Epic Games/4.14/Engine/Plugins/Experimental/CodeView/CodeView.uplugin
LogPluginManager: Loaded Plugin HTML5Networking, From D:/Epic Games/4.14/Engine/Plugins/Experimental/HTML5Networking/HTML5Networking.uplugin
LogPluginManager: Loaded Plugin OSVR, From D:/Epic Games/4.14/Engine/Plugins/Experimental/OSVR/OSVR.uplugin
LogPluginManager: Loaded Plugin Phya, From D:/Epic Games/4.14/Engine/Plugins/Experimental/Phya/Phya.uplugin
LogPluginManager: Loaded Plugin SignificanceManager, From D:/Epic Games/4.14/Engine/Plugins/Experimental/SignificanceManager/SignificanceManager.uplugin
LogPluginManager: Loaded Plugin SimpleHMD, From D:/Epic Games/4.14/Engine/Plugins/Experimental/SimpleHMD/SimpleHMD.uplugin
LogPluginManager: Loaded Plugin StereoPanorama, From D:/Epic Games/4.14/Engine/Plugins/Experimental/StereoPanorama/StereoPanorama.uplugin
LogPluginManager: Loaded Plugin StructBox, From D:/Epic Games/4.14/Engine/Plugins/Experimental/StructBox/StructBox.uplugin
LogPluginManager: Loaded Plugin Substance, From D:/Epic Games/4.14/Engine/Plugins/Marketplace/Substance/Substance.uplugin
LogPluginManager: Loaded Plugin AndroidMedia, From D:/Epic Games/4.14/Engine/Plugins/Media/AndroidMedia/AndroidMedia.uplugin
LogPluginManager: Loaded Plugin AvfMedia, From D:/Epic Games/4.14/Engine/Plugins/Media/AvfMedia/AvfMedia.uplugin
LogPluginManager: Loaded Plugin MediaPlayerEditor, From D:/Epic Games/4.14/Engine/Plugins/Media/MediaPlayerEditor/MediaPlayerEditor.uplugin
LogPluginManager: Loaded Plugin WmfMedia, From D:/Epic Games/4.14/Engine/Plugins/Media/WmfMedia/WmfMedia.uplugin
LogPluginManager: Loaded Plugin MessagingDebugger, From D:/Epic Games/4.14/Engine/Plugins/Messaging/MessagingDebugger/MessagingDebugger.uplugin
LogPluginManager: Loaded Plugin TcpMessaging, From D:/Epic Games/4.14/Engine/Plugins/Messaging/TcpMessaging/TcpMessaging.uplugin
LogPluginManager: Loaded Plugin UdpMessaging, From D:/Epic Games/4.14/Engine/Plugins/Messaging/UdpMessaging/UdpMessaging.uplugin
LogPluginManager: Loaded Plugin LevelSequenceEditor, From D:/Epic Games/4.14/Engine/Plugins/MovieScene/LevelSequenceEditor/LevelSequenceEditor.uplugin
LogPluginManager: Loaded Plugin MatineeToLevelSequence, From D:/Epic Games/4.14/Engine/Plugins/MovieScene/MatineeToLevelSequence/MatineeToLevelSequence.uplugin
LogPluginManager: Loaded Plugin NetcodeUnitTest, From D:/Epic Games/4.14/Engine/Plugins/NetcodeUnitTest/NetcodeUnitTest/NetcodeUnitTest.uplugin
LogPluginManager: Loaded Plugin NUTUnrealEngine4, From D:/Epic Games/4.14/Engine/Plugins/NetcodeUnitTest/NUTUnrealEngine4/NUTUnrealEngine4.uplugin
LogPluginManager: Loaded Plugin OnlineSubsystemGameCircle, From D:/Epic Games/4.14/Engine/Plugins/Online/Android/OnlineSubsystemGameCircle/OnlineSubsystemGameCircle.uplugin
LogPluginManager: Loaded Plugin OnlineSubsystemGooglePlay, From D:/Epic Games/4.14/Engine/Plugins/Online/Android/OnlineSubsystemGooglePlay/OnlineSubsystemGooglePlay.uplugin
LogPluginManager: Loaded Plugin OnlineSubsystemIOS, From D:/Epic Games/4.14/Engine/Plugins/Online/IOS/OnlineSubsystemIOS/OnlineSubsystemIOS.uplugin
LogPluginManager: Loaded Plugin OnlineFramework, From D:/Epic Games/4.14/Engine/Plugins/Online/OnlineFramework/OnlineFramework.uplugin
LogPluginManager: Loaded Plugin OnlineSubsystem, From D:/Epic Games/4.14/Engine/Plugins/Online/OnlineSubsystem/OnlineSubsystem.uplugin
LogPluginManager: Loaded Plugin OnlineSubsystemAmazon, From D:/Epic Games/4.14/Engine/Plugins/Online/OnlineSubsystemAmazon/OnlineSubsystemAmazon.uplugin
LogPluginManager: Loaded Plugin OnlineSubsystemFacebook, From D:/Epic Games/4.14/Engine/Plugins/Online/OnlineSubsystemFacebook/OnlineSubsystemFacebook.uplugin
LogPluginManager: Loaded Plugin OnlineSubsystemNull, From D:/Epic Games/4.14/Engine/Plugins/Online/OnlineSubsystemNull/OnlineSubsystemNull.uplugin
LogPluginManager: Loaded Plugin OnlineSubsystemOculus, From D:/Epic Games/4.14/Engine/Plugins/Online/OnlineSubsystemOculus/OnlineSubsystemOculus.uplugin
LogPluginManager: Loaded Plugin OnlineSubsystemSteam, From D:/Epic Games/4.14/Engine/Plugins/Online/OnlineSubsystemSteam/OnlineSubsystemSteam.uplugin
LogPluginManager: Loaded Plugin OnlineSubsystemUtils, From D:/Epic Games/4.14/Engine/Plugins/Online/OnlineSubsystemUtils/OnlineSubsystemUtils.uplugin
LogPluginManager: Loaded Plugin IOSTapJoy, From D:/Epic Games/4.14/Engine/Plugins/Runtime/Advertising/IOSTapJoy/IOSTapJoy.uplugin
LogPluginManager: Loaded Plugin AnalyticsBlueprintLibrary, From D:/Epic Games/4.14/Engine/Plugins/Runtime/Analytics/AnalyticsBlueprintLibrary/AnalyticsBlueprintLibrary.uplugin
LogPluginManager: Loaded Plugin AnalyticsMulticast, From D:/Epic Games/4.14/Engine/Plugins/Runtime/Analytics/AnalyticsMulticast/AnalyticsMulticast.uplugin
LogPluginManager: Loaded Plugin Apsalar, From D:/Epic Games/4.14/Engine/Plugins/Runtime/Analytics/Apsalar/Apsalar.uplugin
LogPluginManager: Loaded Plugin FileLogging, From D:/Epic Games/4.14/Engine/Plugins/Runtime/Analytics/FileLogging/FileLogging.uplugin
LogPluginManager: Loaded Plugin Flurry, From D:/Epic Games/4.14/Engine/Plugins/Runtime/Analytics/Flurry/Flurry.uplugin
LogPluginManager: Loaded Plugin AndroidDeviceProfileSelector, From D:/Epic Games/4.14/Engine/Plugins/Runtime/AndroidDeviceProfileSelector/AndroidDeviceProfileSelector.uplugin
LogPluginManager: Loaded Plugin AndroidMoviePlayer, From D:/Epic Games/4.14/Engine/Plugins/Runtime/AndroidMoviePlayer/AndroidMoviePlayer.uplugin
LogPluginManager: Loaded Plugin AppleMoviePlayer, From D:/Epic Games/4.14/Engine/Plugins/Runtime/AppleMoviePlayer/AppleMoviePlayer.uplugin
LogPluginManager: Loaded Plugin ArchVisCharacter, From D:/Epic Games/4.14/Engine/Plugins/Runtime/ArchVisCharacter/ArchVisCharacter.uplugin
LogPluginManager: Loaded Plugin CableComponent, From D:/Epic Games/4.14/Engine/Plugins/Runtime/CableComponent/CableComponent.uplugin
LogPluginManager: Loaded Plugin CustomMeshComponent, From D:/Epic Games/4.14/Engine/Plugins/Runtime/CustomMeshComponent/CustomMeshComponent.uplugin
LogPluginManager: Loaded Plugin ExampleDeviceProfileSelector, From D:/Epic Games/4.14/Engine/Plugins/Runtime/ExampleDeviceProfileSelector/ExampleDeviceProfileSelector.uplugin
LogPluginManager: Loaded Plugin GearVR, From D:/Epic Games/4.14/Engine/Plugins/Runtime/GearVR/GearVR.uplugin
LogPluginManager: Loaded Plugin GoogleVRController, From D:/Epic Games/4.14/Engine/Plugins/Runtime/GoogleVR/GoogleVRController/GoogleVRController.uplugin
LogPluginManager: Loaded Plugin GoogleVRHMD, From D:/Epic Games/4.14/Engine/Plugins/Runtime/GoogleVR/GoogleVRHMD/GoogleVRHMD.uplugin
LogPluginManager: Loaded Plugin IOSDeviceProfileSelector, From D:/Epic Games/4.14/Engine/Plugins/Runtime/IOSDeviceProfileSelector/IOSDeviceProfileSelector.uplugin
LogPluginManager: Loaded Plugin LeapMotion, From D:/Epic Games/4.14/Engine/Plugins/Runtime/LeapMotion/LeapMotion.uplugin
LogPluginManager: Loaded Plugin LinuxDeviceProfileSelector, From D:/Epic Games/4.14/Engine/Plugins/Runtime/LinuxDeviceProfileSelector/LinuxDeviceProfileSelector.uplugin
LogPluginManager: Loaded Plugin MIDIDevice, From D:/Epic Games/4.14/Engine/Plugins/Runtime/MIDIDevice/MIDIDevice.uplugin
LogPluginManager: Loaded Plugin MobilePatchingUtils, From D:/Epic Games/4.14/Engine/Plugins/Runtime/MobilePatchingUtils/MobilePatchingUtils.uplugin
LogPluginManager: Loaded Plugin Ansel, From D:/Epic Games/4.14/Engine/Plugins/Runtime/Nvidia/Ansel/Ansel.uplugin
LogPluginManager: Loaded Plugin OculusAudio, From D:/Epic Games/4.14/Engine/Plugins/Runtime/OculusAudio/OculusAudio.uplugin
LogPluginManager: Loaded Plugin OculusInput, From D:/Epic Games/4.14/Engine/Plugins/Runtime/OculusInput/OculusInput.uplugin
LogPluginManager: Loaded Plugin OculusLibrary, From D:/Epic Games/4.14/Engine/Plugins/Runtime/OculusLibrary/OculusLibrary.uplugin
LogPluginManager: Loaded Plugin OculusRift, From D:/Epic Games/4.14/Engine/Plugins/Runtime/OculusRift/OculusRift.uplugin
LogPluginManager: Loaded Plugin Oodle, From D:/Epic Games/4.14/Engine/Plugins/Runtime/PacketHandlers/CompressionComponents/Oodle/Oodle.uplugin
LogPluginManager: Loaded Plugin ProceduralMeshComponent, From D:/Epic Games/4.14/Engine/Plugins/Runtime/ProceduralMeshComponent/ProceduralMeshComponent.uplugin
LogPluginManager: Loaded Plugin SoundMod, From D:/Epic Games/4.14/Engine/Plugins/Runtime/SoundMod/SoundMod.uplugin
LogPluginManager: Loaded Plugin SoundVisualizations, From D:/Epic Games/4.14/Engine/Plugins/Runtime/SoundVisualizations/SoundVisualizations.uplugin
LogPluginManager: Loaded Plugin SteamController, From D:/Epic Games/4.14/Engine/Plugins/Runtime/Steam/SteamController/SteamController.uplugin
LogPluginManager: Loaded Plugin SteamVR, From D:/Epic Games/4.14/Engine/Plugins/Runtime/Steam/SteamVR/SteamVR.uplugin
LogPluginManager: Loaded Plugin WebBrowserWidget, From D:/Epic Games/4.14/Engine/Plugins/Runtime/WebBrowserWidget/WebBrowserWidget.uplugin
LogPluginManager: Loaded Plugin WindowsDeviceProfileSelector, From D:/Epic Games/4.14/Engine/Plugins/Runtime/WindowsDeviceProfileSelector/WindowsDeviceProfileSelector.uplugin
LogPluginManager: Loaded Plugin WindowsMoviePlayer, From D:/Epic Games/4.14/Engine/Plugins/Runtime/WindowsMoviePlayer/WindowsMoviePlayer.uplugin
LogPluginManager: Loaded Plugin ScriptPlugin, From D:/Epic Games/4.14/Engine/Plugins/ScriptPlugin/ScriptPlugin.uplugin
LogPluginManager: Loaded Plugin SlateRemote, From D:/Epic Games/4.14/Engine/Plugins/Slate/SlateRemote/SlateRemote.uplugin
LogPluginManager: Loaded Plugin EditorTests, From D:/Epic Games/4.14/Engine/Plugins/Tests/EditorTests/EditorTests.uplugin
LogPluginManager: Loaded Plugin FbxAutomationTestBuilder, From D:/Epic Games/4.14/Engine/Plugins/Tests/FbxAutomationTestBuilder/FbxAutomationTestBuilder.uplugin
LogPluginManager: Loaded Plugin FunctionalTestingEditor, From D:/Epic Games/4.14/Engine/Plugins/Tests/FunctionalTestingEditor/FunctionalTestingEditor.uplugin
LogPluginManager: Loaded Plugin RuntimeTests, From D:/Epic Games/4.14/Engine/Plugins/Tests/RuntimeTests/RuntimeTests.uplugin
LogPluginManager: Loaded Plugin ScreenshotTools, From D:/Epic Games/4.14/Engine/Plugins/Tests/ScreenshotTools/ScreenshotTools.uplugin
LogInit: Using libcurl 7.47.1
LogInit:  - built for x86_64-pc-win32
LogInit:  - supports SSL with OpenSSL/1.0.2g
LogInit:  - supports HTTP deflate (compression) using libz 1.2.8
LogInit:  - other features:
LogInit:      CURL_VERSION_SSL
LogInit:      CURL_VERSION_LIBZ
LogInit:      CURL_VERSION_IPV6
LogInit:      CURL_VERSION_ASYNCHDNS
LogInit:      CURL_VERSION_LARGEFILE
LogInit:      CURL_VERSION_IDN
LogInit:  CurlRequestOptions (configurable via config and command line):
LogInit:  - bVerifyPeer = false  - Libcurl will NOT verify peer certificate
LogInit:  - bUseHttpProxy = false  - Libcurl will NOT use HTTP proxy
LogInit:  - bDontReuseConnections = false  - Libcurl will reuse connections
LogInit:  - CertBundlePath = nullptr  - Libcurl will use whatever was configured at build time.
LogInit: Build: ++UE4+Release-4.14-CL-3224400
LogInit: Engine Version: 4.14.1-3224400+++UE4+Release-4.14
LogInit: Compatible Engine Version: 4.14.0-3195953+++UE4+Release-4.14
LogInit: Net CL: 3195953
LogDevObjectVersion: Number of dev versions registered: 13
LogDevObjectVersion:   Dev-Blueprints (B0D832E4-1F89-4F0D-ACCF-7EB736FD4AA2): 7
LogDevObjectVersion:   Dev-Build (E1C64328-A22C-4D53-A36C-8E866417BD8C): 0
LogDevObjectVersion:   Dev-Core (375EC13C-06E4-48FB-B500-84F0262A717E): 1
LogDevObjectVersion:   Dev-Editor (E4B068ED-F494-42E9-A231-DA0B2E46BB41): 8
LogDevObjectVersion:   Dev-Framework (CFFC743F-43B0-4480-9391-14DF171D2073): 17
LogDevObjectVersion:   Dev-Mobile (B02B49B5-BB20-44E9-A304-32B752E40360): 0
LogDevObjectVersion:   Dev-Networking (A4E4105C-59A1-49B5-A7C5-40C4547EDFEE): 0
LogDevObjectVersion:   Dev-Online (39C831C9-5AE6-47DC-9A44-9C173E1C8E7C): 0
LogDevObjectVersion:   Dev-Physics (78F01B33-EBEA-4F98-B9B4-84EACCB95AA2): 0
LogDevObjectVersion:   Dev-Platform (6631380F-2D4D-43E0-8009-CF276956A95A): 0
LogDevObjectVersion:   Dev-Rendering (12F88B9F-8875-4AFC-A67C-D90C383ABD29): 12
LogDevObjectVersion:   Dev-Sequencer (7B5AE74C-D270-4C10-A958-57980B212A5A): 1
LogDevObjectVersion:   Dev-VR (D7296918-1DD6-4BDD-9DE2-64A83CC13884): 0
LogInit: Compiled (64-bit): Dec  7 2016 02:14:32
LogInit: Compiled with Visual C++: 19.00.23026.00
LogInit: Build Configuration: Development
LogInit: Branch Name: ++UE4+Release-4.14
LogInit: Command line:  
LogInit: Base directory: D:/Epic Games/4.14/Engine/Binaries/Win64/
LogInit: Installed Engine Build: 1
LogInit: Presizing for max 8388607 objects, including 0 objects not considered by GC, pre-allocating 0 bytes for permanent pool.
LogInit: Object subsystem initialized
[2017.01.01-23.29.01:061][  0]LogInit: Selected Device Profile: [Windows]
[2017.01.01-23.29.01:061][  0]LogInit: Applying CVar settings loaded from the selected device profile: [Windows]
[2017.01.01-23.29.01:099][  0]LogInit: Computer: DESKTOP-FMK961L
[2017.01.01-23.29.01:099][  0]LogInit: User: Gingi
[2017.01.01-23.29.01:099][  0]LogInit: CPU Page size=65536, Cores=2
[2017.01.01-23.29.01:099][  0]LogInit: High frequency timer resolution =2.728073 MHz
[2017.01.01-23.29.01:099][  0]LogMemory: Memory total: Physical=5.9GB (6GB approx)
[2017.01.01-23.29.01:099][  0]LogMemory: Platform Memory Stats for Windows
[2017.01.01-23.29.01:099][  0]LogMemory: Process Physical Memory: 262.62 MB used, 262.62 MB peak
[2017.01.01-23.29.01:099][  0]LogMemory: Process Virtual Memory: 262.38 MB used, 262.38 MB peak
[2017.01.01-23.29.01:099][  0]LogMemory: Physical Memory: 4354.90 MB used,  1678.09 MB free, 6033.00 MB total
[2017.01.01-23.29.01:099][  0]LogMemory: Virtual Memory: 674.68 MB used,  1678.09 MB free, 134217728.00 MB total
[2017.01.01-23.29.01:820][  0]LogTextLocalizationManager: No translations for ('fr-FR') exist, falling back to 'en' for localization and internationalization data.
[2017.01.01-23.29.03:740][  0]LogD3D11RHI: D3D11 adapters:
[2017.01.01-23.29.04:195][  0]LogD3D11RHI:    0. 'NVIDIA GeForce GTX 950M' (Feature Level 11_0)
[2017.01.01-23.29.04:195][  0]LogD3D11RHI:       2018/0/3016 MB DedicatedVideo/DedicatedSystem/SharedSystem, Outputs:1, VendorId:0x10de
[2017.01.01-23.29.04:204][  0]LogD3D11RHI:    1. 'Intel(R) HD Graphics 4600' (Feature Level 11_0)
[2017.01.01-23.29.04:204][  0]LogD3D11RHI:       112/0/2048 MB DedicatedVideo/DedicatedSystem/SharedSystem, Outputs:0, VendorId:0x8086
[2017.01.01-23.29.04:206][  0]LogD3D11RHI:    2. 'Microsoft Basic Render Driver' (Feature Level 11_0)
[2017.01.01-23.29.04:206][  0]LogD3D11RHI:       0/0/3016 MB DedicatedVideo/DedicatedSystem/SharedSystem, Outputs:0, VendorId:0x1414
[2017.01.01-23.29.04:206][  0]LogD3D11RHI: Chosen D3D11 Adapter: 0
[2017.01.01-23.29.04:213][  0]LogD3D11RHI: Creating new Direct3DDevice
[2017.01.01-23.29.04:213][  0]LogD3D11RHI:     GPU DeviceId: 0x139a (for the marketing name, search the web for "GPU Device Id")
[2017.01.01-23.29.04:213][  0]LogWindows: EnumDisplayDevices:
[2017.01.01-23.29.04:213][  0]LogWindows:    0. 'Intel(R) HD Graphics 4600' (P:1 D:1)
[2017.01.01-23.29.04:213][  0]LogWindows:    1. 'Intel(R) HD Graphics 4600' (P:0 D:0)
[2017.01.01-23.29.04:214][  0]LogWindows:    2. 'Intel(R) HD Graphics 4600' (P:0 D:0)
[2017.01.01-23.29.04:214][  0]LogWindows: DebugString: PrimaryIsNotTheChoosenAdapter PrimaryIsNotTheChoosenAdapter PrimaryIsNotTheChoosenAdapter FoundDriverCount:0 
[2017.01.01-23.29.04:214][  0]LogD3D11RHI:     Adapter Name: NVIDIA GeForce GTX 950M
[2017.01.01-23.29.04:214][  0]LogD3D11RHI:   Driver Version: Unknown (internal:Unknown, unified:Unknown)
[2017.01.01-23.29.04:214][  0]LogD3D11RHI:      Driver Date: Unknown
[2017.01.01-23.29.04:214][  0]LogRHI: Texture pool is 1361 MB (70% of 1945 MB)
[2017.01.01-23.29.04:232][  0]LogD3D11RHI: Async texture creation enabled
[2017.01.01-23.29.04:245][  0]LogD3D11RHI: GPU Timing Frequency: 1000.000000 (Debug: 2 1)
[2017.01.01-23.29.04:315][  0]LogShaderCompilers: Guid format shader working directory is 20 characters bigger than the processId version (E:/ProjetGit/RescaleUnreal/Intermediate/Shaders/WorkingDirectory/7200/).
[2017.01.01-23.29.04:315][  0]LogShaderCompilers: Cleaned the shader compiler working directory 'C:/Users/Gingi/AppData/Local/Temp/UnrealShaderWorkingDir/2728648D4AE9724A12B120A62959AB98/'.
[2017.01.01-23.29.04:315][  0]LogShaderCompilers:Display: Using Local Shader Compiler.
[2017.01.01-23.29.07:173][  0]LogTemp:Display: Loaded TP AllDesktopTargetPlatform
[2017.01.01-23.29.07:275][  0]LogTemp:Display: Loaded TP MacClientTargetPlatform
[2017.01.01-23.29.07:346][  0]LogTemp:Display: Loaded TP MacNoEditorTargetPlatform
[2017.01.01-23.29.07:418][  0]LogTemp:Display: Loaded TP MacServerTargetPlatform
[2017.01.01-23.29.07:502][  0]LogTemp:Display: Loaded TP MacTargetPlatform
[2017.01.01-23.29.07:569][  0]LogTemp:Display: Loaded TP WindowsClientTargetPlatform
[2017.01.01-23.29.07:647][  0]LogTemp:Display: Loaded TP WindowsNoEditorTargetPlatform
[2017.01.01-23.29.07:735][  0]LogTemp:Display: Loaded TP WindowsServerTargetPlatform
[2017.01.01-23.29.07:773][  0]LogTemp:Display: Loaded TP WindowsTargetPlatform
[2017.01.01-23.29.07:861][  0]LogTemp:Display: Loaded TP AndroidTargetPlatform
[2017.01.01-23.29.07:914][  0]LogTemp:Display: Loaded TP Android_ASTCTargetPlatform
[2017.01.01-23.29.07:974][  0]LogTemp:Display: Loaded TP Android_ATCTargetPlatform
[2017.01.01-23.29.08:027][  0]LogTemp:Display: Loaded TP Android_DXTTargetPlatform
[2017.01.01-23.29.08:085][  0]LogTemp:Display: Loaded TP Android_ETC1TargetPlatform
[2017.01.01-23.29.08:143][  0]LogTemp:Display: Loaded TP Android_ETC2TargetPlatform
[2017.01.01-23.29.08:274][  0]LogTemp:Display: Loaded TP Android_MultiTargetPlatform
[2017.01.01-23.29.08:274][  0]LogTemp:Display: Loaded TP Android_PVRTCTargetPlatform
[2017.01.01-23.29.08:316][  0]LogTemp:Display: Loaded TP HTML5TargetPlatform
[2017.01.01-23.29.08:439][  0]LogTemp:Display: Loaded TP IOSTargetPlatform
[2017.01.01-23.29.08:470][  0]LogTemp:Display: Loaded TP TVOSTargetPlatform
[2017.01.01-23.29.08:571][  0]LogTemp:Display: Loaded TP LinuxClientTargetPlatform
[2017.01.01-23.29.08:631][  0]LogTemp:Display: Loaded TP LinuxNoEditorTargetPlatform
[2017.01.01-23.29.08:677][  0]LogTemp:Display: Loaded TP LinuxServerTargetPlatform
[2017.01.01-23.29.08:751][  0]LogTemp:Display: Loaded TP LinuxTargetPlatform
[2017.01.01-23.29.08:751][  0]LogTargetPlatformManager:Display: Building Assets For Windows
[2017.01.01-23.29.09:484][  0]LogDerivedDataCache:Display: Max Cache Size: 512 MB
[2017.01.01-23.29.09:709][  0]LogDerivedDataCache: Loaded boot cache 0.23s 50MB C:/Users/Gingi/AppData/Local/UnrealEngine/4.14/DerivedDataCache/Boot.ddc.
[2017.01.01-23.29.09:709][  0]LogDerivedDataCache:Display: Loaded Boot cache: C:/Users/Gingi/AppData/Local/UnrealEngine/4.14/DerivedDataCache/Boot.ddc
[2017.01.01-23.29.09:709][  0]LogDerivedDataCache: FDerivedDataBackendGraph:  Pak pak cache file E:/ProjetGit/RescaleUnreal/DerivedDataCache/DDC.ddp not found, will not use a pak cache.
[2017.01.01-23.29.09:709][  0]LogDerivedDataCache: Unable to find inner node Pak for hierarchical cache Hierarchy.
[2017.01.01-23.29.09:709][  0]LogDerivedDataCache: FDerivedDataBackendGraph:  CompressedPak pak cache file E:/ProjetGit/RescaleUnreal/DerivedDataCache/Compressed.ddp not found, will not use a pak cache.
[2017.01.01-23.29.09:709][  0]LogDerivedDataCache: Unable to find inner node CompressedPak for hierarchical cache Hierarchy.
[2017.01.01-23.29.09:730][  0]LogDerivedDataCache:Display: Pak cache opened for reading ../../../Engine/DerivedDataCache/Compressed.ddp.
[2017.01.01-23.29.09:744][  0]LogDerivedDataCache: Using Local data cache path C:/Users/Gingi/AppData/Local/UnrealEngine/Common/DerivedDataCache: Writable
[2017.01.01-23.29.12:873][  0]LogInit: Selected Device Profile: [Windows]
[2017.01.01-23.29.12:881][  0]LogContentStreaming: Texture pool size is 0.00 MB
[2017.01.01-23.29.13:154][  0]LogMeshUtilities: Using QuadricMeshReduction for automatic static mesh reduction
[2017.01.01-23.29.13:232][  0]LogSimplygon: Simplygon DLL not present - disabling.
[2017.01.01-23.29.13:285][  0]LogMeshUtilities: Using SimplygonSwarm for distributed automatic mesh merging
[2017.01.01-23.29.13:285][  0]LogMeshUtilities: No automatic skeletal mesh reduction module available
[2017.01.01-23.29.13:285][  0]LogMeshUtilities: No automatic mesh merging module available
[2017.01.01-23.29.15:256][  0]LogNetVersion: GetLocalNetworkVersion: CL: 3195953, ProjectName: rescale, ProjectVersion: , EngineNetworkVersion: 2, GameNetworkVersion: 0, NetworkChecksum: 103703839
[2017.01.01-23.29.15:341][  0]LogAssetRegistry: FAssetRegistry took 0.0225 seconds to start up
[2017.01.01-23.29.15:373][  0]LogPackageLocalizationCache: Processed 3 localized package path(s) for 1 prioritized culture(s) in 0.013495 seconds
[2017.01.01-23.29.15:378][  0]LogUObjectArray: 31946 objects as part of root set at end of initial load.
[2017.01.01-23.29.15:378][  0]LogUObjectAllocator: 6935840 out of 0 bytes used by permanent object pool.
[2017.01.01-23.29.15:378][  0]LogUObjectArray: CloseDisregardForGC: 0/0 objects in disregard for GC pool
[2017.01.01-23.29.15:444][  0]LogInit: WinSock: version 1.1 (2.2), MaxSocks=32767, MaxUdp=65467
[2017.01.01-23.29.17:240][  0]LogSlate: Using Freetype 2.6.0
[2017.01.01-23.29.17:303][  0]LogSlate: SlateFontCache - WITH_FREETYPE: 1, WITH_HARFBUZZ: 1
[2017.01.01-23.29.17:303][  0]LogSlate: SlateFontCache - WITH_FREETYPE: 1, WITH_HARFBUZZ: 1
[2017.01.01-23.29.38:870][  0]LogSubstanceCoreModule: Substance CPU Engine Loaded, Max Texture Size 2048
[2017.01.01-23.29.39:069][  0]LogTcpMessaging: Initializing TcpMessaging bridge
[2017.01.01-23.29.39:156][  0]LogUdpMessaging: Initializing bridge on interface 0.0.0.0:0 to multicast group 230.0.0.1:6666.
[2017.01.01-23.29.41:052][  0]LogMaterial: Uniform references updated for custom material expression Custom.
[2017.01.01-23.29.41:657][  0]SourceControl: Info Source control is disabled
[2017.01.01-23.29.41:835][  0]SourceControl: Info Source control is disabled
[2017.01.01-23.29.41:985][  0]SourceControl: Info Source control is disabled
[2017.01.01-23.29.42:061][  0]SourceControl: Info Source control is disabled
[2017.01.01-23.29.44:507][  0]LogEngine: Initializing Engine...
[2017.01.01-23.29.44:516][  0]LogHMD: Failed to initialize OpenVR with code 110
[2017.01.01-23.29.44:806][  0]LogAIModule: Creating AISystem for world Untitled
[2017.01.01-23.29.44:839][  0]LogInit: XAudio2 using 'Haut-parleurs (Conexant SmartAudio HD)' : 2 channels at 48 kHz using 32 bits per sample (channel mask 0x3)
[2017.01.01-23.29.44:894][  0]LogInit: FAudioDevice initialized.
[2017.01.01-23.29.44:929][  0]LogDerivedDataCache: Saved boot cache 0.03s 50MB C:/Users/Gingi/AppData/Local/UnrealEngine/4.14/DerivedDataCache/Boot.ddc.
[2017.01.01-23.29.44:935][  0]LogInit: Texture streaming: Enabled
[2017.01.01-23.29.45:446][  0]LogInit: Transaction tracking system initialized
[2017.01.01-23.29.46:169][  0]BlueprintLog: New page: Editor Load
[2017.01.01-23.29.49:734][  0]LocalizationService: Info Localization service is disabled
[2017.01.01-23.29.51:936][  0]LogConsoleResponse:Display: 
[2017.01.01-23.29.52:451][  0]LogCook:Display: Max memory allowance for cook 16384mb min free memory 0mb
[2017.01.01-23.29.52:451][  0]LogCook:Display: Mobile HDR setting 1
[2017.01.01-23.29.53:020][  0]LogFileCache: Scanning file cache for directory 'E:/ProjetGit/RescaleUnreal/Content/' took 0.01s
[2017.01.01-23.29.56:327][  0]SourceControl: Info Source control is disabled
[2017.01.01-23.29.56:327][  0]Cmd: MAP LOAD FILE="E:/ProjetGit/RescaleUnreal/Content/_Rescale/MapTest.umap" TEMPLATE=0 SHOWPROGRESS=1 FEATURELEVEL=3
[2017.01.01-23.29.56:344][  0]LightingResults: New page: Lighting Build
[2017.01.01-23.29.56:415][  0]MapCheck: New page: Map Check
[2017.01.01-23.29.56:415][  0]LightingResults: New page: Lighting Build
[2017.01.01-23.29.57:372][  0]LogMaterial: Missing cached shader map for material M_Column_Archi, compiling. 
[2017.01.01-23.29.58:058][  0]LogAIModule: Creating AISystem for world MapTest
[2017.01.01-23.29.58:640][  0]LogEditorServer: Finished looking for orphan Actors (0.000 secs)
[2017.01.01-23.29.58:640][  0]Cmd: MAP CHECKDEP NOCLEARLOG
[2017.01.01-23.29.58:675][  0]MapCheck: Info Map check complete: 0 Error(s), 0 Warning(s), took 34.615ms to complete.
[2017.01.01-23.29.58:675][  0]LogFileHelpers: Loading map 'MapTest' took 2.348
[2017.01.01-23.30.01:600][  0]LogCollectionManager: Loaded 0 collections in 0.002033 seconds
[2017.01.01-23.30.01:756][  0]LogFileCache: Scanning file cache for directory 'E:/ProjetGit/RescaleUnreal/Saved/Collections/' took 0.01s
[2017.01.01-23.30.01:756][  0]LogFileCache: Scanning file cache for directory 'E:/ProjetGit/RescaleUnreal/Content/Developers/Gingi/Collections/' took 0.01s
[2017.01.01-23.30.01:756][  0]LogFileCache: Scanning file cache for directory 'E:/ProjetGit/RescaleUnreal/Content/Collections/' took 0.01s
[2017.01.01-23.30.01:756][  0]LogCollectionManager: Rebuilt the GUID cache for 0 collections in 0.000003 seconds
[2017.01.01-23.30.01:771][  0]LogContentBrowser: Native class hierarchy populated in 0.0153 seconds. Added 2205 classes and 434 folders.
[2017.01.01-23.30.02:001][  0]LogStats: UGameplayTagsManager::ConstructGameplayTagTree: Construct from data asset -  0.000 s
[2017.01.01-23.30.02:001][  0]LogStats: UGameplayTagsManager::ConstructGameplayTagTree: GameplayTagTreeChangedEvent.Broadcast -  0.000 s
[2017.01.01-23.30.02:019][  0]LogContentBrowser: Native class hierarchy updated for 'GameplayTags' in 0.0009 seconds. Added 13 classes and 0 folders.
[2017.01.01-23.30.02:118][  0]LogContentBrowser: Native class hierarchy updated for 'WidgetCarousel' in 0.0007 seconds. Added 0 classes and 0 folders.
[2017.01.01-23.30.04:791][  0]LogContentBrowser: Native class hierarchy updated for 'AddContentDialog' in 0.0008 seconds. Added 0 classes and 0 folders.
[2017.01.01-23.30.05:090][  0]LogContentBrowser: Native class hierarchy updated for 'SceneOutliner' in 0.0008 seconds. Added 1 classes and 2 folders.
[2017.01.01-23.30.05:410][  0]LogCrashTracker: Crashtracker disabled due to settings.
[2017.01.01-23.30.05:925][  0]LogUObjectGlobals:Warning: Failed to find object 'Class None.'
[2017.01.01-23.30.06:220][  0]LogContentBrowser: Native class hierarchy updated for 'HierarchicalLODOutliner' in 0.0007 seconds. Added 1 classes and 2 folders.
[2017.01.01-23.30.06:220][  0]LogLoad: (Engine Initialization) Total time: 69.12 seconds
[2017.01.01-23.30.06:221][  0]LogLoad: (Engine Initialization) Total Blueprint compile time: 0.24 seconds
[2017.01.01-23.30.06:230][  0]LogExternalProfiler: Found external profiler: VSPerf
[2017.01.01-23.30.06:230][  0]LogExternalProfiler: Using external profiler: VSPerf
[2017.01.01-23.30.06:589][  0]LogOcInput: OculusInput pre-init called
[2017.01.01-23.30.06:802][  0]LogContentStreaming: Texture pool size now 1000 MB
[2017.01.01-23.30.12:216][  1]LogRenderer: Reallocating scene render targets to support 896x456 NumSamples 1 (Frame:2).
[2017.01.01-23.30.17:217][  5]LogAssetRegistry: Asset discovery search completed in 61.8984 seconds
[2017.01.01-23.30.17:247][  5]LogCollectionManager: Rebuilt the object cache for 0 collections in 0.000002 seconds (found 0 objects)
[2017.01.01-23.30.17:247][  5]LogCollectionManager: Fixed up redirectors for 0 collections in 0.003660 seconds (updated 0 objects)
[2017.01.01-23.32.53:456][473]LogWindowsTextInputMethodSystem:Display: IME system now deactivated.
[2017.01.01-23.32.53:685][474]Cmd: QUIT_EDITOR
[2017.01.01-23.32.53:746][474]LogExit: Preparing to exit.
[2017.01.01-23.32.54:787][474]LogExit: Editor shut down
[2017.01.01-23.32.54:789][474]LogExit: Transaction tracking system shut down
[2017.01.01-23.32.56:822][474]LogObj: Freed 0b from 0 cluster array pools.
[2017.01.01-23.32.56:835][474]LogExit: Object subsystem successfully closed.
[2017.01.01-23.32.56:976][474]LogD3D11RHI: Shutdown
[2017.01.01-23.32.56:982][474]LogD3D11RHI: CleanupD3DDevice
[2017.01.01-23.32.57:199][474]LogD3D11RHI: ~FD3D11DynamicRHI
[2017.01.01-23.32.58:162][474]LogHttp:Display: Http module shutting down, but needs to wait on 1 outstanding Http requests:
[2017.01.01-23.32.58:162][474]LogHttp:Display: 	verb=[POST] url=[https://datarouter.ol.epicgames.com/datarouter/api/v1/public/data?SessionID=%7B5DF2CF0A-4462-3978-3752-A09B2063510E%7D&AppID=UEEditor.Rocket.Release&AppVersion=4.14.1-3224400%2B%2B%2BUE4%2BRelease-4.14&UserID=e4bfc40e4ad31b3c7e26c18d33d83761%7C71dc0af48eab4c7c924f3170eb826819%7C50649d1b-dcdb-44bc-881f-a60cb064ec0a&AppEnvironment=datacollector-binary&UploadType=eteventstream] status=Processing
[2017.01.01-23.32.58:268][474]LogModuleManager: Shutting down and abandoning module HierarchicalLODOutliner (243)
[2017.01.01-23.32.58:277][474]LogModuleManager: Shutting down and abandoning module CrashTracker (242)
[2017.01.01-23.32.58:283][474]LogModuleManager: Shutting down and abandoning module SceneOutliner (241)
[2017.01.01-23.32.58:336][474]LogModuleManager: Shutting down and abandoning module WidgetCarousel (240)
[2017.01.01-23.32.58:336][474]LogModuleManager: Shutting down and abandoning module AddContentDialog (239)
[2017.01.01-23.32.58:355][474]LogDirectoryWatcher: A directory notification for 'D:/Epic Games/4.14/FeaturePacks/' was aborted.
[2017.01.01-23.32.58:365][474]LogModuleManager: Shutting down and abandoning module GameplayTags (238)
[2017.01.01-23.32.58:365][474]LogModuleManager: Shutting down and abandoning module EditorWidgets (237)
[2017.01.01-23.32.58:365][474]LogModuleManager: Shutting down and abandoning module CollectionManager (236)
[2017.01.01-23.32.58:376][474]LogDirectoryWatcher: A directory notification for 'E:/ProjetGit/RescaleUnreal/Content/Collections/' was aborted.
[2017.01.01-23.32.58:377][474]LogDirectoryWatcher: A directory notification for 'E:/ProjetGit/RescaleUnreal/Content/Developers/Gingi/Collections/' was aborted.
[2017.01.01-23.32.58:377][474]LogDirectoryWatcher: A directory notification for 'E:/ProjetGit/RescaleUnreal/Saved/Collections/' was aborted.
[2017.01.01-23.32.58:377][474]LogModuleManager: Shutting down and abandoning module StatsViewer (235)
[2017.01.01-23.32.58:390][474]LogModuleManager: Shutting down and abandoning module FoliageEdit (234)
[2017.01.01-23.32.58:396][474]LogModuleManager: Shutting down and abandoning module LandscapeEditor (233)
[2017.01.01-23.32.58:420][474]LogModuleManager: Shutting down and abandoning module SceneDepthPickerMode (232)
[2017.01.01-23.32.58:420][474]LogModuleManager: Shutting down and abandoning module ActorPickerMode (231)
[2017.01.01-23.32.58:420][474]LogModuleManager: Shutting down and abandoning module GeometryMode (230)
[2017.01.01-23.32.58:420][474]LogModuleManager: Shutting down and abandoning module TextureAlignMode (229)
[2017.01.01-23.32.58:420][474]LogModuleManager: Shutting down and abandoning module BspMode (228)
[2017.01.01-23.32.58:431][474]LogModuleManager: Shutting down and abandoning module HardwareSurvey (227)
[2017.01.01-23.32.58:444][474]LogModuleManager: Shutting down and abandoning module SequenceRecorderSections (226)
[2017.01.01-23.32.58:459][474]LogModuleManager: Shutting down and abandoning module AutomationWorker (225)
[2017.01.01-23.32.58:470][474]LogModuleManager: Shutting down and abandoning module MatineeToLevelSequence (224)
[2017.01.01-23.32.58:482][474]LogModuleManager: Shutting down and abandoning module PlacementMode (223)
[2017.01.01-23.32.58:498][474]LogModuleManager: Shutting down and abandoning module LevelSequenceEditor (222)
[2017.01.01-23.32.58:537][474]LogModuleManager: Shutting down and abandoning module WmfMediaFactory (221)
[2017.01.01-23.32.58:537][474]LogModuleManager: Shutting down and abandoning module WmfMediaEditor (220)
[2017.01.01-23.32.58:537][474]LogModuleManager: Shutting down and abandoning module AvfMediaFactory (219)
[2017.01.01-23.32.58:537][474]LogModuleManager: Shutting down and abandoning module AvfMediaEditor (218)
[2017.01.01-23.32.58:537][474]LogModuleManager: Shutting down and abandoning module Media (217)
[2017.01.01-23.32.58:537][474]LogModuleManager: Shutting down and abandoning module AndroidMediaFactory (216)
[2017.01.01-23.32.58:537][474]LogModuleManager: Shutting down and abandoning module AndroidMediaEditor (215)
[2017.01.01-23.32.58:537][474]LogModuleManager: Shutting down and abandoning module CharacterAI (214)
[2017.01.01-23.32.58:537][474]LogModuleManager: Shutting down and abandoning module SequenceRecorder (213)
[2017.01.01-23.32.58:582][474]LogModuleManager: Shutting down and abandoning module AudioCapture (212)
[2017.01.01-23.32.58:582][474]LogModuleManager: Shutting down and abandoning module SmartSnapping (211)
[2017.01.01-23.32.58:582][474]LogModuleManager: Shutting down and abandoning module SessionServices (210)
[2017.01.01-23.32.58:582][474]LogModuleManager: Shutting down and abandoning module ViewportSnapping (209)
[2017.01.01-23.32.58:582][474]LogModuleManager: Shutting down and abandoning module ViewportInteraction (208)
[2017.01.01-23.32.58:582][474]LogModuleManager: Shutting down and abandoning module LogVisualizer (207)
[2017.01.01-23.32.58:595][474]LogModuleManager: Shutting down and abandoning module GameProjectGeneration (206)
[2017.01.01-23.32.58:607][474]LogModuleManager: Shutting down and abandoning module IntroTutorials (205)
[2017.01.01-23.32.58:626][474]LogModuleManager: Shutting down and abandoning module EditorLiveStreaming (204)
[2017.01.01-23.32.58:626][474]LogModuleManager: Shutting down and abandoning module IOSPlatformEditor (203)
[2017.01.01-23.32.58:631][474]LogModuleManager: Shutting down and abandoning module HTML5PlatformEditor (202)
[2017.01.01-23.32.58:631][474]LogModuleManager: Shutting down and abandoning module AndroidDeviceDetection (201)
[2017.01.01-23.32.59:202][474]LogModuleManager: Shutting down and abandoning module AndroidPlatformEditor (200)
[2017.01.01-23.32.59:216][474]LogModuleManager: Shutting down and abandoning module IOSRuntimeSettings (199)
[2017.01.01-23.32.59:216][474]LogModuleManager: Shutting down and abandoning module AndroidRuntimeSettings (198)
[2017.01.01-23.32.59:216][474]LogModuleManager: Shutting down and abandoning module InputBindingEditor (197)
[2017.01.01-23.32.59:229][474]LogModuleManager: Shutting down and abandoning module NiagaraEditor (196)
[2017.01.01-23.32.59:266][474]LogModuleManager: Shutting down and abandoning module MergeActors (195)
[2017.01.01-23.32.59:274][474]LogModuleManager: Shutting down and abandoning module SizeMap (194)
[2017.01.01-23.32.59:280][474]LogModuleManager: Shutting down and abandoning module TreeMap (193)
[2017.01.01-23.32.59:295][474]LogModuleManager: Shutting down and abandoning module ReferenceViewer (192)
[2017.01.01-23.32.59:295][474]LogModuleManager: Shutting down and abandoning module LocalizationService (191)
[2017.01.01-23.32.59:309][474]LogModuleManager: Shutting down and abandoning module LocalizationDashboard (190)
[2017.01.01-23.32.59:325][474]LogModuleManager: Shutting down and abandoning module HardwareTargeting (189)
[2017.01.01-23.32.59:338][474]LogModuleManager: Shutting down and abandoning module DeviceProfileEditor (188)
[2017.01.01-23.32.59:354][474]LogModuleManager: Shutting down and abandoning module UndoHistory (187)
[2017.01.01-23.32.59:368][474]LogModuleManager: Shutting down and abandoning module UserFeedback (186)
[2017.01.01-23.32.59:368][474]LogModuleManager: Shutting down and abandoning module XmlParser (185)
[2017.01.01-23.32.59:380][474]LogModuleManager: Shutting down and abandoning module Blutility (184)
[2017.01.01-23.32.59:396][474]LogModuleManager: Shutting down and abandoning module ProjectTargetPlatformEditor (183)
[2017.01.01-23.32.59:396][474]LogModuleManager: Shutting down and abandoning module ProjectSettingsViewer (182)
[2017.01.01-23.32.59:396][474]LogModuleManager: Shutting down and abandoning module EditorSettingsViewer (181)
[2017.01.01-23.32.59:397][474]LogModuleManager: Shutting down and abandoning module SettingsEditor (180)
[2017.01.01-23.32.59:407][474]LogModuleManager: Shutting down and abandoning module ProjectLauncher (179)
[2017.01.01-23.32.59:421][474]LogModuleManager: Shutting down and abandoning module SessionFrontend (178)
[2017.01.01-23.32.59:435][474]LogModuleManager: Shutting down and abandoning module ProfilerClient (177)
[2017.01.01-23.32.59:445][474]LogModuleManager: Shutting down and abandoning module TargetDeviceServices (176)
[2017.01.01-23.32.59:445][474]LogModuleManager: Shutting down and abandoning module DeviceManager (175)
[2017.01.01-23.32.59:505][474]LogModuleManager: Shutting down and abandoning module AutomationController (174)
[2017.01.01-23.32.59:535][474]LogModuleManager: Shutting down and abandoning module AutomationWindow (173)
[2017.01.01-23.32.59:555][474]LogModuleManager: Shutting down and abandoning module Layers (172)
[2017.01.01-23.32.59:581][474]LogModuleManager: Shutting down and abandoning module ComponentVisualizers (171)
[2017.01.01-23.32.59:581][474]LogModuleManager: Shutting down and abandoning module DetailCustomizations (170)
[2017.01.01-23.32.59:619][474]LogModuleManager: Shutting down and abandoning module PackagesDialog (169)
[2017.01.01-23.32.59:619][474]LogModuleManager: Shutting down and abandoning module AnimGraph (168)
[2017.01.01-23.32.59:619][474]LogModuleManager: Shutting down and abandoning module Persona (167)
[2017.01.01-23.32.59:643][474]LogModuleManager: Shutting down and abandoning module Kismet (166)
[2017.01.01-23.32.59:659][474]LogModuleManager: Shutting down and abandoning module GraphEditor (165)
[2017.01.01-23.32.59:748][474]LogModuleManager: Shutting down and abandoning module ClassViewer (164)
[2017.01.01-23.32.59:759][474]LogModuleManager: Shutting down and abandoning module Toolbox (163)
[2017.01.01-23.32.59:768][474]LogModuleManager: Shutting down and abandoning module ModuleUI (162)
[2017.01.01-23.32.59:775][474]LogModuleManager: Shutting down and abandoning module MovieSceneTools (161)
[2017.01.01-23.32.59:797][474]LogModuleManager: Shutting down and abandoning module OutputLog (160)
[2017.01.01-23.32.59:812][474]LogModuleManager: Shutting down and abandoning module GammaUI (159)
[2017.01.01-23.32.59:817][474]LogModuleManager: Shutting down and abandoning module Documentation (158)
[2017.01.01-23.32.59:817][474]LogModuleManager: Shutting down and abandoning module Niagara (157)
[2017.01.01-23.32.59:817][474]LogModuleManager: Shutting down and abandoning module StreamingPauseRendering (156)
[2017.01.01-23.32.59:817][474]LogModuleManager: Shutting down and abandoning module AnalyticsET (155)
[2017.01.01-23.32.59:817][474]LogModuleManager: Shutting down and abandoning module PortalServices (154)
[2017.01.01-23.32.59:817][474]LogModuleManager: Shutting down and abandoning module PortalRpc (153)
[2017.01.01-23.32.59:817][474]LogModuleManager: Shutting down and abandoning module MessagingRpc (152)
[2017.01.01-23.32.59:817][474]LogModuleManager: Shutting down and abandoning module GameplayDebugger (151)
[2017.01.01-23.32.59:824][474]LogModuleManager: Shutting down and abandoning module AITestSuite (150)
[2017.01.01-23.32.59:833][474]LogModuleManager: Shutting down and abandoning module AIModule (149)
[2017.01.01-23.32.59:833][474]LogModuleManager: Shutting down and abandoning module ProfilerService (148)
[2017.01.01-23.32.59:884][474]LogModuleManager: Shutting down and abandoning module TaskGraph (147)
[2017.01.01-23.32.59:901][474]LogModuleManager: Shutting down and abandoning module SubstanceEditor (146)
[2017.01.01-23.32.59:936][474]LogModuleManager: Shutting down and abandoning module SlateRemote (145)
[2017.01.01-23.32.59:936][474]LogModuleManager: Shutting down and abandoning module SteamVRController (144)
[2017.01.01-23.32.59:936][474]LogModuleManager: Shutting down and abandoning module SteamVR (143)
[2017.01.01-23.32.59:936][474]LogModuleManager: Shutting down and abandoning module ProceduralMeshComponentEditor (142)
[2017.01.01-23.32.59:951][474]LogModuleManager: Shutting down and abandoning module ProceduralMeshComponent (141)
[2017.01.01-23.32.59:966][474]LogModuleManager: Shutting down and abandoning module OculusLibrary (140)
[2017.01.01-23.32.59:966][474]LogModuleManager: Shutting down and abandoning module OculusInput (139)
[2017.01.01-23.32.59:966][474]LogModuleManager: Shutting down and abandoning module MobilePatchingUtils (138)
[2017.01.01-23.32.59:966][474]LogModuleManager: Shutting down and abandoning module CustomMeshComponent (137)
[2017.01.01-23.32.59:966][474]LogModuleManager: Shutting down and abandoning module CableComponent (136)
[2017.01.01-23.32.59:976][474]LogModuleManager: Shutting down and abandoning module ArchVisCharacter (135)
[2017.01.01-23.32.59:976][474]LogModuleManager: Shutting down and abandoning module MediaPlayerEditor (133)
[2017.01.01-23.33.00:003][474]LogModuleManager: Shutting down and abandoning module HTML5Networking (132)
[2017.01.01-23.33.00:003][474]LogModuleManager: Shutting down and abandoning module GeometryCacheEd (131)
[2017.01.01-23.33.00:003][474]LogModuleManager: Shutting down and abandoning module GeometryCache (130)
[2017.01.01-23.33.00:003][474]LogModuleManager: Shutting down and abandoning module AlembicLibrary (129)
[2017.01.01-23.33.00:016][474]LogModuleManager: Shutting down and abandoning module AlembicImporter (128)
[2017.01.01-23.33.00:019][474]LogModuleManager: Shutting down and abandoning module SuperSearch (127)
[2017.01.01-23.33.00:019][474]LogModuleManager: Shutting down and abandoning module SuperSearchEditor (126)
[2017.01.01-23.33.00:019][474]LogModuleManager: Shutting down and abandoning module SpeedTreeImporter (125)
[2017.01.01-23.33.00:019][474]LogModuleManager: Shutting down and abandoning module PluginBrowser (124)
[2017.01.01-23.33.00:028][474]LogModuleManager: Shutting down and abandoning module MobileLauncherProfileWizard (123)
[2017.01.01-23.33.00:042][474]LogModuleManager: Shutting down and abandoning module EpicSurvey (122)
[2017.01.01-23.33.00:052][474]LogModuleManager: Shutting down and abandoning module DesktopPlatform (121)
[2017.01.01-23.33.00:052][474]LogModuleManager: Shutting down and abandoning module VisualStudioSourceCodeAccess (120)
[2017.01.01-23.33.00:066][474]LogModuleManager: Shutting down and abandoning module UObjectPlugin (119)
[2017.01.01-23.33.00:066][474]LogModuleManager: Shutting down and abandoning module SubversionSourceControl (118)
[2017.01.01-23.33.00:079][474]LogModuleManager: Shutting down and abandoning module PerforceSourceControl (117)
[2017.01.01-23.33.00:088][474]LogModuleManager: Shutting down and abandoning module SourceControl (116)
[2017.01.01-23.33.00:097][474]LogModuleManager: Shutting down and abandoning module GitSourceControl (115)
[2017.01.01-23.33.00:102][474]LogModuleManager: Shutting down and abandoning module LightPropagationVolumeEditor (114)
[2017.01.01-23.33.00:102][474]LogModuleManager: Shutting down and abandoning module PaperTiledImporter (113)
[2017.01.01-23.33.00:109][474]LogModuleManager: Shutting down and abandoning module PaperSpriteSheetImporter (112)
[2017.01.01-23.33.00:109][474]LogModuleManager: Shutting down and abandoning module MeshPaint (111)
[2017.01.01-23.33.00:109][474]LogModuleManager: Shutting down and abandoning module PixelInspectorModule (110)
[2017.01.01-23.33.00:124][474]LogModuleManager: Shutting down and abandoning module HotReload (109)
[2017.01.01-23.33.00:136][474]LogModuleManager: Shutting down and abandoning module MainFrame (108)
[2017.01.01-23.33.00:136][474]LogModuleManager: Shutting down and abandoning module LevelEditor (107)
[2017.01.01-23.33.00:151][474]LogModuleManager: Shutting down and abandoning module ContentBrowser (106)
[2017.01.01-23.33.00:154][474]LogModuleManager: Shutting down and abandoning module Paper2DEditor (105)
[2017.01.01-23.33.00:175][474]LogModuleManager: Shutting down and abandoning module UdpMessaging (104)
[2017.01.01-23.33.00:276][474]LogModuleManager: Shutting down and abandoning module TcpMessaging (103)
[2017.01.01-23.33.00:388][474]LogModuleManager: Shutting down and abandoning module SubstanceCore (102)
[2017.01.01-23.33.00:415][474]LogModuleManager: Shutting down and abandoning module LightPropagationVolumeRuntime (101)
[2017.01.01-23.33.00:415][474]LogModuleManager: Shutting down and abandoning module Paper2D (100)
[2017.01.01-23.33.00:426][474]LogModuleManager: Shutting down and abandoning module WindowsMoviePlayer (99)
[2017.01.01-23.33.00:439][474]LogModuleManager: Shutting down and abandoning module WmfMedia (98)
[2017.01.01-23.33.00:449][474]LogModuleManager: Shutting down and abandoning module MediaAssets (97)
[2017.01.01-23.33.00:449][474]LogModuleManager: Shutting down and abandoning module GameLiveStreaming (96)
[2017.01.01-23.33.00:457][474]LogModuleManager: Shutting down and abandoning module GameplayTagsEditor (95)
[2017.01.01-23.33.00:457][474]LogModuleManager: Shutting down and abandoning module VREditor (94)
[2017.01.01-23.33.00:457][474]LogModuleManager: Shutting down and abandoning module GameplayTasksEditor (93)
[2017.01.01-23.33.00:457][474]LogModuleManager: Shutting down and abandoning module BehaviorTreeEditor (92)
[2017.01.01-23.33.00:484][474]LogModuleManager: Shutting down and abandoning module FunctionalTesting (91)
[2017.01.01-23.33.00:489][474]LogModuleManager: Shutting down and abandoning module CollisionAnalyzer (90)
[2017.01.01-23.33.00:494][474]LogModuleManager: Shutting down and abandoning module Sequencer (89)
[2017.01.01-23.33.00:529][474]LogModuleManager: Shutting down and abandoning module WorkspaceMenuStructure (88)
[2017.01.01-23.33.00:529][474]LogModuleManager: Shutting down and abandoning module MessageLog (87)
[2017.01.01-23.33.00:529][474]LogModuleManager: Shutting down and abandoning module AssetTools (86)
[2017.01.01-23.33.00:545][474]LogModuleManager: Shutting down and abandoning module UMGEditor (85)
[2017.01.01-23.33.00:587][474]LogModuleManager: Shutting down and abandoning module UMG (84)
[2017.01.01-23.33.00:611][474]LogModuleManager: Shutting down and abandoning module SlateReflector (83)
[2017.01.01-23.33.00:640][474]LogModuleManager: Shutting down and abandoning module Slate (82)
[2017.01.01-23.33.00:640][474]LogModuleManager: Shutting down and abandoning module EditorStyle (81)
[2017.01.01-23.33.00:643][474]LogModuleManager: Shutting down and abandoning module SourceCodeAccess (80)
[2017.01.01-23.33.00:643][474]LogModuleManager: Shutting down and abandoning module HeadMountedDisplay (79)
[2017.01.01-23.33.00:643][474]LogModuleManager: Shutting down and abandoning module XAudio2 (78)
[2017.01.01-23.33.00:643][474]LogModuleManager: Shutting down and abandoning module Networking (76)
[2017.01.01-23.33.00:643][474]LogModuleManager: Shutting down and abandoning module Core (75)
[2017.01.01-23.33.00:643][474]LogModuleManager: Shutting down and abandoning module DirectoryWatcher (74)
[2017.01.01-23.33.00:644][474]LogDirectoryWatcher: A directory notification for '../../../Engine/Content/' was aborted.
[2017.01.01-23.33.00:644][474]LogDirectoryWatcher: A directory notification for 'E:/ProjetGit/RescaleUnreal/Content/' was aborted.
[2017.01.01-23.33.00:645][474]LogDirectoryWatcher: A directory notification for '../../../Engine/Plugins/2D/Paper2D/Content/' was aborted.
[2017.01.01-23.33.00:648][474]LogModuleManager: Shutting down and abandoning module AssetRegistry (73)
[2017.01.01-23.33.00:881][474]LogModuleManager: Shutting down and abandoning module KismetCompiler (72)
[2017.01.01-23.33.00:882][474]LogModuleManager: Shutting down and abandoning module PhysXFormats (71)
[2017.01.01-23.33.00:882][474]LogModuleManager: Shutting down and abandoning module SimplygonSwarm (70)
[2017.01.01-23.33.00:882][474]LogModuleManager: Shutting down and abandoning module SimplygonMeshReduction (69)
[2017.01.01-23.33.00:882][474]LogModuleManager: Shutting down and abandoning module QuadricMeshReduction (68)
[2017.01.01-23.33.00:882][474]LogModuleManager: Shutting down and abandoning module PropertyEditor (67)
[2017.01.01-23.33.00:882][474]LogModuleManager: Shutting down and abandoning module MeshUtilities (66)
[2017.01.01-23.33.00:882][474]LogModuleManager: Shutting down and abandoning module DerivedDataCache (65)
[2017.01.01-23.33.00:998][474]LogDerivedDataCache: Shutdown
[2017.01.01-23.33.00:998][474]LogModuleManager: Shutting down and abandoning module VulkanShaderFormat (64)
[2017.01.01-23.33.01:006][474]LogModuleManager: Shutting down and abandoning module ShaderFormatOpenGL (63)
[2017.01.01-23.33.01:012][474]LogModuleManager: Shutting down and abandoning module ShaderFormatD3D (62)
[2017.01.01-23.33.01:022][474]LogModuleManager: Shutting down and abandoning module MetalShaderFormat (61)
[2017.01.01-23.33.01:035][474]LogModuleManager: Shutting down and abandoning module TextureFormatUncompressed (60)
[2017.01.01-23.33.01:035][474]LogModuleManager: Shutting down and abandoning module TextureFormatPVR (59)
[2017.01.01-23.33.01:042][474]LogModuleManager: Shutting down and abandoning module TextureFormatDXT (58)
[2017.01.01-23.33.01:042][474]LogModuleManager: Shutting down and abandoning module TextureFormatIntelISPCTexComp (57)
[2017.01.01-23.33.01:054][474]LogModuleManager: Shutting down and abandoning module ImageWrapper (56)
[2017.01.01-23.33.01:054][474]LogModuleManager: Shutting down and abandoning module TextureFormatASTC (55)
[2017.01.01-23.33.01:054][474]LogModuleManager: Shutting down and abandoning module TextureFormatAndroid (54)
[2017.01.01-23.33.01:054][474]LogModuleManager: Shutting down and abandoning module AudioFormatOpus (53)
[2017.01.01-23.33.01:062][474]LogModuleManager: Shutting down and abandoning module AudioFormatOgg (52)
[2017.01.01-23.33.01:068][474]LogModuleManager: Shutting down and abandoning module AudioFormatADPCM (51)
[2017.01.01-23.33.01:068][474]LogModuleManager: Shutting down and abandoning module LinuxTargetPlatform (50)
[2017.01.01-23.33.01:068][474]LogModuleManager: Shutting down and abandoning module LinuxServerTargetPlatform (49)
[2017.01.01-23.33.01:079][474]LogModuleManager: Shutting down and abandoning module LinuxNoEditorTargetPlatform (48)
[2017.01.01-23.33.01:084][474]LogModuleManager: Shutting down and abandoning module LinuxClientTargetPlatform (47)
[2017.01.01-23.33.01:099][474]LogModuleManager: Shutting down and abandoning module TVOSTargetPlatform (46)
[2017.01.01-23.33.01:100][474]LogModuleManager: Shutting down and abandoning module Messaging (45)
[2017.01.01-23.33.01:100][474]LogModuleManager: Shutting down and abandoning module IOSTargetPlatform (44)
[2017.01.01-23.33.01:100][474]LogModuleManager: Shutting down and abandoning module HTML5TargetPlatform (43)
[2017.01.01-23.33.01:100][474]LogModuleManager: Shutting down and abandoning module Android_PVRTCTargetPlatform (42)
[2017.01.01-23.33.01:100][474]LogModuleManager: Shutting down and abandoning module Android_MultiTargetPlatform (41)
[2017.01.01-23.33.01:100][474]LogModuleManager: Shutting down and abandoning module Android_ETC2TargetPlatform (40)
[2017.01.01-23.33.01:100][474]LogModuleManager: Shutting down and abandoning module Android_ETC1TargetPlatform (39)
[2017.01.01-23.33.01:100][474]LogModuleManager: Shutting down and abandoning module Android_DXTTargetPlatform (38)
[2017.01.01-23.33.01:100][474]LogModuleManager: Shutting down and abandoning module Android_ATCTargetPlatform (37)
[2017.01.01-23.33.01:100][474]LogModuleManager: Shutting down and abandoning module Android_ASTCTargetPlatform (36)
[2017.01.01-23.33.01:100][474]LogModuleManager: Shutting down and abandoning module AndroidTargetPlatform (35)
[2017.01.01-23.33.01:100][474]LogModuleManager: Shutting down and abandoning module WindowsTargetPlatform (34)
[2017.01.01-23.33.01:100][474]LogModuleManager: Shutting down and abandoning module WindowsServerTargetPlatform (33)
[2017.01.01-23.33.01:107][474]LogModuleManager: Shutting down and abandoning module WindowsNoEditorTargetPlatform (32)
[2017.01.01-23.33.01:108][474]LogModuleManager: Shutting down and abandoning module WindowsClientTargetPlatform (31)
[2017.01.01-23.33.01:112][474]LogModuleManager: Shutting down and abandoning module MacTargetPlatform (30)
[2017.01.01-23.33.01:112][474]LogModuleManager: Shutting down and abandoning module MacServerTargetPlatform (29)
[2017.01.01-23.33.01:112][474]LogModuleManager: Shutting down and abandoning module MacNoEditorTargetPlatform (28)
[2017.01.01-23.33.01:112][474]LogModuleManager: Shutting down and abandoning module MacClientTargetPlatform (27)
[2017.01.01-23.33.01:112][474]LogModuleManager: Shutting down and abandoning module AllDesktopTargetPlatform (26)
[2017.01.01-23.33.01:112][474]LogModuleManager: Shutting down and abandoning module TargetPlatform (25)
[2017.01.01-23.33.01:112][474]LogModuleManager: Shutting down and abandoning module InputCore (24)
[2017.01.01-23.33.01:112][474]LogModuleManager: Shutting down and abandoning module Settings (23)
[2017.01.01-23.33.01:112][474]LogModuleManager: Shutting down and abandoning module OculusRift (22)
[2017.01.01-23.33.01:122][474]LogModuleManager: Shutting down and abandoning module ExampleDeviceProfileSelector (21)
[2017.01.01-23.33.01:122][474]LogModuleManager: Shutting down and abandoning module OnlineBlueprintSupport (20)
[2017.01.01-23.33.01:122][474]LogModuleManager: Shutting down and abandoning module OnlineSubsystem (18)
[2017.01.01-23.33.01:122][474]LogOnline:Display: Unloading online subsystem: NULL
[2017.01.01-23.33.01:134][474]LogModuleManager: Shutting down and abandoning module SSL (17)
[2017.01.01-23.33.01:142][474]LogModuleManager: Shutting down and abandoning module HTTP (16)
[2017.01.01-23.33.01:143][474]LogModuleManager: Shutting down and abandoning module XMPP (15)
[2017.01.01-23.33.01:151][474]LogModuleManager: Shutting down and abandoning module TextureCompressor (14)
[2017.01.01-23.33.01:152][474]LogModuleManager: Shutting down and abandoning module ShaderCore (13)
[2017.01.01-23.33.01:152][474]LogModuleManager: Shutting down and abandoning module Landscape (12)
[2017.01.01-23.33.01:152][474]LogModuleManager: Shutting down and abandoning module SlateRHIRenderer (11)
[2017.01.01-23.33.01:193][474]LogModuleManager: Shutting down and abandoning module OpenGLDrv (10)
[2017.01.01-23.33.01:218][474]LogModuleManager: Shutting down and abandoning module D3D11RHI (9)
[2017.01.01-23.33.01:218][474]LogModuleManager: Shutting down and abandoning module AnimGraphRuntime (8)
[2017.01.01-23.33.01:231][474]LogModuleManager: Shutting down and abandoning module Renderer (7)
[2017.01.01-23.33.01:244][474]LogModuleManager: Shutting down and abandoning module Engine (6)
[2017.01.01-23.33.01:244][474]LogModuleManager: Shutting down and abandoning module CoreUObject (5)
[2017.01.01-23.33.01:244][474]LogModuleManager: Shutting down and abandoning module NetworkFile (4)
[2017.01.01-23.33.01:252][474]LogModuleManager: Shutting down and abandoning module StreamingFile (3)
[2017.01.01-23.33.01:266][474]LogModuleManager: Shutting down and abandoning module SandboxFile (2)
[2017.01.01-23.33.01:266][474]LogModuleManager: Shutting down and abandoning module PakFile (1)
[2017.01.01-23.33.01:294][474]LogExit: Exiting.
[2017.01.01-23.33.01:322][474]Log file closed, 01/02/17 00:33:01
