Log file open, 01/01/17 11:57:50
LogInit:Display: Running engine for game: Rescale
LogPlatformFile: Not using cached read wrapper
LogInit:Display: RandInit(927614949) SRandInit(927614949).
LogTaskGraph: Started task graph with 5 named threads and 8 total threads with 1 sets of task threads.
LogStats: Stats thread started at 0.078423
LogPluginManager: Loaded Plugin Paper2D, From C:/Program Files (x86)/Epic Games/4.14/Engine/Plugins/2D/Paper2D/Paper2D.uplugin
LogPluginManager: Loaded Plugin LightPropagationVolume, From C:/Program Files (x86)/Epic Games/4.14/Engine/Plugins/Blendables/LightPropagationVolume/LightPropagationVolume.uplugin
LogPluginManager: Loaded Plugin BlankPlugin, From C:/Program Files (x86)/Epic Games/4.14/Engine/Plugins/Developer/BlankPlugin/BlankPlugin.uplugin
LogPluginManager: Loaded Plugin CodeLiteSourceCodeAccess, From C:/Program Files (x86)/Epic Games/4.14/Engine/Plugins/Developer/CodeLiteSourceCodeAccess/CodeLiteSourceCodeAccess.uplugin
LogPluginManager: Loaded Plugin GitSourceControl, From C:/Program Files (x86)/Epic Games/4.14/Engine/Plugins/Developer/GitSourceControl/GitSourceControl.uplugin
LogPluginManager: Loaded Plugin KDevelopSourceCodeAccess, From C:/Program Files (x86)/Epic Games/4.14/Engine/Plugins/Developer/KDevelopSourceCodeAccess/KDevelopSourceCodeAccess.uplugin
LogPluginManager: Loaded Plugin NullSourceCodeAccess, From C:/Program Files (x86)/Epic Games/4.14/Engine/Plugins/Developer/NullSourceCodeAccess/NullSourceCodeAccess.uplugin
LogPluginManager: Loaded Plugin OneSkyLocalizationService, From C:/Program Files (x86)/Epic Games/4.14/Engine/Plugins/Developer/OneSkyLocalizationService/OneSkyLocalizationService.uplugin
LogPluginManager: Loaded Plugin PerforceSourceControl, From C:/Program Files (x86)/Epic Games/4.14/Engine/Plugins/Developer/PerforceSourceControl/PerforceSourceControl.uplugin
LogPluginManager: Loaded Plugin SubversionSourceControl, From C:/Program Files (x86)/Epic Games/4.14/Engine/Plugins/Developer/SubversionSourceControl/SubversionSourceControl.uplugin
LogPluginManager: Loaded Plugin UObjectPlugin, From C:/Program Files (x86)/Epic Games/4.14/Engine/Plugins/Developer/UObjectPlugin/UObjectPlugin.uplugin
LogPluginManager: Loaded Plugin VisualStudioSourceCodeAccess, From C:/Program Files (x86)/Epic Games/4.14/Engine/Plugins/Developer/VisualStudioSourceCodeAccess/VisualStudioSourceCodeAccess.uplugin
LogPluginManager: Loaded Plugin XCodeSourceCodeAccess, From C:/Program Files (x86)/Epic Games/4.14/Engine/Plugins/Developer/XCodeSourceCodeAccess/XCodeSourceCodeAccess.uplugin
LogPluginManager: Loaded Plugin AudioCapture, From C:/Program Files (x86)/Epic Games/4.14/Engine/Plugins/Editor/AudioCapture/AudioCapture.uplugin
LogPluginManager: Loaded Plugin EpicSurvey, From C:/Program Files (x86)/Epic Games/4.14/Engine/Plugins/Editor/EpicSurvey/EpicSurvey.uplugin
LogPluginManager: Loaded Plugin MacGraphicsSwitching, From C:/Program Files (x86)/Epic Games/4.14/Engine/Plugins/Editor/MacGraphicsSwitching/MacGraphicsSwitching.uplugin
LogPluginManager: Loaded Plugin MobileLauncherProfileWizard, From C:/Program Files (x86)/Epic Games/4.14/Engine/Plugins/Editor/MobileLauncherProfileWizard/MobileLauncherProfileWizard.uplugin
LogPluginManager: Loaded Plugin PluginBrowser, From C:/Program Files (x86)/Epic Games/4.14/Engine/Plugins/Editor/PluginBrowser/PluginBrowser.uplugin
LogPluginManager: Loaded Plugin SpeedTreeImporter, From C:/Program Files (x86)/Epic Games/4.14/Engine/Plugins/Editor/SpeedTreeImporter/SpeedTreeImporter.uplugin
LogPluginManager: Loaded Plugin SuperSearchEditor, From C:/Program Files (x86)/Epic Games/4.14/Engine/Plugins/Editor/SuperSearchEditor/SuperSearchEditor.uplugin
LogPluginManager: Loaded Plugin AlembicImporter, From C:/Program Files (x86)/Epic Games/4.14/Engine/Plugins/Experimental/AlembicImporter/AlembicImporter.uplugin
LogPluginManager: Loaded Plugin BlueprintStats, From C:/Program Files (x86)/Epic Games/4.14/Engine/Plugins/Experimental/BlueprintStats/BlueprintStats.uplugin
LogPluginManager: Loaded Plugin CharacterAI, From C:/Program Files (x86)/Epic Games/4.14/Engine/Plugins/Experimental/CharacterAI/CharacterAI.uplugin
LogPluginManager: Loaded Plugin CodeEditor, From C:/Program Files (x86)/Epic Games/4.14/Engine/Plugins/Experimental/CodeEditor/CodeEditor.uplugin
LogPluginManager: Loaded Plugin CodeView, From C:/Program Files (x86)/Epic Games/4.14/Engine/Plugins/Experimental/CodeView/CodeView.uplugin
LogPluginManager: Loaded Plugin HTML5Networking, From C:/Program Files (x86)/Epic Games/4.14/Engine/Plugins/Experimental/HTML5Networking/HTML5Networking.uplugin
LogPluginManager: Loaded Plugin OSVR, From C:/Program Files (x86)/Epic Games/4.14/Engine/Plugins/Experimental/OSVR/OSVR.uplugin
LogPluginManager: Loaded Plugin Phya, From C:/Program Files (x86)/Epic Games/4.14/Engine/Plugins/Experimental/Phya/Phya.uplugin
LogPluginManager: Loaded Plugin SignificanceManager, From C:/Program Files (x86)/Epic Games/4.14/Engine/Plugins/Experimental/SignificanceManager/SignificanceManager.uplugin
LogPluginManager: Loaded Plugin SimpleHMD, From C:/Program Files (x86)/Epic Games/4.14/Engine/Plugins/Experimental/SimpleHMD/SimpleHMD.uplugin
LogPluginManager: Loaded Plugin StereoPanorama, From C:/Program Files (x86)/Epic Games/4.14/Engine/Plugins/Experimental/StereoPanorama/StereoPanorama.uplugin
LogPluginManager: Loaded Plugin StructBox, From C:/Program Files (x86)/Epic Games/4.14/Engine/Plugins/Experimental/StructBox/StructBox.uplugin
LogPluginManager: Loaded Plugin Substance, From C:/Program Files (x86)/Epic Games/4.14/Engine/Plugins/Marketplace/Substance/Substance.uplugin
LogPluginManager: Loaded Plugin AndroidMedia, From C:/Program Files (x86)/Epic Games/4.14/Engine/Plugins/Media/AndroidMedia/AndroidMedia.uplugin
LogPluginManager: Loaded Plugin AvfMedia, From C:/Program Files (x86)/Epic Games/4.14/Engine/Plugins/Media/AvfMedia/AvfMedia.uplugin
LogPluginManager: Loaded Plugin MediaPlayerEditor, From C:/Program Files (x86)/Epic Games/4.14/Engine/Plugins/Media/MediaPlayerEditor/MediaPlayerEditor.uplugin
LogPluginManager: Loaded Plugin WmfMedia, From C:/Program Files (x86)/Epic Games/4.14/Engine/Plugins/Media/WmfMedia/WmfMedia.uplugin
LogPluginManager: Loaded Plugin MessagingDebugger, From C:/Program Files (x86)/Epic Games/4.14/Engine/Plugins/Messaging/MessagingDebugger/MessagingDebugger.uplugin
LogPluginManager: Loaded Plugin TcpMessaging, From C:/Program Files (x86)/Epic Games/4.14/Engine/Plugins/Messaging/TcpMessaging/TcpMessaging.uplugin
LogPluginManager: Loaded Plugin UdpMessaging, From C:/Program Files (x86)/Epic Games/4.14/Engine/Plugins/Messaging/UdpMessaging/UdpMessaging.uplugin
LogPluginManager: Loaded Plugin LevelSequenceEditor, From C:/Program Files (x86)/Epic Games/4.14/Engine/Plugins/MovieScene/LevelSequenceEditor/LevelSequenceEditor.uplugin
LogPluginManager: Loaded Plugin MatineeToLevelSequence, From C:/Program Files (x86)/Epic Games/4.14/Engine/Plugins/MovieScene/MatineeToLevelSequence/MatineeToLevelSequence.uplugin
LogPluginManager: Loaded Plugin NetcodeUnitTest, From C:/Program Files (x86)/Epic Games/4.14/Engine/Plugins/NetcodeUnitTest/NetcodeUnitTest/NetcodeUnitTest.uplugin
LogPluginManager: Loaded Plugin NUTUnrealEngine4, From C:/Program Files (x86)/Epic Games/4.14/Engine/Plugins/NetcodeUnitTest/NUTUnrealEngine4/NUTUnrealEngine4.uplugin
LogPluginManager: Loaded Plugin OnlineSubsystemGameCircle, From C:/Program Files (x86)/Epic Games/4.14/Engine/Plugins/Online/Android/OnlineSubsystemGameCircle/OnlineSubsystemGameCircle.uplugin
LogPluginManager: Loaded Plugin OnlineSubsystemGooglePlay, From C:/Program Files (x86)/Epic Games/4.14/Engine/Plugins/Online/Android/OnlineSubsystemGooglePlay/OnlineSubsystemGooglePlay.uplugin
LogPluginManager: Loaded Plugin OnlineSubsystemIOS, From C:/Program Files (x86)/Epic Games/4.14/Engine/Plugins/Online/IOS/OnlineSubsystemIOS/OnlineSubsystemIOS.uplugin
LogPluginManager: Loaded Plugin OnlineFramework, From C:/Program Files (x86)/Epic Games/4.14/Engine/Plugins/Online/OnlineFramework/OnlineFramework.uplugin
LogPluginManager: Loaded Plugin OnlineSubsystem, From C:/Program Files (x86)/Epic Games/4.14/Engine/Plugins/Online/OnlineSubsystem/OnlineSubsystem.uplugin
LogPluginManager: Loaded Plugin OnlineSubsystemAmazon, From C:/Program Files (x86)/Epic Games/4.14/Engine/Plugins/Online/OnlineSubsystemAmazon/OnlineSubsystemAmazon.uplugin
LogPluginManager: Loaded Plugin OnlineSubsystemFacebook, From C:/Program Files (x86)/Epic Games/4.14/Engine/Plugins/Online/OnlineSubsystemFacebook/OnlineSubsystemFacebook.uplugin
LogPluginManager: Loaded Plugin OnlineSubsystemNull, From C:/Program Files (x86)/Epic Games/4.14/Engine/Plugins/Online/OnlineSubsystemNull/OnlineSubsystemNull.uplugin
LogPluginManager: Loaded Plugin OnlineSubsystemOculus, From C:/Program Files (x86)/Epic Games/4.14/Engine/Plugins/Online/OnlineSubsystemOculus/OnlineSubsystemOculus.uplugin
LogPluginManager: Loaded Plugin OnlineSubsystemSteam, From C:/Program Files (x86)/Epic Games/4.14/Engine/Plugins/Online/OnlineSubsystemSteam/OnlineSubsystemSteam.uplugin
LogPluginManager: Loaded Plugin OnlineSubsystemUtils, From C:/Program Files (x86)/Epic Games/4.14/Engine/Plugins/Online/OnlineSubsystemUtils/OnlineSubsystemUtils.uplugin
LogPluginManager: Loaded Plugin IOSTapJoy, From C:/Program Files (x86)/Epic Games/4.14/Engine/Plugins/Runtime/Advertising/IOSTapJoy/IOSTapJoy.uplugin
LogPluginManager: Loaded Plugin AnalyticsBlueprintLibrary, From C:/Program Files (x86)/Epic Games/4.14/Engine/Plugins/Runtime/Analytics/AnalyticsBlueprintLibrary/AnalyticsBlueprintLibrary.uplugin
LogPluginManager: Loaded Plugin AnalyticsMulticast, From C:/Program Files (x86)/Epic Games/4.14/Engine/Plugins/Runtime/Analytics/AnalyticsMulticast/AnalyticsMulticast.uplugin
LogPluginManager: Loaded Plugin Apsalar, From C:/Program Files (x86)/Epic Games/4.14/Engine/Plugins/Runtime/Analytics/Apsalar/Apsalar.uplugin
LogPluginManager: Loaded Plugin FileLogging, From C:/Program Files (x86)/Epic Games/4.14/Engine/Plugins/Runtime/Analytics/FileLogging/FileLogging.uplugin
LogPluginManager: Loaded Plugin Flurry, From C:/Program Files (x86)/Epic Games/4.14/Engine/Plugins/Runtime/Analytics/Flurry/Flurry.uplugin
LogPluginManager: Loaded Plugin AndroidDeviceProfileSelector, From C:/Program Files (x86)/Epic Games/4.14/Engine/Plugins/Runtime/AndroidDeviceProfileSelector/AndroidDeviceProfileSelector.uplugin
LogPluginManager: Loaded Plugin AndroidMoviePlayer, From C:/Program Files (x86)/Epic Games/4.14/Engine/Plugins/Runtime/AndroidMoviePlayer/AndroidMoviePlayer.uplugin
LogPluginManager: Loaded Plugin AppleMoviePlayer, From C:/Program Files (x86)/Epic Games/4.14/Engine/Plugins/Runtime/AppleMoviePlayer/AppleMoviePlayer.uplugin
LogPluginManager: Loaded Plugin ArchVisCharacter, From C:/Program Files (x86)/Epic Games/4.14/Engine/Plugins/Runtime/ArchVisCharacter/ArchVisCharacter.uplugin
LogPluginManager: Loaded Plugin CableComponent, From C:/Program Files (x86)/Epic Games/4.14/Engine/Plugins/Runtime/CableComponent/CableComponent.uplugin
LogPluginManager: Loaded Plugin CustomMeshComponent, From C:/Program Files (x86)/Epic Games/4.14/Engine/Plugins/Runtime/CustomMeshComponent/CustomMeshComponent.uplugin
LogPluginManager: Loaded Plugin ExampleDeviceProfileSelector, From C:/Program Files (x86)/Epic Games/4.14/Engine/Plugins/Runtime/ExampleDeviceProfileSelector/ExampleDeviceProfileSelector.uplugin
LogPluginManager: Loaded Plugin GearVR, From C:/Program Files (x86)/Epic Games/4.14/Engine/Plugins/Runtime/GearVR/GearVR.uplugin
LogPluginManager: Loaded Plugin GoogleVRController, From C:/Program Files (x86)/Epic Games/4.14/Engine/Plugins/Runtime/GoogleVR/GoogleVRController/GoogleVRController.uplugin
LogPluginManager: Loaded Plugin GoogleVRHMD, From C:/Program Files (x86)/Epic Games/4.14/Engine/Plugins/Runtime/GoogleVR/GoogleVRHMD/GoogleVRHMD.uplugin
LogPluginManager: Loaded Plugin IOSDeviceProfileSelector, From C:/Program Files (x86)/Epic Games/4.14/Engine/Plugins/Runtime/IOSDeviceProfileSelector/IOSDeviceProfileSelector.uplugin
LogPluginManager: Loaded Plugin LeapMotion, From C:/Program Files (x86)/Epic Games/4.14/Engine/Plugins/Runtime/LeapMotion/LeapMotion.uplugin
LogPluginManager: Loaded Plugin LinuxDeviceProfileSelector, From C:/Program Files (x86)/Epic Games/4.14/Engine/Plugins/Runtime/LinuxDeviceProfileSelector/LinuxDeviceProfileSelector.uplugin
LogPluginManager: Loaded Plugin MIDIDevice, From C:/Program Files (x86)/Epic Games/4.14/Engine/Plugins/Runtime/MIDIDevice/MIDIDevice.uplugin
LogPluginManager: Loaded Plugin MobilePatchingUtils, From C:/Program Files (x86)/Epic Games/4.14/Engine/Plugins/Runtime/MobilePatchingUtils/MobilePatchingUtils.uplugin
LogPluginManager: Loaded Plugin Ansel, From C:/Program Files (x86)/Epic Games/4.14/Engine/Plugins/Runtime/Nvidia/Ansel/Ansel.uplugin
LogPluginManager: Loaded Plugin OculusAudio, From C:/Program Files (x86)/Epic Games/4.14/Engine/Plugins/Runtime/OculusAudio/OculusAudio.uplugin
LogPluginManager: Loaded Plugin OculusInput, From C:/Program Files (x86)/Epic Games/4.14/Engine/Plugins/Runtime/OculusInput/OculusInput.uplugin
LogPluginManager: Loaded Plugin OculusLibrary, From C:/Program Files (x86)/Epic Games/4.14/Engine/Plugins/Runtime/OculusLibrary/OculusLibrary.uplugin
LogPluginManager: Loaded Plugin OculusRift, From C:/Program Files (x86)/Epic Games/4.14/Engine/Plugins/Runtime/OculusRift/OculusRift.uplugin
LogPluginManager: Loaded Plugin Oodle, From C:/Program Files (x86)/Epic Games/4.14/Engine/Plugins/Runtime/PacketHandlers/CompressionComponents/Oodle/Oodle.uplugin
LogPluginManager: Loaded Plugin ProceduralMeshComponent, From C:/Program Files (x86)/Epic Games/4.14/Engine/Plugins/Runtime/ProceduralMeshComponent/ProceduralMeshComponent.uplugin
LogPluginManager: Loaded Plugin SoundMod, From C:/Program Files (x86)/Epic Games/4.14/Engine/Plugins/Runtime/SoundMod/SoundMod.uplugin
LogPluginManager: Loaded Plugin SoundVisualizations, From C:/Program Files (x86)/Epic Games/4.14/Engine/Plugins/Runtime/SoundVisualizations/SoundVisualizations.uplugin
LogPluginManager: Loaded Plugin SteamController, From C:/Program Files (x86)/Epic Games/4.14/Engine/Plugins/Runtime/Steam/SteamController/SteamController.uplugin
LogPluginManager: Loaded Plugin SteamVR, From C:/Program Files (x86)/Epic Games/4.14/Engine/Plugins/Runtime/Steam/SteamVR/SteamVR.uplugin
LogPluginManager: Loaded Plugin WebBrowserWidget, From C:/Program Files (x86)/Epic Games/4.14/Engine/Plugins/Runtime/WebBrowserWidget/WebBrowserWidget.uplugin
LogPluginManager: Loaded Plugin WindowsDeviceProfileSelector, From C:/Program Files (x86)/Epic Games/4.14/Engine/Plugins/Runtime/WindowsDeviceProfileSelector/WindowsDeviceProfileSelector.uplugin
LogPluginManager: Loaded Plugin WindowsMoviePlayer, From C:/Program Files (x86)/Epic Games/4.14/Engine/Plugins/Runtime/WindowsMoviePlayer/WindowsMoviePlayer.uplugin
LogPluginManager: Loaded Plugin ScriptPlugin, From C:/Program Files (x86)/Epic Games/4.14/Engine/Plugins/ScriptPlugin/ScriptPlugin.uplugin
LogPluginManager: Loaded Plugin SlateRemote, From C:/Program Files (x86)/Epic Games/4.14/Engine/Plugins/Slate/SlateRemote/SlateRemote.uplugin
LogPluginManager: Loaded Plugin EditorTests, From C:/Program Files (x86)/Epic Games/4.14/Engine/Plugins/Tests/EditorTests/EditorTests.uplugin
LogPluginManager: Loaded Plugin FbxAutomationTestBuilder, From C:/Program Files (x86)/Epic Games/4.14/Engine/Plugins/Tests/FbxAutomationTestBuilder/FbxAutomationTestBuilder.uplugin
LogPluginManager: Loaded Plugin FunctionalTestingEditor, From C:/Program Files (x86)/Epic Games/4.14/Engine/Plugins/Tests/FunctionalTestingEditor/FunctionalTestingEditor.uplugin
LogPluginManager: Loaded Plugin RuntimeTests, From C:/Program Files (x86)/Epic Games/4.14/Engine/Plugins/Tests/RuntimeTests/RuntimeTests.uplugin
LogPluginManager: Loaded Plugin ScreenshotTools, From C:/Program Files (x86)/Epic Games/4.14/Engine/Plugins/Tests/ScreenshotTools/ScreenshotTools.uplugin
LogInit: Using libcurl 7.47.1
LogInit:  - built for x86_64-pc-win32
LogInit:  - supports SSL with OpenSSL/1.0.2g
LogInit:  - supports HTTP deflate (compression) using libz 1.2.8
LogInit:  - other features:
LogInit:      CURL_VERSION_SSL
LogInit:      CURL_VERSION_LIBZ
LogInit:      CURL_VERSION_IPV6
LogInit:      CURL_VERSION_ASYNCHDNS
LogInit:      CURL_VERSION_LARGEFILE
LogInit:      CURL_VERSION_IDN
LogInit:  CurlRequestOptions (configurable via config and command line):
LogInit:  - bVerifyPeer = false  - Libcurl will NOT verify peer certificate
LogInit:  - bUseHttpProxy = false  - Libcurl will NOT use HTTP proxy
LogInit:  - bDontReuseConnections = false  - Libcurl will reuse connections
LogInit:  - CertBundlePath = nullptr  - Libcurl will use whatever was configured at build time.
LogInit: Build: ++UE4+Release-4.14-CL-3224400
LogInit: Engine Version: 4.14.1-3224400+++UE4+Release-4.14
LogInit: Compatible Engine Version: 4.14.0-3195953+++UE4+Release-4.14
LogInit: Net CL: 3195953
LogDevObjectVersion: Number of dev versions registered: 13
LogDevObjectVersion:   Dev-Blueprints (B0D832E4-1F89-4F0D-ACCF-7EB736FD4AA2): 7
LogDevObjectVersion:   Dev-Build (E1C64328-A22C-4D53-A36C-8E866417BD8C): 0
LogDevObjectVersion:   Dev-Core (375EC13C-06E4-48FB-B500-84F0262A717E): 1
LogDevObjectVersion:   Dev-Editor (E4B068ED-F494-42E9-A231-DA0B2E46BB41): 8
LogDevObjectVersion:   Dev-Framework (CFFC743F-43B0-4480-9391-14DF171D2073): 17
LogDevObjectVersion:   Dev-Mobile (B02B49B5-BB20-44E9-A304-32B752E40360): 0
LogDevObjectVersion:   Dev-Networking (A4E4105C-59A1-49B5-A7C5-40C4547EDFEE): 0
LogDevObjectVersion:   Dev-Online (39C831C9-5AE6-47DC-9A44-9C173E1C8E7C): 0
LogDevObjectVersion:   Dev-Physics (78F01B33-EBEA-4F98-B9B4-84EACCB95AA2): 0
LogDevObjectVersion:   Dev-Platform (6631380F-2D4D-43E0-8009-CF276956A95A): 0
LogDevObjectVersion:   Dev-Rendering (12F88B9F-8875-4AFC-A67C-D90C383ABD29): 12
LogDevObjectVersion:   Dev-Sequencer (7B5AE74C-D270-4C10-A958-57980B212A5A): 1
LogDevObjectVersion:   Dev-VR (D7296918-1DD6-4BDD-9DE2-64A83CC13884): 0
LogInit: Compiled (64-bit): Dec  7 2016 02:14:32
LogInit: Compiled with Visual C++: 19.00.23026.00
LogInit: Build Configuration: Development
LogInit: Branch Name: ++UE4+Release-4.14
LogInit: Command line: 
LogInit: Base directory: C:/Program Files (x86)/Epic Games/4.14/Engine/Binaries/Win64/
LogInit: Installed Engine Build: 1
LogInit: Presizing for max 8388607 objects, including 0 objects not considered by GC, pre-allocating 0 bytes for permanent pool.
LogInit: Object subsystem initialized
[2017.01.01-10.57.50:755][  0]LogInit: Selected Device Profile: [Windows]
[2017.01.01-10.57.50:755][  0]LogInit: Applying CVar settings loaded from the selected device profile: [Windows]
[2017.01.01-10.57.50:771][  0]LogInit: Computer: MANUPC
[2017.01.01-10.57.50:771][  0]LogInit: User: Manu
[2017.01.01-10.57.50:771][  0]LogInit: CPU Page size=65536, Cores=4
[2017.01.01-10.57.50:771][  0]LogInit: High frequency timer resolution =2.533200 MHz
[2017.01.01-10.57.50:771][  0]LogMemory: Memory total: Physical=7.9GB (8GB approx)
[2017.01.01-10.57.50:771][  0]LogMemory: Platform Memory Stats for Windows
[2017.01.01-10.57.50:771][  0]LogMemory: Process Physical Memory: 264.00 MB used, 264.00 MB peak
[2017.01.01-10.57.50:771][  0]LogMemory: Process Virtual Memory: 262.78 MB used, 262.78 MB peak
[2017.01.01-10.57.50:771][  0]LogMemory: Physical Memory: 3524.84 MB used,  4590.43 MB free, 8115.27 MB total
[2017.01.01-10.57.50:771][  0]LogMemory: Virtual Memory: 676.55 MB used,  4590.43 MB free, 134217728.00 MB total
[2017.01.01-10.57.50:816][  0]LogTextLocalizationManager: No translations for ('fr-FR') exist, falling back to 'en' for localization and internationalization data.
[2017.01.01-10.57.51:413][  0]LogD3D11RHI: D3D11 adapters:
[2017.01.01-10.57.51:955][  0]LogD3D11RHI:    0. 'NVIDIA GeForce GTX 960M' (Feature Level 11_0)
[2017.01.01-10.57.51:955][  0]LogD3D11RHI:       2018/0/4057 MB DedicatedVideo/DedicatedSystem/SharedSystem, Outputs:1, VendorId:0x10de
[2017.01.01-10.57.51:961][  0]LogD3D11RHI:    1. 'Intel(R) HD Graphics 4600' (Feature Level 11_0)
[2017.01.01-10.57.51:961][  0]LogD3D11RHI:       112/0/2048 MB DedicatedVideo/DedicatedSystem/SharedSystem, Outputs:0, VendorId:0x8086
[2017.01.01-10.57.51:962][  0]LogD3D11RHI:    2. 'Microsoft Basic Render Driver' (Feature Level 11_0)
[2017.01.01-10.57.51:962][  0]LogD3D11RHI:       0/0/4057 MB DedicatedVideo/DedicatedSystem/SharedSystem, Outputs:0, VendorId:0x1414
[2017.01.01-10.57.51:962][  0]LogD3D11RHI: Chosen D3D11 Adapter: 0
[2017.01.01-10.57.51:969][  0]LogD3D11RHI: Creating new Direct3DDevice
[2017.01.01-10.57.51:969][  0]LogD3D11RHI:     GPU DeviceId: 0x139b (for the marketing name, search the web for "GPU Device Id")
[2017.01.01-10.57.51:969][  0]LogWindows: EnumDisplayDevices:
[2017.01.01-10.57.51:969][  0]LogWindows:    0. 'Intel(R) HD Graphics 4600' (P:1 D:1)
[2017.01.01-10.57.51:969][  0]LogWindows:    1. 'Intel(R) HD Graphics 4600' (P:0 D:0)
[2017.01.01-10.57.51:969][  0]LogWindows:    2. 'Intel(R) HD Graphics 4600' (P:0 D:0)
[2017.01.01-10.57.51:969][  0]LogWindows: DebugString: PrimaryIsNotTheChoosenAdapter PrimaryIsNotTheChoosenAdapter PrimaryIsNotTheChoosenAdapter FoundDriverCount:0 
[2017.01.01-10.57.51:969][  0]LogD3D11RHI:     Adapter Name: NVIDIA GeForce GTX 960M
[2017.01.01-10.57.51:969][  0]LogD3D11RHI:   Driver Version: Unknown (internal:Unknown, unified:Unknown)
[2017.01.01-10.57.51:969][  0]LogD3D11RHI:      Driver Date: Unknown
[2017.01.01-10.57.51:969][  0]LogRHI: Texture pool is 1361 MB (70% of 1945 MB)
[2017.01.01-10.57.52:471][  0]LogD3D11RHI: Async texture creation enabled
[2017.01.01-10.57.52:509][  0]LogD3D11RHI: GPU Timing Frequency: 1000.000000 (Debug: 2 1)
[2017.01.01-10.57.52:510][  0]LogShaderCompilers: Guid format shader working directory is -19 characters bigger than the processId version (../../../../../../Users/Manu/Documents/Unreal Projects/RescaleE/Intermediate/Shaders/WorkingDirectory/52776/).
[2017.01.01-10.57.52:510][  0]LogShaderCompilers: Cleaned the shader compiler working directory 'C:/Users/Manu/AppData/Local/Temp/UnrealShaderWorkingDir/968919214B6D57F7ED9AE8A45273B3FD/'.
[2017.01.01-10.57.52:510][  0]LogShaderCompilers:Display: Using Local Shader Compiler.
[2017.01.01-10.57.53:527][  0]LogTemp:Display: Loaded TP AllDesktopTargetPlatform
[2017.01.01-10.57.53:576][  0]LogTemp:Display: Loaded TP MacClientTargetPlatform
[2017.01.01-10.57.53:627][  0]LogTemp:Display: Loaded TP MacNoEditorTargetPlatform
[2017.01.01-10.57.53:677][  0]LogTemp:Display: Loaded TP MacServerTargetPlatform
[2017.01.01-10.57.53:727][  0]LogTemp:Display: Loaded TP MacTargetPlatform
[2017.01.01-10.57.53:779][  0]LogTemp:Display: Loaded TP WindowsClientTargetPlatform
[2017.01.01-10.57.53:830][  0]LogTemp:Display: Loaded TP WindowsNoEditorTargetPlatform
[2017.01.01-10.57.53:881][  0]LogTemp:Display: Loaded TP WindowsServerTargetPlatform
[2017.01.01-10.57.53:921][  0]LogTemp:Display: Loaded TP WindowsTargetPlatform
[2017.01.01-10.57.53:969][  0]LogTemp:Display: Loaded TP AndroidTargetPlatform
[2017.01.01-10.57.54:017][  0]LogTemp:Display: Loaded TP Android_ASTCTargetPlatform
[2017.01.01-10.57.54:065][  0]LogTemp:Display: Loaded TP Android_ATCTargetPlatform
[2017.01.01-10.57.54:113][  0]LogTemp:Display: Loaded TP Android_DXTTargetPlatform
[2017.01.01-10.57.54:165][  0]LogTemp:Display: Loaded TP Android_ETC1TargetPlatform
[2017.01.01-10.57.54:216][  0]LogTemp:Display: Loaded TP Android_ETC2TargetPlatform
[2017.01.01-10.57.54:364][  0]LogTemp:Display: Loaded TP Android_MultiTargetPlatform
[2017.01.01-10.57.54:364][  0]LogTemp:Display: Loaded TP Android_PVRTCTargetPlatform
[2017.01.01-10.57.54:402][  0]LogTemp:Display: Loaded TP HTML5TargetPlatform
[2017.01.01-10.57.54:484][  0]LogTemp:Display: Loaded TP IOSTargetPlatform
[2017.01.01-10.57.54:516][  0]LogTemp:Display: Loaded TP TVOSTargetPlatform
[2017.01.01-10.57.54:564][  0]LogTemp:Display: Loaded TP LinuxClientTargetPlatform
[2017.01.01-10.57.54:612][  0]LogTemp:Display: Loaded TP LinuxNoEditorTargetPlatform
[2017.01.01-10.57.54:660][  0]LogTemp:Display: Loaded TP LinuxServerTargetPlatform
[2017.01.01-10.57.54:709][  0]LogTemp:Display: Loaded TP LinuxTargetPlatform
[2017.01.01-10.57.54:709][  0]LogTargetPlatformManager:Display: Building Assets For Windows
[2017.01.01-10.57.55:062][  0]LogDerivedDataCache:Display: Max Cache Size: 512 MB
[2017.01.01-10.57.55:119][  0]LogDerivedDataCache: Loaded boot cache 0.06s 50MB C:/Users/Manu/AppData/Local/UnrealEngine/4.14/DerivedDataCache/Boot.ddc.
[2017.01.01-10.57.55:120][  0]LogDerivedDataCache:Display: Loaded Boot cache: C:/Users/Manu/AppData/Local/UnrealEngine/4.14/DerivedDataCache/Boot.ddc
[2017.01.01-10.57.55:120][  0]LogDerivedDataCache: FDerivedDataBackendGraph:  Pak pak cache file ../../../../../../Users/Manu/Documents/Unreal Projects/RescaleE/DerivedDataCache/DDC.ddp not found, will not use a pak cache.
[2017.01.01-10.57.55:120][  0]LogDerivedDataCache: Unable to find inner node Pak for hierarchical cache Hierarchy.
[2017.01.01-10.57.55:120][  0]LogDerivedDataCache: FDerivedDataBackendGraph:  CompressedPak pak cache file ../../../../../../Users/Manu/Documents/Unreal Projects/RescaleE/DerivedDataCache/Compressed.ddp not found, will not use a pak cache.
[2017.01.01-10.57.55:120][  0]LogDerivedDataCache: Unable to find inner node CompressedPak for hierarchical cache Hierarchy.
[2017.01.01-10.57.55:136][  0]LogDerivedDataCache:Display: Pak cache opened for reading ../../../Engine/DerivedDataCache/Compressed.ddp.
[2017.01.01-10.57.55:148][  0]LogDerivedDataCache: Using Local data cache path C:/Users/Manu/AppData/Local/UnrealEngine/Common/DerivedDataCache: Writable
[2017.01.01-10.57.55:353][  0]LogInit: Selected Device Profile: [Windows]
[2017.01.01-10.57.55:356][  0]LogContentStreaming: Texture pool size is 0.00 MB
[2017.01.01-10.57.55:542][  0]LogMeshUtilities: Using QuadricMeshReduction for automatic static mesh reduction
[2017.01.01-10.57.55:580][  0]LogSimplygon: Simplygon DLL not present - disabling.
[2017.01.01-10.57.55:620][  0]LogMeshUtilities: Using SimplygonSwarm for distributed automatic mesh merging
[2017.01.01-10.57.55:620][  0]LogMeshUtilities: No automatic skeletal mesh reduction module available
[2017.01.01-10.57.55:620][  0]LogMeshUtilities: No automatic mesh merging module available
[2017.01.01-10.57.56:129][  0]LogNetVersion: GetLocalNetworkVersion: CL: 3195953, ProjectName: rescale, ProjectVersion: , EngineNetworkVersion: 2, GameNetworkVersion: 0, NetworkChecksum: 103703839
[2017.01.01-10.57.56:180][  0]LogAssetRegistry: FAssetRegistry took 0.0211 seconds to start up
[2017.01.01-10.57.56:303][  0]LogPackageLocalizationCache: Processed 3 localized package path(s) for 1 prioritized culture(s) in 0.104703 seconds
[2017.01.01-10.57.56:312][  0]LogUObjectArray: 31946 objects as part of root set at end of initial load.
[2017.01.01-10.57.56:312][  0]LogUObjectAllocator: 6935840 out of 0 bytes used by permanent object pool.
[2017.01.01-10.57.56:312][  0]LogUObjectArray: CloseDisregardForGC: 0/0 objects in disregard for GC pool
[2017.01.01-10.57.56:378][  0]LogInit: WinSock: version 1.1 (2.2), MaxSocks=32767, MaxUdp=65467
[2017.01.01-10.57.57:050][  0]LogSlate: Using Freetype 2.6.0
[2017.01.01-10.57.57:050][  0]LogSlate: SlateFontCache - WITH_FREETYPE: 1, WITH_HARFBUZZ: 1
[2017.01.01-10.57.57:050][  0]LogSlate: SlateFontCache - WITH_FREETYPE: 1, WITH_HARFBUZZ: 1
[2017.01.01-10.57.57:787][  0]LogSubstanceCoreModule: Substance CPU Engine Loaded, Max Texture Size 2048
[2017.01.01-10.57.57:811][  0]LogTcpMessaging: Initializing TcpMessaging bridge
[2017.01.01-10.57.57:846][  0]LogUdpMessaging: Initializing bridge on interface 0.0.0.0:0 to multicast group 230.0.0.1:6666.
[2017.01.01-10.57.58:133][  0]LogMaterial: Uniform references updated for custom material expression Custom.
[2017.01.01-10.57.58:550][  0]SourceControl: Info Source control is disabled
[2017.01.01-10.57.58:552][  0]SourceControl: Info Source control is disabled
[2017.01.01-10.57.58:627][  0]SourceControl: Info Source control is disabled
[2017.01.01-10.57.58:666][  0]SourceControl: Info Source control is disabled
[2017.01.01-10.57.59:818][  0]LogEngine: Initializing Engine...
[2017.01.01-10.57.59:818][  0]LogHMD: Failed to initialize OpenVR with code 110
[2017.01.01-10.58.00:055][  0]LogAIModule: Creating AISystem for world Untitled
[2017.01.01-10.58.00:060][  0]LogInit: XAudio2 using 'Haut-parleurs (Realtek High Definition Audio)' : 2 channels at 48 kHz using 32 bits per sample (channel mask 0x3)
[2017.01.01-10.58.00:071][  0]LogInit: FAudioDevice initialized.
[2017.01.01-10.58.00:101][  0]LogDerivedDataCache: Saved boot cache 0.03s 50MB C:/Users/Manu/AppData/Local/UnrealEngine/4.14/DerivedDataCache/Boot.ddc.
[2017.01.01-10.58.00:114][  0]LogInit: Texture streaming: Enabled
[2017.01.01-10.58.00:277][  0]LogInit: Transaction tracking system initialized
[2017.01.01-10.58.00:593][  0]BlueprintLog: New page: Editor Load
[2017.01.01-10.58.01:394][  0]LocalizationService: Info Localization service is disabled
[2017.01.01-10.58.02:051][  0]LogConsoleResponse:Display: 
[2017.01.01-10.58.02:194][  0]LogCook:Display: Max memory allowance for cook 16384mb min free memory 0mb
[2017.01.01-10.58.02:194][  0]LogCook:Display: Mobile HDR setting 1
[2017.01.01-10.58.02:617][  0]LogFileCache: Scanning file cache for directory 'C:/Users/Manu/Documents/Unreal Projects/RescaleE/Content/' took 0.03s
[2017.01.01-10.58.03:078][  0]SourceControl: Info Source control is disabled
[2017.01.01-10.58.03:079][  0]Cmd: MAP LOAD FILE="../../../../../../Users/Manu/Documents/Unreal Projects/RescaleE/Content/_Rescale/MapTest.umap" TEMPLATE=0 SHOWPROGRESS=1 FEATURELEVEL=3
[2017.01.01-10.58.03:086][  0]LightingResults: New page: Lighting Build
[2017.01.01-10.58.03:122][  0]MapCheck: New page: Map Check
[2017.01.01-10.58.03:122][  0]LightingResults: New page: Lighting Build
[2017.01.01-10.58.03:919][  0]LogAIModule: Creating AISystem for world MapTest
[2017.01.01-10.58.03:928][  0]LogEditorServer: Finished looking for orphan Actors (0.000 secs)
[2017.01.01-10.58.03:928][  0]Cmd: MAP CHECKDEP NOCLEARLOG
[2017.01.01-10.58.03:966][  0]MapCheck: Info Map check complete: 0 Error(s), 0 Warning(s), took 37.559ms to complete.
[2017.01.01-10.58.03:966][  0]LogFileHelpers: Loading map 'MapTest' took 0.888
[2017.01.01-10.58.04:060][  0]LogWindowsTextInputMethodSystem:Display: IME system now deactivated.
[2017.01.01-10.58.04:241][  0]LogCollectionManager: Loaded 0 collections in 0.001758 seconds
[2017.01.01-10.58.04:364][  0]LogFileCache: Scanning file cache for directory 'C:/Users/Manu/Documents/Unreal Projects/RescaleE/Saved/Collections/' took 0.01s
[2017.01.01-10.58.04:364][  0]LogFileCache: Scanning file cache for directory 'C:/Users/Manu/Documents/Unreal Projects/RescaleE/Content/Developers/Manu/Collections/' took 0.01s
[2017.01.01-10.58.04:364][  0]LogFileCache: Scanning file cache for directory 'C:/Users/Manu/Documents/Unreal Projects/RescaleE/Content/Collections/' took 0.01s
[2017.01.01-10.58.04:364][  0]LogCollectionManager: Rebuilt the GUID cache for 0 collections in 0.000002 seconds
[2017.01.01-10.58.04:385][  0]LogContentBrowser: Native class hierarchy populated in 0.0169 seconds. Added 2205 classes and 434 folders.
[2017.01.01-10.58.04:432][  0]LogStats: UGameplayTagsManager::ConstructGameplayTagTree: Construct from data asset -  0.000 s
[2017.01.01-10.58.04:432][  0]LogStats: UGameplayTagsManager::ConstructGameplayTagTree: GameplayTagTreeChangedEvent.Broadcast -  0.000 s
[2017.01.01-10.58.04:433][  0]LogContentBrowser: Native class hierarchy updated for 'GameplayTags' in 0.0006 seconds. Added 13 classes and 0 folders.
[2017.01.01-10.58.04:488][  0]LogContentBrowser: Native class hierarchy updated for 'WidgetCarousel' in 0.0004 seconds. Added 0 classes and 0 folders.
[2017.01.01-10.58.05:029][  0]LogContentBrowser: Native class hierarchy updated for 'AddContentDialog' in 0.0006 seconds. Added 0 classes and 0 folders.
[2017.01.01-10.58.05:085][  0]LogContentBrowser: Native class hierarchy updated for 'SceneOutliner' in 0.0008 seconds. Added 1 classes and 2 folders.
[2017.01.01-10.58.05:340][  0]LogCrashTracker: Crashtracker disabled due to settings.
[2017.01.01-10.58.06:729][  0]LogSlate: Only BGRA pngs, bmps or icos are supported in by External Image Picker
[2017.01.01-10.58.06:757][  0]LogUObjectGlobals:Warning: Failed to find object 'Class None.'
[2017.01.01-10.58.07:062][  0]LogTemp:Display: Executing iPhonePackager certificates Engine -bundlename com.YourCompany.Rescale

[2017.01.01-10.58.07:062][  0]LogTemp:Display: CWD: C:\Program Files (x86)\Epic Games\4.14\Engine\Binaries\DotNet\IOS

[2017.01.01-10.58.07:062][  0]LogTemp:Display: Initial Dir: C:\Program Files (x86)\Epic Games\4.14

[2017.01.01-10.58.07:062][  0]LogTemp:Display: Env CWD: C:\Program Files (x86)\Epic Games\4.14\Engine\Binaries\DotNet\IOS

[2017.01.01-10.58.07:062][  0]LogTemp:Display: BranchPath = MANUPC/C/Program Files (x86)/Epic Games/4.14/Engine/Binaries --- GameBranchPath = MANUPC/C/Program Files (x86)/Epic Games/4.14/Engine/Binaries

[2017.01.01-10.58.07:062][  0]LogTemp:Display: IPP ERROR: Application exception: System.IO.DirectoryNotFoundException: Impossible de trouver une partie du chemin d'acc?s 'C:\Users\Manu\AppData\Local\Apple Computer\MobileDevice\Provisioning Profiles'.

[2017.01.01-10.58.07:062][  0]LogTemp:Display:    ? System.IO.__Error.WinIOError(Int32 errorCode, String maybeFullPath)

[2017.01.01-10.58.07:062][  0]LogTemp:Display:    ? System.IO.FileSystemEnumerableIterator`1.CommonInit()

[2017.01.01-10.58.07:062][  0]LogTemp:Display:    ? System.IO.Directory.EnumerateFiles(String path, String searchPattern)

[2017.01.01-10.58.07:062][  0]LogTemp:Display:    ? iPhonePackager.CodeSignatureBuilder.FindProvisions(String CFBundleIdentifier)

[2017.01.01-10.58.07:062][  0]LogTemp:Display:    ? iPhonePackager.Program.Main(String[] args)

[2017.01.01-10.58.07:112][  0]LogContentBrowser: Native class hierarchy updated for 'HierarchicalLODOutliner' in 0.0005 seconds. Added 1 classes and 2 folders.
[2017.01.01-10.58.07:112][  0]LogLoad: (Engine Initialization) Total time: 18.60 seconds
[2017.01.01-10.58.07:112][  0]LogLoad: (Engine Initialization) Total Blueprint compile time: 0.14 seconds
[2017.01.01-10.58.07:112][  0]LogExternalProfiler: Found external profiler: VSPerf
[2017.01.01-10.58.07:112][  0]LogExternalProfiler: Using external profiler: VSPerf
[2017.01.01-10.58.07:122][  0]LogOcInput: OculusInput pre-init called
[2017.01.01-10.58.07:146][  0]LogContentStreaming: Texture pool size now 1000 MB
[2017.01.01-10.58.07:479][  0]LogRenderer: Reallocating scene render targets to support 1172x600 NumSamples 1 (Frame:2).
[2017.01.01-10.58.07:601][  1]LogAssetRegistry: Asset discovery search completed in 11.4422 seconds
[2017.01.01-10.58.07:601][  1]LogCollectionManager: Rebuilt the object cache for 0 collections in 0.000001 seconds (found 0 objects)
[2017.01.01-10.58.07:601][  1]LogCollectionManager: Fixed up redirectors for 0 collections in 0.000019 seconds (updated 0 objects)
[2017.01.01-10.58.14:237][557]LogAIModule: Creating AISystem for world Inside
[2017.01.01-10.58.14:264][557]Cmd: MAP LOAD FILE="../../../../../../Users/Manu/Documents/Unreal Projects/RescaleE/Content/_Rescale/Inside.umap" TEMPLATE=0 SHOWPROGRESS=1 FEATURELEVEL=3
[2017.01.01-10.58.14:264][557]LightingResults: New page: Lighting Build
[2017.01.01-10.58.14:265][557]LoadErrors: New page: Loading map: Inside.umap
[2017.01.01-10.58.14:265][557]MapCheck: New page: Map Check
[2017.01.01-10.58.14:265][557]LightingResults: New page: Lighting Build
[2017.01.01-10.58.14:326][557]LogEditorServer: Finished looking for orphan Actors (0.000 secs)
[2017.01.01-10.58.14:349][557]Cmd: MAP CHECKDEP NOCLEARLOG
[2017.01.01-10.58.14:388][557]MapCheck: Info Map check complete: 0 Error(s), 0 Warning(s), took 39.238ms to complete.
[2017.01.01-10.58.14:388][557]LogFileHelpers: Loading map 'Inside' took 0.126
[2017.01.01-10.58.18:742][869]LogAIModule: Creating AISystem for world Entrance
[2017.01.01-10.58.18:780][869]Cmd: MAP LOAD FILE="../../../../../../Users/Manu/Documents/Unreal Projects/RescaleE/Content/_Rescale/Entrance.umap" TEMPLATE=0 SHOWPROGRESS=1 FEATURELEVEL=3
[2017.01.01-10.58.18:780][869]LightingResults: New page: Lighting Build
[2017.01.01-10.58.18:780][869]LoadErrors: New page: Loading map: Entrance.umap
[2017.01.01-10.58.18:782][869]MapCheck: New page: Map Check
[2017.01.01-10.58.18:782][869]LightingResults: New page: Lighting Build
[2017.01.01-10.58.19:570][869]LogEditorServer: Finished looking for orphan Actors (0.000 secs)
[2017.01.01-10.58.19:593][869]Cmd: MAP CHECKDEP NOCLEARLOG
[2017.01.01-10.58.19:643][869]MapCheck: Info Map check complete: 0 Error(s), 0 Warning(s), took 50.225ms to complete.
[2017.01.01-10.58.19:644][869]LogFileHelpers: Loading map 'Entrance' took 0.865
[2017.01.01-10.59.12:717][381]LogClient: High resolution screenshot saved as C:/Users/Manu/Documents/Unreal Projects/RescaleE/Saved/Screenshots/Windows/HighresScreenshot00000.png
[2017.01.01-10.59.17:238][844]LogAIModule: Creating AISystem for world Inside
[2017.01.01-10.59.17:257][844]Cmd: MAP LOAD FILE="../../../../../../Users/Manu/Documents/Unreal Projects/RescaleE/Content/_Rescale/Inside.umap" TEMPLATE=0 SHOWPROGRESS=1 FEATURELEVEL=3
[2017.01.01-10.59.17:257][844]LightingResults: New page: Lighting Build
[2017.01.01-10.59.17:258][844]LoadErrors: New page: Loading map: Inside.umap
[2017.01.01-10.59.17:260][844]MapCheck: New page: Map Check
[2017.01.01-10.59.17:260][844]LightingResults: New page: Lighting Build
[2017.01.01-10.59.17:356][844]LogEditorServer: Finished looking for orphan Actors (0.000 secs)
[2017.01.01-10.59.17:379][844]Cmd: MAP CHECKDEP NOCLEARLOG
[2017.01.01-10.59.17:429][844]MapCheck: Info Map check complete: 0 Error(s), 0 Warning(s), took 50.676ms to complete.
[2017.01.01-10.59.17:429][844]LogFileHelpers: Loading map 'Inside' took 0.173
[2017.01.01-10.59.18:701][962]LogHttp:Warning: 00000292D2EA8580: request failed, libcurl error: 6 (Couldn't resolve host name)
[2017.01.01-10.59.18:701][962]LogHttp:Warning: 00000292D2EA8580: libcurl info message cache 0 (Could not resolve host: datarouter.ol.epicgames.com)
[2017.01.01-10.59.18:701][962]LogHttp:Warning: 00000292D2EA8580: libcurl info message cache 1 (Closing connection 1)
[2017.01.01-10.59.26:195][786]Cmd: CAMERA ALIGN ACTIVEVIEWPORTONLY
[2017.01.01-10.59.26:344][801]Cmd: CAMERA ALIGN ACTIVEVIEWPORTONLY
[2017.01.01-10.59.57:958][741]LogEditorViewport: Clicking on Actor (LMB): StaticMeshActor (Cube3x3x3_Archi_v153)
[2017.01.01-10.59.59:350][873]Cmd: DELETE
[2017.01.01-10.59.59:350][873]Cmd: ACTOR DELETE
[2017.01.01-10.59.59:356][873]LogEditorActor: Deleted Actor: StaticMeshActor
[2017.01.01-10.59.59:372][873]LogEditorActor: Deleted 1 Actors (0.021 secs)
[2017.01.01-11.00.01:798][108]LogEditorViewport: Clicking on Actor (LMB): StaticMeshActor (Column3x3x9_WIP15)
[2017.01.01-11.00.57:132][903]LogEditorViewport: Clicking on Actor (LMB): StaticMeshActor (Column3x3x9_WIP14)
[2017.01.01-11.00.58:430][ 16]Cmd: DELETE
[2017.01.01-11.00.58:430][ 16]Cmd: ACTOR DELETE
[2017.01.01-11.00.58:430][ 16]LogEditorActor: Deleted Actor: StaticMeshActor
[2017.01.01-11.00.58:453][ 16]LogEditorActor: Deleted 1 Actors (0.023 secs)
[2017.01.01-11.01.15:113][510]LogEditorViewport: Clicking on Actor (LMB): StaticMeshActor (Cube3x3x3_Archi_v113)
[2017.01.01-11.01.15:713][557]LogEditorViewport: Clicking on Actor (LMB): StaticMeshActor (Cube3x3x3_Archi_v115)
[2017.01.01-11.02.59:536][433]LogEditorViewport: Clicking on Actor (LMB): StaticMeshActor (Cube3x3x3_Archi_v146)
[2017.01.01-11.03.42:567][882]LogEditorViewport: Clicking on Actor (LMB): StaticMeshActor (Cube3x3x3_Archi_v178)
[2017.01.01-11.03.49:955][462]LogEditorViewport: Clicking on Actor (LMB): StaticMeshActor (Cube3x3x3_Archi_v179)
[2017.01.01-11.03.53:968][774]Cmd: DELETE
[2017.01.01-11.03.53:968][774]Cmd: ACTOR DELETE
[2017.01.01-11.03.53:970][774]LogEditorActor: Deleted Actor: StaticMeshActor
[2017.01.01-11.03.53:988][774]LogEditorActor: Deleted 1 Actors (0.020 secs)
[2017.01.01-11.03.55:443][893]LogEditorViewport: Clicking on Actor (LMB): StaticMeshActor (Cube3x3x3_Archi_v178)
[2017.01.01-11.04.23:338][ 65]LogEditorViewport: Clicking on Actor (LMB): StaticMeshActor (Cube3x3x3_Archi_v147)
[2017.01.01-11.04.39:678][336]Cmd: DELETE
[2017.01.01-11.04.39:678][336]Cmd: ACTOR DELETE
[2017.01.01-11.04.39:679][336]LogEditorActor: Deleted Actor: StaticMeshActor
[2017.01.01-11.04.39:697][336]LogEditorActor: Deleted 1 Actors (0.019 secs)
[2017.01.01-11.04.41:424][476]Cmd: TRANSACTION UNDO
[2017.01.01-11.04.41:424][476]LogEditorTransaction: Undo Delete Actors
[2017.01.01-11.04.41:692][491]Cmd: TRANSACTION UNDO
[2017.01.01-11.04.41:692][491]LogEditorTransaction: Undo Move Actors
[2017.01.01-11.05.11:362][878]LogEditorViewport: Clicking on Actor (LMB): StaticMeshActor (Cube3x3x3_Archi_v158)
[2017.01.01-11.05.15:606][199]LogEditorViewport: Clicking on Actor (LMB): StaticMeshActor (Cube3x3x3_Archi_v147)
[2017.01.01-11.05.20:741][580]LogEditorViewport: Clicking on Actor (LMB): StaticMeshActor (Cube3x3x3_Archi_v151)
[2017.01.01-11.05.24:656][869]LogEditorViewport: Clicking on Actor (LMB): StaticMeshActor (Cube3x3x3_Archi_v147)
[2017.01.01-11.05.26:522][  3]Cmd: DELETE
[2017.01.01-11.05.26:522][  3]Cmd: ACTOR DELETE
[2017.01.01-11.05.26:523][  3]LogEditorActor: Deleted Actor: StaticMeshActor
[2017.01.01-11.05.26:545][  3]LogEditorActor: Deleted 1 Actors (0.023 secs)
[2017.01.01-11.05.27:807][107]LogEditorViewport: Clicking on Actor (LMB): StaticMeshActor (Cube3x3x3_Archi_v151)
[2017.01.01-11.05.33:234][530]LogEditorViewport: Clicking on Actor (LMB): StaticMeshActor (Cube3x3x3_Archi_v148)
[2017.01.01-11.05.42:592][324]Cmd: DELETE
[2017.01.01-11.05.42:592][324]Cmd: ACTOR DELETE
[2017.01.01-11.05.42:593][324]LogEditorActor: Deleted Actor: StaticMeshActor
[2017.01.01-11.05.42:612][324]LogEditorActor: Deleted 1 Actors (0.020 secs)
[2017.01.01-11.05.43:311][387]LogEditorViewport: Clicking on Actor (LMB): StaticMeshActor (Cube3x3x3_Archi_v133)
[2017.01.01-11.05.55:909][352]LogEditorViewport: Clicking on Actor (LMB): StaticMeshActor (Cube3x3x3_Archi_v146)
[2017.01.01-11.06.55:104][119]LogEditorViewport: Clicking on Actor (LMB): StaticMeshActor (Cube3x3x3_Archi_v104)
[2017.01.01-11.06.57:134][272]LogEditorViewport: Clicking on Actor (LMB): StaticMeshActor (Cube3x3x3_Archi_v105)
[2017.01.01-11.06.58:408][369]Cmd: DELETE
[2017.01.01-11.06.58:408][369]Cmd: ACTOR DELETE
[2017.01.01-11.06.58:409][369]LogEditorActor: Deleted Actor: StaticMeshActor
[2017.01.01-11.06.58:435][369]LogEditorActor: Deleted 1 Actors (0.026 secs)
[2017.01.01-11.08.16:504][552]LogEditorViewport: Clicking on Actor (LMB): StaticMeshActor (Cube3x3x3_Archi_v153)
[2017.01.01-11.08.49:007][983]LogEditorViewport: Clicking on Actor (CTRL LMB): StaticMeshActor (Cube3x3x3_Archi_v153)
[2017.01.01-11.09.15:951][ 26]LogEditorViewport: Clicking on Actor (LMB): StaticMeshActor (Cube3x3x3_Archi_v113)
[2017.01.01-11.09.18:461][213]LogEditorViewport: Clicking on Actor (LMB): StaticMeshActor (Cube3x3x3_Archi_v153)
[2017.01.01-11.09.19:196][262]LogEditorViewport: Clicking on Actor (CTRL LMB): StaticMeshActor (Cube3x3x3_Archi_v189)
[2017.01.01-11.09.49:297][567]LogEditorViewport: Clicking on Actor (LMB): StaticMeshActor (Cube3x3x3_Archi_v146)
[2017.01.01-11.10.28:338][224]LogEditorViewport: Clicking on Actor (LMB): StaticMeshActor (Cube3x3x3_Archi_v167)
[2017.01.01-11.10.41:766][544]LogEditorViewport: Clicking on Actor (LMB): StaticMeshActor (Cube3x3x3_Archi_v123)
[2017.01.01-11.10.42:589][628]LogEditorViewport: Clicking on Actor (LMB): StaticMeshActor (Cube3x3x3_Archi_v146)
[2017.01.01-11.10.44:579][839]LogEditorViewport: Clicking on Actor (LMB): StaticMeshActor (Cube3x3x3_Archi_v123)
[2017.01.01-11.10.45:230][904]LogEditorViewport: Clicking on Actor (LMB): StaticMeshActor (Cube3x3x3_Archi_v148)
[2017.01.01-11.11.10:823][696]LogEditorViewport: Clicking on Actor (LMB): StaticMeshActor (Cube3x3x3_Archi_v146)
[2017.01.01-11.11.13:007][930]LogEditorViewport: Clicking on Actor (LMB): StaticMeshActor (Cube3x3x3_Archi_v167)
[2017.01.01-11.11.13:942][ 26]LogEditorViewport: Clicking on Actor (LMB): StaticMeshActor (Cube3x3x3_Archi_v148)
[2017.01.01-11.11.33:544][417]LogEditorViewport: Clicking on Actor (LMB): StaticMeshActor (Cube3x3x3_Archi_v153)
[2017.01.01-11.12.36:095][890]LogEditorViewport: Clicking on Actor (LMB): StaticMeshActor (Cube3x3x3_Archi_v153)
[2017.01.01-11.12.36:484][916]LogEditorViewport: Clicking on Actor (LMB): StaticMeshActor (Cube3x3x3_Archi_v153)
[2017.01.01-11.12.39:059][100]LogEditorViewport: Clicking on Actor (LMB): StaticMeshActor (Cube3x3x3_Archi_v150)
[2017.01.01-11.12.40:270][183]LogEditorViewport: Clicking on Actor (LMB): StaticMeshActor (Cube3x3x3_Archi_v153)
[2017.01.01-11.12.45:883][569]LogEditorViewport: Clicking on Actor (LMB): StaticMeshActor (Cube3x3x3_Archi_v152)
[2017.01.01-11.12.49:172][792]LogEditorViewport: Clicking on Actor (LMB): StaticMeshActor (Cube3x3x3_Archi_v148)
[2017.01.01-11.12.51:728][965]LogEditorViewport: Clicking on Actor (LMB): StaticMeshActor (Cube3x3x3_Archi_v148)
[2017.01.01-11.13.36:299][172]LogSavePackage: Save=170.05ms
[2017.01.01-11.13.36:299][172]LogSavePackage: Moving '../../../../../../Users/Manu/Documents/Unreal Projects/RescaleE/Saved/Inside_Auto1B5DA71DB444E55DE2CE0E2AF2597A5DB.tmp' to '../../../../../../Users/Manu/Documents/Unreal Projects/RescaleE/Saved/Autosaves/Game/_Rescale/Inside_Auto1.umap'
[2017.01.01-11.13.36:301][172]LogSavePackage:Display: Finished SavePackage ../../../../../../Users/Manu/Documents/Unreal Projects/RescaleE/Saved/Autosaves/Game/_Rescale/Inside_Auto1.umap
[2017.01.01-11.13.36:307][172]LogFileHelpers: Editor autosave (incl. sublevels) for '/Game/_Rescale/Inside' took 0.215
[2017.01.01-11.13.36:307][172]LogFileHelpers: Editor autosave (incl. sublevels) for all levels took 0.215
[2017.01.01-11.14.24:884][689]LogEditorViewport: Clicking on Actor (LMB): StaticMeshActor (Cube3x3x3_Archi_v167)
[2017.01.01-11.14.31:870][161]LogEditorViewport: Clicking on Actor (LMB): StaticMeshActor (Cube3x3x3_Archi_v101)
[2017.01.01-11.14.41:730][957]LogEditorViewport: Clicking on Actor (LMB): StaticMeshActor (Cube3x3x3_Archi_v59)
[2017.01.01-11.15.33:383][703]LogEditorViewport: Clicking on Actor (LMB): StaticMeshActor (Cube3x3x3_Archi_v152)
[2017.01.01-11.15.36:540][923]LogEditorViewport: Clicking on Actor (LMB): StaticMeshActor (Cube3x3x3_Archi_v100)
[2017.01.01-11.15.37:844][  9]LogEditorViewport: Clicking on Actor (LMB): StaticMeshActor (Cube3x3x3_Archi_v101)
[2017.01.01-11.16.51:127][433]LogEditorViewport: Clicking on Actor (LMB): StaticMeshActor (Cube3x3x3_Archi_v191)
[2017.01.01-11.16.52:022][495]Cmd: DELETE
[2017.01.01-11.16.52:022][495]Cmd: ACTOR DELETE
[2017.01.01-11.16.52:023][495]LogEditorActor: Deleted Actor: StaticMeshActor
[2017.01.01-11.16.52:048][495]LogEditorActor: Deleted 1 Actors (0.025 secs)
[2017.01.01-11.17.01:722][225]LogEditorViewport: Clicking on Actor (LMB): StaticMeshActor (Cube3x3x3_Archi_v192)
[2017.01.01-11.17.02:359][267]LogEditorViewport: Clicking on Actor (CTRL LMB): StaticMeshActor (Cube3x3x3_Archi_v105)
[2017.01.01-11.18.13:066][ 62]LogTemp: Repeting last play command: Selected Viewport
[2017.01.01-11.18.13:083][ 62]LogPlayLevel: PlayLevel: No blueprints needed recompiling
[2017.01.01-11.18.13:084][ 62]PIE: New page: PIE session: Inside (Jan 1, 2017, 1:18:13 PM)
[2017.01.01-11.18.13:084][ 62]LogPlayLevel: Creating play world package: /Game/_Rescale/UEDPIE_0_Inside
[2017.01.01-11.18.13:098][ 62]LogPlayLevel: PIE: StaticDuplicateObject took: (0.014137s)
[2017.01.01-11.18.13:099][ 62]LogAIModule: Creating AISystem for world Inside
[2017.01.01-11.18.13:099][ 62]LogPlayLevel: PIE: World Init took: (0.000607s)
[2017.01.01-11.18.13:099][ 62]LogPlayLevel: PIE: Created PIE world by copying editor world from /Game/_Rescale/Inside.Inside to /Game/_Rescale/UEDPIE_0_Inside.Inside (0.015002s)
[2017.01.01-11.18.13:112][ 62]LogInit: XAudio2 using 'Haut-parleurs (Realtek High Definition Audio)' : 2 channels at 48 kHz using 32 bits per sample (channel mask 0x3)
[2017.01.01-11.18.13:121][ 62]LogInit: FAudioDevice initialized.
[2017.01.01-11.18.13:200][ 62]LogLoad: Game class is 'BP_RescaleGamemode_C'
[2017.01.01-11.18.13:206][ 62]LogWorld: Bringing World /Game/_Rescale/UEDPIE_0_Inside.Inside up for play (max tick rate 0) at 2017.01.01-12.18.13
[2017.01.01-11.18.13:207][ 62]LogWorld: Bringing up level for play took: 0.004339
[2017.01.01-11.18.13:247][ 62]LogContentBrowser: Native class hierarchy updated for 'MovieSceneCapture' in 0.0007 seconds. Added 11 classes and 0 folders.
[2017.01.01-11.18.13:251][ 62]LogScriptCore:Warning: Script Msg: Divide by zero
Script call stack:
	Function /Game/_Rescale/Meshes/Mannequins/ThirdPerson/Animations/ThirdPerson_AnimBP.ThirdPerson_AnimBP_C:BlueprintUpdateAnimation
	Function /Game/_Rescale/Meshes/Mannequins/ThirdPerson/Animations/ThirdPerson_AnimBP.ThirdPerson_AnimBP_C:ExecuteUbergraph_ThirdPerson_AnimBP

[2017.01.01-11.18.13:260][ 62]PIE: Info Play in editor start time for /Game/_Rescale/UEDPIE_0_Inside -0.806
[2017.01.01-11.18.15:578][268]Cmd: LevelEditor.ToggleImmersive
[2017.01.01-11.18.15:750][269]LogRenderer: Reallocating scene render targets to support 1540x840 NumSamples 1 (Frame:98070).
[2017.01.01-11.18.15:823][270]LogRenderer: Reallocating scene render targets to support 1920x1080 NumSamples 1 (Frame:98072).
[2017.01.01-11.18.35:431][989]LogEditorViewport: Clicking on Actor (LMB): PointLight (PointLight4)
[2017.01.01-11.18.38:631][105]LogEditorViewport: Clicking on Actor (CTRL LMB): StaticMeshActor (Cube3x3x3_Archi_v148)
[2017.01.01-11.18.39:864][148]LogEditorViewport: Clicking on Actor (LMB): PointLight (PointLight2)
[2017.01.01-11.18.41:123][191]LogEditorViewport: Clicking on Actor (CTRL LMB): PointLight (PointLight4)
[2017.01.01-11.18.42:254][231]LogEditorViewport: Clicking on Actor (CTRL LMB): PointLight (PointLight7)
[2017.01.01-11.19.12:389][271]LogEditorViewport: Clicking on Actor (LMB): PointLight (PointLight4)
[2017.01.01-11.19.15:716][442]LogEditorViewport: Clicking on Actor (LMB): PointLight (PointLight2)
[2017.01.01-11.19.17:647][539]LogEditorViewport: Clicking on Actor (LMB): StaticMeshActor (Cube3x3x3_Archi_v148)
[2017.01.01-11.19.19:001][603]LogEditorViewport: Clicking on Actor (LMB): PointLight (PointLight7)
[2017.01.01-11.19.33:191][359]LogEditorViewport: Clicking on Actor (CTRL LMB): PointLight (PointLight4)
[2017.01.01-11.19.34:590][431]LogEditorViewport: Clicking on Actor (CTRL LMB): PointLight (PointLight2)
[2017.01.01-11.19.38:344][627]LogEditorViewport: Clicking on Actor (LMB): PointLight (PointLight7)
[2017.01.01-11.19.40:457][738]LogEditorViewport: Clicking on Actor (LMB): PointLight (PointLight4)
[2017.01.01-11.19.41:576][794]LogEditorViewport: Clicking on Actor (CTRL LMB): PointLight (PointLight2)
[2017.01.01-11.19.43:417][890]LogEditorViewport: Clicking on Actor (CTRL LMB): PointLight (PointLight7)
[2017.01.01-11.20.16:124][657]MapCheck: New page: Map Check
[2017.01.01-11.20.16:149][657]Cmd: MAP REBUILD ALLVISIBLE
[2017.01.01-11.20.16:150][657]LogEditorServer: Rebuildmap Clear paths rebuilt
[2017.01.01-11.20.16:366][657]LightingResults: New page: Lighting Build - Jan 1, 2017, 1:20:16 PM
[2017.01.01-11.20.16:910][657]LogSwarmInterface: [OpenConnection] Registering TCP channel ...
[2017.01.01-11.20.17:220][657]LogSwarmInterface: [OpenConnection] Connecting to agent ...
[2017.01.01-11.20.17:231][657]LogSwarmInterface: [TryOpenConnection] Testing the Agent
[2017.01.01-11.20.19:296][657]LogSwarmInterface: [TryOpenConnection] Opening Connection to Agent
[2017.01.01-11.20.19:296][657]LogSwarmInterface: [TryOpenConnection] Local Process ID is 52776
[2017.01.01-11.20.22:548][657]LogStaticLightingSystem: Running Lightmass w/ ImmediateImport mode ENABLED
[2017.01.01-11.20.22:548][657]LogStaticLightingSystem: Running Lightmass w/ ImmediateProcess mode ENABLED
[2017.01.01-11.20.22:548][657]LogStaticLightingSystem: Running Lightmass w/ Sorting mode ENABLED
[2017.01.01-11.20.22:548][657]LogStaticLightingSystem: Running Lightmass w/ Mapping paddings ENABLED
[2017.01.01-11.20.22:548][657]LogStaticLightingSystem: Running Lightmass w/ Mapping debug paddings DISABLED
[2017.01.01-11.20.22:755][657]LogEditorBuildUtils: Build time 0:06
[2017.01.01-11.22.04:211][399]Job is a success!
[2017.01.01-11.22.05:906][400]LogTexture:Display: Building textures: LQ_Lightmap_1_1 (DXT1)
[2017.01.01-11.22.05:906][400]LogTexture:Display: Building textures: HQ_Lightmap1_1 (AutoDXT)
[2017.01.01-11.22.05:906][400]LogTexture:Display: Building textures: HQ_Lightmap1_2 (AutoDXT)
[2017.01.01-11.22.05:906][400]LogTexture:Display: Building textures: LQ_Lightmap_1_2 (DXT1)
[2017.01.01-11.22.05:906][400]LogTexture:Display: Building textures: HQ_Lightmap1_3 (AutoDXT)
[2017.01.01-11.22.05:906][400]LogTexture:Display: Building textures: LQ_Lightmap_1_3 (DXT1)
[2017.01.01-11.22.06:485][400]LogTexture:Display: Building textures: ShadowMapTexture2D_0 (BGRA8)
[2017.01.01-11.22.07:206][400]Lightmass on MANUPC: 1:42 min total, 151 ms importing, 352 ms setup, 12.4 sec photons, 1:29 min processing, 0 ms extra exporting [178/178 mappings]. Threads: 10:28 min total, 8:38 min processing.
[2017.01.01-11.22.07:243][400]LogStaticLightingSystem: Illumination: 1:50 min (1.42 sec encoding lightmaps, 577 ms encoding shadowmaps)
[2017.01.01-11.22.07:243][400]LogStaticLightingSystem: Lightmap texture memory:  6.0 MB (4.0 MB streaming, 2.0 MB non-streaming), 6 textures
[2017.01.01-11.22.07:243][400]LogStaticLightingSystem: Shadowmap texture memory: 10.7 MB (10.7 MB streaming, 0.0 MB non-streaming), 1 textures
[2017.01.01-11.22.12:596][400]DumpUnbuiltLightIteractions
[2017.01.01-11.22.12:596][400]Lights with unbuilt interactions: 0
[2017.01.01-11.22.12:596][400]
[2017.01.01-11.22.12:596][400]Primitives with unbuilt interactions: 0
[2017.01.01-11.22.12:616][401]Cmd: MAP CHECK NOTIFYRESULTS
[2017.01.01-11.22.12:616][401]MapCheck: New page: Inside - Jan 1, 2017, 1:22:12 PM
[2017.01.01-11.22.12:712][401]MapCheck: Info Map check complete: 0 Error(s), 0 Warning(s), took 95.995ms to complete.
[2017.01.01-11.24.00:393][959]LogSavePackage: Save=110.67ms
[2017.01.01-11.24.00:393][959]LogSavePackage: Moving '../../../../../../Users/Manu/Documents/Unreal Projects/RescaleE/Saved/Inside_Auto2C0A7F360445A72EB43A83D9D496C86BC.tmp' to '../../../../../../Users/Manu/Documents/Unreal Projects/RescaleE/Saved/Autosaves/Game/_Rescale/Inside_Auto2.umap'
[2017.01.01-11.24.00:394][959]LogSavePackage:Display: Finished SavePackage ../../../../../../Users/Manu/Documents/Unreal Projects/RescaleE/Saved/Autosaves/Game/_Rescale/Inside_Auto2.umap
[2017.01.01-11.24.00:398][959]Cmd: OBJ SAVEPACKAGE PACKAGE="/Game/_Rescale/Inside_BuiltData" FILE="../../../../../../Users/Manu/Documents/Unreal Projects/RescaleE/Content/_Rescale/Inside_BuiltData.uasset" SILENT=true
[2017.01.01-11.24.00:522][959]LogSavePackage: Save=67.20ms
[2017.01.01-11.24.00:522][959]LogSavePackage: Moving '../../../../../../Users/Manu/Documents/Unreal Projects/RescaleE/Saved/Inside_BuiltDataE9EF69DB49662A6FC3ADCCA4D4FB82A5.tmp' to '../../../../../../Users/Manu/Documents/Unreal Projects/RescaleE/Content/_Rescale/Inside_BuiltData.uasset'
[2017.01.01-11.24.00:524][959]LogSavePackage:Display: Finished SavePackage ../../../../../../Users/Manu/Documents/Unreal Projects/RescaleE/Content/_Rescale/Inside_BuiltData.uasset
[2017.01.01-11.24.00:525][959]LogFileHelpers: Editor autosave (incl. sublevels) for '/Game/_Rescale/Inside' took 0.265
[2017.01.01-11.24.00:525][959]LogFileHelpers: Editor autosave (incl. sublevels) for all levels took 0.265
[2017.01.01-11.28.50:889][793]LogTemp: Repeting last play command: Selected Viewport
[2017.01.01-11.28.50:903][793]LogPlayLevel: PlayLevel: No blueprints needed recompiling
[2017.01.01-11.28.50:904][793]PIE: New page: PIE session: Inside (Jan 1, 2017, 1:28:50 PM)
[2017.01.01-11.28.50:904][793]LogPlayLevel: Creating play world package: /Game/_Rescale/UEDPIE_0_Inside
[2017.01.01-11.28.50:918][793]LogPlayLevel: PIE: StaticDuplicateObject took: (0.014010s)
[2017.01.01-11.28.50:918][793]LogAIModule: Creating AISystem for world Inside
[2017.01.01-11.28.50:918][793]LogPlayLevel: PIE: World Init took: (0.000577s)
[2017.01.01-11.28.50:918][793]LogPlayLevel: PIE: Created PIE world by copying editor world from /Game/_Rescale/Inside.Inside to /Game/_Rescale/UEDPIE_0_Inside.Inside (0.014829s)
[2017.01.01-11.28.50:931][793]LogInit: XAudio2 using 'Haut-parleurs (Realtek High Definition Audio)' : 2 channels at 48 kHz using 32 bits per sample (channel mask 0x3)
[2017.01.01-11.28.50:940][793]LogInit: FAudioDevice initialized.
[2017.01.01-11.28.50:973][793]LogLoad: Game class is 'BP_RescaleGamemode_C'
[2017.01.01-11.28.50:978][793]LogWorld: Bringing World /Game/_Rescale/UEDPIE_0_Inside.Inside up for play (max tick rate 0) at 2017.01.01-12.28.50
[2017.01.01-11.28.50:978][793]LogWorld: Bringing up level for play took: 0.004194
[2017.01.01-11.28.50:979][793]LogScriptCore:Warning: Script Msg: Divide by zero
Script call stack:
	Function /Game/_Rescale/Meshes/Mannequins/ThirdPerson/Animations/ThirdPerson_AnimBP.ThirdPerson_AnimBP_C:BlueprintUpdateAnimation
	Function /Game/_Rescale/Meshes/Mannequins/ThirdPerson/Animations/ThirdPerson_AnimBP.ThirdPerson_AnimBP_C:ExecuteUbergraph_ThirdPerson_AnimBP

[2017.01.01-11.28.50:981][793]PIE: Info Play in editor start time for /Game/_Rescale/UEDPIE_0_Inside 0.915
[2017.01.01-11.28.53:740][ 54]Cmd: LevelEditor.ToggleImmersive
[2017.01.01-11.29.26:967][579]LogEditorViewport: Clicking on Actor (LMB): StaticMeshActor (Column3x3x9_WIP15)
[2017.01.01-11.29.56:547][837]LogEditorViewport: Clicking on Actor (LMB): StaticMeshActor (Cube3x3x3_Archi_v61)
[2017.01.01-11.30.06:614][276]LogEditorViewport: Clicking on Actor (LMB): StaticMeshActor (Cube3x3x3_Archi_v135)
[2017.01.01-11.30.21:551][927]LogEditorViewport: Clicking on Actor (LMB): StaticMeshActor (Cube3x3x3_Archi_v100)
[2017.01.01-11.30.24:828][ 60]LogEditorViewport: Clicking on Actor (LMB): StaticMeshActor (Cube3x3x3_Archi_v109)
[2017.01.01-11.30.28:138][196]LogEditorViewport: Clicking on Actor (LMB): StaticMeshActor (Cube3x3x3_Archi_v100)
[2017.01.01-11.30.35:118][476]LogEditorViewport: Clicking on Actor (LMB): StaticMeshActor (Cube3x3x3_Archi_v194)
[2017.01.01-11.30.44:319][863]LogTemp: Repeting last play command: Selected Viewport
[2017.01.01-11.30.44:366][863]LogPlayLevel: PlayLevel: No blueprints needed recompiling
[2017.01.01-11.30.44:366][863]PIE: New page: PIE session: Inside (Jan 1, 2017, 1:30:44 PM)
[2017.01.01-11.30.44:366][863]LogPlayLevel: Creating play world package: /Game/_Rescale/UEDPIE_0_Inside
[2017.01.01-11.30.44:409][863]LogPlayLevel: PIE: StaticDuplicateObject took: (0.042377s)
[2017.01.01-11.30.44:410][863]LogAIModule: Creating AISystem for world Inside
[2017.01.01-11.30.44:411][863]LogPlayLevel: PIE: World Init took: (0.001645s)
[2017.01.01-11.30.44:411][863]LogPlayLevel: PIE: Created PIE world by copying editor world from /Game/_Rescale/Inside.Inside to /Game/_Rescale/UEDPIE_0_Inside.Inside (0.044727s)
[2017.01.01-11.30.44:443][863]LogInit: XAudio2 using 'Haut-parleurs (Realtek High Definition Audio)' : 2 channels at 48 kHz using 32 bits per sample (channel mask 0x3)
[2017.01.01-11.30.44:469][863]LogInit: FAudioDevice initialized.
[2017.01.01-11.30.44:522][863]LogLoad: Game class is 'BP_RescaleGamemode_C'
[2017.01.01-11.30.44:539][863]LogWorld: Bringing World /Game/_Rescale/UEDPIE_0_Inside.Inside up for play (max tick rate 0) at 2017.01.01-12.30.44
[2017.01.01-11.30.44:540][863]LogWorld: Bringing up level for play took: 0.014275
[2017.01.01-11.30.44:543][863]LogScriptCore:Warning: Script Msg: Divide by zero
Script call stack:
	Function /Game/_Rescale/Meshes/Mannequins/ThirdPerson/Animations/ThirdPerson_AnimBP.ThirdPerson_AnimBP_C:BlueprintUpdateAnimation
	Function /Game/_Rescale/Meshes/Mannequins/ThirdPerson/Animations/ThirdPerson_AnimBP.ThirdPerson_AnimBP_C:ExecuteUbergraph_ThirdPerson_AnimBP

[2017.01.01-11.30.44:551][863]PIE: Info Play in editor start time for /Game/_Rescale/UEDPIE_0_Inside 0.485
[2017.01.01-11.31.44:704][587]Cmd: SELECT NONE
[2017.01.01-11.31.55:547][127]Cmd: OBJ SAVEPACKAGE PACKAGE="/Game/_Rescale/Inside" FILE="../../../../../../Users/Manu/Documents/Unreal Projects/RescaleE/Content/_Rescale/Inside.umap" SILENT=true AUTOSAVING=false KEEPDIRTY=false
[2017.01.01-11.31.55:886][127]LogSavePackage: Save=299.40ms
[2017.01.01-11.31.55:886][127]LogSavePackage: Moving '../../../../../../Users/Manu/Documents/Unreal Projects/RescaleE/Saved/Inside7808F25F48FF7033572DB5AFA1CA6D78.tmp' to '../../../../../../Users/Manu/Documents/Unreal Projects/RescaleE/Content/_Rescale/Inside.umap'
[2017.01.01-11.31.55:897][127]LogSavePackage:Display: Finished SavePackage ../../../../../../Users/Manu/Documents/Unreal Projects/RescaleE/Content/_Rescale/Inside.umap
[2017.01.01-11.31.55:958][127]LogFileHelpers: Saving map 'Inside' took 0.555
[2017.01.01-11.31.57:976][183]Cmd: QUIT_EDITOR
[2017.01.01-11.31.58:791][183]LogWindowsTextInputMethodSystem:Display: IME system now deactivated.
[2017.01.01-11.31.58:845][183]LogExit: Preparing to exit.
[2017.01.01-11.31.59:788][183]LogDirectoryWatcher: A directory notification for 'C:/Users/Manu/Documents/Unreal Projects/RescaleE/Content/' was aborted.
[2017.01.01-11.31.59:812][183]LogExit: Editor shut down
[2017.01.01-11.31.59:813][183]LogExit: Transaction tracking system shut down
[2017.01.01-11.31.59:877][183]LogObj: Freed 0b from 0 cluster array pools.
[2017.01.01-11.31.59:877][183]LogExit: Object subsystem successfully closed.
[2017.01.01-11.31.59:897][183]LogD3D11RHI: Shutdown
[2017.01.01-11.31.59:897][183]LogD3D11RHI: CleanupD3DDevice
[2017.01.01-11.32.00:007][183]LogD3D11RHI: ~FD3D11DynamicRHI
[2017.01.01-11.32.00:019][183]LogHttp:Display: Http module shutting down, but needs to wait on 1 outstanding Http requests:
[2017.01.01-11.32.00:019][183]LogHttp:Display: 	verb=[POST] url=[https://datarouter.ol.epicgames.com/datarouter/api/v1/public/data?SessionID=%7BC17AD089-40B2-7F02-3D5C-2692B92D5210%7D&AppID=UEEditor.Rocket.Release&AppVersion=4.14.1-3224400%2B%2B%2BUE4%2BRelease-4.14&UserID=bfaa3a4f404181b542fa71861563d13b%7C2f077aada51d4e47af0f7dc5927b56f4%7Cb3c26870-df9c-4f47-93ba-0b2c15a5d9e7&AppEnvironment=datacollector-binary&UploadType=eteventstream] status=Processing
[2017.01.01-11.32.00:044][183]LogModuleManager: Shutting down and abandoning module MovieSceneCapture (245)
[2017.01.01-11.32.00:044][183]LogModuleManager: Shutting down and abandoning module HierarchicalLODOutliner (244)
[2017.01.01-11.32.00:044][183]LogModuleManager: Shutting down and abandoning module ExternalImagePicker (243)
[2017.01.01-11.32.00:044][183]LogModuleManager: Shutting down and abandoning module CrashTracker (242)
[2017.01.01-11.32.00:045][183]LogModuleManager: Shutting down and abandoning module SceneOutliner (241)
[2017.01.01-11.32.00:045][183]LogModuleManager: Shutting down and abandoning module WidgetCarousel (240)
[2017.01.01-11.32.00:045][183]LogModuleManager: Shutting down and abandoning module AddContentDialog (239)
[2017.01.01-11.32.00:045][183]LogDirectoryWatcher: A directory notification for 'C:/Program Files (x86)/Epic Games/4.14/FeaturePacks/' was aborted.
[2017.01.01-11.32.00:045][183]LogModuleManager: Shutting down and abandoning module GameplayTags (238)
[2017.01.01-11.32.00:045][183]LogModuleManager: Shutting down and abandoning module EditorWidgets (237)
[2017.01.01-11.32.00:045][183]LogModuleManager: Shutting down and abandoning module CollectionManager (236)
[2017.01.01-11.32.00:045][183]LogDirectoryWatcher: A directory notification for 'C:/Users/Manu/Documents/Unreal Projects/RescaleE/Content/Collections/' was aborted.
[2017.01.01-11.32.00:045][183]LogDirectoryWatcher: A directory notification for 'C:/Users/Manu/Documents/Unreal Projects/RescaleE/Content/Developers/Manu/Collections/' was aborted.
[2017.01.01-11.32.00:045][183]LogDirectoryWatcher: A directory notification for 'C:/Users/Manu/Documents/Unreal Projects/RescaleE/Saved/Collections/' was aborted.
[2017.01.01-11.32.00:045][183]LogModuleManager: Shutting down and abandoning module StatsViewer (235)
[2017.01.01-11.32.00:045][183]LogModuleManager: Shutting down and abandoning module FoliageEdit (234)
[2017.01.01-11.32.00:045][183]LogModuleManager: Shutting down and abandoning module LandscapeEditor (233)
[2017.01.01-11.32.00:046][183]LogModuleManager: Shutting down and abandoning module SceneDepthPickerMode (232)
[2017.01.01-11.32.00:046][183]LogModuleManager: Shutting down and abandoning module ActorPickerMode (231)
[2017.01.01-11.32.00:046][183]LogModuleManager: Shutting down and abandoning module GeometryMode (230)
[2017.01.01-11.32.00:046][183]LogModuleManager: Shutting down and abandoning module TextureAlignMode (229)
[2017.01.01-11.32.00:046][183]LogModuleManager: Shutting down and abandoning module BspMode (228)
[2017.01.01-11.32.00:046][183]LogModuleManager: Shutting down and abandoning module HardwareSurvey (227)
[2017.01.01-11.32.00:046][183]LogModuleManager: Shutting down and abandoning module SequenceRecorderSections (226)
[2017.01.01-11.32.00:046][183]LogModuleManager: Shutting down and abandoning module AutomationWorker (225)
[2017.01.01-11.32.00:046][183]LogModuleManager: Shutting down and abandoning module MatineeToLevelSequence (224)
[2017.01.01-11.32.00:046][183]LogModuleManager: Shutting down and abandoning module PlacementMode (223)
[2017.01.01-11.32.00:046][183]LogModuleManager: Shutting down and abandoning module LevelSequenceEditor (222)
[2017.01.01-11.32.00:046][183]LogModuleManager: Shutting down and abandoning module WmfMediaFactory (221)
[2017.01.01-11.32.00:046][183]LogModuleManager: Shutting down and abandoning module WmfMediaEditor (220)
[2017.01.01-11.32.00:046][183]LogModuleManager: Shutting down and abandoning module AvfMediaFactory (219)
[2017.01.01-11.32.00:046][183]LogModuleManager: Shutting down and abandoning module AvfMediaEditor (218)
[2017.01.01-11.32.00:046][183]LogModuleManager: Shutting down and abandoning module Media (217)
[2017.01.01-11.32.00:046][183]LogModuleManager: Shutting down and abandoning module AndroidMediaFactory (216)
[2017.01.01-11.32.00:046][183]LogModuleManager: Shutting down and abandoning module AndroidMediaEditor (215)
[2017.01.01-11.32.00:046][183]LogModuleManager: Shutting down and abandoning module CharacterAI (214)
[2017.01.01-11.32.00:046][183]LogModuleManager: Shutting down and abandoning module SequenceRecorder (213)
[2017.01.01-11.32.00:046][183]LogModuleManager: Shutting down and abandoning module AudioCapture (212)
[2017.01.01-11.32.00:046][183]LogModuleManager: Shutting down and abandoning module SmartSnapping (211)
[2017.01.01-11.32.00:046][183]LogModuleManager: Shutting down and abandoning module SessionServices (210)
[2017.01.01-11.32.00:046][183]LogModuleManager: Shutting down and abandoning module ViewportSnapping (209)
[2017.01.01-11.32.00:046][183]LogModuleManager: Shutting down and abandoning module ViewportInteraction (208)
[2017.01.01-11.32.00:046][183]LogModuleManager: Shutting down and abandoning module LogVisualizer (207)
[2017.01.01-11.32.00:046][183]LogModuleManager: Shutting down and abandoning module GameProjectGeneration (206)
[2017.01.01-11.32.00:047][183]LogModuleManager: Shutting down and abandoning module IntroTutorials (205)
[2017.01.01-11.32.00:047][183]LogModuleManager: Shutting down and abandoning module EditorLiveStreaming (204)
[2017.01.01-11.32.00:047][183]LogModuleManager: Shutting down and abandoning module IOSPlatformEditor (203)
[2017.01.01-11.32.00:047][183]LogModuleManager: Shutting down and abandoning module HTML5PlatformEditor (202)
[2017.01.01-11.32.00:047][183]LogModuleManager: Shutting down and abandoning module AndroidDeviceDetection (201)
[2017.01.01-11.32.00:535][183]LogModuleManager: Shutting down and abandoning module AndroidPlatformEditor (200)
[2017.01.01-11.32.00:535][183]LogModuleManager: Shutting down and abandoning module IOSRuntimeSettings (199)
[2017.01.01-11.32.00:535][183]LogModuleManager: Shutting down and abandoning module AndroidRuntimeSettings (198)
[2017.01.01-11.32.00:535][183]LogModuleManager: Shutting down and abandoning module InputBindingEditor (197)
[2017.01.01-11.32.00:535][183]LogModuleManager: Shutting down and abandoning module NiagaraEditor (196)
[2017.01.01-11.32.00:535][183]LogModuleManager: Shutting down and abandoning module MergeActors (195)
[2017.01.01-11.32.00:536][183]LogModuleManager: Shutting down and abandoning module SizeMap (194)
[2017.01.01-11.32.00:536][183]LogModuleManager: Shutting down and abandoning module TreeMap (193)
[2017.01.01-11.32.00:536][183]LogModuleManager: Shutting down and abandoning module ReferenceViewer (192)
[2017.01.01-11.32.00:536][183]LogModuleManager: Shutting down and abandoning module LocalizationService (191)
[2017.01.01-11.32.00:536][183]LogModuleManager: Shutting down and abandoning module LocalizationDashboard (190)
[2017.01.01-11.32.00:536][183]LogModuleManager: Shutting down and abandoning module HardwareTargeting (189)
[2017.01.01-11.32.00:536][183]LogModuleManager: Shutting down and abandoning module DeviceProfileEditor (188)
[2017.01.01-11.32.00:536][183]LogModuleManager: Shutting down and abandoning module UndoHistory (187)
[2017.01.01-11.32.00:536][183]LogModuleManager: Shutting down and abandoning module UserFeedback (186)
[2017.01.01-11.32.00:536][183]LogModuleManager: Shutting down and abandoning module XmlParser (185)
[2017.01.01-11.32.00:536][183]LogModuleManager: Shutting down and abandoning module Blutility (184)
[2017.01.01-11.32.00:536][183]LogModuleManager: Shutting down and abandoning module ProjectTargetPlatformEditor (183)
[2017.01.01-11.32.00:536][183]LogModuleManager: Shutting down and abandoning module ProjectSettingsViewer (182)
[2017.01.01-11.32.00:536][183]LogModuleManager: Shutting down and abandoning module EditorSettingsViewer (181)
[2017.01.01-11.32.00:536][183]LogModuleManager: Shutting down and abandoning module SettingsEditor (180)
[2017.01.01-11.32.00:537][183]LogModuleManager: Shutting down and abandoning module ProjectLauncher (179)
[2017.01.01-11.32.00:537][183]LogModuleManager: Shutting down and abandoning module SessionFrontend (178)
[2017.01.01-11.32.00:537][183]LogModuleManager: Shutting down and abandoning module ProfilerClient (177)
[2017.01.01-11.32.00:537][183]LogModuleManager: Shutting down and abandoning module TargetDeviceServices (176)
[2017.01.01-11.32.00:537][183]LogModuleManager: Shutting down and abandoning module DeviceManager (175)
[2017.01.01-11.32.00:589][183]LogModuleManager: Shutting down and abandoning module AutomationController (174)
[2017.01.01-11.32.00:589][183]LogModuleManager: Shutting down and abandoning module AutomationWindow (173)
[2017.01.01-11.32.00:589][183]LogModuleManager: Shutting down and abandoning module Layers (172)
[2017.01.01-11.32.00:589][183]LogModuleManager: Shutting down and abandoning module ComponentVisualizers (171)
[2017.01.01-11.32.00:589][183]LogModuleManager: Shutting down and abandoning module DetailCustomizations (170)
[2017.01.01-11.32.00:589][183]LogModuleManager: Shutting down and abandoning module PackagesDialog (169)
[2017.01.01-11.32.00:590][183]LogModuleManager: Shutting down and abandoning module AnimGraph (168)
[2017.01.01-11.32.00:590][183]LogModuleManager: Shutting down and abandoning module Persona (167)
[2017.01.01-11.32.00:590][183]LogModuleManager: Shutting down and abandoning module Kismet (166)
[2017.01.01-11.32.00:594][183]LogModuleManager: Shutting down and abandoning module GraphEditor (165)
[2017.01.01-11.32.00:595][183]LogModuleManager: Shutting down and abandoning module ClassViewer (164)
[2017.01.01-11.32.00:595][183]LogModuleManager: Shutting down and abandoning module Toolbox (163)
[2017.01.01-11.32.00:595][183]LogModuleManager: Shutting down and abandoning module ModuleUI (162)
[2017.01.01-11.32.00:595][183]LogModuleManager: Shutting down and abandoning module MovieSceneTools (161)
[2017.01.01-11.32.00:595][183]LogModuleManager: Shutting down and abandoning module OutputLog (160)
[2017.01.01-11.32.00:595][183]LogModuleManager: Shutting down and abandoning module GammaUI (159)
[2017.01.01-11.32.00:596][183]LogModuleManager: Shutting down and abandoning module Documentation (158)
[2017.01.01-11.32.00:596][183]LogModuleManager: Shutting down and abandoning module Niagara (157)
[2017.01.01-11.32.00:596][183]LogModuleManager: Shutting down and abandoning module StreamingPauseRendering (156)
[2017.01.01-11.32.00:596][183]LogModuleManager: Shutting down and abandoning module AnalyticsET (155)
[2017.01.01-11.32.00:596][183]LogModuleManager: Shutting down and abandoning module PortalServices (154)
[2017.01.01-11.32.00:596][183]LogModuleManager: Shutting down and abandoning module PortalRpc (153)
[2017.01.01-11.32.00:596][183]LogModuleManager: Shutting down and abandoning module MessagingRpc (152)
[2017.01.01-11.32.00:596][183]LogModuleManager: Shutting down and abandoning module GameplayDebugger (151)
[2017.01.01-11.32.00:596][183]LogModuleManager: Shutting down and abandoning module AITestSuite (150)
[2017.01.01-11.32.00:596][183]LogModuleManager: Shutting down and abandoning module AIModule (149)
[2017.01.01-11.32.00:596][183]LogModuleManager: Shutting down and abandoning module ProfilerService (148)
[2017.01.01-11.32.00:788][183]LogModuleManager: Shutting down and abandoning module TaskGraph (147)
[2017.01.01-11.32.00:788][183]LogModuleManager: Shutting down and abandoning module SubstanceEditor (146)
[2017.01.01-11.32.00:788][183]LogModuleManager: Shutting down and abandoning module SlateRemote (145)
[2017.01.01-11.32.00:788][183]LogModuleManager: Shutting down and abandoning module SteamVRController (144)
[2017.01.01-11.32.00:788][183]LogModuleManager: Shutting down and abandoning module SteamVR (143)
[2017.01.01-11.32.00:788][183]LogModuleManager: Shutting down and abandoning module ProceduralMeshComponentEditor (142)
[2017.01.01-11.32.00:788][183]LogModuleManager: Shutting down and abandoning module ProceduralMeshComponent (141)
[2017.01.01-11.32.00:788][183]LogModuleManager: Shutting down and abandoning module OculusLibrary (140)
[2017.01.01-11.32.00:788][183]LogModuleManager: Shutting down and abandoning module OculusInput (139)
[2017.01.01-11.32.00:788][183]LogModuleManager: Shutting down and abandoning module MobilePatchingUtils (138)
[2017.01.01-11.32.00:788][183]LogModuleManager: Shutting down and abandoning module CustomMeshComponent (137)
[2017.01.01-11.32.00:788][183]LogModuleManager: Shutting down and abandoning module CableComponent (136)
[2017.01.01-11.32.00:788][183]LogModuleManager: Shutting down and abandoning module ArchVisCharacter (135)
[2017.01.01-11.32.00:788][183]LogModuleManager: Shutting down and abandoning module MediaPlayerEditor (133)
[2017.01.01-11.32.00:788][183]LogModuleManager: Shutting down and abandoning module HTML5Networking (132)
[2017.01.01-11.32.00:788][183]LogModuleManager: Shutting down and abandoning module GeometryCacheEd (131)
[2017.01.01-11.32.00:788][183]LogModuleManager: Shutting down and abandoning module GeometryCache (130)
[2017.01.01-11.32.00:789][183]LogModuleManager: Shutting down and abandoning module AlembicLibrary (129)
[2017.01.01-11.32.00:789][183]LogModuleManager: Shutting down and abandoning module AlembicImporter (128)
[2017.01.01-11.32.00:789][183]LogModuleManager: Shutting down and abandoning module SuperSearch (127)
[2017.01.01-11.32.00:789][183]LogModuleManager: Shutting down and abandoning module SuperSearchEditor (126)
[2017.01.01-11.32.00:789][183]LogModuleManager: Shutting down and abandoning module SpeedTreeImporter (125)
[2017.01.01-11.32.00:789][183]LogModuleManager: Shutting down and abandoning module PluginBrowser (124)
[2017.01.01-11.32.00:789][183]LogModuleManager: Shutting down and abandoning module MobileLauncherProfileWizard (123)
[2017.01.01-11.32.00:789][183]LogModuleManager: Shutting down and abandoning module EpicSurvey (122)
[2017.01.01-11.32.00:789][183]LogModuleManager: Shutting down and abandoning module DesktopPlatform (121)
[2017.01.01-11.32.00:789][183]LogModuleManager: Shutting down and abandoning module VisualStudioSourceCodeAccess (120)
[2017.01.01-11.32.00:789][183]LogModuleManager: Shutting down and abandoning module UObjectPlugin (119)
[2017.01.01-11.32.00:789][183]LogModuleManager: Shutting down and abandoning module SubversionSourceControl (118)
[2017.01.01-11.32.00:789][183]LogModuleManager: Shutting down and abandoning module PerforceSourceControl (117)
[2017.01.01-11.32.00:789][183]LogModuleManager: Shutting down and abandoning module SourceControl (116)
[2017.01.01-11.32.00:789][183]LogModuleManager: Shutting down and abandoning module GitSourceControl (115)
[2017.01.01-11.32.00:789][183]LogModuleManager: Shutting down and abandoning module LightPropagationVolumeEditor (114)
[2017.01.01-11.32.00:789][183]LogModuleManager: Shutting down and abandoning module PaperTiledImporter (113)
[2017.01.01-11.32.00:789][183]LogModuleManager: Shutting down and abandoning module PaperSpriteSheetImporter (112)
[2017.01.01-11.32.00:789][183]LogModuleManager: Shutting down and abandoning module MeshPaint (111)
[2017.01.01-11.32.00:789][183]LogModuleManager: Shutting down and abandoning module PixelInspectorModule (110)
[2017.01.01-11.32.00:789][183]LogModuleManager: Shutting down and abandoning module HotReload (109)
[2017.01.01-11.32.00:791][183]LogModuleManager: Shutting down and abandoning module MainFrame (108)
[2017.01.01-11.32.00:791][183]LogModuleManager: Shutting down and abandoning module LevelEditor (107)
[2017.01.01-11.32.00:802][183]LogModuleManager: Shutting down and abandoning module ContentBrowser (106)
[2017.01.01-11.32.00:805][183]LogModuleManager: Shutting down and abandoning module Paper2DEditor (105)
[2017.01.01-11.32.00:805][183]LogModuleManager: Shutting down and abandoning module UdpMessaging (104)
[2017.01.01-11.32.00:905][183]LogModuleManager: Shutting down and abandoning module TcpMessaging (103)
[2017.01.01-11.32.01:006][183]LogModuleManager: Shutting down and abandoning module SubstanceCore (102)
[2017.01.01-11.32.01:006][183]LogModuleManager: Shutting down and abandoning module LightPropagationVolumeRuntime (101)
[2017.01.01-11.32.01:006][183]LogModuleManager: Shutting down and abandoning module Paper2D (100)
[2017.01.01-11.32.01:006][183]LogModuleManager: Shutting down and abandoning module WindowsMoviePlayer (99)
[2017.01.01-11.32.01:006][183]LogModuleManager: Shutting down and abandoning module WmfMedia (98)
[2017.01.01-11.32.01:006][183]LogModuleManager: Shutting down and abandoning module MediaAssets (97)
[2017.01.01-11.32.01:006][183]LogModuleManager: Shutting down and abandoning module GameLiveStreaming (96)
[2017.01.01-11.32.01:006][183]LogModuleManager: Shutting down and abandoning module GameplayTagsEditor (95)
[2017.01.01-11.32.01:006][183]LogModuleManager: Shutting down and abandoning module VREditor (94)
[2017.01.01-11.32.01:006][183]LogModuleManager: Shutting down and abandoning module GameplayTasksEditor (93)
[2017.01.01-11.32.01:006][183]LogModuleManager: Shutting down and abandoning module BehaviorTreeEditor (92)
[2017.01.01-11.32.01:006][183]LogModuleManager: Shutting down and abandoning module FunctionalTesting (91)
[2017.01.01-11.32.01:007][183]LogModuleManager: Shutting down and abandoning module CollisionAnalyzer (90)
[2017.01.01-11.32.01:007][183]LogModuleManager: Shutting down and abandoning module Sequencer (89)
[2017.01.01-11.32.01:007][183]LogModuleManager: Shutting down and abandoning module WorkspaceMenuStructure (88)
[2017.01.01-11.32.01:007][183]LogModuleManager: Shutting down and abandoning module MessageLog (87)
[2017.01.01-11.32.01:007][183]LogModuleManager: Shutting down and abandoning module AssetTools (86)
[2017.01.01-11.32.01:008][183]LogModuleManager: Shutting down and abandoning module UMGEditor (85)
[2017.01.01-11.32.01:008][183]LogModuleManager: Shutting down and abandoning module UMG (84)
[2017.01.01-11.32.01:008][183]LogModuleManager: Shutting down and abandoning module SlateReflector (83)
[2017.01.01-11.32.01:008][183]LogModuleManager: Shutting down and abandoning module Slate (82)
[2017.01.01-11.32.01:008][183]LogModuleManager: Shutting down and abandoning module EditorStyle (81)
[2017.01.01-11.32.01:015][183]LogModuleManager: Shutting down and abandoning module SourceCodeAccess (80)
[2017.01.01-11.32.01:015][183]LogModuleManager: Shutting down and abandoning module HeadMountedDisplay (79)
[2017.01.01-11.32.01:015][183]LogModuleManager: Shutting down and abandoning module XAudio2 (78)
[2017.01.01-11.32.01:016][183]LogModuleManager: Shutting down and abandoning module Networking (76)
[2017.01.01-11.32.01:016][183]LogModuleManager: Shutting down and abandoning module Core (75)
[2017.01.01-11.32.01:016][183]LogModuleManager: Shutting down and abandoning module DirectoryWatcher (74)
[2017.01.01-11.32.01:016][183]LogDirectoryWatcher: A directory notification for '../../../Engine/Content/' was aborted.
[2017.01.01-11.32.01:016][183]LogDirectoryWatcher: A directory notification for '../../../../../../Users/Manu/Documents/Unreal Projects/RescaleE/Content/' was aborted.
[2017.01.01-11.32.01:016][183]LogDirectoryWatcher: A directory notification for '../../../Engine/Plugins/2D/Paper2D/Content/' was aborted.
[2017.01.01-11.32.01:017][183]LogModuleManager: Shutting down and abandoning module AssetRegistry (73)
[2017.01.01-11.32.01:149][183]LogModuleManager: Shutting down and abandoning module KismetCompiler (72)
[2017.01.01-11.32.01:149][183]LogModuleManager: Shutting down and abandoning module PhysXFormats (71)
[2017.01.01-11.32.01:149][183]LogModuleManager: Shutting down and abandoning module SimplygonSwarm (70)
[2017.01.01-11.32.01:149][183]LogModuleManager: Shutting down and abandoning module SimplygonMeshReduction (69)
[2017.01.01-11.32.01:149][183]LogModuleManager: Shutting down and abandoning module QuadricMeshReduction (68)
[2017.01.01-11.32.01:149][183]LogModuleManager: Shutting down and abandoning module PropertyEditor (67)
[2017.01.01-11.32.01:149][183]LogModuleManager: Shutting down and abandoning module MeshUtilities (66)
[2017.01.01-11.32.01:149][183]LogModuleManager: Shutting down and abandoning module DerivedDataCache (65)
[2017.01.01-11.32.01:176][183]LogDerivedDataCache: Shutdown
[2017.01.01-11.32.01:176][183]LogModuleManager: Shutting down and abandoning module VulkanShaderFormat (64)
[2017.01.01-11.32.01:176][183]LogModuleManager: Shutting down and abandoning module ShaderFormatOpenGL (63)
[2017.01.01-11.32.01:176][183]LogModuleManager: Shutting down and abandoning module ShaderFormatD3D (62)
[2017.01.01-11.32.01:176][183]LogModuleManager: Shutting down and abandoning module MetalShaderFormat (61)
[2017.01.01-11.32.01:176][183]LogModuleManager: Shutting down and abandoning module TextureFormatUncompressed (60)
[2017.01.01-11.32.01:176][183]LogModuleManager: Shutting down and abandoning module TextureFormatPVR (59)
[2017.01.01-11.32.01:176][183]LogModuleManager: Shutting down and abandoning module TextureFormatDXT (58)
[2017.01.01-11.32.01:176][183]LogModuleManager: Shutting down and abandoning module TextureFormatIntelISPCTexComp (57)
[2017.01.01-11.32.01:177][183]LogModuleManager: Shutting down and abandoning module ImageWrapper (56)
[2017.01.01-11.32.01:177][183]LogModuleManager: Shutting down and abandoning module TextureFormatASTC (55)
[2017.01.01-11.32.01:177][183]LogModuleManager: Shutting down and abandoning module TextureFormatAndroid (54)
[2017.01.01-11.32.01:177][183]LogModuleManager: Shutting down and abandoning module AudioFormatOpus (53)
[2017.01.01-11.32.01:177][183]LogModuleManager: Shutting down and abandoning module AudioFormatOgg (52)
[2017.01.01-11.32.01:177][183]LogModuleManager: Shutting down and abandoning module AudioFormatADPCM (51)
[2017.01.01-11.32.01:177][183]LogModuleManager: Shutting down and abandoning module LinuxTargetPlatform (50)
[2017.01.01-11.32.01:177][183]LogModuleManager: Shutting down and abandoning module LinuxServerTargetPlatform (49)
[2017.01.01-11.32.01:177][183]LogModuleManager: Shutting down and abandoning module LinuxNoEditorTargetPlatform (48)
[2017.01.01-11.32.01:177][183]LogModuleManager: Shutting down and abandoning module LinuxClientTargetPlatform (47)
[2017.01.01-11.32.01:177][183]LogModuleManager: Shutting down and abandoning module TVOSTargetPlatform (46)
[2017.01.01-11.32.01:177][183]LogModuleManager: Shutting down and abandoning module Messaging (45)
[2017.01.01-11.32.01:177][183]LogModuleManager: Shutting down and abandoning module IOSTargetPlatform (44)
[2017.01.01-11.32.01:177][183]LogModuleManager: Shutting down and abandoning module HTML5TargetPlatform (43)
[2017.01.01-11.32.01:177][183]LogModuleManager: Shutting down and abandoning module Android_PVRTCTargetPlatform (42)
[2017.01.01-11.32.01:177][183]LogModuleManager: Shutting down and abandoning module Android_MultiTargetPlatform (41)
[2017.01.01-11.32.01:177][183]LogModuleManager: Shutting down and abandoning module Android_ETC2TargetPlatform (40)
[2017.01.01-11.32.01:177][183]LogModuleManager: Shutting down and abandoning module Android_ETC1TargetPlatform (39)
[2017.01.01-11.32.01:177][183]LogModuleManager: Shutting down and abandoning module Android_DXTTargetPlatform (38)
[2017.01.01-11.32.01:177][183]LogModuleManager: Shutting down and abandoning module Android_ATCTargetPlatform (37)
[2017.01.01-11.32.01:177][183]LogModuleManager: Shutting down and abandoning module Android_ASTCTargetPlatform (36)
[2017.01.01-11.32.01:177][183]LogModuleManager: Shutting down and abandoning module AndroidTargetPlatform (35)
[2017.01.01-11.32.01:177][183]LogModuleManager: Shutting down and abandoning module WindowsTargetPlatform (34)
[2017.01.01-11.32.01:177][183]LogModuleManager: Shutting down and abandoning module WindowsServerTargetPlatform (33)
[2017.01.01-11.32.01:177][183]LogModuleManager: Shutting down and abandoning module WindowsNoEditorTargetPlatform (32)
[2017.01.01-11.32.01:177][183]LogModuleManager: Shutting down and abandoning module WindowsClientTargetPlatform (31)
[2017.01.01-11.32.01:177][183]LogModuleManager: Shutting down and abandoning module MacTargetPlatform (30)
[2017.01.01-11.32.01:177][183]LogModuleManager: Shutting down and abandoning module MacServerTargetPlatform (29)
[2017.01.01-11.32.01:177][183]LogModuleManager: Shutting down and abandoning module MacNoEditorTargetPlatform (28)
[2017.01.01-11.32.01:177][183]LogModuleManager: Shutting down and abandoning module MacClientTargetPlatform (27)
[2017.01.01-11.32.01:177][183]LogModuleManager: Shutting down and abandoning module AllDesktopTargetPlatform (26)
[2017.01.01-11.32.01:177][183]LogModuleManager: Shutting down and abandoning module TargetPlatform (25)
[2017.01.01-11.32.01:177][183]LogModuleManager: Shutting down and abandoning module InputCore (24)
[2017.01.01-11.32.01:177][183]LogModuleManager: Shutting down and abandoning module Settings (23)
[2017.01.01-11.32.01:177][183]LogModuleManager: Shutting down and abandoning module OculusRift (22)
[2017.01.01-11.32.01:177][183]LogModuleManager: Shutting down and abandoning module ExampleDeviceProfileSelector (21)
[2017.01.01-11.32.01:177][183]LogModuleManager: Shutting down and abandoning module OnlineBlueprintSupport (20)
[2017.01.01-11.32.01:177][183]LogModuleManager: Shutting down and abandoning module OnlineSubsystem (18)
[2017.01.01-11.32.01:177][183]LogOnline:Display: Unloading online subsystem: NULL
[2017.01.01-11.32.01:177][183]LogModuleManager: Shutting down and abandoning module SSL (17)
[2017.01.01-11.32.01:179][183]LogModuleManager: Shutting down and abandoning module HTTP (16)
[2017.01.01-11.32.01:179][183]LogModuleManager: Shutting down and abandoning module XMPP (15)
[2017.01.01-11.32.01:179][183]LogModuleManager: Shutting down and abandoning module TextureCompressor (14)
[2017.01.01-11.32.01:179][183]LogModuleManager: Shutting down and abandoning module ShaderCore (13)
[2017.01.01-11.32.01:179][183]LogModuleManager: Shutting down and abandoning module Landscape (12)
[2017.01.01-11.32.01:179][183]LogModuleManager: Shutting down and abandoning module SlateRHIRenderer (11)
[2017.01.01-11.32.01:180][183]LogModuleManager: Shutting down and abandoning module OpenGLDrv (10)
[2017.01.01-11.32.01:180][183]LogModuleManager: Shutting down and abandoning module D3D11RHI (9)
[2017.01.01-11.32.01:180][183]LogModuleManager: Shutting down and abandoning module AnimGraphRuntime (8)
[2017.01.01-11.32.01:180][183]LogModuleManager: Shutting down and abandoning module Renderer (7)
[2017.01.01-11.32.01:180][183]LogModuleManager: Shutting down and abandoning module Engine (6)
[2017.01.01-11.32.01:180][183]LogModuleManager: Shutting down and abandoning module CoreUObject (5)
[2017.01.01-11.32.01:180][183]LogModuleManager: Shutting down and abandoning module NetworkFile (4)
[2017.01.01-11.32.01:180][183]LogModuleManager: Shutting down and abandoning module StreamingFile (3)
[2017.01.01-11.32.01:180][183]LogModuleManager: Shutting down and abandoning module SandboxFile (2)
[2017.01.01-11.32.01:180][183]LogModuleManager: Shutting down and abandoning module PakFile (1)
[2017.01.01-11.32.01:183][183]LogExit: Exiting.
[2017.01.01-11.32.01:184][183]Log file closed, 01/01/17 12:32:01
