Log file open, 01/02/17 11:26:50
LogInit:Display: Running engine for game: Rescale
LogPlatformFile: Not using cached read wrapper
LogInit:Display: RandInit(-325325801) SRandInit(-325325801).
LogTaskGraph: Started task graph with 5 named threads and 6 total threads with 1 sets of task threads.
LogStats: Stats thread started at 0.054426
LogPluginManager: Loaded Plugin Paper2D, From D:/Epic Games/4.14/Engine/Plugins/2D/Paper2D/Paper2D.uplugin
LogPluginManager: Loaded Plugin LightPropagationVolume, From D:/Epic Games/4.14/Engine/Plugins/Blendables/LightPropagationVolume/LightPropagationVolume.uplugin
LogPluginManager: Loaded Plugin BlankPlugin, From D:/Epic Games/4.14/Engine/Plugins/Developer/BlankPlugin/BlankPlugin.uplugin
LogPluginManager: Loaded Plugin CodeLiteSourceCodeAccess, From D:/Epic Games/4.14/Engine/Plugins/Developer/CodeLiteSourceCodeAccess/CodeLiteSourceCodeAccess.uplugin
LogPluginManager: Loaded Plugin GitSourceControl, From D:/Epic Games/4.14/Engine/Plugins/Developer/GitSourceControl/GitSourceControl.uplugin
LogPluginManager: Loaded Plugin KDevelopSourceCodeAccess, From D:/Epic Games/4.14/Engine/Plugins/Developer/KDevelopSourceCodeAccess/KDevelopSourceCodeAccess.uplugin
LogPluginManager: Loaded Plugin NullSourceCodeAccess, From D:/Epic Games/4.14/Engine/Plugins/Developer/NullSourceCodeAccess/NullSourceCodeAccess.uplugin
LogPluginManager: Loaded Plugin OneSkyLocalizationService, From D:/Epic Games/4.14/Engine/Plugins/Developer/OneSkyLocalizationService/OneSkyLocalizationService.uplugin
LogPluginManager: Loaded Plugin PerforceSourceControl, From D:/Epic Games/4.14/Engine/Plugins/Developer/PerforceSourceControl/PerforceSourceControl.uplugin
LogPluginManager: Loaded Plugin SubversionSourceControl, From D:/Epic Games/4.14/Engine/Plugins/Developer/SubversionSourceControl/SubversionSourceControl.uplugin
LogPluginManager: Loaded Plugin UObjectPlugin, From D:/Epic Games/4.14/Engine/Plugins/Developer/UObjectPlugin/UObjectPlugin.uplugin
LogPluginManager: Loaded Plugin VisualStudioSourceCodeAccess, From D:/Epic Games/4.14/Engine/Plugins/Developer/VisualStudioSourceCodeAccess/VisualStudioSourceCodeAccess.uplugin
LogPluginManager: Loaded Plugin XCodeSourceCodeAccess, From D:/Epic Games/4.14/Engine/Plugins/Developer/XCodeSourceCodeAccess/XCodeSourceCodeAccess.uplugin
LogPluginManager: Loaded Plugin AudioCapture, From D:/Epic Games/4.14/Engine/Plugins/Editor/AudioCapture/AudioCapture.uplugin
LogPluginManager: Loaded Plugin EpicSurvey, From D:/Epic Games/4.14/Engine/Plugins/Editor/EpicSurvey/EpicSurvey.uplugin
LogPluginManager: Loaded Plugin MacGraphicsSwitching, From D:/Epic Games/4.14/Engine/Plugins/Editor/MacGraphicsSwitching/MacGraphicsSwitching.uplugin
LogPluginManager: Loaded Plugin MobileLauncherProfileWizard, From D:/Epic Games/4.14/Engine/Plugins/Editor/MobileLauncherProfileWizard/MobileLauncherProfileWizard.uplugin
LogPluginManager: Loaded Plugin PluginBrowser, From D:/Epic Games/4.14/Engine/Plugins/Editor/PluginBrowser/PluginBrowser.uplugin
LogPluginManager: Loaded Plugin SpeedTreeImporter, From D:/Epic Games/4.14/Engine/Plugins/Editor/SpeedTreeImporter/SpeedTreeImporter.uplugin
LogPluginManager: Loaded Plugin SuperSearchEditor, From D:/Epic Games/4.14/Engine/Plugins/Editor/SuperSearchEditor/SuperSearchEditor.uplugin
LogPluginManager: Loaded Plugin AlembicImporter, From D:/Epic Games/4.14/Engine/Plugins/Experimental/AlembicImporter/AlembicImporter.uplugin
LogPluginManager: Loaded Plugin BlueprintStats, From D:/Epic Games/4.14/Engine/Plugins/Experimental/BlueprintStats/BlueprintStats.uplugin
LogPluginManager: Loaded Plugin CharacterAI, From D:/Epic Games/4.14/Engine/Plugins/Experimental/CharacterAI/CharacterAI.uplugin
LogPluginManager: Loaded Plugin CodeEditor, From D:/Epic Games/4.14/Engine/Plugins/Experimental/CodeEditor/CodeEditor.uplugin
LogPluginManager: Loaded Plugin CodeView, From D:/Epic Games/4.14/Engine/Plugins/Experimental/CodeView/CodeView.uplugin
LogPluginManager: Loaded Plugin HTML5Networking, From D:/Epic Games/4.14/Engine/Plugins/Experimental/HTML5Networking/HTML5Networking.uplugin
LogPluginManager: Loaded Plugin OSVR, From D:/Epic Games/4.14/Engine/Plugins/Experimental/OSVR/OSVR.uplugin
LogPluginManager: Loaded Plugin Phya, From D:/Epic Games/4.14/Engine/Plugins/Experimental/Phya/Phya.uplugin
LogPluginManager: Loaded Plugin SignificanceManager, From D:/Epic Games/4.14/Engine/Plugins/Experimental/SignificanceManager/SignificanceManager.uplugin
LogPluginManager: Loaded Plugin SimpleHMD, From D:/Epic Games/4.14/Engine/Plugins/Experimental/SimpleHMD/SimpleHMD.uplugin
LogPluginManager: Loaded Plugin StereoPanorama, From D:/Epic Games/4.14/Engine/Plugins/Experimental/StereoPanorama/StereoPanorama.uplugin
LogPluginManager: Loaded Plugin StructBox, From D:/Epic Games/4.14/Engine/Plugins/Experimental/StructBox/StructBox.uplugin
LogPluginManager: Loaded Plugin Substance, From D:/Epic Games/4.14/Engine/Plugins/Marketplace/Substance/Substance.uplugin
LogPluginManager: Loaded Plugin AndroidMedia, From D:/Epic Games/4.14/Engine/Plugins/Media/AndroidMedia/AndroidMedia.uplugin
LogPluginManager: Loaded Plugin AvfMedia, From D:/Epic Games/4.14/Engine/Plugins/Media/AvfMedia/AvfMedia.uplugin
LogPluginManager: Loaded Plugin MediaPlayerEditor, From D:/Epic Games/4.14/Engine/Plugins/Media/MediaPlayerEditor/MediaPlayerEditor.uplugin
LogPluginManager: Loaded Plugin WmfMedia, From D:/Epic Games/4.14/Engine/Plugins/Media/WmfMedia/WmfMedia.uplugin
LogPluginManager: Loaded Plugin MessagingDebugger, From D:/Epic Games/4.14/Engine/Plugins/Messaging/MessagingDebugger/MessagingDebugger.uplugin
LogPluginManager: Loaded Plugin TcpMessaging, From D:/Epic Games/4.14/Engine/Plugins/Messaging/TcpMessaging/TcpMessaging.uplugin
LogPluginManager: Loaded Plugin UdpMessaging, From D:/Epic Games/4.14/Engine/Plugins/Messaging/UdpMessaging/UdpMessaging.uplugin
LogPluginManager: Loaded Plugin LevelSequenceEditor, From D:/Epic Games/4.14/Engine/Plugins/MovieScene/LevelSequenceEditor/LevelSequenceEditor.uplugin
LogPluginManager: Loaded Plugin MatineeToLevelSequence, From D:/Epic Games/4.14/Engine/Plugins/MovieScene/MatineeToLevelSequence/MatineeToLevelSequence.uplugin
LogPluginManager: Loaded Plugin NetcodeUnitTest, From D:/Epic Games/4.14/Engine/Plugins/NetcodeUnitTest/NetcodeUnitTest/NetcodeUnitTest.uplugin
LogPluginManager: Loaded Plugin NUTUnrealEngine4, From D:/Epic Games/4.14/Engine/Plugins/NetcodeUnitTest/NUTUnrealEngine4/NUTUnrealEngine4.uplugin
LogPluginManager: Loaded Plugin OnlineSubsystemGameCircle, From D:/Epic Games/4.14/Engine/Plugins/Online/Android/OnlineSubsystemGameCircle/OnlineSubsystemGameCircle.uplugin
LogPluginManager: Loaded Plugin OnlineSubsystemGooglePlay, From D:/Epic Games/4.14/Engine/Plugins/Online/Android/OnlineSubsystemGooglePlay/OnlineSubsystemGooglePlay.uplugin
LogPluginManager: Loaded Plugin OnlineSubsystemIOS, From D:/Epic Games/4.14/Engine/Plugins/Online/IOS/OnlineSubsystemIOS/OnlineSubsystemIOS.uplugin
LogPluginManager: Loaded Plugin OnlineFramework, From D:/Epic Games/4.14/Engine/Plugins/Online/OnlineFramework/OnlineFramework.uplugin
LogPluginManager: Loaded Plugin OnlineSubsystem, From D:/Epic Games/4.14/Engine/Plugins/Online/OnlineSubsystem/OnlineSubsystem.uplugin
LogPluginManager: Loaded Plugin OnlineSubsystemAmazon, From D:/Epic Games/4.14/Engine/Plugins/Online/OnlineSubsystemAmazon/OnlineSubsystemAmazon.uplugin
LogPluginManager: Loaded Plugin OnlineSubsystemFacebook, From D:/Epic Games/4.14/Engine/Plugins/Online/OnlineSubsystemFacebook/OnlineSubsystemFacebook.uplugin
LogPluginManager: Loaded Plugin OnlineSubsystemNull, From D:/Epic Games/4.14/Engine/Plugins/Online/OnlineSubsystemNull/OnlineSubsystemNull.uplugin
LogPluginManager: Loaded Plugin OnlineSubsystemOculus, From D:/Epic Games/4.14/Engine/Plugins/Online/OnlineSubsystemOculus/OnlineSubsystemOculus.uplugin
LogPluginManager: Loaded Plugin OnlineSubsystemSteam, From D:/Epic Games/4.14/Engine/Plugins/Online/OnlineSubsystemSteam/OnlineSubsystemSteam.uplugin
LogPluginManager: Loaded Plugin OnlineSubsystemUtils, From D:/Epic Games/4.14/Engine/Plugins/Online/OnlineSubsystemUtils/OnlineSubsystemUtils.uplugin
LogPluginManager: Loaded Plugin IOSTapJoy, From D:/Epic Games/4.14/Engine/Plugins/Runtime/Advertising/IOSTapJoy/IOSTapJoy.uplugin
LogPluginManager: Loaded Plugin AnalyticsBlueprintLibrary, From D:/Epic Games/4.14/Engine/Plugins/Runtime/Analytics/AnalyticsBlueprintLibrary/AnalyticsBlueprintLibrary.uplugin
LogPluginManager: Loaded Plugin AnalyticsMulticast, From D:/Epic Games/4.14/Engine/Plugins/Runtime/Analytics/AnalyticsMulticast/AnalyticsMulticast.uplugin
LogPluginManager: Loaded Plugin Apsalar, From D:/Epic Games/4.14/Engine/Plugins/Runtime/Analytics/Apsalar/Apsalar.uplugin
LogPluginManager: Loaded Plugin FileLogging, From D:/Epic Games/4.14/Engine/Plugins/Runtime/Analytics/FileLogging/FileLogging.uplugin
LogPluginManager: Loaded Plugin Flurry, From D:/Epic Games/4.14/Engine/Plugins/Runtime/Analytics/Flurry/Flurry.uplugin
LogPluginManager: Loaded Plugin AndroidDeviceProfileSelector, From D:/Epic Games/4.14/Engine/Plugins/Runtime/AndroidDeviceProfileSelector/AndroidDeviceProfileSelector.uplugin
LogPluginManager: Loaded Plugin AndroidMoviePlayer, From D:/Epic Games/4.14/Engine/Plugins/Runtime/AndroidMoviePlayer/AndroidMoviePlayer.uplugin
LogPluginManager: Loaded Plugin AppleMoviePlayer, From D:/Epic Games/4.14/Engine/Plugins/Runtime/AppleMoviePlayer/AppleMoviePlayer.uplugin
LogPluginManager: Loaded Plugin ArchVisCharacter, From D:/Epic Games/4.14/Engine/Plugins/Runtime/ArchVisCharacter/ArchVisCharacter.uplugin
LogPluginManager: Loaded Plugin CableComponent, From D:/Epic Games/4.14/Engine/Plugins/Runtime/CableComponent/CableComponent.uplugin
LogPluginManager: Loaded Plugin CustomMeshComponent, From D:/Epic Games/4.14/Engine/Plugins/Runtime/CustomMeshComponent/CustomMeshComponent.uplugin
LogPluginManager: Loaded Plugin ExampleDeviceProfileSelector, From D:/Epic Games/4.14/Engine/Plugins/Runtime/ExampleDeviceProfileSelector/ExampleDeviceProfileSelector.uplugin
LogPluginManager: Loaded Plugin GearVR, From D:/Epic Games/4.14/Engine/Plugins/Runtime/GearVR/GearVR.uplugin
LogPluginManager: Loaded Plugin GoogleVRController, From D:/Epic Games/4.14/Engine/Plugins/Runtime/GoogleVR/GoogleVRController/GoogleVRController.uplugin
LogPluginManager: Loaded Plugin GoogleVRHMD, From D:/Epic Games/4.14/Engine/Plugins/Runtime/GoogleVR/GoogleVRHMD/GoogleVRHMD.uplugin
LogPluginManager: Loaded Plugin IOSDeviceProfileSelector, From D:/Epic Games/4.14/Engine/Plugins/Runtime/IOSDeviceProfileSelector/IOSDeviceProfileSelector.uplugin
LogPluginManager: Loaded Plugin LeapMotion, From D:/Epic Games/4.14/Engine/Plugins/Runtime/LeapMotion/LeapMotion.uplugin
LogPluginManager: Loaded Plugin LinuxDeviceProfileSelector, From D:/Epic Games/4.14/Engine/Plugins/Runtime/LinuxDeviceProfileSelector/LinuxDeviceProfileSelector.uplugin
LogPluginManager: Loaded Plugin MIDIDevice, From D:/Epic Games/4.14/Engine/Plugins/Runtime/MIDIDevice/MIDIDevice.uplugin
LogPluginManager: Loaded Plugin MobilePatchingUtils, From D:/Epic Games/4.14/Engine/Plugins/Runtime/MobilePatchingUtils/MobilePatchingUtils.uplugin
LogPluginManager: Loaded Plugin Ansel, From D:/Epic Games/4.14/Engine/Plugins/Runtime/Nvidia/Ansel/Ansel.uplugin
LogPluginManager: Loaded Plugin OculusAudio, From D:/Epic Games/4.14/Engine/Plugins/Runtime/OculusAudio/OculusAudio.uplugin
LogPluginManager: Loaded Plugin OculusInput, From D:/Epic Games/4.14/Engine/Plugins/Runtime/OculusInput/OculusInput.uplugin
LogPluginManager: Loaded Plugin OculusLibrary, From D:/Epic Games/4.14/Engine/Plugins/Runtime/OculusLibrary/OculusLibrary.uplugin
LogPluginManager: Loaded Plugin OculusRift, From D:/Epic Games/4.14/Engine/Plugins/Runtime/OculusRift/OculusRift.uplugin
LogPluginManager: Loaded Plugin Oodle, From D:/Epic Games/4.14/Engine/Plugins/Runtime/PacketHandlers/CompressionComponents/Oodle/Oodle.uplugin
LogPluginManager: Loaded Plugin ProceduralMeshComponent, From D:/Epic Games/4.14/Engine/Plugins/Runtime/ProceduralMeshComponent/ProceduralMeshComponent.uplugin
LogPluginManager: Loaded Plugin SoundMod, From D:/Epic Games/4.14/Engine/Plugins/Runtime/SoundMod/SoundMod.uplugin
LogPluginManager: Loaded Plugin SoundVisualizations, From D:/Epic Games/4.14/Engine/Plugins/Runtime/SoundVisualizations/SoundVisualizations.uplugin
LogPluginManager: Loaded Plugin SteamController, From D:/Epic Games/4.14/Engine/Plugins/Runtime/Steam/SteamController/SteamController.uplugin
LogPluginManager: Loaded Plugin SteamVR, From D:/Epic Games/4.14/Engine/Plugins/Runtime/Steam/SteamVR/SteamVR.uplugin
LogPluginManager: Loaded Plugin WebBrowserWidget, From D:/Epic Games/4.14/Engine/Plugins/Runtime/WebBrowserWidget/WebBrowserWidget.uplugin
LogPluginManager: Loaded Plugin WindowsDeviceProfileSelector, From D:/Epic Games/4.14/Engine/Plugins/Runtime/WindowsDeviceProfileSelector/WindowsDeviceProfileSelector.uplugin
LogPluginManager: Loaded Plugin WindowsMoviePlayer, From D:/Epic Games/4.14/Engine/Plugins/Runtime/WindowsMoviePlayer/WindowsMoviePlayer.uplugin
LogPluginManager: Loaded Plugin ScriptPlugin, From D:/Epic Games/4.14/Engine/Plugins/ScriptPlugin/ScriptPlugin.uplugin
LogPluginManager: Loaded Plugin SlateRemote, From D:/Epic Games/4.14/Engine/Plugins/Slate/SlateRemote/SlateRemote.uplugin
LogPluginManager: Loaded Plugin EditorTests, From D:/Epic Games/4.14/Engine/Plugins/Tests/EditorTests/EditorTests.uplugin
LogPluginManager: Loaded Plugin FbxAutomationTestBuilder, From D:/Epic Games/4.14/Engine/Plugins/Tests/FbxAutomationTestBuilder/FbxAutomationTestBuilder.uplugin
LogPluginManager: Loaded Plugin FunctionalTestingEditor, From D:/Epic Games/4.14/Engine/Plugins/Tests/FunctionalTestingEditor/FunctionalTestingEditor.uplugin
LogPluginManager: Loaded Plugin RuntimeTests, From D:/Epic Games/4.14/Engine/Plugins/Tests/RuntimeTests/RuntimeTests.uplugin
LogPluginManager: Loaded Plugin ScreenshotTools, From D:/Epic Games/4.14/Engine/Plugins/Tests/ScreenshotTools/ScreenshotTools.uplugin
LogInit: Using libcurl 7.47.1
LogInit:  - built for x86_64-pc-win32
LogInit:  - supports SSL with OpenSSL/1.0.2g
LogInit:  - supports HTTP deflate (compression) using libz 1.2.8
LogInit:  - other features:
LogInit:      CURL_VERSION_SSL
LogInit:      CURL_VERSION_LIBZ
LogInit:      CURL_VERSION_IPV6
LogInit:      CURL_VERSION_ASYNCHDNS
LogInit:      CURL_VERSION_LARGEFILE
LogInit:      CURL_VERSION_IDN
LogInit:  CurlRequestOptions (configurable via config and command line):
LogInit:  - bVerifyPeer = false  - Libcurl will NOT verify peer certificate
LogInit:  - bUseHttpProxy = false  - Libcurl will NOT use HTTP proxy
LogInit:  - bDontReuseConnections = false  - Libcurl will reuse connections
LogInit:  - CertBundlePath = nullptr  - Libcurl will use whatever was configured at build time.
LogInit: Build: ++UE4+Release-4.14-CL-3224400
LogInit: Engine Version: 4.14.1-3224400+++UE4+Release-4.14
LogInit: Compatible Engine Version: 4.14.0-3195953+++UE4+Release-4.14
LogInit: Net CL: 3195953
LogDevObjectVersion: Number of dev versions registered: 13
LogDevObjectVersion:   Dev-Blueprints (B0D832E4-1F89-4F0D-ACCF-7EB736FD4AA2): 7
LogDevObjectVersion:   Dev-Build (E1C64328-A22C-4D53-A36C-8E866417BD8C): 0
LogDevObjectVersion:   Dev-Core (375EC13C-06E4-48FB-B500-84F0262A717E): 1
LogDevObjectVersion:   Dev-Editor (E4B068ED-F494-42E9-A231-DA0B2E46BB41): 8
LogDevObjectVersion:   Dev-Framework (CFFC743F-43B0-4480-9391-14DF171D2073): 17
LogDevObjectVersion:   Dev-Mobile (B02B49B5-BB20-44E9-A304-32B752E40360): 0
LogDevObjectVersion:   Dev-Networking (A4E4105C-59A1-49B5-A7C5-40C4547EDFEE): 0
LogDevObjectVersion:   Dev-Online (39C831C9-5AE6-47DC-9A44-9C173E1C8E7C): 0
LogDevObjectVersion:   Dev-Physics (78F01B33-EBEA-4F98-B9B4-84EACCB95AA2): 0
LogDevObjectVersion:   Dev-Platform (6631380F-2D4D-43E0-8009-CF276956A95A): 0
LogDevObjectVersion:   Dev-Rendering (12F88B9F-8875-4AFC-A67C-D90C383ABD29): 12
LogDevObjectVersion:   Dev-Sequencer (7B5AE74C-D270-4C10-A958-57980B212A5A): 1
LogDevObjectVersion:   Dev-VR (D7296918-1DD6-4BDD-9DE2-64A83CC13884): 0
LogInit: Compiled (64-bit): Dec  7 2016 02:14:32
LogInit: Compiled with Visual C++: 19.00.23026.00
LogInit: Build Configuration: Development
LogInit: Branch Name: ++UE4+Release-4.14
LogInit: Command line: -EpicPortal 
LogInit: Base directory: D:/Epic Games/4.14/Engine/Binaries/Win64/
LogInit: Installed Engine Build: 1
LogInit: Presizing for max 8388607 objects, including 0 objects not considered by GC, pre-allocating 0 bytes for permanent pool.
LogInit: Object subsystem initialized
[2017.01.02-10.26.51:012][  0]LogInit: Selected Device Profile: [Windows]
[2017.01.02-10.26.51:012][  0]LogInit: Applying CVar settings loaded from the selected device profile: [Windows]
[2017.01.02-10.26.51:022][  0]LogInit: Computer: DESKTOP-FMK961L
[2017.01.02-10.26.51:022][  0]LogInit: User: Gingi
[2017.01.02-10.26.51:022][  0]LogInit: CPU Page size=65536, Cores=2
[2017.01.02-10.26.51:022][  0]LogInit: High frequency timer resolution =2.728073 MHz
[2017.01.02-10.26.51:022][  0]LogMemory: Memory total: Physical=5.9GB (6GB approx)
[2017.01.02-10.26.51:022][  0]LogMemory: Platform Memory Stats for Windows
[2017.01.02-10.26.51:022][  0]LogMemory: Process Physical Memory: 263.15 MB used, 263.15 MB peak
[2017.01.02-10.26.51:022][  0]LogMemory: Process Virtual Memory: 262.39 MB used, 262.39 MB peak
[2017.01.02-10.26.51:022][  0]LogMemory: Physical Memory: 5284.20 MB used,  748.79 MB free, 6033.00 MB total
[2017.01.02-10.26.51:022][  0]LogMemory: Virtual Memory: 674.68 MB used,  748.79 MB free, 134217728.00 MB total
[2017.01.02-10.26.51:055][  0]LogTextLocalizationManager: No translations for ('fr-FR') exist, falling back to 'en' for localization and internationalization data.
[2017.01.02-10.26.51:823][  0]LogD3D11RHI: D3D11 adapters:
[2017.01.02-10.26.51:871][  0]LogD3D11RHI:    0. 'NVIDIA GeForce GTX 950M' (Feature Level 11_0)
[2017.01.02-10.26.51:871][  0]LogD3D11RHI:       2018/0/3016 MB DedicatedVideo/DedicatedSystem/SharedSystem, Outputs:1, VendorId:0x10de
[2017.01.02-10.26.51:880][  0]LogD3D11RHI:    1. 'Intel(R) HD Graphics 4600' (Feature Level 11_0)
[2017.01.02-10.26.51:880][  0]LogD3D11RHI:       112/0/2048 MB DedicatedVideo/DedicatedSystem/SharedSystem, Outputs:0, VendorId:0x8086
[2017.01.02-10.26.51:882][  0]LogD3D11RHI:    2. 'Microsoft Basic Render Driver' (Feature Level 11_0)
[2017.01.02-10.26.51:882][  0]LogD3D11RHI:       0/0/3016 MB DedicatedVideo/DedicatedSystem/SharedSystem, Outputs:0, VendorId:0x1414
[2017.01.02-10.26.51:882][  0]LogD3D11RHI: Chosen D3D11 Adapter: 0
[2017.01.02-10.26.51:887][  0]LogD3D11RHI: Creating new Direct3DDevice
[2017.01.02-10.26.51:887][  0]LogD3D11RHI:     GPU DeviceId: 0x139a (for the marketing name, search the web for "GPU Device Id")
[2017.01.02-10.26.51:887][  0]LogWindows: EnumDisplayDevices:
[2017.01.02-10.26.51:887][  0]LogWindows:    0. 'Intel(R) HD Graphics 4600' (P:1 D:1)
[2017.01.02-10.26.51:887][  0]LogWindows:    1. 'Intel(R) HD Graphics 4600' (P:0 D:0)
[2017.01.02-10.26.51:887][  0]LogWindows:    2. 'Intel(R) HD Graphics 4600' (P:0 D:0)
[2017.01.02-10.26.51:888][  0]LogWindows: DebugString: PrimaryIsNotTheChoosenAdapter PrimaryIsNotTheChoosenAdapter PrimaryIsNotTheChoosenAdapter FoundDriverCount:0 
[2017.01.02-10.26.51:888][  0]LogD3D11RHI:     Adapter Name: NVIDIA GeForce GTX 950M
[2017.01.02-10.26.51:888][  0]LogD3D11RHI:   Driver Version: Unknown (internal:Unknown, unified:Unknown)
[2017.01.02-10.26.51:888][  0]LogD3D11RHI:      Driver Date: Unknown
[2017.01.02-10.26.51:888][  0]LogRHI: Texture pool is 1361 MB (70% of 1945 MB)
[2017.01.02-10.26.51:905][  0]LogD3D11RHI: Async texture creation enabled
[2017.01.02-10.26.51:921][  0]LogD3D11RHI: GPU Timing Frequency: 1000.000000 (Debug: 2 1)
[2017.01.02-10.26.51:922][  0]LogShaderCompilers: Guid format shader working directory is 20 characters bigger than the processId version (E:/ProjetGit/RescaleUnreal/Intermediate/Shaders/WorkingDirectory/8812/).
[2017.01.02-10.26.51:922][  0]LogShaderCompilers: Cleaned the shader compiler working directory 'C:/Users/Gingi/AppData/Local/Temp/UnrealShaderWorkingDir/DD30E8B34D9147E31A75A6B72100E6A0/'.
[2017.01.02-10.26.51:922][  0]LogShaderCompilers:Display: Using Local Shader Compiler.
[2017.01.02-10.26.53:482][  0]LogTemp:Display: Loaded TP AllDesktopTargetPlatform
[2017.01.02-10.26.53:531][  0]LogTemp:Display: Loaded TP MacClientTargetPlatform
[2017.01.02-10.26.53:586][  0]LogTemp:Display: Loaded TP MacNoEditorTargetPlatform
[2017.01.02-10.26.53:649][  0]LogTemp:Display: Loaded TP MacServerTargetPlatform
[2017.01.02-10.26.53:705][  0]LogTemp:Display: Loaded TP MacTargetPlatform
[2017.01.02-10.26.53:753][  0]LogTemp:Display: Loaded TP WindowsClientTargetPlatform
[2017.01.02-10.26.53:804][  0]LogTemp:Display: Loaded TP WindowsNoEditorTargetPlatform
[2017.01.02-10.26.53:850][  0]LogTemp:Display: Loaded TP WindowsServerTargetPlatform
[2017.01.02-10.26.53:888][  0]LogTemp:Display: Loaded TP WindowsTargetPlatform
[2017.01.02-10.26.53:934][  0]LogTemp:Display: Loaded TP AndroidTargetPlatform
[2017.01.02-10.26.53:978][  0]LogTemp:Display: Loaded TP Android_ASTCTargetPlatform
[2017.01.02-10.26.54:023][  0]LogTemp:Display: Loaded TP Android_ATCTargetPlatform
[2017.01.02-10.26.54:069][  0]LogTemp:Display: Loaded TP Android_DXTTargetPlatform
[2017.01.02-10.26.54:121][  0]LogTemp:Display: Loaded TP Android_ETC1TargetPlatform
[2017.01.02-10.26.54:177][  0]LogTemp:Display: Loaded TP Android_ETC2TargetPlatform
[2017.01.02-10.26.54:329][  0]LogTemp:Display: Loaded TP Android_MultiTargetPlatform
[2017.01.02-10.26.54:329][  0]LogTemp:Display: Loaded TP Android_PVRTCTargetPlatform
[2017.01.02-10.26.54:371][  0]LogTemp:Display: Loaded TP HTML5TargetPlatform
[2017.01.02-10.26.54:472][  0]LogTemp:Display: Loaded TP IOSTargetPlatform
[2017.01.02-10.26.54:512][  0]LogTemp:Display: Loaded TP TVOSTargetPlatform
[2017.01.02-10.26.54:565][  0]LogTemp:Display: Loaded TP LinuxClientTargetPlatform
[2017.01.02-10.26.54:616][  0]LogTemp:Display: Loaded TP LinuxNoEditorTargetPlatform
[2017.01.02-10.26.54:668][  0]LogTemp:Display: Loaded TP LinuxServerTargetPlatform
[2017.01.02-10.26.54:727][  0]LogTemp:Display: Loaded TP LinuxTargetPlatform
[2017.01.02-10.26.54:727][  0]LogTargetPlatformManager:Display: Building Assets For Windows
[2017.01.02-10.26.55:122][  0]LogDerivedDataCache:Display: Max Cache Size: 512 MB
[2017.01.02-10.26.55:197][  0]LogDerivedDataCache: Loaded boot cache 0.08s 50MB C:/Users/Gingi/AppData/Local/UnrealEngine/4.14/DerivedDataCache/Boot.ddc.
[2017.01.02-10.26.55:197][  0]LogDerivedDataCache:Display: Loaded Boot cache: C:/Users/Gingi/AppData/Local/UnrealEngine/4.14/DerivedDataCache/Boot.ddc
[2017.01.02-10.26.55:197][  0]LogDerivedDataCache: FDerivedDataBackendGraph:  Pak pak cache file E:/ProjetGit/RescaleUnreal/DerivedDataCache/DDC.ddp not found, will not use a pak cache.
[2017.01.02-10.26.55:197][  0]LogDerivedDataCache: Unable to find inner node Pak for hierarchical cache Hierarchy.
[2017.01.02-10.26.55:197][  0]LogDerivedDataCache: FDerivedDataBackendGraph:  CompressedPak pak cache file E:/ProjetGit/RescaleUnreal/DerivedDataCache/Compressed.ddp not found, will not use a pak cache.
[2017.01.02-10.26.55:197][  0]LogDerivedDataCache: Unable to find inner node CompressedPak for hierarchical cache Hierarchy.
[2017.01.02-10.26.55:235][  0]LogDerivedDataCache:Display: Pak cache opened for reading ../../../Engine/DerivedDataCache/Compressed.ddp.
[2017.01.02-10.26.55:248][  0]LogDerivedDataCache: Using Local data cache path C:/Users/Gingi/AppData/Local/UnrealEngine/Common/DerivedDataCache: Writable
[2017.01.02-10.26.55:556][  0]LogInit: Selected Device Profile: [Windows]
[2017.01.02-10.26.55:563][  0]LogContentStreaming: Texture pool size is 0.00 MB
[2017.01.02-10.26.55:803][  0]LogMeshUtilities: Using QuadricMeshReduction for automatic static mesh reduction
[2017.01.02-10.26.55:837][  0]LogSimplygon: Simplygon DLL not present - disabling.
[2017.01.02-10.26.55:875][  0]LogMeshUtilities: Using SimplygonSwarm for distributed automatic mesh merging
[2017.01.02-10.26.55:875][  0]LogMeshUtilities: No automatic skeletal mesh reduction module available
[2017.01.02-10.26.55:875][  0]LogMeshUtilities: No automatic mesh merging module available
[2017.01.02-10.26.56:586][  0]LogNetVersion: GetLocalNetworkVersion: CL: 3195953, ProjectName: rescale, ProjectVersion: , EngineNetworkVersion: 2, GameNetworkVersion: 0, NetworkChecksum: 103703839
[2017.01.02-10.26.56:639][  0]LogAssetRegistry: FAssetRegistry took 0.0220 seconds to start up
[2017.01.02-10.26.56:678][  0]LogPackageLocalizationCache: Processed 3 localized package path(s) for 1 prioritized culture(s) in 0.016387 seconds
[2017.01.02-10.26.56:686][  0]LogUObjectArray: 31946 objects as part of root set at end of initial load.
[2017.01.02-10.26.56:686][  0]LogUObjectAllocator: 6935840 out of 0 bytes used by permanent object pool.
[2017.01.02-10.26.56:686][  0]LogUObjectArray: CloseDisregardForGC: 0/0 objects in disregard for GC pool
[2017.01.02-10.26.56:736][  0]LogInit: WinSock: version 1.1 (2.2), MaxSocks=32767, MaxUdp=65467
[2017.01.02-10.26.57:349][  0]LogSlate: Using Freetype 2.6.0
[2017.01.02-10.26.57:350][  0]LogSlate: SlateFontCache - WITH_FREETYPE: 1, WITH_HARFBUZZ: 1
[2017.01.02-10.26.57:350][  0]LogSlate: SlateFontCache - WITH_FREETYPE: 1, WITH_HARFBUZZ: 1
[2017.01.02-10.26.58:268][  0]LogSubstanceCoreModule: Substance CPU Engine Loaded, Max Texture Size 2048
[2017.01.02-10.26.58:295][  0]LogTcpMessaging: Initializing TcpMessaging bridge
[2017.01.02-10.26.58:330][  0]LogUdpMessaging: Initializing bridge on interface 0.0.0.0:0 to multicast group 230.0.0.1:6666.
[2017.01.02-10.26.58:657][  0]LogMaterial: Uniform references updated for custom material expression Custom.
[2017.01.02-10.26.59:031][  0]SourceControl: Info Source control is disabled
[2017.01.02-10.26.59:200][  0]SourceControl: Info Source control is disabled
[2017.01.02-10.26.59:240][  0]SourceControl: Info Source control is disabled
[2017.01.02-10.26.59:279][  0]SourceControl: Info Source control is disabled
[2017.01.02-10.27.00:488][  0]LogEngine: Initializing Engine...
[2017.01.02-10.27.00:489][  0]LogHMD: Failed to initialize OpenVR with code 110
[2017.01.02-10.27.00:752][  0]LogAIModule: Creating AISystem for world Untitled
[2017.01.02-10.27.00:760][  0]LogInit: XAudio2 using 'Haut-parleurs (Conexant SmartAudio HD)' : 2 channels at 48 kHz using 32 bits per sample (channel mask 0x3)
[2017.01.02-10.27.00:812][  0]LogInit: FAudioDevice initialized.
[2017.01.02-10.27.00:848][  0]LogDerivedDataCache: Saved boot cache 0.04s 50MB C:/Users/Gingi/AppData/Local/UnrealEngine/4.14/DerivedDataCache/Boot.ddc.
[2017.01.02-10.27.00:853][  0]LogInit: Texture streaming: Enabled
[2017.01.02-10.27.01:005][  0]LogInit: Transaction tracking system initialized
[2017.01.02-10.27.01:296][  0]BlueprintLog: New page: Editor Load
[2017.01.02-10.27.02:036][  0]LocalizationService: Info Localization service is disabled
[2017.01.02-10.27.02:594][  0]LogConsoleResponse:Display: 
[2017.01.02-10.27.02:777][  0]LogCook:Display: Max memory allowance for cook 16384mb min free memory 0mb
[2017.01.02-10.27.02:777][  0]LogCook:Display: Mobile HDR setting 1
[2017.01.02-10.27.03:649][  0]LogFileCache: Scanning file cache for directory 'E:/ProjetGit/RescaleUnreal/Content/' took 0.01s
[2017.01.02-10.27.03:689][  0]SourceControl: Info Source control is disabled
[2017.01.02-10.27.03:689][  0]Cmd: MAP LOAD FILE="E:/ProjetGit/RescaleUnreal/Content/_Rescale/MapTest.umap" TEMPLATE=0 SHOWPROGRESS=1 FEATURELEVEL=3
[2017.01.02-10.27.03:724][  0]LightingResults: New page: Lighting Build
[2017.01.02-10.27.03:760][  0]MapCheck: New page: Map Check
[2017.01.02-10.27.03:760][  0]LightingResults: New page: Lighting Build
[2017.01.02-10.27.06:978][  0]LogTexture:Display: Building textures: HQ_Lightmap1_1 (AutoDXT)
[2017.01.02-10.27.07:196][  0]LogTexture:Display: Building textures: HQ_Lightmap1_2 (AutoDXT)
[2017.01.02-10.27.07:255][  0]LogTexture:Display: Building textures: LQ_Lightmap_1_1 (DXT1)
[2017.01.02-10.27.07:314][  0]LogTexture:Display: Building textures: LQ_Lightmap_1_2 (DXT1)
[2017.01.02-10.27.07:316][  0]LogTexture:Display: Building textures: ShadowMapTexture2D_2 (BGRA8)
[2017.01.02-10.27.07:324][  0]LogTexture:Display: Building textures: ShadowMapTexture2D_3 (G8)
[2017.01.02-10.27.07:685][  0]LogAIModule: Creating AISystem for world MapTest
[2017.01.02-10.27.08:088][  0]LogEditorServer: Finished looking for orphan Actors (0.000 secs)
[2017.01.02-10.27.08:121][  0]Cmd: MAP CHECKDEP NOCLEARLOG
[2017.01.02-10.27.08:150][  0]MapCheck: Info Map check complete: 0 Error(s), 0 Warning(s), took 29.209ms to complete.
[2017.01.02-10.27.08:150][  0]LogFileHelpers: Loading map 'MapTest' took 4.461
[2017.01.02-10.27.08:204][  0]LogWindowsTextInputMethodSystem:Display: IME system now deactivated.
[2017.01.02-10.27.08:783][  0]LogCollectionManager: Loaded 0 collections in 0.001150 seconds
[2017.01.02-10.27.09:575][  0]LogFileCache: Scanning file cache for directory 'E:/ProjetGit/RescaleUnreal/Saved/Collections/' took 0.01s
[2017.01.02-10.27.09:575][  0]LogFileCache: Scanning file cache for directory 'E:/ProjetGit/RescaleUnreal/Content/Developers/Gingi/Collections/' took 0.01s
[2017.01.02-10.27.09:575][  0]LogFileCache: Scanning file cache for directory 'E:/ProjetGit/RescaleUnreal/Content/Collections/' took 0.01s
[2017.01.02-10.27.09:575][  0]LogCollectionManager: Rebuilt the GUID cache for 0 collections in 0.000002 seconds
[2017.01.02-10.27.09:729][  0]LogContentBrowser: Native class hierarchy populated in 0.0981 seconds. Added 2205 classes and 434 folders.
[2017.01.02-10.27.10:037][  0]LogStats: UGameplayTagsManager::ConstructGameplayTagTree: Construct from data asset -  0.000 s
[2017.01.02-10.27.10:037][  0]LogStats: UGameplayTagsManager::ConstructGameplayTagTree: GameplayTagTreeChangedEvent.Broadcast -  0.000 s
[2017.01.02-10.27.10:038][  0]LogContentBrowser: Native class hierarchy updated for 'GameplayTags' in 0.0008 seconds. Added 13 classes and 0 folders.
[2017.01.02-10.27.10:151][  0]LogContentBrowser: Native class hierarchy updated for 'WidgetCarousel' in 0.0005 seconds. Added 0 classes and 0 folders.
[2017.01.02-10.27.13:310][  0]LogContentBrowser: Native class hierarchy updated for 'AddContentDialog' in 0.0008 seconds. Added 0 classes and 0 folders.
[2017.01.02-10.27.13:507][  0]LogContentBrowser: Native class hierarchy updated for 'SceneOutliner' in 0.0005 seconds. Added 1 classes and 2 folders.
[2017.01.02-10.27.13:795][  0]LogCrashTracker: Crashtracker disabled due to settings.
[2017.01.02-10.27.14:110][  0]LogUObjectGlobals:Warning: Failed to find object 'Class None.'
[2017.01.02-10.27.14:237][  0]LogContentBrowser: Native class hierarchy updated for 'HierarchicalLODOutliner' in 0.0005 seconds. Added 1 classes and 2 folders.
[2017.01.02-10.27.14:237][  0]LogLoad: (Engine Initialization) Total time: 24.61 seconds
[2017.01.02-10.27.14:237][  0]LogLoad: (Engine Initialization) Total Blueprint compile time: 0.31 seconds
[2017.01.02-10.27.14:237][  0]LogExternalProfiler: Found external profiler: VSPerf
[2017.01.02-10.27.14:237][  0]LogExternalProfiler: Using external profiler: VSPerf
[2017.01.02-10.27.14:255][  0]LogOcInput: OculusInput pre-init called
[2017.01.02-10.27.14:520][  0]LogContentStreaming: Texture pool size now 1000 MB
[2017.01.02-10.27.15:939][  0]LogRenderer: Reallocating scene render targets to support 1208x576 NumSamples 1 (Frame:2).
[2017.01.02-10.27.20:234][214]LogAssetRegistry: Asset discovery search completed in 23.6169 seconds
[2017.01.02-10.27.20:234][214]LogCollectionManager: Rebuilt the object cache for 0 collections in 0.000001 seconds (found 0 objects)
[2017.01.02-10.27.20:234][214]LogCollectionManager: Fixed up redirectors for 0 collections in 0.000015 seconds (updated 0 objects)
[2017.01.02-10.27.31:154][726]LogTexture:Display: Building textures: HQ_Lightmap0_1 (AutoDXT)
[2017.01.02-10.27.31:694][726]LogTexture:Display: Building textures: HQ_Lightmap0_10 (AutoDXT)
[2017.01.02-10.27.31:720][726]LogTexture:Display: Building textures: HQ_Lightmap0_11 (AutoDXT)
[2017.01.02-10.27.31:762][726]LogTexture:Display: Building textures: HQ_Lightmap0_12 (AutoDXT)
[2017.01.02-10.27.31:810][726]LogTexture:Display: Building textures: HQ_Lightmap0_13 (AutoDXT)
[2017.01.02-10.27.31:856][726]LogTexture:Display: Building textures: HQ_Lightmap0_14 (AutoDXT)
[2017.01.02-10.27.31:912][726]LogTexture:Display: Building textures: HQ_Lightmap0_15 (AutoDXT)
[2017.01.02-10.27.32:166][726]LogTexture:Display: Building textures: HQ_Lightmap0_16 (AutoDXT)
[2017.01.02-10.27.32:212][726]LogTexture:Display: Building textures: HQ_Lightmap0_17 (AutoDXT)
[2017.01.02-10.27.32:287][726]LogTexture:Display: Building textures: HQ_Lightmap0_18 (AutoDXT)
[2017.01.02-10.27.32:321][726]LogTexture:Display: Building textures: HQ_Lightmap0_19 (AutoDXT)
[2017.01.02-10.27.32:368][726]LogTexture:Display: Building textures: HQ_Lightmap0_2 (AutoDXT)
[2017.01.02-10.27.32:487][726]LogTexture:Display: Building textures: HQ_Lightmap0_20 (AutoDXT)
[2017.01.02-10.27.32:525][726]LogTexture:Display: Building textures: HQ_Lightmap0_21 (AutoDXT)
[2017.01.02-10.27.32:601][726]LogTexture:Display: Building textures: HQ_Lightmap0_22 (AutoDXT)
[2017.01.02-10.27.33:175][726]LogTexture:Display: Building textures: HQ_Lightmap0_23 (AutoDXT)
[2017.01.02-10.27.33:260][726]LogTexture:Display: Building textures: HQ_Lightmap0_3 (AutoDXT)
[2017.01.02-10.27.34:516][726]LogTexture:Display: Building textures: HQ_Lightmap0_4 (AutoDXT)
[2017.01.02-10.27.34:563][726]LogTexture:Display: Building textures: HQ_Lightmap0_5 (AutoDXT)
[2017.01.02-10.27.34:605][726]LogTexture:Display: Building textures: HQ_Lightmap0_6 (AutoDXT)
[2017.01.02-10.27.34:648][726]LogTexture:Display: Building textures: HQ_Lightmap0_7 (AutoDXT)
[2017.01.02-10.27.34:691][726]LogTexture:Display: Building textures: HQ_Lightmap0_8 (AutoDXT)
[2017.01.02-10.27.34:742][726]LogTexture:Display: Building textures: HQ_Lightmap0_9 (AutoDXT)
[2017.01.02-10.27.34:785][726]LogTexture:Display: Building textures: LQ_Lightmap_0_1 (DXT1)
[2017.01.02-10.27.35:048][726]LogTexture:Display: Building textures: LQ_Lightmap_0_10 (DXT1)
[2017.01.02-10.27.35:076][726]LogTexture:Display: Building textures: LQ_Lightmap_0_11 (DXT1)
[2017.01.02-10.27.35:120][726]LogTexture:Display: Building textures: LQ_Lightmap_0_12 (DXT1)
[2017.01.02-10.27.35:166][726]LogTexture:Display: Building textures: LQ_Lightmap_0_13 (DXT1)
[2017.01.02-10.27.35:213][726]LogTexture:Display: Building textures: LQ_Lightmap_0_14 (DXT1)
[2017.01.02-10.27.35:286][726]LogTexture:Display: Building textures: LQ_Lightmap_0_15 (DXT1)
[2017.01.02-10.27.35:472][726]LogTexture:Display: Building textures: LQ_Lightmap_0_16 (DXT1)
[2017.01.02-10.27.35:519][726]LogTexture:Display: Building textures: LQ_Lightmap_0_17 (DXT1)
[2017.01.02-10.27.35:576][726]LogTexture:Display: Building textures: LQ_Lightmap_0_18 (DXT1)
[2017.01.02-10.27.35:617][726]LogTexture:Display: Building textures: LQ_Lightmap_0_19 (DXT1)
[2017.01.02-10.27.35:656][726]LogTexture:Display: Building textures: LQ_Lightmap_0_2 (DXT1)
[2017.01.02-10.27.35:786][726]LogTexture:Display: Building textures: LQ_Lightmap_0_20 (DXT1)
[2017.01.02-10.27.35:821][726]LogTexture:Display: Building textures: LQ_Lightmap_0_21 (DXT1)
[2017.01.02-10.27.35:866][726]LogTexture:Display: Building textures: LQ_Lightmap_0_22 (DXT1)
[2017.01.02-10.27.36:267][726]LogTexture:Display: Building textures: LQ_Lightmap_0_23 (DXT1)
[2017.01.02-10.27.36:366][726]LogTexture:Display: Building textures: LQ_Lightmap_0_3 (DXT1)
[2017.01.02-10.27.37:290][726]LogTexture:Display: Building textures: LQ_Lightmap_0_4 (DXT1)
[2017.01.02-10.27.37:337][726]LogTexture:Display: Building textures: LQ_Lightmap_0_5 (DXT1)
[2017.01.02-10.27.37:381][726]LogTexture:Display: Building textures: LQ_Lightmap_0_6 (DXT1)
[2017.01.02-10.27.37:425][726]LogTexture:Display: Building textures: LQ_Lightmap_0_7 (DXT1)
[2017.01.02-10.27.37:472][726]LogTexture:Display: Building textures: LQ_Lightmap_0_8 (DXT1)
[2017.01.02-10.27.37:512][726]LogTexture:Display: Building textures: LQ_Lightmap_0_9 (DXT1)
[2017.01.02-10.27.37:579][726]LogTexture:Display: Building textures: SkyOcclusion0_1 (AutoDXT)
[2017.01.02-10.27.37:902][726]LogTexture:Display: Building textures: SkyOcclusion0_10 (AutoDXT)
[2017.01.02-10.27.37:920][726]LogTexture:Display: Building textures: SkyOcclusion0_11 (AutoDXT)
[2017.01.02-10.27.37:947][726]LogTexture:Display: Building textures: SkyOcclusion0_12 (AutoDXT)
[2017.01.02-10.27.37:974][726]LogTexture:Display: Building textures: SkyOcclusion0_13 (AutoDXT)
[2017.01.02-10.27.38:001][726]LogTexture:Display: Building textures: SkyOcclusion0_14 (AutoDXT)
[2017.01.02-10.27.38:032][726]LogTexture:Display: Building textures: SkyOcclusion0_15 (AutoDXT)
[2017.01.02-10.27.38:116][726]LogTexture:Display: Building textures: SkyOcclusion0_16 (AutoDXT)
[2017.01.02-10.27.38:144][726]LogTexture:Display: Building textures: SkyOcclusion0_17 (AutoDXT)
[2017.01.02-10.27.38:170][726]LogTexture:Display: Building textures: SkyOcclusion0_18 (AutoDXT)
[2017.01.02-10.27.38:191][726]LogTexture:Display: Building textures: SkyOcclusion0_19 (AutoDXT)
[2017.01.02-10.27.38:218][726]LogTexture:Display: Building textures: SkyOcclusion0_2 (AutoDXT)
[2017.01.02-10.27.38:355][726]LogTexture:Display: Building textures: SkyOcclusion0_20 (AutoDXT)
[2017.01.02-10.27.38:376][726]LogTexture:Display: Building textures: SkyOcclusion0_21 (AutoDXT)
[2017.01.02-10.27.38:401][726]LogTexture:Display: Building textures: SkyOcclusion0_22 (AutoDXT)
[2017.01.02-10.27.38:614][726]LogTexture:Display: Building textures: SkyOcclusion0_23 (AutoDXT)
[2017.01.02-10.27.38:662][726]LogTexture:Display: Building textures: SkyOcclusion0_3 (AutoDXT)
[2017.01.02-10.27.39:203][726]LogTexture:Display: Building textures: SkyOcclusion0_4 (AutoDXT)
[2017.01.02-10.27.39:233][726]LogTexture:Display: Building textures: SkyOcclusion0_5 (AutoDXT)
[2017.01.02-10.27.39:265][726]LogTexture:Display: Building textures: SkyOcclusion0_6 (AutoDXT)
[2017.01.02-10.27.39:294][726]LogTexture:Display: Building textures: SkyOcclusion0_7 (AutoDXT)
[2017.01.02-10.27.39:322][726]LogTexture:Display: Building textures: SkyOcclusion0_8 (AutoDXT)
[2017.01.02-10.27.39:349][726]LogTexture:Display: Building textures: SkyOcclusion0_9 (AutoDXT)
[2017.01.02-10.27.39:365][726]LogTexture:Display: Building textures: ShadowMapTexture2D_0 (G8)
[2017.01.02-10.27.39:419][726]LogTexture:Display: Building textures: ShadowMapTexture2D_1 (BGRA8)
[2017.01.02-10.27.39:544][726]LogTexture:Display: Building textures: ShadowMapTexture2D_10 (G8)
[2017.01.02-10.27.39:546][726]LogTexture:Display: Building textures: ShadowMapTexture2D_11 (G8)
[2017.01.02-10.27.39:548][726]LogTexture:Display: Building textures: ShadowMapTexture2D_12 (G8)
[2017.01.02-10.27.39:549][726]LogTexture:Display: Building textures: ShadowMapTexture2D_13 (G8)
[2017.01.02-10.27.39:551][726]LogTexture:Display: Building textures: ShadowMapTexture2D_14 (G8)
[2017.01.02-10.27.39:552][726]LogTexture:Display: Building textures: ShadowMapTexture2D_15 (G8)
[2017.01.02-10.27.39:554][726]LogTexture:Display: Building textures: ShadowMapTexture2D_16 (G8)
[2017.01.02-10.27.39:557][726]LogTexture:Display: Building textures: ShadowMapTexture2D_17 (G8)
[2017.01.02-10.27.39:559][726]LogTexture:Display: Building textures: ShadowMapTexture2D_18 (G8)
[2017.01.02-10.27.39:560][726]LogTexture:Display: Building textures: ShadowMapTexture2D_19 (G8)
[2017.01.02-10.27.39:560][726]LogTexture:Display: Building textures: ShadowMapTexture2D_2 (G8)
[2017.01.02-10.27.39:570][726]LogTexture:Display: Building textures: ShadowMapTexture2D_20 (BGRA8)
[2017.01.02-10.27.39:577][726]LogTexture:Display: Building textures: ShadowMapTexture2D_21 (G8)
[2017.01.02-10.27.39:578][726]LogTexture:Display: Building textures: ShadowMapTexture2D_3 (G8)
[2017.01.02-10.27.39:579][726]LogTexture:Display: Building textures: ShadowMapTexture2D_4 (G8)
[2017.01.02-10.27.39:581][726]LogTexture:Display: Building textures: ShadowMapTexture2D_5 (BGRA8)
[2017.01.02-10.27.39:583][726]LogTexture:Display: Building textures: ShadowMapTexture2D_6 (G8)
[2017.01.02-10.27.39:584][726]LogTexture:Display: Building textures: ShadowMapTexture2D_7 (G8)
[2017.01.02-10.27.39:585][726]LogTexture:Display: Building textures: ShadowMapTexture2D_8 (G8)
[2017.01.02-10.27.39:586][726]LogTexture:Display: Building textures: ShadowMapTexture2D_9 (G8)
[2017.01.02-10.27.39:634][726]LogMaterial: Missing cached shader map for material light, compiling. 
[2017.01.02-10.27.40:466][726]LogTexture:Display: Building textures: T_Rock_Sandstone_N (BC5)
[2017.01.02-10.27.41:725][726]LogTexture:Display: Building textures: T_Rock_Sandstone_D (AutoDXT)
[2017.01.02-10.27.50:197][726]LogTexture:Display: Building textures: T_MacroVariation (AutoDXT)
[2017.01.02-10.27.56:682][726]LogMaterial: Missing cached shader map for material M_Rock_Sandstone, compiling. 
[2017.01.02-10.27.57:504][726]LogMaterial: Missing cached shader map for material M_Rock_Sandstone, compiling. 
[2017.01.02-10.27.57:610][726]LogAIModule: Creating AISystem for world Entrance
[2017.01.02-10.27.58:005][726]Cmd: MAP LOAD FILE="E:/ProjetGit/RescaleUnreal/Content/_Rescale/Entrance.umap" TEMPLATE=0 SHOWPROGRESS=1 FEATURELEVEL=3
[2017.01.02-10.27.58:006][726]LightingResults: New page: Lighting Build
[2017.01.02-10.27.58:007][726]LoadErrors: New page: Loading map: Entrance.umap
[2017.01.02-10.27.58:029][726]MapCheck: New page: Map Check
[2017.01.02-10.27.58:029][726]LightingResults: New page: Lighting Build
[2017.01.02-10.27.58:484][726]LogEditorServer: Finished looking for orphan Actors (0.000 secs)
[2017.01.02-10.27.58:539][726]Cmd: MAP CHECKDEP NOCLEARLOG
[2017.01.02-10.27.58:600][726]MapCheck: Info Map check complete: 0 Error(s), 0 Warning(s), took 61.011ms to complete.
[2017.01.02-10.27.58:601][726]LogFileHelpers: Loading map 'Entrance' took 0.639
[2017.01.02-10.28.03:469][974]LogTemp: Repeting last play command: Selected Viewport
[2017.01.02-10.28.03:615][974]LogPlayLevel: PlayLevel: No blueprints needed recompiling
[2017.01.02-10.28.03:718][974]PIE: New page: PIE session: Entrance (Jan 2, 2017, 12:28:03 PM)
[2017.01.02-10.28.03:718][974]LogPlayLevel: Creating play world package: /Game/_Rescale/UEDPIE_0_Entrance
[2017.01.02-10.28.03:810][974]LogPlayLevel: PIE: StaticDuplicateObject took: (0.091437s)
[2017.01.02-10.28.03:810][974]LogAIModule: Creating AISystem for world Entrance
[2017.01.02-10.28.03:828][974]LogPlayLevel: PIE: World Init took: (0.018348s)
[2017.01.02-10.28.03:838][974]LogPlayLevel: PIE: Created PIE world by copying editor world from /Game/_Rescale/Entrance.Entrance to /Game/_Rescale/UEDPIE_0_Entrance.Entrance (0.120195s)
[2017.01.02-10.28.03:928][974]LogInit: XAudio2 using 'Haut-parleurs (Conexant SmartAudio HD)' : 2 channels at 48 kHz using 32 bits per sample (channel mask 0x3)
[2017.01.02-10.28.03:952][974]LogInit: FAudioDevice initialized.
[2017.01.02-10.28.04:244][974]LogLoad: Game class is 'BP_RescaleGamemode_C'
[2017.01.02-10.28.04:380][974]LogWorld: Bringing World /Game/_Rescale/UEDPIE_0_Entrance.Entrance up for play (max tick rate 60) at 2017.01.02-11.28.04
[2017.01.02-10.28.04:503][974]LogWorld: Bringing up level for play took: 0.121408
[2017.01.02-10.28.04:924][974]LogContentBrowser: Native class hierarchy updated for 'MovieSceneCapture' in 0.0009 seconds. Added 11 classes and 0 folders.
[2017.01.02-10.28.05:121][974]LogScriptCore:Warning: Script Msg: Divide by zero
Script call stack:
	Function /Game/_Rescale/Meshes/Mannequins/ThirdPerson/Animations/ThirdPerson_AnimBP.ThirdPerson_AnimBP_C:BlueprintUpdateAnimation
	Function /Game/_Rescale/Meshes/Mannequins/ThirdPerson/Animations/ThirdPerson_AnimBP.ThirdPerson_AnimBP_C:ExecuteUbergraph_ThirdPerson_AnimBP

[2017.01.02-10.28.05:625][974]PIE: Info Play in editor start time for /Game/_Rescale/UEDPIE_0_Entrance 2.965
[2017.01.02-10.28.24:745][958]LogNet: Browse: /Game/_Rescale/Inside
[2017.01.02-10.28.24:757][958]LogLoad: LoadMap: /Game/_Rescale/Inside
[2017.01.02-10.28.24:783][958]LogScriptCore:Warning: Script Msg: Divide by zero
Script call stack:
	Function /Game/_Rescale/Meshes/Mannequins/ThirdPerson/Animations/ThirdPerson_AnimBP.ThirdPerson_AnimBP_C:BlueprintUpdateAnimation
	Function /Game/_Rescale/Meshes/Mannequins/ThirdPerson/Animations/ThirdPerson_AnimBP.ThirdPerson_AnimBP_C:ExecuteUbergraph_ThirdPerson_AnimBP

[2017.01.02-10.28.24:860][958]Cmd: MEM
[2017.01.02-10.28.25:049][958]LogMemory: Platform Memory Stats for Windows
[2017.01.02-10.28.25:049][958]LogMemory: Process Physical Memory: 1275.20 MB used, 1358.71 MB peak
[2017.01.02-10.28.25:049][958]LogMemory: Process Virtual Memory: 1679.30 MB used, 1711.57 MB peak
[2017.01.02-10.28.25:049][958]LogMemory: Physical Memory: 4810.86 MB used,  1222.13 MB free, 6033.00 MB total
[2017.01.02-10.28.25:049][958]LogMemory: Virtual Memory: 2471.39 MB used,  1222.13 MB free, 134217728.00 MB total
[2017.01.02-10.28.25:049][958]LogMemory: 
[2017.01.02-10.28.25:049][958]Allocator Stats for TBB: (not implemented)
[2017.01.02-10.28.25:279][958]LogMaterial: Missing cached shader map for material light2, compiling. 
[2017.01.02-10.28.25:326][958]LogTexture:Display: Building textures: HQ_Lightmap0_1 (AutoDXT)
[2017.01.02-10.28.25:569][958]LogTexture:Display: Building textures: HQ_Lightmap0_2 (AutoDXT)
[2017.01.02-10.28.27:461][958]LogTexture:Display: Building textures: HQ_Lightmap0_3 (AutoDXT)
[2017.01.02-10.28.28:989][958]LogTexture:Display: Building textures: HQ_Lightmap0_5 (AutoDXT)
[2017.01.02-10.28.30:295][958]LogTexture:Display: Building textures: HQ_Lightmap0_6 (AutoDXT)
[2017.01.02-10.28.30:531][958]LogTexture:Display: Building textures: HQ_Lightmap1_4 (AutoDXT)
[2017.01.02-10.28.32:093][958]LogTexture:Display: Building textures: LQ_Lightmap_0_1 (DXT1)
[2017.01.02-10.28.32:221][958]LogTexture:Display: Building textures: LQ_Lightmap_0_2 (DXT1)
[2017.01.02-10.28.33:184][958]LogTexture:Display: Building textures: LQ_Lightmap_0_3 (DXT1)
[2017.01.02-10.28.33:924][958]LogTexture:Display: Building textures: LQ_Lightmap_0_5 (DXT1)
[2017.01.02-10.28.34:403][958]LogTexture:Display: Building textures: LQ_Lightmap_0_6 (DXT1)
[2017.01.02-10.28.34:535][958]LogTexture:Display: Building textures: LQ_Lightmap_1_4 (DXT1)
[2017.01.02-10.28.35:200][958]LogTexture:Display: Building textures: ShadowMapTexture2D_32 (BGRA8)
[2017.01.02-10.28.35:267][958]LogTexture:Display: Building textures: ShadowMapTexture2D_33 (BGRA8)
[2017.01.02-10.28.35:490][958]LogTexture:Display: Building textures: ShadowMapTexture2D_34 (BGRA8)
[2017.01.02-10.28.35:608][958]LogTexture:Display: Building textures: ShadowMapTexture2D_35 (BGRA8)
[2017.01.02-10.28.39:626][958]LogAIModule: Creating AISystem for world Inside
[2017.01.02-10.28.39:720][958]LogLoad: Game class is 'BP_RescaleGamemode_C'
[2017.01.02-10.28.39:794][958]LogWorld: Bringing World /Game/_Rescale/UEDPIE_0_Inside.Inside up for play (max tick rate 60) at 2017.01.02-11.28.39
[2017.01.02-10.28.39:794][958]LogWorld: Bringing up level for play took: 0.037221
[2017.01.02-10.28.39:795][958]LogScriptCore:Warning: Script Msg: Divide by zero
Script call stack:
	Function /Game/_Rescale/Meshes/Mannequins/ThirdPerson/Animations/ThirdPerson_AnimBP.ThirdPerson_AnimBP_C:BlueprintUpdateAnimation
	Function /Game/_Rescale/Meshes/Mannequins/ThirdPerson/Animations/ThirdPerson_AnimBP.ThirdPerson_AnimBP_C:ExecuteUbergraph_ThirdPerson_AnimBP

[2017.01.02-10.28.39:811][958]LogLoad: Took 15.054632 seconds to LoadMap(/Game/_Rescale/Inside)
[2017.01.02-10.29.43:387][672]LogScriptCore:Warning: Script Msg: Divide by zero
Script call stack:
	Function /Game/_Rescale/Meshes/Mannequins/ThirdPerson/Animations/ThirdPerson_AnimBP.ThirdPerson_AnimBP_C:BlueprintUpdateAnimation
	Function /Game/_Rescale/Meshes/Mannequins/ThirdPerson/Animations/ThirdPerson_AnimBP.ThirdPerson_AnimBP_C:ExecuteUbergraph_ThirdPerson_AnimBP

[2017.01.02-10.29.54:083][304]LogScriptCore:Warning: Script Msg: Divide by zero
Script call stack:
	Function /Game/_Rescale/Meshes/Mannequins/ThirdPerson/Animations/ThirdPerson_AnimBP.ThirdPerson_AnimBP_C:BlueprintUpdateAnimation
	Function /Game/_Rescale/Meshes/Mannequins/ThirdPerson/Animations/ThirdPerson_AnimBP.ThirdPerson_AnimBP_C:ExecuteUbergraph_ThirdPerson_AnimBP

[2017.01.02-10.30.03:934][873]LogScriptCore:Warning: Script Msg: Divide by zero
Script call stack:
	Function /Game/_Rescale/Meshes/Mannequins/ThirdPerson/Animations/ThirdPerson_AnimBP.ThirdPerson_AnimBP_C:BlueprintUpdateAnimation
	Function /Game/_Rescale/Meshes/Mannequins/ThirdPerson/Animations/ThirdPerson_AnimBP.ThirdPerson_AnimBP_C:ExecuteUbergraph_ThirdPerson_AnimBP

[2017.01.02-10.30.18:764][754]LogScriptCore:Warning: Script Msg: Divide by zero
Script call stack:
	Function /Game/_Rescale/Meshes/Mannequins/ThirdPerson/Animations/ThirdPerson_AnimBP.ThirdPerson_AnimBP_C:BlueprintUpdateAnimation
	Function /Game/_Rescale/Meshes/Mannequins/ThirdPerson/Animations/ThirdPerson_AnimBP.ThirdPerson_AnimBP_C:ExecuteUbergraph_ThirdPerson_AnimBP

[2017.01.02-10.38.39:623][803]LogSlate: Only BGRA pngs, bmps or icos are supported in by External Image Picker
[2017.01.02-10.38.39:940][804]LogTemp:Display: Executing iPhonePackager certificates Engine -bundlename com.YourCompany.Rescale

[2017.01.02-10.38.39:940][804]LogTemp:Display: CWD: D:\Epic Games\4.14\Engine\Binaries\DotNet\IOS

[2017.01.02-10.38.39:940][804]LogTemp:Display: Initial Dir: D:\Epic Games\4.14

[2017.01.02-10.38.39:940][804]LogTemp:Display: Env CWD: D:\Epic Games\4.14\Engine\Binaries\DotNet\IOS

[2017.01.02-10.38.39:940][804]LogTemp:Display: BranchPath = DESKTOP-FMK961L/D/Epic Games/4.14/Engine/Binaries --- GameBranchPath = DESKTOP-FMK961L/D/Epic Games/4.14/Engine/Binaries

