Log file open, 01/02/17 17:10:05
LogInit:Display: Running engine for game: Rescale
LogPlatformFile: Not using cached read wrapper
LogInit:Display: RandInit(22108013) SRandInit(22108015).
LogTaskGraph: Started task graph with 5 named threads and 6 total threads with 1 sets of task threads.
LogStats: Stats thread started at 0.060801
LogPluginManager: Loaded Plugin Paper2D, From D:/Epic Games/4.14/Engine/Plugins/2D/Paper2D/Paper2D.uplugin
LogPluginManager: Loaded Plugin LightPropagationVolume, From D:/Epic Games/4.14/Engine/Plugins/Blendables/LightPropagationVolume/LightPropagationVolume.uplugin
LogPluginManager: Loaded Plugin BlankPlugin, From D:/Epic Games/4.14/Engine/Plugins/Developer/BlankPlugin/BlankPlugin.uplugin
LogPluginManager: Loaded Plugin CodeLiteSourceCodeAccess, From D:/Epic Games/4.14/Engine/Plugins/Developer/CodeLiteSourceCodeAccess/CodeLiteSourceCodeAccess.uplugin
LogPluginManager: Loaded Plugin GitSourceControl, From D:/Epic Games/4.14/Engine/Plugins/Developer/GitSourceControl/GitSourceControl.uplugin
LogPluginManager: Loaded Plugin KDevelopSourceCodeAccess, From D:/Epic Games/4.14/Engine/Plugins/Developer/KDevelopSourceCodeAccess/KDevelopSourceCodeAccess.uplugin
LogPluginManager: Loaded Plugin NullSourceCodeAccess, From D:/Epic Games/4.14/Engine/Plugins/Developer/NullSourceCodeAccess/NullSourceCodeAccess.uplugin
LogPluginManager: Loaded Plugin OneSkyLocalizationService, From D:/Epic Games/4.14/Engine/Plugins/Developer/OneSkyLocalizationService/OneSkyLocalizationService.uplugin
LogPluginManager: Loaded Plugin PerforceSourceControl, From D:/Epic Games/4.14/Engine/Plugins/Developer/PerforceSourceControl/PerforceSourceControl.uplugin
LogPluginManager: Loaded Plugin SubversionSourceControl, From D:/Epic Games/4.14/Engine/Plugins/Developer/SubversionSourceControl/SubversionSourceControl.uplugin
LogPluginManager: Loaded Plugin UObjectPlugin, From D:/Epic Games/4.14/Engine/Plugins/Developer/UObjectPlugin/UObjectPlugin.uplugin
LogPluginManager: Loaded Plugin VisualStudioSourceCodeAccess, From D:/Epic Games/4.14/Engine/Plugins/Developer/VisualStudioSourceCodeAccess/VisualStudioSourceCodeAccess.uplugin
LogPluginManager: Loaded Plugin XCodeSourceCodeAccess, From D:/Epic Games/4.14/Engine/Plugins/Developer/XCodeSourceCodeAccess/XCodeSourceCodeAccess.uplugin
LogPluginManager: Loaded Plugin AudioCapture, From D:/Epic Games/4.14/Engine/Plugins/Editor/AudioCapture/AudioCapture.uplugin
LogPluginManager: Loaded Plugin EpicSurvey, From D:/Epic Games/4.14/Engine/Plugins/Editor/EpicSurvey/EpicSurvey.uplugin
LogPluginManager: Loaded Plugin MacGraphicsSwitching, From D:/Epic Games/4.14/Engine/Plugins/Editor/MacGraphicsSwitching/MacGraphicsSwitching.uplugin
LogPluginManager: Loaded Plugin MobileLauncherProfileWizard, From D:/Epic Games/4.14/Engine/Plugins/Editor/MobileLauncherProfileWizard/MobileLauncherProfileWizard.uplugin
LogPluginManager: Loaded Plugin PluginBrowser, From D:/Epic Games/4.14/Engine/Plugins/Editor/PluginBrowser/PluginBrowser.uplugin
LogPluginManager: Loaded Plugin SpeedTreeImporter, From D:/Epic Games/4.14/Engine/Plugins/Editor/SpeedTreeImporter/SpeedTreeImporter.uplugin
LogPluginManager: Loaded Plugin SuperSearchEditor, From D:/Epic Games/4.14/Engine/Plugins/Editor/SuperSearchEditor/SuperSearchEditor.uplugin
LogPluginManager: Loaded Plugin AlembicImporter, From D:/Epic Games/4.14/Engine/Plugins/Experimental/AlembicImporter/AlembicImporter.uplugin
LogPluginManager: Loaded Plugin BlueprintStats, From D:/Epic Games/4.14/Engine/Plugins/Experimental/BlueprintStats/BlueprintStats.uplugin
LogPluginManager: Loaded Plugin CharacterAI, From D:/Epic Games/4.14/Engine/Plugins/Experimental/CharacterAI/CharacterAI.uplugin
LogPluginManager: Loaded Plugin CodeEditor, From D:/Epic Games/4.14/Engine/Plugins/Experimental/CodeEditor/CodeEditor.uplugin
LogPluginManager: Loaded Plugin CodeView, From D:/Epic Games/4.14/Engine/Plugins/Experimental/CodeView/CodeView.uplugin
LogPluginManager: Loaded Plugin HTML5Networking, From D:/Epic Games/4.14/Engine/Plugins/Experimental/HTML5Networking/HTML5Networking.uplugin
LogPluginManager: Loaded Plugin OSVR, From D:/Epic Games/4.14/Engine/Plugins/Experimental/OSVR/OSVR.uplugin
LogPluginManager: Loaded Plugin Phya, From D:/Epic Games/4.14/Engine/Plugins/Experimental/Phya/Phya.uplugin
LogPluginManager: Loaded Plugin SignificanceManager, From D:/Epic Games/4.14/Engine/Plugins/Experimental/SignificanceManager/SignificanceManager.uplugin
LogPluginManager: Loaded Plugin SimpleHMD, From D:/Epic Games/4.14/Engine/Plugins/Experimental/SimpleHMD/SimpleHMD.uplugin
LogPluginManager: Loaded Plugin StereoPanorama, From D:/Epic Games/4.14/Engine/Plugins/Experimental/StereoPanorama/StereoPanorama.uplugin
LogPluginManager: Loaded Plugin StructBox, From D:/Epic Games/4.14/Engine/Plugins/Experimental/StructBox/StructBox.uplugin
LogPluginManager: Loaded Plugin Substance, From D:/Epic Games/4.14/Engine/Plugins/Marketplace/Substance/Substance.uplugin
LogPluginManager: Loaded Plugin AndroidMedia, From D:/Epic Games/4.14/Engine/Plugins/Media/AndroidMedia/AndroidMedia.uplugin
LogPluginManager: Loaded Plugin AvfMedia, From D:/Epic Games/4.14/Engine/Plugins/Media/AvfMedia/AvfMedia.uplugin
LogPluginManager: Loaded Plugin MediaPlayerEditor, From D:/Epic Games/4.14/Engine/Plugins/Media/MediaPlayerEditor/MediaPlayerEditor.uplugin
LogPluginManager: Loaded Plugin WmfMedia, From D:/Epic Games/4.14/Engine/Plugins/Media/WmfMedia/WmfMedia.uplugin
LogPluginManager: Loaded Plugin MessagingDebugger, From D:/Epic Games/4.14/Engine/Plugins/Messaging/MessagingDebugger/MessagingDebugger.uplugin
LogPluginManager: Loaded Plugin TcpMessaging, From D:/Epic Games/4.14/Engine/Plugins/Messaging/TcpMessaging/TcpMessaging.uplugin
LogPluginManager: Loaded Plugin UdpMessaging, From D:/Epic Games/4.14/Engine/Plugins/Messaging/UdpMessaging/UdpMessaging.uplugin
LogPluginManager: Loaded Plugin LevelSequenceEditor, From D:/Epic Games/4.14/Engine/Plugins/MovieScene/LevelSequenceEditor/LevelSequenceEditor.uplugin
LogPluginManager: Loaded Plugin MatineeToLevelSequence, From D:/Epic Games/4.14/Engine/Plugins/MovieScene/MatineeToLevelSequence/MatineeToLevelSequence.uplugin
LogPluginManager: Loaded Plugin NetcodeUnitTest, From D:/Epic Games/4.14/Engine/Plugins/NetcodeUnitTest/NetcodeUnitTest/NetcodeUnitTest.uplugin
LogPluginManager: Loaded Plugin NUTUnrealEngine4, From D:/Epic Games/4.14/Engine/Plugins/NetcodeUnitTest/NUTUnrealEngine4/NUTUnrealEngine4.uplugin
LogPluginManager: Loaded Plugin OnlineSubsystemGameCircle, From D:/Epic Games/4.14/Engine/Plugins/Online/Android/OnlineSubsystemGameCircle/OnlineSubsystemGameCircle.uplugin
LogPluginManager: Loaded Plugin OnlineSubsystemGooglePlay, From D:/Epic Games/4.14/Engine/Plugins/Online/Android/OnlineSubsystemGooglePlay/OnlineSubsystemGooglePlay.uplugin
LogPluginManager: Loaded Plugin OnlineSubsystemIOS, From D:/Epic Games/4.14/Engine/Plugins/Online/IOS/OnlineSubsystemIOS/OnlineSubsystemIOS.uplugin
LogPluginManager: Loaded Plugin OnlineFramework, From D:/Epic Games/4.14/Engine/Plugins/Online/OnlineFramework/OnlineFramework.uplugin
LogPluginManager: Loaded Plugin OnlineSubsystem, From D:/Epic Games/4.14/Engine/Plugins/Online/OnlineSubsystem/OnlineSubsystem.uplugin
LogPluginManager: Loaded Plugin OnlineSubsystemAmazon, From D:/Epic Games/4.14/Engine/Plugins/Online/OnlineSubsystemAmazon/OnlineSubsystemAmazon.uplugin
LogPluginManager: Loaded Plugin OnlineSubsystemFacebook, From D:/Epic Games/4.14/Engine/Plugins/Online/OnlineSubsystemFacebook/OnlineSubsystemFacebook.uplugin
LogPluginManager: Loaded Plugin OnlineSubsystemNull, From D:/Epic Games/4.14/Engine/Plugins/Online/OnlineSubsystemNull/OnlineSubsystemNull.uplugin
LogPluginManager: Loaded Plugin OnlineSubsystemOculus, From D:/Epic Games/4.14/Engine/Plugins/Online/OnlineSubsystemOculus/OnlineSubsystemOculus.uplugin
LogPluginManager: Loaded Plugin OnlineSubsystemSteam, From D:/Epic Games/4.14/Engine/Plugins/Online/OnlineSubsystemSteam/OnlineSubsystemSteam.uplugin
LogPluginManager: Loaded Plugin OnlineSubsystemUtils, From D:/Epic Games/4.14/Engine/Plugins/Online/OnlineSubsystemUtils/OnlineSubsystemUtils.uplugin
LogPluginManager: Loaded Plugin IOSTapJoy, From D:/Epic Games/4.14/Engine/Plugins/Runtime/Advertising/IOSTapJoy/IOSTapJoy.uplugin
LogPluginManager: Loaded Plugin AnalyticsBlueprintLibrary, From D:/Epic Games/4.14/Engine/Plugins/Runtime/Analytics/AnalyticsBlueprintLibrary/AnalyticsBlueprintLibrary.uplugin
LogPluginManager: Loaded Plugin AnalyticsMulticast, From D:/Epic Games/4.14/Engine/Plugins/Runtime/Analytics/AnalyticsMulticast/AnalyticsMulticast.uplugin
LogPluginManager: Loaded Plugin Apsalar, From D:/Epic Games/4.14/Engine/Plugins/Runtime/Analytics/Apsalar/Apsalar.uplugin
LogPluginManager: Loaded Plugin FileLogging, From D:/Epic Games/4.14/Engine/Plugins/Runtime/Analytics/FileLogging/FileLogging.uplugin
LogPluginManager: Loaded Plugin Flurry, From D:/Epic Games/4.14/Engine/Plugins/Runtime/Analytics/Flurry/Flurry.uplugin
LogPluginManager: Loaded Plugin AndroidDeviceProfileSelector, From D:/Epic Games/4.14/Engine/Plugins/Runtime/AndroidDeviceProfileSelector/AndroidDeviceProfileSelector.uplugin
LogPluginManager: Loaded Plugin AndroidMoviePlayer, From D:/Epic Games/4.14/Engine/Plugins/Runtime/AndroidMoviePlayer/AndroidMoviePlayer.uplugin
LogPluginManager: Loaded Plugin AppleMoviePlayer, From D:/Epic Games/4.14/Engine/Plugins/Runtime/AppleMoviePlayer/AppleMoviePlayer.uplugin
LogPluginManager: Loaded Plugin ArchVisCharacter, From D:/Epic Games/4.14/Engine/Plugins/Runtime/ArchVisCharacter/ArchVisCharacter.uplugin
LogPluginManager: Loaded Plugin CableComponent, From D:/Epic Games/4.14/Engine/Plugins/Runtime/CableComponent/CableComponent.uplugin
LogPluginManager: Loaded Plugin CustomMeshComponent, From D:/Epic Games/4.14/Engine/Plugins/Runtime/CustomMeshComponent/CustomMeshComponent.uplugin
LogPluginManager: Loaded Plugin ExampleDeviceProfileSelector, From D:/Epic Games/4.14/Engine/Plugins/Runtime/ExampleDeviceProfileSelector/ExampleDeviceProfileSelector.uplugin
LogPluginManager: Loaded Plugin GearVR, From D:/Epic Games/4.14/Engine/Plugins/Runtime/GearVR/GearVR.uplugin
LogPluginManager: Loaded Plugin GoogleVRController, From D:/Epic Games/4.14/Engine/Plugins/Runtime/GoogleVR/GoogleVRController/GoogleVRController.uplugin
LogPluginManager: Loaded Plugin GoogleVRHMD, From D:/Epic Games/4.14/Engine/Plugins/Runtime/GoogleVR/GoogleVRHMD/GoogleVRHMD.uplugin
LogPluginManager: Loaded Plugin IOSDeviceProfileSelector, From D:/Epic Games/4.14/Engine/Plugins/Runtime/IOSDeviceProfileSelector/IOSDeviceProfileSelector.uplugin
LogPluginManager: Loaded Plugin LeapMotion, From D:/Epic Games/4.14/Engine/Plugins/Runtime/LeapMotion/LeapMotion.uplugin
LogPluginManager: Loaded Plugin LinuxDeviceProfileSelector, From D:/Epic Games/4.14/Engine/Plugins/Runtime/LinuxDeviceProfileSelector/LinuxDeviceProfileSelector.uplugin
LogPluginManager: Loaded Plugin MIDIDevice, From D:/Epic Games/4.14/Engine/Plugins/Runtime/MIDIDevice/MIDIDevice.uplugin
LogPluginManager: Loaded Plugin MobilePatchingUtils, From D:/Epic Games/4.14/Engine/Plugins/Runtime/MobilePatchingUtils/MobilePatchingUtils.uplugin
LogPluginManager: Loaded Plugin Ansel, From D:/Epic Games/4.14/Engine/Plugins/Runtime/Nvidia/Ansel/Ansel.uplugin
LogPluginManager: Loaded Plugin OculusAudio, From D:/Epic Games/4.14/Engine/Plugins/Runtime/OculusAudio/OculusAudio.uplugin
LogPluginManager: Loaded Plugin OculusInput, From D:/Epic Games/4.14/Engine/Plugins/Runtime/OculusInput/OculusInput.uplugin
LogPluginManager: Loaded Plugin OculusLibrary, From D:/Epic Games/4.14/Engine/Plugins/Runtime/OculusLibrary/OculusLibrary.uplugin
LogPluginManager: Loaded Plugin OculusRift, From D:/Epic Games/4.14/Engine/Plugins/Runtime/OculusRift/OculusRift.uplugin
LogPluginManager: Loaded Plugin Oodle, From D:/Epic Games/4.14/Engine/Plugins/Runtime/PacketHandlers/CompressionComponents/Oodle/Oodle.uplugin
LogPluginManager: Loaded Plugin ProceduralMeshComponent, From D:/Epic Games/4.14/Engine/Plugins/Runtime/ProceduralMeshComponent/ProceduralMeshComponent.uplugin
LogPluginManager: Loaded Plugin SoundMod, From D:/Epic Games/4.14/Engine/Plugins/Runtime/SoundMod/SoundMod.uplugin
LogPluginManager: Loaded Plugin SoundVisualizations, From D:/Epic Games/4.14/Engine/Plugins/Runtime/SoundVisualizations/SoundVisualizations.uplugin
LogPluginManager: Loaded Plugin SteamController, From D:/Epic Games/4.14/Engine/Plugins/Runtime/Steam/SteamController/SteamController.uplugin
LogPluginManager: Loaded Plugin SteamVR, From D:/Epic Games/4.14/Engine/Plugins/Runtime/Steam/SteamVR/SteamVR.uplugin
LogPluginManager: Loaded Plugin WebBrowserWidget, From D:/Epic Games/4.14/Engine/Plugins/Runtime/WebBrowserWidget/WebBrowserWidget.uplugin
LogPluginManager: Loaded Plugin WindowsDeviceProfileSelector, From D:/Epic Games/4.14/Engine/Plugins/Runtime/WindowsDeviceProfileSelector/WindowsDeviceProfileSelector.uplugin
LogPluginManager: Loaded Plugin WindowsMoviePlayer, From D:/Epic Games/4.14/Engine/Plugins/Runtime/WindowsMoviePlayer/WindowsMoviePlayer.uplugin
LogPluginManager: Loaded Plugin ScriptPlugin, From D:/Epic Games/4.14/Engine/Plugins/ScriptPlugin/ScriptPlugin.uplugin
LogPluginManager: Loaded Plugin SlateRemote, From D:/Epic Games/4.14/Engine/Plugins/Slate/SlateRemote/SlateRemote.uplugin
LogPluginManager: Loaded Plugin EditorTests, From D:/Epic Games/4.14/Engine/Plugins/Tests/EditorTests/EditorTests.uplugin
LogPluginManager: Loaded Plugin FbxAutomationTestBuilder, From D:/Epic Games/4.14/Engine/Plugins/Tests/FbxAutomationTestBuilder/FbxAutomationTestBuilder.uplugin
LogPluginManager: Loaded Plugin FunctionalTestingEditor, From D:/Epic Games/4.14/Engine/Plugins/Tests/FunctionalTestingEditor/FunctionalTestingEditor.uplugin
LogPluginManager: Loaded Plugin RuntimeTests, From D:/Epic Games/4.14/Engine/Plugins/Tests/RuntimeTests/RuntimeTests.uplugin
LogPluginManager: Loaded Plugin ScreenshotTools, From D:/Epic Games/4.14/Engine/Plugins/Tests/ScreenshotTools/ScreenshotTools.uplugin
LogInit: Using libcurl 7.47.1
LogInit:  - built for x86_64-pc-win32
LogInit:  - supports SSL with OpenSSL/1.0.2g
LogInit:  - supports HTTP deflate (compression) using libz 1.2.8
LogInit:  - other features:
LogInit:      CURL_VERSION_SSL
LogInit:      CURL_VERSION_LIBZ
LogInit:      CURL_VERSION_IPV6
LogInit:      CURL_VERSION_ASYNCHDNS
LogInit:      CURL_VERSION_LARGEFILE
LogInit:      CURL_VERSION_IDN
LogInit:  CurlRequestOptions (configurable via config and command line):
LogInit:  - bVerifyPeer = false  - Libcurl will NOT verify peer certificate
LogInit:  - bUseHttpProxy = false  - Libcurl will NOT use HTTP proxy
LogInit:  - bDontReuseConnections = false  - Libcurl will reuse connections
LogInit:  - CertBundlePath = nullptr  - Libcurl will use whatever was configured at build time.
LogInit: Build: ++UE4+Release-4.14-CL-3224400
LogInit: Engine Version: 4.14.1-3224400+++UE4+Release-4.14
LogInit: Compatible Engine Version: 4.14.0-3195953+++UE4+Release-4.14
LogInit: Net CL: 3195953
LogDevObjectVersion: Number of dev versions registered: 13
LogDevObjectVersion:   Dev-Blueprints (B0D832E4-1F89-4F0D-ACCF-7EB736FD4AA2): 7
LogDevObjectVersion:   Dev-Build (E1C64328-A22C-4D53-A36C-8E866417BD8C): 0
LogDevObjectVersion:   Dev-Core (375EC13C-06E4-48FB-B500-84F0262A717E): 1
LogDevObjectVersion:   Dev-Editor (E4B068ED-F494-42E9-A231-DA0B2E46BB41): 8
LogDevObjectVersion:   Dev-Framework (CFFC743F-43B0-4480-9391-14DF171D2073): 17
LogDevObjectVersion:   Dev-Mobile (B02B49B5-BB20-44E9-A304-32B752E40360): 0
LogDevObjectVersion:   Dev-Networking (A4E4105C-59A1-49B5-A7C5-40C4547EDFEE): 0
LogDevObjectVersion:   Dev-Online (39C831C9-5AE6-47DC-9A44-9C173E1C8E7C): 0
LogDevObjectVersion:   Dev-Physics (78F01B33-EBEA-4F98-B9B4-84EACCB95AA2): 0
LogDevObjectVersion:   Dev-Platform (6631380F-2D4D-43E0-8009-CF276956A95A): 0
LogDevObjectVersion:   Dev-Rendering (12F88B9F-8875-4AFC-A67C-D90C383ABD29): 12
LogDevObjectVersion:   Dev-Sequencer (7B5AE74C-D270-4C10-A958-57980B212A5A): 1
LogDevObjectVersion:   Dev-VR (D7296918-1DD6-4BDD-9DE2-64A83CC13884): 0
LogInit: Compiled (64-bit): Dec  7 2016 02:14:32
LogInit: Compiled with Visual C++: 19.00.23026.00
LogInit: Build Configuration: Development
LogInit: Branch Name: ++UE4+Release-4.14
LogInit: Command line: -EpicPortal 
LogInit: Base directory: D:/Epic Games/4.14/Engine/Binaries/Win64/
LogInit: Installed Engine Build: 1
LogInit: Presizing for max 8388607 objects, including 0 objects not considered by GC, pre-allocating 0 bytes for permanent pool.
LogInit: Object subsystem initialized
[2017.01.02-16.10.05:404][  0]LogInit: Selected Device Profile: [Windows]
[2017.01.02-16.10.05:404][  0]LogInit: Applying CVar settings loaded from the selected device profile: [Windows]
[2017.01.02-16.10.05:444][  0]LogInit: Computer: DESKTOP-FMK961L
[2017.01.02-16.10.05:444][  0]LogInit: User: Gingi
[2017.01.02-16.10.05:444][  0]LogInit: CPU Page size=65536, Cores=2
[2017.01.02-16.10.05:444][  0]LogInit: High frequency timer resolution =2.728073 MHz
[2017.01.02-16.10.05:444][  0]LogMemory: Memory total: Physical=5.9GB (6GB approx)
[2017.01.02-16.10.05:444][  0]LogMemory: Platform Memory Stats for Windows
[2017.01.02-16.10.05:444][  0]LogMemory: Process Physical Memory: 263.17 MB used, 263.17 MB peak
[2017.01.02-16.10.05:444][  0]LogMemory: Process Virtual Memory: 262.32 MB used, 262.32 MB peak
[2017.01.02-16.10.05:444][  0]LogMemory: Physical Memory: 4477.02 MB used,  1555.97 MB free, 6033.00 MB total
[2017.01.02-16.10.05:444][  0]LogMemory: Virtual Memory: 674.68 MB used,  1555.97 MB free, 134217728.00 MB total
[2017.01.02-16.10.05:476][  0]LogTextLocalizationManager: No translations for ('fr-FR') exist, falling back to 'en' for localization and internationalization data.
[2017.01.02-16.10.06:196][  0]LogD3D11RHI: D3D11 adapters:
[2017.01.02-16.10.06:243][  0]LogD3D11RHI:    0. 'NVIDIA GeForce GTX 950M' (Feature Level 11_0)
[2017.01.02-16.10.06:243][  0]LogD3D11RHI:       2018/0/3016 MB DedicatedVideo/DedicatedSystem/SharedSystem, Outputs:1, VendorId:0x10de
[2017.01.02-16.10.06:250][  0]LogD3D11RHI:    1. 'Intel(R) HD Graphics 4600' (Feature Level 11_0)
[2017.01.02-16.10.06:250][  0]LogD3D11RHI:       112/0/2048 MB DedicatedVideo/DedicatedSystem/SharedSystem, Outputs:0, VendorId:0x8086
[2017.01.02-16.10.06:254][  0]LogD3D11RHI:    2. 'Microsoft Basic Render Driver' (Feature Level 11_0)
[2017.01.02-16.10.06:254][  0]LogD3D11RHI:       0/0/3016 MB DedicatedVideo/DedicatedSystem/SharedSystem, Outputs:0, VendorId:0x1414
[2017.01.02-16.10.06:254][  0]LogD3D11RHI: Chosen D3D11 Adapter: 0
[2017.01.02-16.10.06:258][  0]LogD3D11RHI: Creating new Direct3DDevice
[2017.01.02-16.10.06:258][  0]LogD3D11RHI:     GPU DeviceId: 0x139a (for the marketing name, search the web for "GPU Device Id")
[2017.01.02-16.10.06:258][  0]LogWindows: EnumDisplayDevices:
[2017.01.02-16.10.06:258][  0]LogWindows:    0. 'Intel(R) HD Graphics 4600' (P:1 D:1)
[2017.01.02-16.10.06:259][  0]LogWindows:    1. 'Intel(R) HD Graphics 4600' (P:0 D:0)
[2017.01.02-16.10.06:259][  0]LogWindows:    2. 'Intel(R) HD Graphics 4600' (P:0 D:0)
[2017.01.02-16.10.06:259][  0]LogWindows: DebugString: PrimaryIsNotTheChoosenAdapter PrimaryIsNotTheChoosenAdapter PrimaryIsNotTheChoosenAdapter FoundDriverCount:0 
[2017.01.02-16.10.06:259][  0]LogD3D11RHI:     Adapter Name: NVIDIA GeForce GTX 950M
[2017.01.02-16.10.06:259][  0]LogD3D11RHI:   Driver Version: Unknown (internal:Unknown, unified:Unknown)
[2017.01.02-16.10.06:259][  0]LogD3D11RHI:      Driver Date: Unknown
[2017.01.02-16.10.06:259][  0]LogRHI: Texture pool is 1361 MB (70% of 1945 MB)
[2017.01.02-16.10.06:274][  0]LogD3D11RHI: Async texture creation enabled
[2017.01.02-16.10.06:286][  0]LogD3D11RHI: GPU Timing Frequency: 1000.000000 (Debug: 2 1)
[2017.01.02-16.10.06:287][  0]LogShaderCompilers: Guid format shader working directory is 20 characters bigger than the processId version (E:/ProjetGit/RescaleUnreal/Intermediate/Shaders/WorkingDirectory/5596/).
[2017.01.02-16.10.06:288][  0]LogShaderCompilers: Cleaned the shader compiler working directory 'C:/Users/Gingi/AppData/Local/Temp/UnrealShaderWorkingDir/1DF9059C4FB5C87E9FEA51AF5F135EC5/'.
[2017.01.02-16.10.06:288][  0]LogShaderCompilers:Display: Using Local Shader Compiler.
[2017.01.02-16.10.08:746][  0]LogTemp:Display: Loaded TP AllDesktopTargetPlatform
[2017.01.02-16.10.08:876][  0]LogTemp:Display: Loaded TP MacClientTargetPlatform
[2017.01.02-16.10.09:007][  0]LogTemp:Display: Loaded TP MacNoEditorTargetPlatform
[2017.01.02-16.10.09:145][  0]LogTemp:Display: Loaded TP MacServerTargetPlatform
[2017.01.02-16.10.09:251][  0]LogTemp:Display: Loaded TP MacTargetPlatform
[2017.01.02-16.10.09:447][  0]LogTemp:Display: Loaded TP WindowsClientTargetPlatform
[2017.01.02-16.10.09:632][  0]LogTemp:Display: Loaded TP WindowsNoEditorTargetPlatform
[2017.01.02-16.10.09:722][  0]LogTemp:Display: Loaded TP WindowsServerTargetPlatform
[2017.01.02-16.10.09:792][  0]LogTemp:Display: Loaded TP WindowsTargetPlatform
[2017.01.02-16.10.09:865][  0]LogTemp:Display: Loaded TP AndroidTargetPlatform
[2017.01.02-16.10.09:960][  0]LogTemp:Display: Loaded TP Android_ASTCTargetPlatform
[2017.01.02-16.10.10:048][  0]LogTemp:Display: Loaded TP Android_ATCTargetPlatform
[2017.01.02-16.10.10:121][  0]LogTemp:Display: Loaded TP Android_DXTTargetPlatform
[2017.01.02-16.10.10:175][  0]LogTemp:Display: Loaded TP Android_ETC1TargetPlatform
[2017.01.02-16.10.10:221][  0]LogTemp:Display: Loaded TP Android_ETC2TargetPlatform
[2017.01.02-16.10.10:311][  0]LogTemp:Display: Loaded TP Android_MultiTargetPlatform
[2017.01.02-16.10.10:311][  0]LogTemp:Display: Loaded TP Android_PVRTCTargetPlatform
[2017.01.02-16.10.10:340][  0]LogTemp:Display: Loaded TP HTML5TargetPlatform
[2017.01.02-16.10.10:412][  0]LogTemp:Display: Loaded TP IOSTargetPlatform
[2017.01.02-16.10.10:444][  0]LogTemp:Display: Loaded TP TVOSTargetPlatform
[2017.01.02-16.10.10:491][  0]LogTemp:Display: Loaded TP LinuxClientTargetPlatform
[2017.01.02-16.10.10:537][  0]LogTemp:Display: Loaded TP LinuxNoEditorTargetPlatform
[2017.01.02-16.10.10:582][  0]LogTemp:Display: Loaded TP LinuxServerTargetPlatform
[2017.01.02-16.10.10:628][  0]LogTemp:Display: Loaded TP LinuxTargetPlatform
[2017.01.02-16.10.10:628][  0]LogTargetPlatformManager:Display: Building Assets For Windows
[2017.01.02-16.10.10:924][  0]LogDerivedDataCache:Display: Max Cache Size: 512 MB
[2017.01.02-16.10.10:983][  0]LogDerivedDataCache: Loaded boot cache 0.06s 50MB C:/Users/Gingi/AppData/Local/UnrealEngine/4.14/DerivedDataCache/Boot.ddc.
[2017.01.02-16.10.10:983][  0]LogDerivedDataCache:Display: Loaded Boot cache: C:/Users/Gingi/AppData/Local/UnrealEngine/4.14/DerivedDataCache/Boot.ddc
[2017.01.02-16.10.10:983][  0]LogDerivedDataCache: FDerivedDataBackendGraph:  Pak pak cache file E:/ProjetGit/RescaleUnreal/DerivedDataCache/DDC.ddp not found, will not use a pak cache.
[2017.01.02-16.10.10:983][  0]LogDerivedDataCache: Unable to find inner node Pak for hierarchical cache Hierarchy.
[2017.01.02-16.10.10:983][  0]LogDerivedDataCache: FDerivedDataBackendGraph:  CompressedPak pak cache file E:/ProjetGit/RescaleUnreal/DerivedDataCache/Compressed.ddp not found, will not use a pak cache.
[2017.01.02-16.10.10:983][  0]LogDerivedDataCache: Unable to find inner node CompressedPak for hierarchical cache Hierarchy.
[2017.01.02-16.10.11:002][  0]LogDerivedDataCache:Display: Pak cache opened for reading ../../../Engine/DerivedDataCache/Compressed.ddp.
[2017.01.02-16.10.11:015][  0]LogDerivedDataCache: Using Local data cache path C:/Users/Gingi/AppData/Local/UnrealEngine/Common/DerivedDataCache: Writable
[2017.01.02-16.10.11:225][  0]LogInit: Selected Device Profile: [Windows]
[2017.01.02-16.10.11:228][  0]LogContentStreaming: Texture pool size is 0.00 MB
[2017.01.02-16.10.11:404][  0]LogMeshUtilities: Using QuadricMeshReduction for automatic static mesh reduction
[2017.01.02-16.10.11:437][  0]LogSimplygon: Simplygon DLL not present - disabling.
[2017.01.02-16.10.11:471][  0]LogMeshUtilities: Using SimplygonSwarm for distributed automatic mesh merging
[2017.01.02-16.10.11:471][  0]LogMeshUtilities: No automatic skeletal mesh reduction module available
[2017.01.02-16.10.11:471][  0]LogMeshUtilities: No automatic mesh merging module available
[2017.01.02-16.10.11:976][  0]LogNetVersion: GetLocalNetworkVersion: CL: 3195953, ProjectName: rescale, ProjectVersion: , EngineNetworkVersion: 2, GameNetworkVersion: 0, NetworkChecksum: 103703839
[2017.01.02-16.10.12:029][  0]LogAssetRegistry: FAssetRegistry took 0.0218 seconds to start up
[2017.01.02-16.10.12:065][  0]LogPackageLocalizationCache: Processed 3 localized package path(s) for 1 prioritized culture(s) in 0.013816 seconds
[2017.01.02-16.10.12:072][  0]LogUObjectArray: 31946 objects as part of root set at end of initial load.
[2017.01.02-16.10.12:072][  0]LogUObjectAllocator: 6935840 out of 0 bytes used by permanent object pool.
[2017.01.02-16.10.12:072][  0]LogUObjectArray: CloseDisregardForGC: 0/0 objects in disregard for GC pool
[2017.01.02-16.10.12:118][  0]LogInit: WinSock: version 1.1 (2.2), MaxSocks=32767, MaxUdp=65467
[2017.01.02-16.10.12:684][  0]LogSlate: Using Freetype 2.6.0
[2017.01.02-16.10.12:684][  0]LogSlate: SlateFontCache - WITH_FREETYPE: 1, WITH_HARFBUZZ: 1
[2017.01.02-16.10.12:684][  0]LogSlate: SlateFontCache - WITH_FREETYPE: 1, WITH_HARFBUZZ: 1
[2017.01.02-16.10.13:407][  0]LogSubstanceCoreModule: Substance CPU Engine Loaded, Max Texture Size 2048
[2017.01.02-16.10.13:427][  0]LogTcpMessaging: Initializing TcpMessaging bridge
[2017.01.02-16.10.13:458][  0]LogUdpMessaging: Initializing bridge on interface 0.0.0.0:0 to multicast group 230.0.0.1:6666.
[2017.01.02-16.10.13:749][  0]LogMaterial: Uniform references updated for custom material expression Custom.
[2017.01.02-16.10.14:062][  0]SourceControl: Info Source control is disabled
[2017.01.02-16.10.14:214][  0]SourceControl: Info Source control is disabled
[2017.01.02-16.10.14:257][  0]SourceControl: Info Source control is disabled
[2017.01.02-16.10.14:294][  0]SourceControl: Info Source control is disabled
[2017.01.02-16.10.15:430][  0]LogEngine: Initializing Engine...
[2017.01.02-16.10.15:432][  0]LogHMD: Failed to initialize OpenVR with code 110
[2017.01.02-16.10.15:688][  0]LogAIModule: Creating AISystem for world Untitled
[2017.01.02-16.10.15:695][  0]LogInit: XAudio2 using 'Haut-parleurs (Conexant SmartAudio HD)' : 2 channels at 48 kHz using 32 bits per sample (channel mask 0x3)
[2017.01.02-16.10.15:759][  0]LogInit: FAudioDevice initialized.
[2017.01.02-16.10.15:796][  0]LogDerivedDataCache: Saved boot cache 0.04s 50MB C:/Users/Gingi/AppData/Local/UnrealEngine/4.14/DerivedDataCache/Boot.ddc.
[2017.01.02-16.10.15:805][  0]LogInit: Texture streaming: Enabled
[2017.01.02-16.10.15:986][  0]LogInit: Transaction tracking system initialized
[2017.01.02-16.10.16:260][  0]BlueprintLog: New page: Editor Load
[2017.01.02-16.10.16:953][  0]LocalizationService: Info Localization service is disabled
[2017.01.02-16.10.17:473][  0]LogConsoleResponse:Display: 
[2017.01.02-16.10.17:674][  0]LogCook:Display: Max memory allowance for cook 16384mb min free memory 0mb
[2017.01.02-16.10.17:674][  0]LogCook:Display: Mobile HDR setting 1
[2017.01.02-16.10.18:402][  0]LogFileCache: Scanning file cache for directory 'E:/ProjetGit/RescaleUnreal/Content/' took 0.01s
[2017.01.02-16.10.18:402][  0]SourceControl: Info Source control is disabled
[2017.01.02-16.10.18:402][  0]Cmd: MAP LOAD FILE="E:/ProjetGit/RescaleUnreal/Content/_Rescale/MapTest.umap" TEMPLATE=0 SHOWPROGRESS=1 FEATURELEVEL=3
[2017.01.02-16.10.18:403][  0]LightingResults: New page: Lighting Build
[2017.01.02-16.10.18:436][  0]MapCheck: New page: Map Check
[2017.01.02-16.10.18:436][  0]LightingResults: New page: Lighting Build
[2017.01.02-16.10.19:023][  0]LogAIModule: Creating AISystem for world MapTest
[2017.01.02-16.10.19:033][  0]LogEditorServer: Finished looking for orphan Actors (0.000 secs)
[2017.01.02-16.10.19:035][  0]Cmd: MAP CHECKDEP NOCLEARLOG
[2017.01.02-16.10.19:063][  0]MapCheck: Info Map check complete: 0 Error(s), 0 Warning(s), took 27.619ms to complete.
[2017.01.02-16.10.19:063][  0]LogFileHelpers: Loading map 'MapTest' took 0.661
[2017.01.02-16.10.19:112][  0]LogWindowsTextInputMethodSystem:Display: IME system now deactivated.
[2017.01.02-16.10.19:318][  0]LogCollectionManager: Loaded 0 collections in 0.001673 seconds
[2017.01.02-16.10.19:403][  0]LogFileCache: Scanning file cache for directory 'E:/ProjetGit/RescaleUnreal/Saved/Collections/' took 0.01s
[2017.01.02-16.10.19:403][  0]LogFileCache: Scanning file cache for directory 'E:/ProjetGit/RescaleUnreal/Content/Developers/Gingi/Collections/' took 0.01s
[2017.01.02-16.10.19:403][  0]LogFileCache: Scanning file cache for directory 'E:/ProjetGit/RescaleUnreal/Content/Collections/' took 0.01s
[2017.01.02-16.10.19:403][  0]LogCollectionManager: Rebuilt the GUID cache for 0 collections in 0.000002 seconds
[2017.01.02-16.10.19:412][  0]LogContentBrowser: Native class hierarchy populated in 0.0087 seconds. Added 2205 classes and 434 folders.
[2017.01.02-16.10.19:453][  0]LogStats: UGameplayTagsManager::ConstructGameplayTagTree: Construct from data asset -  0.000 s
[2017.01.02-16.10.19:453][  0]LogStats: UGameplayTagsManager::ConstructGameplayTagTree: GameplayTagTreeChangedEvent.Broadcast -  0.000 s
[2017.01.02-16.10.19:467][  0]LogContentBrowser: Native class hierarchy updated for 'GameplayTags' in 0.0012 seconds. Added 13 classes and 0 folders.
[2017.01.02-16.10.19:516][  0]LogContentBrowser: Native class hierarchy updated for 'WidgetCarousel' in 0.0004 seconds. Added 0 classes and 0 folders.
[2017.01.02-16.10.20:450][  0]LogContentBrowser: Native class hierarchy updated for 'AddContentDialog' in 0.0005 seconds. Added 0 classes and 0 folders.
[2017.01.02-16.10.20:521][  0]LogContentBrowser: Native class hierarchy updated for 'SceneOutliner' in 0.0005 seconds. Added 1 classes and 2 folders.
[2017.01.02-16.10.20:628][  0]LogCrashTracker: Crashtracker disabled due to settings.
[2017.01.02-16.10.20:648][  0]LogUObjectGlobals:Warning: Failed to find object 'Class None.'
[2017.01.02-16.10.20:735][  0]LogContentBrowser: Native class hierarchy updated for 'HierarchicalLODOutliner' in 0.0019 seconds. Added 1 classes and 2 folders.
[2017.01.02-16.10.20:736][  0]LogLoad: (Engine Initialization) Total time: 17.09 seconds
[2017.01.02-16.10.20:737][  0]LogLoad: (Engine Initialization) Total Blueprint compile time: 0.20 seconds
[2017.01.02-16.10.20:737][  0]LogExternalProfiler: Found external profiler: VSPerf
[2017.01.02-16.10.20:737][  0]LogExternalProfiler: Using external profiler: VSPerf
[2017.01.02-16.10.20:756][  0]LogOcInput: OculusInput pre-init called
[2017.01.02-16.10.20:774][  0]LogContentStreaming: Texture pool size now 1000 MB
[2017.01.02-16.10.20:972][  0]LogRenderer: Reallocating scene render targets to support 1208x576 NumSamples 1 (Frame:2).
[2017.01.02-16.10.21:058][  1]LogAssetRegistry: Asset discovery search completed in 9.0518 seconds
[2017.01.02-16.10.21:058][  1]LogCollectionManager: Rebuilt the object cache for 0 collections in 0.000001 seconds (found 0 objects)
[2017.01.02-16.10.21:058][  1]LogCollectionManager: Fixed up redirectors for 0 collections in 0.000019 seconds (updated 0 objects)
[2017.01.02-16.10.26:442][299]Cmd: MAP LOAD FILE="E:/ProjetGit/RescaleUnreal/Content/_Rescale/MapTest.umap" TEMPLATE=0 SHOWPROGRESS=1 FEATURELEVEL=3
[2017.01.02-16.10.26:442][299]LightingResults: New page: Lighting Build
[2017.01.02-16.10.26:443][299]LoadErrors: New page: Loading map: MapTest.umap
[2017.01.02-16.10.26:487][299]MapCheck: New page: Map Check
[2017.01.02-16.10.26:487][299]LightingResults: New page: Lighting Build
[2017.01.02-16.10.26:517][299]LogAIModule: Creating AISystem for world MapTest
[2017.01.02-16.10.26:563][299]LogEditorServer: Finished looking for orphan Actors (0.000 secs)
[2017.01.02-16.10.26:580][299]Cmd: MAP CHECKDEP NOCLEARLOG
[2017.01.02-16.10.26:610][299]MapCheck: Info Map check complete: 0 Error(s), 0 Warning(s), took 29.028ms to complete.
[2017.01.02-16.10.26:610][299]LogFileHelpers: Loading map 'MapTest' took 0.169
[2017.01.02-16.10.31:581][484]LogScriptCore:Warning: Script Msg: Divide by zero
Script call stack:
	Function /Game/_Rescale/Meshes/Mannequins/ThirdPerson/Animations/ThirdPerson_AnimBP.ThirdPerson_AnimBP_C:BlueprintUpdateAnimation
	Function /Game/_Rescale/Meshes/Mannequins/ThirdPerson/Animations/ThirdPerson_AnimBP.ThirdPerson_AnimBP_C:ExecuteUbergraph_ThirdPerson_AnimBP

[2017.01.02-16.10.32:980][533]LogContentBrowser: Native class hierarchy updated for 'BlueprintGraph' in 0.0010 seconds. Added 111 classes and 0 folders.
[2017.01.02-16.10.39:818][839]LogAIModule: Creating AISystem for world Inside
[2017.01.02-16.10.39:889][839]Cmd: MAP LOAD FILE="E:/ProjetGit/RescaleUnreal/Content/_Rescale/Inside.umap" TEMPLATE=0 SHOWPROGRESS=1 FEATURELEVEL=3
[2017.01.02-16.10.39:890][839]LightingResults: New page: Lighting Build
[2017.01.02-16.10.39:890][839]LoadErrors: New page: Loading map: Inside.umap
[2017.01.02-16.10.39:891][839]MapCheck: New page: Map Check
[2017.01.02-16.10.39:891][839]LightingResults: New page: Lighting Build
[2017.01.02-16.10.40:069][839]LogEditorServer: Finished looking for orphan Actors (0.000 secs)
[2017.01.02-16.10.40:087][839]Cmd: MAP CHECKDEP NOCLEARLOG
[2017.01.02-16.10.40:126][839]MapCheck: Info Map check complete: 0 Error(s), 0 Warning(s), took 38.736ms to complete.
[2017.01.02-16.10.40:126][839]LogFileHelpers: Loading map 'Inside' took 0.237
[2017.01.02-16.10.52:554][518]LogAIModule: Creating AISystem for world MapTest
[2017.01.02-16.10.52:596][518]Cmd: MAP LOAD FILE="E:/ProjetGit/RescaleUnreal/Content/_Rescale/MapTest.umap" TEMPLATE=0 SHOWPROGRESS=1 FEATURELEVEL=3
[2017.01.02-16.10.52:596][518]LightingResults: New page: Lighting Build
[2017.01.02-16.10.52:597][518]LoadErrors: New page: Loading map: MapTest.umap
[2017.01.02-16.10.52:601][518]MapCheck: New page: Map Check
[2017.01.02-16.10.52:601][518]LightingResults: New page: Lighting Build
[2017.01.02-16.10.52:726][518]LogEditorServer: Finished looking for orphan Actors (0.000 secs)
[2017.01.02-16.10.52:742][518]Cmd: MAP CHECKDEP NOCLEARLOG
[2017.01.02-16.10.52:780][518]MapCheck: Info Map check complete: 0 Error(s), 0 Warning(s), took 37.72ms to complete.
[2017.01.02-16.10.52:780][518]LogFileHelpers: Loading map 'MapTest' took 0.185
[2017.01.02-16.11.04:545][189]BlueprintLog: New page: Compile MapTest
[2017.01.02-16.11.07:136][333]LogTemp: Repeting last play command: Selected Viewport
[2017.01.02-16.11.07:149][333]LogBlueprintUserMessages: Early PlayInEditor Detection: Level '/Game/_Rescale/MapTest.MapTest:PersistentLevel' has LevelScriptBlueprint '/Game/_Rescale/MapTest.MapTest:PersistentLevel.MapTest' with GeneratedClass '/Game/_Rescale/MapTest.MapTest_C' with ClassGeneratedBy '/Game/_Rescale/MapTest.MapTest:PersistentLevel.MapTest'
[2017.01.02-16.11.07:149][333]LogPlayLevel: PlayLevel: No blueprints needed recompiling
[2017.01.02-16.11.07:212][333]PIE: New page: PIE session: MapTest (Jan 2, 2017, 6:11:07 PM)
[2017.01.02-16.11.07:212][333]LogPlayLevel: Creating play world package: /Game/_Rescale/UEDPIE_0_MapTest
[2017.01.02-16.11.07:215][333]LogPlayLevel: PIE: StaticDuplicateObject took: (0.003319s)
[2017.01.02-16.11.07:216][333]LogAIModule: Creating AISystem for world MapTest
[2017.01.02-16.11.07:218][333]LogPlayLevel: PIE: World Init took: (0.001976s)
[2017.01.02-16.11.07:218][333]LogPlayLevel: PIE: Created PIE world by copying editor world from /Game/_Rescale/MapTest.MapTest to /Game/_Rescale/UEDPIE_0_MapTest.MapTest (0.005733s)
[2017.01.02-16.11.07:249][333]LogInit: XAudio2 using 'Haut-parleurs (Conexant SmartAudio HD)' : 2 channels at 48 kHz using 32 bits per sample (channel mask 0x3)
[2017.01.02-16.11.07:264][333]LogInit: FAudioDevice initialized.
[2017.01.02-16.11.07:354][333]LogLoad: Game class is 'BP_RescaleGamemode_C'
[2017.01.02-16.11.07:356][333]LogWorld: Bringing World /Game/_Rescale/UEDPIE_0_MapTest.MapTest up for play (max tick rate 60) at 2017.01.02-17.11.07
[2017.01.02-16.11.07:357][333]LogWorld: Bringing up level for play took: 0.001342
[2017.01.02-16.11.07:389][333]LogContentBrowser: Native class hierarchy updated for 'MovieSceneCapture' in 0.0006 seconds. Added 11 classes and 0 folders.
[2017.01.02-16.11.07:389][333]LogScriptCore:Warning: Script Msg: Divide by zero
Script call stack:
	Function /Game/_Rescale/Meshes/Mannequins/ThirdPerson/Animations/ThirdPerson_AnimBP.ThirdPerson_AnimBP_C:BlueprintUpdateAnimation
	Function /Game/_Rescale/Meshes/Mannequins/ThirdPerson/Animations/ThirdPerson_AnimBP.ThirdPerson_AnimBP_C:ExecuteUbergraph_ThirdPerson_AnimBP

[2017.01.02-16.11.07:405][333]PIE: Info Play in editor start time for /Game/_Rescale/UEDPIE_0_MapTest 0.746
[2017.01.02-16.11.07:405][333]LogBlueprintUserMessages: Late PlayInEditor Detection: Level '/Game/_Rescale/MapTest.MapTest:PersistentLevel' has LevelScriptBlueprint '/Game/_Rescale/MapTest.MapTest:PersistentLevel.MapTest' with GeneratedClass '/Game/_Rescale/MapTest.MapTest_C' with ClassGeneratedBy '/Game/_Rescale/MapTest.MapTest:PersistentLevel.MapTest'
[2017.01.02-16.11.10:852][524]LogBlueprintUserMessages: Early EndPlayMap Detection: Level '/Game/_Rescale/MapTest.MapTest:PersistentLevel' has LevelScriptBlueprint '/Game/_Rescale/MapTest.MapTest:PersistentLevel.MapTest' with GeneratedClass '/Game/_Rescale/MapTest.MapTest_C' with ClassGeneratedBy '/Game/_Rescale/MapTest.MapTest:PersistentLevel.MapTest'
[2017.01.02-16.11.10:914][524]LogBlueprintUserMessages: Late EndPlayMap Detection: Level '/Game/_Rescale/MapTest.MapTest:PersistentLevel' has LevelScriptBlueprint '/Game/_Rescale/MapTest.MapTest:PersistentLevel.MapTest' with GeneratedClass '/Game/_Rescale/MapTest.MapTest_C' with ClassGeneratedBy '/Game/_Rescale/MapTest.MapTest:PersistentLevel.MapTest'
[2017.01.02-16.11.14:252][610]Cmd: OBJ SAVEPACKAGE PACKAGE="/Game/_Rescale/MapTest" FILE="E:/ProjetGit/RescaleUnreal/Content/_Rescale/MapTest.umap" SILENT=true AUTOSAVING=false KEEPDIRTY=false
[2017.01.02-16.11.14:433][610]LogSavePackage: Save=125.37ms
[2017.01.02-16.11.14:433][610]LogSavePackage: Moving 'E:/ProjetGit/RescaleUnreal/Saved/MapTest3D8B394149C437704838558B2BC107ED.tmp' to 'E:/ProjetGit/RescaleUnreal/Content/_Rescale/MapTest.umap'
[2017.01.02-16.11.14:437][610]LogSavePackage:Display: Finished SavePackage E:/ProjetGit/RescaleUnreal/Content/_Rescale/MapTest.umap
[2017.01.02-16.11.14:480][610]LogFileHelpers: Saving map 'MapTest' took 0.325
[2017.01.02-16.11.14:527][610]LogWindowsTextInputMethodSystem:Display: IME system now deactivated.
[2017.01.02-16.11.14:797][611]Cmd: QUIT_EDITOR
[2017.01.02-16.11.15:364][611]LogExit: Preparing to exit.
[2017.01.02-16.11.15:702][611]LogExit: Editor shut down
[2017.01.02-16.11.15:702][611]LogExit: Transaction tracking system shut down
[2017.01.02-16.11.15:819][611]LogObj: Freed 0b from 0 cluster array pools.
[2017.01.02-16.11.15:819][611]LogExit: Object subsystem successfully closed.
[2017.01.02-16.11.15:877][611]LogD3D11RHI: Shutdown
[2017.01.02-16.11.15:877][611]LogD3D11RHI: CleanupD3DDevice
[2017.01.02-16.11.16:014][611]LogD3D11RHI: ~FD3D11DynamicRHI
[2017.01.02-16.11.16:021][611]LogHttp:Display: Http module shutting down, but needs to wait on 2 outstanding Http requests:
[2017.01.02-16.11.16:021][611]LogHttp:Display: 	verb=[POST] url=[https://datarouter.ol.epicgames.com/datarouter/api/v1/public/data?SessionID=%7BA6614489-4C25-BD5B-6905-579C8FF8041D%7D&AppID=UEEditor.Rocket.Release&AppVersion=4.14.1-3224400%2B%2B%2BUE4%2BRelease-4.14&UserID=e4bfc40e4ad31b3c7e26c18d33d83761%7C71dc0af48eab4c7c924f3170eb826819%7C50649d1b-dcdb-44bc-881f-a60cb064ec0a&AppEnvironment=datacollector-binary&UploadType=eteventstream] status=Processing
[2017.01.02-16.11.16:021][611]LogHttp:Display: 	verb=[POST] url=[https://datarouter.ol.epicgames.com/datarouter/api/v1/public/data?SessionID=%7BA6614489-4C25-BD5B-6905-579C8FF8041D%7D&AppID=UEEditor.Rocket.Release&AppVersion=4.14.1-3224400%2B%2B%2BUE4%2BRelease-4.14&UserID=e4bfc40e4ad31b3c7e26c18d33d83761%7C71dc0af48eab4c7c924f3170eb826819%7C50649d1b-dcdb-44bc-881f-a60cb064ec0a&AppEnvironment=datacollector-binary&UploadType=eteventstream] status=Processing
[2017.01.02-16.11.16:021][611]LogHttp:Display: Sleeping 0.5s to wait for 2 outstanding Http requests.
[2017.01.02-16.11.16:550][611]LogModuleManager: Shutting down and abandoning module MovieSceneCapture (246)
[2017.01.02-16.11.16:550][611]LogModuleManager: Shutting down and abandoning module BlueprintGraph (245)
[2017.01.02-16.11.16:550][611]LogModuleManager: Shutting down and abandoning module BlueprintProfiler (244)
[2017.01.02-16.11.16:550][611]LogModuleManager: Shutting down and abandoning module HierarchicalLODOutliner (243)
[2017.01.02-16.11.16:550][611]LogModuleManager: Shutting down and abandoning module CrashTracker (242)
[2017.01.02-16.11.16:550][611]LogModuleManager: Shutting down and abandoning module SceneOutliner (241)
[2017.01.02-16.11.16:550][611]LogModuleManager: Shutting down and abandoning module WidgetCarousel (240)
[2017.01.02-16.11.16:550][611]LogModuleManager: Shutting down and abandoning module AddContentDialog (239)
[2017.01.02-16.11.16:550][611]LogDirectoryWatcher: A directory notification for 'D:/Epic Games/4.14/FeaturePacks/' was aborted.
[2017.01.02-16.11.16:551][611]LogModuleManager: Shutting down and abandoning module GameplayTags (238)
[2017.01.02-16.11.16:551][611]LogModuleManager: Shutting down and abandoning module EditorWidgets (237)
[2017.01.02-16.11.16:551][611]LogModuleManager: Shutting down and abandoning module CollectionManager (236)
[2017.01.02-16.11.16:551][611]LogDirectoryWatcher: A directory notification for 'E:/ProjetGit/RescaleUnreal/Content/Collections/' was aborted.
[2017.01.02-16.11.16:551][611]LogDirectoryWatcher: A directory notification for 'E:/ProjetGit/RescaleUnreal/Content/Developers/Gingi/Collections/' was aborted.
[2017.01.02-16.11.16:551][611]LogDirectoryWatcher: A directory notification for 'E:/ProjetGit/RescaleUnreal/Saved/Collections/' was aborted.
[2017.01.02-16.11.16:551][611]LogModuleManager: Shutting down and abandoning module StatsViewer (235)
[2017.01.02-16.11.16:551][611]LogModuleManager: Shutting down and abandoning module FoliageEdit (234)
[2017.01.02-16.11.16:551][611]LogModuleManager: Shutting down and abandoning module LandscapeEditor (233)
[2017.01.02-16.11.16:551][611]LogModuleManager: Shutting down and abandoning module SceneDepthPickerMode (232)
[2017.01.02-16.11.16:551][611]LogModuleManager: Shutting down and abandoning module ActorPickerMode (231)
[2017.01.02-16.11.16:551][611]LogModuleManager: Shutting down and abandoning module GeometryMode (230)
[2017.01.02-16.11.16:551][611]LogModuleManager: Shutting down and abandoning module TextureAlignMode (229)
[2017.01.02-16.11.16:551][611]LogModuleManager: Shutting down and abandoning module BspMode (228)
[2017.01.02-16.11.16:551][611]LogModuleManager: Shutting down and abandoning module HardwareSurvey (227)
[2017.01.02-16.11.16:551][611]LogModuleManager: Shutting down and abandoning module SequenceRecorderSections (226)
[2017.01.02-16.11.16:551][611]LogModuleManager: Shutting down and abandoning module AutomationWorker (225)
[2017.01.02-16.11.16:551][611]LogModuleManager: Shutting down and abandoning module MatineeToLevelSequence (224)
[2017.01.02-16.11.16:551][611]LogModuleManager: Shutting down and abandoning module PlacementMode (223)
[2017.01.02-16.11.16:551][611]LogModuleManager: Shutting down and abandoning module LevelSequenceEditor (222)
[2017.01.02-16.11.16:551][611]LogModuleManager: Shutting down and abandoning module WmfMediaFactory (221)
[2017.01.02-16.11.16:551][611]LogModuleManager: Shutting down and abandoning module WmfMediaEditor (220)
[2017.01.02-16.11.16:551][611]LogModuleManager: Shutting down and abandoning module AvfMediaFactory (219)
[2017.01.02-16.11.16:551][611]LogModuleManager: Shutting down and abandoning module AvfMediaEditor (218)
[2017.01.02-16.11.16:551][611]LogModuleManager: Shutting down and abandoning module Media (217)
[2017.01.02-16.11.16:551][611]LogModuleManager: Shutting down and abandoning module AndroidMediaFactory (216)
[2017.01.02-16.11.16:551][611]LogModuleManager: Shutting down and abandoning module AndroidMediaEditor (215)
[2017.01.02-16.11.16:551][611]LogModuleManager: Shutting down and abandoning module CharacterAI (214)
[2017.01.02-16.11.16:551][611]LogModuleManager: Shutting down and abandoning module SequenceRecorder (213)
[2017.01.02-16.11.16:551][611]LogModuleManager: Shutting down and abandoning module AudioCapture (212)
[2017.01.02-16.11.16:551][611]LogModuleManager: Shutting down and abandoning module SmartSnapping (211)
[2017.01.02-16.11.16:551][611]LogModuleManager: Shutting down and abandoning module SessionServices (210)
[2017.01.02-16.11.16:551][611]LogModuleManager: Shutting down and abandoning module ViewportSnapping (209)
[2017.01.02-16.11.16:551][611]LogModuleManager: Shutting down and abandoning module ViewportInteraction (208)
[2017.01.02-16.11.16:551][611]LogModuleManager: Shutting down and abandoning module LogVisualizer (207)
[2017.01.02-16.11.16:552][611]LogModuleManager: Shutting down and abandoning module GameProjectGeneration (206)
[2017.01.02-16.11.16:552][611]LogModuleManager: Shutting down and abandoning module IntroTutorials (205)
[2017.01.02-16.11.16:552][611]LogModuleManager: Shutting down and abandoning module EditorLiveStreaming (204)
[2017.01.02-16.11.16:552][611]LogModuleManager: Shutting down and abandoning module IOSPlatformEditor (203)
[2017.01.02-16.11.16:552][611]LogModuleManager: Shutting down and abandoning module HTML5PlatformEditor (202)
[2017.01.02-16.11.16:552][611]LogModuleManager: Shutting down and abandoning module AndroidDeviceDetection (201)
[2017.01.02-16.11.17:254][611]LogModuleManager: Shutting down and abandoning module AndroidPlatformEditor (200)
[2017.01.02-16.11.17:254][611]LogModuleManager: Shutting down and abandoning module IOSRuntimeSettings (199)
[2017.01.02-16.11.17:254][611]LogModuleManager: Shutting down and abandoning module AndroidRuntimeSettings (198)
[2017.01.02-16.11.17:254][611]LogModuleManager: Shutting down and abandoning module InputBindingEditor (197)
[2017.01.02-16.11.17:254][611]LogModuleManager: Shutting down and abandoning module NiagaraEditor (196)
[2017.01.02-16.11.17:254][611]LogModuleManager: Shutting down and abandoning module MergeActors (195)
[2017.01.02-16.11.17:254][611]LogModuleManager: Shutting down and abandoning module SizeMap (194)
[2017.01.02-16.11.17:254][611]LogModuleManager: Shutting down and abandoning module TreeMap (193)
[2017.01.02-16.11.17:254][611]LogModuleManager: Shutting down and abandoning module ReferenceViewer (192)
[2017.01.02-16.11.17:254][611]LogModuleManager: Shutting down and abandoning module LocalizationService (191)
[2017.01.02-16.11.17:254][611]LogModuleManager: Shutting down and abandoning module LocalizationDashboard (190)
[2017.01.02-16.11.17:254][611]LogModuleManager: Shutting down and abandoning module HardwareTargeting (189)
[2017.01.02-16.11.17:254][611]LogModuleManager: Shutting down and abandoning module DeviceProfileEditor (188)
[2017.01.02-16.11.17:254][611]LogModuleManager: Shutting down and abandoning module UndoHistory (187)
[2017.01.02-16.11.17:254][611]LogModuleManager: Shutting down and abandoning module UserFeedback (186)
[2017.01.02-16.11.17:254][611]LogModuleManager: Shutting down and abandoning module XmlParser (185)
[2017.01.02-16.11.17:254][611]LogModuleManager: Shutting down and abandoning module Blutility (184)
[2017.01.02-16.11.17:254][611]LogModuleManager: Shutting down and abandoning module ProjectTargetPlatformEditor (183)
[2017.01.02-16.11.17:254][611]LogModuleManager: Shutting down and abandoning module ProjectSettingsViewer (182)
[2017.01.02-16.11.17:254][611]LogModuleManager: Shutting down and abandoning module EditorSettingsViewer (181)
[2017.01.02-16.11.17:254][611]LogModuleManager: Shutting down and abandoning module SettingsEditor (180)
[2017.01.02-16.11.17:254][611]LogModuleManager: Shutting down and abandoning module ProjectLauncher (179)
[2017.01.02-16.11.17:254][611]LogModuleManager: Shutting down and abandoning module SessionFrontend (178)
[2017.01.02-16.11.17:254][611]LogModuleManager: Shutting down and abandoning module ProfilerClient (177)
[2017.01.02-16.11.17:254][611]LogModuleManager: Shutting down and abandoning module TargetDeviceServices (176)
[2017.01.02-16.11.17:254][611]LogModuleManager: Shutting down and abandoning module DeviceManager (175)
[2017.01.02-16.11.17:307][611]LogModuleManager: Shutting down and abandoning module AutomationController (174)
[2017.01.02-16.11.17:307][611]LogModuleManager: Shutting down and abandoning module AutomationWindow (173)
[2017.01.02-16.11.17:307][611]LogModuleManager: Shutting down and abandoning module Layers (172)
[2017.01.02-16.11.17:307][611]LogModuleManager: Shutting down and abandoning module ComponentVisualizers (171)
[2017.01.02-16.11.17:307][611]LogModuleManager: Shutting down and abandoning module DetailCustomizations (170)
[2017.01.02-16.11.17:307][611]LogModuleManager: Shutting down and abandoning module PackagesDialog (169)
[2017.01.02-16.11.17:307][611]LogModuleManager: Shutting down and abandoning module AnimGraph (168)
[2017.01.02-16.11.17:307][611]LogModuleManager: Shutting down and abandoning module Persona (167)
[2017.01.02-16.11.17:307][611]LogModuleManager: Shutting down and abandoning module Kismet (166)
[2017.01.02-16.11.17:314][611]LogModuleManager: Shutting down and abandoning module GraphEditor (165)
[2017.01.02-16.11.17:314][611]LogModuleManager: Shutting down and abandoning module ClassViewer (164)
[2017.01.02-16.11.17:314][611]LogModuleManager: Shutting down and abandoning module Toolbox (163)
[2017.01.02-16.11.17:314][611]LogModuleManager: Shutting down and abandoning module ModuleUI (162)
[2017.01.02-16.11.17:314][611]LogModuleManager: Shutting down and abandoning module MovieSceneTools (161)
[2017.01.02-16.11.17:314][611]LogModuleManager: Shutting down and abandoning module OutputLog (160)
[2017.01.02-16.11.17:314][611]LogModuleManager: Shutting down and abandoning module GammaUI (159)
[2017.01.02-16.11.17:314][611]LogModuleManager: Shutting down and abandoning module Documentation (158)
[2017.01.02-16.11.17:314][611]LogModuleManager: Shutting down and abandoning module Niagara (157)
[2017.01.02-16.11.17:314][611]LogModuleManager: Shutting down and abandoning module StreamingPauseRendering (156)
[2017.01.02-16.11.17:314][611]LogModuleManager: Shutting down and abandoning module AnalyticsET (155)
[2017.01.02-16.11.17:314][611]LogModuleManager: Shutting down and abandoning module PortalServices (154)
[2017.01.02-16.11.17:314][611]LogModuleManager: Shutting down and abandoning module PortalRpc (153)
[2017.01.02-16.11.17:314][611]LogModuleManager: Shutting down and abandoning module MessagingRpc (152)
[2017.01.02-16.11.17:314][611]LogModuleManager: Shutting down and abandoning module GameplayDebugger (151)
[2017.01.02-16.11.17:314][611]LogModuleManager: Shutting down and abandoning module AITestSuite (150)
[2017.01.02-16.11.17:314][611]LogModuleManager: Shutting down and abandoning module AIModule (149)
[2017.01.02-16.11.17:314][611]LogModuleManager: Shutting down and abandoning module ProfilerService (148)
[2017.01.02-16.11.17:484][611]LogModuleManager: Shutting down and abandoning module TaskGraph (147)
[2017.01.02-16.11.17:484][611]LogModuleManager: Shutting down and abandoning module SubstanceEditor (146)
[2017.01.02-16.11.17:484][611]LogModuleManager: Shutting down and abandoning module SlateRemote (145)
[2017.01.02-16.11.17:484][611]LogModuleManager: Shutting down and abandoning module SteamVRController (144)
[2017.01.02-16.11.17:484][611]LogModuleManager: Shutting down and abandoning module SteamVR (143)
[2017.01.02-16.11.17:484][611]LogModuleManager: Shutting down and abandoning module ProceduralMeshComponentEditor (142)
[2017.01.02-16.11.17:484][611]LogModuleManager: Shutting down and abandoning module ProceduralMeshComponent (141)
[2017.01.02-16.11.17:484][611]LogModuleManager: Shutting down and abandoning module OculusLibrary (140)
[2017.01.02-16.11.17:484][611]LogModuleManager: Shutting down and abandoning module OculusInput (139)
[2017.01.02-16.11.17:484][611]LogModuleManager: Shutting down and abandoning module MobilePatchingUtils (138)
[2017.01.02-16.11.17:484][611]LogModuleManager: Shutting down and abandoning module CustomMeshComponent (137)
[2017.01.02-16.11.17:484][611]LogModuleManager: Shutting down and abandoning module CableComponent (136)
[2017.01.02-16.11.17:484][611]LogModuleManager: Shutting down and abandoning module ArchVisCharacter (135)
[2017.01.02-16.11.17:484][611]LogModuleManager: Shutting down and abandoning module MediaPlayerEditor (133)
[2017.01.02-16.11.17:484][611]LogModuleManager: Shutting down and abandoning module HTML5Networking (132)
[2017.01.02-16.11.17:484][611]LogModuleManager: Shutting down and abandoning module GeometryCacheEd (131)
[2017.01.02-16.11.17:484][611]LogModuleManager: Shutting down and abandoning module GeometryCache (130)
[2017.01.02-16.11.17:484][611]LogModuleManager: Shutting down and abandoning module AlembicLibrary (129)
[2017.01.02-16.11.17:484][611]LogModuleManager: Shutting down and abandoning module AlembicImporter (128)
[2017.01.02-16.11.17:484][611]LogModuleManager: Shutting down and abandoning module SuperSearch (127)
[2017.01.02-16.11.17:484][611]LogModuleManager: Shutting down and abandoning module SuperSearchEditor (126)
[2017.01.02-16.11.17:484][611]LogModuleManager: Shutting down and abandoning module SpeedTreeImporter (125)
[2017.01.02-16.11.17:484][611]LogModuleManager: Shutting down and abandoning module PluginBrowser (124)
[2017.01.02-16.11.17:484][611]LogModuleManager: Shutting down and abandoning module MobileLauncherProfileWizard (123)
[2017.01.02-16.11.17:484][611]LogModuleManager: Shutting down and abandoning module EpicSurvey (122)
[2017.01.02-16.11.17:484][611]LogModuleManager: Shutting down and abandoning module DesktopPlatform (121)
[2017.01.02-16.11.17:485][611]LogModuleManager: Shutting down and abandoning module VisualStudioSourceCodeAccess (120)
[2017.01.02-16.11.17:485][611]LogModuleManager: Shutting down and abandoning module UObjectPlugin (119)
[2017.01.02-16.11.17:485][611]LogModuleManager: Shutting down and abandoning module SubversionSourceControl (118)
[2017.01.02-16.11.17:485][611]LogModuleManager: Shutting down and abandoning module PerforceSourceControl (117)
[2017.01.02-16.11.17:485][611]LogModuleManager: Shutting down and abandoning module SourceControl (116)
[2017.01.02-16.11.17:485][611]LogModuleManager: Shutting down and abandoning module GitSourceControl (115)
[2017.01.02-16.11.17:485][611]LogModuleManager: Shutting down and abandoning module LightPropagationVolumeEditor (114)
[2017.01.02-16.11.17:485][611]LogModuleManager: Shutting down and abandoning module PaperTiledImporter (113)
[2017.01.02-16.11.17:485][611]LogModuleManager: Shutting down and abandoning module PaperSpriteSheetImporter (112)
[2017.01.02-16.11.17:485][611]LogModuleManager: Shutting down and abandoning module MeshPaint (111)
[2017.01.02-16.11.17:485][611]LogModuleManager: Shutting down and abandoning module PixelInspectorModule (110)
[2017.01.02-16.11.17:485][611]LogModuleManager: Shutting down and abandoning module HotReload (109)
[2017.01.02-16.11.17:485][611]LogModuleManager: Shutting down and abandoning module MainFrame (108)
[2017.01.02-16.11.17:485][611]LogModuleManager: Shutting down and abandoning module LevelEditor (107)
[2017.01.02-16.11.17:486][611]LogModuleManager: Shutting down and abandoning module ContentBrowser (106)
[2017.01.02-16.11.17:487][611]LogModuleManager: Shutting down and abandoning module Paper2DEditor (105)
[2017.01.02-16.11.17:487][611]LogModuleManager: Shutting down and abandoning module UdpMessaging (104)
[2017.01.02-16.11.17:588][611]LogModuleManager: Shutting down and abandoning module TcpMessaging (103)
[2017.01.02-16.11.17:688][611]LogModuleManager: Shutting down and abandoning module SubstanceCore (102)
[2017.01.02-16.11.17:688][611]LogModuleManager: Shutting down and abandoning module LightPropagationVolumeRuntime (101)
[2017.01.02-16.11.17:688][611]LogModuleManager: Shutting down and abandoning module Paper2D (100)
[2017.01.02-16.11.17:688][611]LogModuleManager: Shutting down and abandoning module WindowsMoviePlayer (99)
[2017.01.02-16.11.17:688][611]LogModuleManager: Shutting down and abandoning module WmfMedia (98)
[2017.01.02-16.11.17:688][611]LogModuleManager: Shutting down and abandoning module MediaAssets (97)
[2017.01.02-16.11.17:688][611]LogModuleManager: Shutting down and abandoning module GameLiveStreaming (96)
[2017.01.02-16.11.17:688][611]LogModuleManager: Shutting down and abandoning module GameplayTagsEditor (95)
[2017.01.02-16.11.17:688][611]LogModuleManager: Shutting down and abandoning module VREditor (94)
[2017.01.02-16.11.17:688][611]LogModuleManager: Shutting down and abandoning module GameplayTasksEditor (93)
[2017.01.02-16.11.17:688][611]LogModuleManager: Shutting down and abandoning module BehaviorTreeEditor (92)
[2017.01.02-16.11.17:688][611]LogModuleManager: Shutting down and abandoning module FunctionalTesting (91)
[2017.01.02-16.11.17:688][611]LogModuleManager: Shutting down and abandoning module CollisionAnalyzer (90)
[2017.01.02-16.11.17:688][611]LogModuleManager: Shutting down and abandoning module Sequencer (89)
[2017.01.02-16.11.17:688][611]LogModuleManager: Shutting down and abandoning module WorkspaceMenuStructure (88)
[2017.01.02-16.11.17:688][611]LogModuleManager: Shutting down and abandoning module MessageLog (87)
[2017.01.02-16.11.17:688][611]LogModuleManager: Shutting down and abandoning module AssetTools (86)
[2017.01.02-16.11.17:688][611]LogModuleManager: Shutting down and abandoning module UMGEditor (85)
[2017.01.02-16.11.17:688][611]LogModuleManager: Shutting down and abandoning module UMG (84)
[2017.01.02-16.11.17:688][611]LogModuleManager: Shutting down and abandoning module SlateReflector (83)
[2017.01.02-16.11.17:688][611]LogModuleManager: Shutting down and abandoning module Slate (82)
[2017.01.02-16.11.17:688][611]LogModuleManager: Shutting down and abandoning module EditorStyle (81)
[2017.01.02-16.11.17:690][611]LogModuleManager: Shutting down and abandoning module SourceCodeAccess (80)
[2017.01.02-16.11.17:690][611]LogModuleManager: Shutting down and abandoning module HeadMountedDisplay (79)
[2017.01.02-16.11.17:690][611]LogModuleManager: Shutting down and abandoning module XAudio2 (78)
[2017.01.02-16.11.17:690][611]LogModuleManager: Shutting down and abandoning module Networking (76)
[2017.01.02-16.11.17:690][611]LogModuleManager: Shutting down and abandoning module Core (75)
[2017.01.02-16.11.17:690][611]LogModuleManager: Shutting down and abandoning module DirectoryWatcher (74)
[2017.01.02-16.11.17:690][611]LogDirectoryWatcher: A directory notification for '../../../Engine/Content/' was aborted.
[2017.01.02-16.11.17:690][611]LogDirectoryWatcher: A directory notification for 'E:/ProjetGit/RescaleUnreal/Content/' was aborted.
[2017.01.02-16.11.17:690][611]LogDirectoryWatcher: A directory notification for '../../../Engine/Plugins/2D/Paper2D/Content/' was aborted.
[2017.01.02-16.11.17:690][611]LogModuleManager: Shutting down and abandoning module AssetRegistry (73)
[2017.01.02-16.11.17:725][611]LogModuleManager: Shutting down and abandoning module KismetCompiler (72)
[2017.01.02-16.11.17:725][611]LogModuleManager: Shutting down and abandoning module PhysXFormats (71)
[2017.01.02-16.11.17:725][611]LogModuleManager: Shutting down and abandoning module SimplygonSwarm (70)
[2017.01.02-16.11.17:725][611]LogModuleManager: Shutting down and abandoning module SimplygonMeshReduction (69)
[2017.01.02-16.11.17:725][611]LogModuleManager: Shutting down and abandoning module QuadricMeshReduction (68)
[2017.01.02-16.11.17:725][611]LogModuleManager: Shutting down and abandoning module PropertyEditor (67)
[2017.01.02-16.11.17:725][611]LogModuleManager: Shutting down and abandoning module MeshUtilities (66)
[2017.01.02-16.11.17:725][611]LogModuleManager: Shutting down and abandoning module DerivedDataCache (65)
[2017.01.02-16.11.18:059][611]LogDerivedDataCache: Shutdown
[2017.01.02-16.11.18:059][611]LogModuleManager: Shutting down and abandoning module VulkanShaderFormat (64)
[2017.01.02-16.11.18:059][611]LogModuleManager: Shutting down and abandoning module ShaderFormatOpenGL (63)
[2017.01.02-16.11.18:059][611]LogModuleManager: Shutting down and abandoning module ShaderFormatD3D (62)
[2017.01.02-16.11.18:059][611]LogModuleManager: Shutting down and abandoning module MetalShaderFormat (61)
[2017.01.02-16.11.18:059][611]LogModuleManager: Shutting down and abandoning module TextureFormatUncompressed (60)
[2017.01.02-16.11.18:059][611]LogModuleManager: Shutting down and abandoning module TextureFormatPVR (59)
[2017.01.02-16.11.18:059][611]LogModuleManager: Shutting down and abandoning module TextureFormatDXT (58)
[2017.01.02-16.11.18:059][611]LogModuleManager: Shutting down and abandoning module TextureFormatIntelISPCTexComp (57)
[2017.01.02-16.11.18:060][611]LogModuleManager: Shutting down and abandoning module ImageWrapper (56)
[2017.01.02-16.11.18:060][611]LogModuleManager: Shutting down and abandoning module TextureFormatASTC (55)
[2017.01.02-16.11.18:060][611]LogModuleManager: Shutting down and abandoning module TextureFormatAndroid (54)
[2017.01.02-16.11.18:060][611]LogModuleManager: Shutting down and abandoning module AudioFormatOpus (53)
[2017.01.02-16.11.18:060][611]LogModuleManager: Shutting down and abandoning module AudioFormatOgg (52)
[2017.01.02-16.11.18:060][611]LogModuleManager: Shutting down and abandoning module AudioFormatADPCM (51)
[2017.01.02-16.11.18:060][611]LogModuleManager: Shutting down and abandoning module LinuxTargetPlatform (50)
[2017.01.02-16.11.18:060][611]LogModuleManager: Shutting down and abandoning module LinuxServerTargetPlatform (49)
[2017.01.02-16.11.18:060][611]LogModuleManager: Shutting down and abandoning module LinuxNoEditorTargetPlatform (48)
[2017.01.02-16.11.18:060][611]LogModuleManager: Shutting down and abandoning module LinuxClientTargetPlatform (47)
[2017.01.02-16.11.18:060][611]LogModuleManager: Shutting down and abandoning module TVOSTargetPlatform (46)
[2017.01.02-16.11.18:060][611]LogModuleManager: Shutting down and abandoning module Messaging (45)
[2017.01.02-16.11.18:060][611]LogModuleManager: Shutting down and abandoning module IOSTargetPlatform (44)
[2017.01.02-16.11.18:060][611]LogModuleManager: Shutting down and abandoning module HTML5TargetPlatform (43)
[2017.01.02-16.11.18:060][611]LogModuleManager: Shutting down and abandoning module Android_PVRTCTargetPlatform (42)
[2017.01.02-16.11.18:060][611]LogModuleManager: Shutting down and abandoning module Android_MultiTargetPlatform (41)
[2017.01.02-16.11.18:060][611]LogModuleManager: Shutting down and abandoning module Android_ETC2TargetPlatform (40)
[2017.01.02-16.11.18:060][611]LogModuleManager: Shutting down and abandoning module Android_ETC1TargetPlatform (39)
[2017.01.02-16.11.18:060][611]LogModuleManager: Shutting down and abandoning module Android_DXTTargetPlatform (38)
[2017.01.02-16.11.18:060][611]LogModuleManager: Shutting down and abandoning module Android_ATCTargetPlatform (37)
[2017.01.02-16.11.18:060][611]LogModuleManager: Shutting down and abandoning module Android_ASTCTargetPlatform (36)
[2017.01.02-16.11.18:060][611]LogModuleManager: Shutting down and abandoning module AndroidTargetPlatform (35)
[2017.01.02-16.11.18:060][611]LogModuleManager: Shutting down and abandoning module WindowsTargetPlatform (34)
[2017.01.02-16.11.18:060][611]LogModuleManager: Shutting down and abandoning module WindowsServerTargetPlatform (33)
[2017.01.02-16.11.18:060][611]LogModuleManager: Shutting down and abandoning module WindowsNoEditorTargetPlatform (32)
[2017.01.02-16.11.18:060][611]LogModuleManager: Shutting down and abandoning module WindowsClientTargetPlatform (31)
[2017.01.02-16.11.18:060][611]LogModuleManager: Shutting down and abandoning module MacTargetPlatform (30)
[2017.01.02-16.11.18:060][611]LogModuleManager: Shutting down and abandoning module MacServerTargetPlatform (29)
[2017.01.02-16.11.18:060][611]LogModuleManager: Shutting down and abandoning module MacNoEditorTargetPlatform (28)
[2017.01.02-16.11.18:060][611]LogModuleManager: Shutting down and abandoning module MacClientTargetPlatform (27)
[2017.01.02-16.11.18:060][611]LogModuleManager: Shutting down and abandoning module AllDesktopTargetPlatform (26)
[2017.01.02-16.11.18:060][611]LogModuleManager: Shutting down and abandoning module TargetPlatform (25)
[2017.01.02-16.11.18:060][611]LogModuleManager: Shutting down and abandoning module InputCore (24)
[2017.01.02-16.11.18:060][611]LogModuleManager: Shutting down and abandoning module Settings (23)
[2017.01.02-16.11.18:060][611]LogModuleManager: Shutting down and abandoning module OculusRift (22)
[2017.01.02-16.11.18:060][611]LogModuleManager: Shutting down and abandoning module ExampleDeviceProfileSelector (21)
[2017.01.02-16.11.18:060][611]LogModuleManager: Shutting down and abandoning module OnlineBlueprintSupport (20)
[2017.01.02-16.11.18:060][611]LogModuleManager: Shutting down and abandoning module OnlineSubsystem (18)
[2017.01.02-16.11.18:060][611]LogOnline:Display: Unloading online subsystem: NULL
[2017.01.02-16.11.18:060][611]LogModuleManager: Shutting down and abandoning module SSL (17)
[2017.01.02-16.11.18:061][611]LogModuleManager: Shutting down and abandoning module HTTP (16)
[2017.01.02-16.11.18:061][611]LogModuleManager: Shutting down and abandoning module XMPP (15)
[2017.01.02-16.11.18:061][611]LogModuleManager: Shutting down and abandoning module TextureCompressor (14)
[2017.01.02-16.11.18:061][611]LogModuleManager: Shutting down and abandoning module ShaderCore (13)
[2017.01.02-16.11.18:061][611]LogModuleManager: Shutting down and abandoning module Landscape (12)
[2017.01.02-16.11.18:061][611]LogModuleManager: Shutting down and abandoning module SlateRHIRenderer (11)
[2017.01.02-16.11.18:062][611]LogModuleManager: Shutting down and abandoning module OpenGLDrv (10)
[2017.01.02-16.11.18:063][611]LogModuleManager: Shutting down and abandoning module D3D11RHI (9)
[2017.01.02-16.11.18:063][611]LogModuleManager: Shutting down and abandoning module AnimGraphRuntime (8)
[2017.01.02-16.11.18:063][611]LogModuleManager: Shutting down and abandoning module Renderer (7)
[2017.01.02-16.11.18:063][611]LogModuleManager: Shutting down and abandoning module Engine (6)
[2017.01.02-16.11.18:063][611]LogModuleManager: Shutting down and abandoning module CoreUObject (5)
[2017.01.02-16.11.18:063][611]LogModuleManager: Shutting down and abandoning module NetworkFile (4)
[2017.01.02-16.11.18:063][611]LogModuleManager: Shutting down and abandoning module StreamingFile (3)
[2017.01.02-16.11.18:063][611]LogModuleManager: Shutting down and abandoning module SandboxFile (2)
[2017.01.02-16.11.18:063][611]LogModuleManager: Shutting down and abandoning module PakFile (1)
[2017.01.02-16.11.18:064][611]LogExit: Exiting.
[2017.01.02-16.11.18:065][611]Log file closed, 01/02/17 17:11:18
