Log file open, 01/01/17 16:25:23
LogInit:Display: Running engine for game: Rescale
LogPlatformFile: Not using cached read wrapper
LogInit:Display: RandInit(-1366177135) SRandInit(-1366177134).
LogTaskGraph: Started task graph with 5 named threads and 8 total threads with 1 sets of task threads.
LogStats: Stats thread started at 0.679555
LogPluginManager: Loaded Plugin Paper2D, From C:/Program Files (x86)/Epic Games/4.14/Engine/Plugins/2D/Paper2D/Paper2D.uplugin
LogPluginManager: Loaded Plugin LightPropagationVolume, From C:/Program Files (x86)/Epic Games/4.14/Engine/Plugins/Blendables/LightPropagationVolume/LightPropagationVolume.uplugin
LogPluginManager: Loaded Plugin BlankPlugin, From C:/Program Files (x86)/Epic Games/4.14/Engine/Plugins/Developer/BlankPlugin/BlankPlugin.uplugin
LogPluginManager: Loaded Plugin CodeLiteSourceCodeAccess, From C:/Program Files (x86)/Epic Games/4.14/Engine/Plugins/Developer/CodeLiteSourceCodeAccess/CodeLiteSourceCodeAccess.uplugin
LogPluginManager: Loaded Plugin GitSourceControl, From C:/Program Files (x86)/Epic Games/4.14/Engine/Plugins/Developer/GitSourceControl/GitSourceControl.uplugin
LogPluginManager: Loaded Plugin KDevelopSourceCodeAccess, From C:/Program Files (x86)/Epic Games/4.14/Engine/Plugins/Developer/KDevelopSourceCodeAccess/KDevelopSourceCodeAccess.uplugin
LogPluginManager: Loaded Plugin NullSourceCodeAccess, From C:/Program Files (x86)/Epic Games/4.14/Engine/Plugins/Developer/NullSourceCodeAccess/NullSourceCodeAccess.uplugin
LogPluginManager: Loaded Plugin OneSkyLocalizationService, From C:/Program Files (x86)/Epic Games/4.14/Engine/Plugins/Developer/OneSkyLocalizationService/OneSkyLocalizationService.uplugin
LogPluginManager: Loaded Plugin PerforceSourceControl, From C:/Program Files (x86)/Epic Games/4.14/Engine/Plugins/Developer/PerforceSourceControl/PerforceSourceControl.uplugin
LogPluginManager: Loaded Plugin SubversionSourceControl, From C:/Program Files (x86)/Epic Games/4.14/Engine/Plugins/Developer/SubversionSourceControl/SubversionSourceControl.uplugin
LogPluginManager: Loaded Plugin UObjectPlugin, From C:/Program Files (x86)/Epic Games/4.14/Engine/Plugins/Developer/UObjectPlugin/UObjectPlugin.uplugin
LogPluginManager: Loaded Plugin VisualStudioSourceCodeAccess, From C:/Program Files (x86)/Epic Games/4.14/Engine/Plugins/Developer/VisualStudioSourceCodeAccess/VisualStudioSourceCodeAccess.uplugin
LogPluginManager: Loaded Plugin XCodeSourceCodeAccess, From C:/Program Files (x86)/Epic Games/4.14/Engine/Plugins/Developer/XCodeSourceCodeAccess/XCodeSourceCodeAccess.uplugin
LogPluginManager: Loaded Plugin AudioCapture, From C:/Program Files (x86)/Epic Games/4.14/Engine/Plugins/Editor/AudioCapture/AudioCapture.uplugin
LogPluginManager: Loaded Plugin EpicSurvey, From C:/Program Files (x86)/Epic Games/4.14/Engine/Plugins/Editor/EpicSurvey/EpicSurvey.uplugin
LogPluginManager: Loaded Plugin MacGraphicsSwitching, From C:/Program Files (x86)/Epic Games/4.14/Engine/Plugins/Editor/MacGraphicsSwitching/MacGraphicsSwitching.uplugin
LogPluginManager: Loaded Plugin MobileLauncherProfileWizard, From C:/Program Files (x86)/Epic Games/4.14/Engine/Plugins/Editor/MobileLauncherProfileWizard/MobileLauncherProfileWizard.uplugin
LogPluginManager: Loaded Plugin PluginBrowser, From C:/Program Files (x86)/Epic Games/4.14/Engine/Plugins/Editor/PluginBrowser/PluginBrowser.uplugin
LogPluginManager: Loaded Plugin SpeedTreeImporter, From C:/Program Files (x86)/Epic Games/4.14/Engine/Plugins/Editor/SpeedTreeImporter/SpeedTreeImporter.uplugin
LogPluginManager: Loaded Plugin SuperSearchEditor, From C:/Program Files (x86)/Epic Games/4.14/Engine/Plugins/Editor/SuperSearchEditor/SuperSearchEditor.uplugin
LogPluginManager: Loaded Plugin AlembicImporter, From C:/Program Files (x86)/Epic Games/4.14/Engine/Plugins/Experimental/AlembicImporter/AlembicImporter.uplugin
LogPluginManager: Loaded Plugin BlueprintStats, From C:/Program Files (x86)/Epic Games/4.14/Engine/Plugins/Experimental/BlueprintStats/BlueprintStats.uplugin
LogPluginManager: Loaded Plugin CharacterAI, From C:/Program Files (x86)/Epic Games/4.14/Engine/Plugins/Experimental/CharacterAI/CharacterAI.uplugin
LogPluginManager: Loaded Plugin CodeEditor, From C:/Program Files (x86)/Epic Games/4.14/Engine/Plugins/Experimental/CodeEditor/CodeEditor.uplugin
LogPluginManager: Loaded Plugin CodeView, From C:/Program Files (x86)/Epic Games/4.14/Engine/Plugins/Experimental/CodeView/CodeView.uplugin
LogPluginManager: Loaded Plugin HTML5Networking, From C:/Program Files (x86)/Epic Games/4.14/Engine/Plugins/Experimental/HTML5Networking/HTML5Networking.uplugin
LogPluginManager: Loaded Plugin OSVR, From C:/Program Files (x86)/Epic Games/4.14/Engine/Plugins/Experimental/OSVR/OSVR.uplugin
LogPluginManager: Loaded Plugin Phya, From C:/Program Files (x86)/Epic Games/4.14/Engine/Plugins/Experimental/Phya/Phya.uplugin
LogPluginManager: Loaded Plugin SignificanceManager, From C:/Program Files (x86)/Epic Games/4.14/Engine/Plugins/Experimental/SignificanceManager/SignificanceManager.uplugin
LogPluginManager: Loaded Plugin SimpleHMD, From C:/Program Files (x86)/Epic Games/4.14/Engine/Plugins/Experimental/SimpleHMD/SimpleHMD.uplugin
LogPluginManager: Loaded Plugin StereoPanorama, From C:/Program Files (x86)/Epic Games/4.14/Engine/Plugins/Experimental/StereoPanorama/StereoPanorama.uplugin
LogPluginManager: Loaded Plugin StructBox, From C:/Program Files (x86)/Epic Games/4.14/Engine/Plugins/Experimental/StructBox/StructBox.uplugin
LogPluginManager: Loaded Plugin Substance, From C:/Program Files (x86)/Epic Games/4.14/Engine/Plugins/Marketplace/Substance/Substance.uplugin
LogPluginManager: Loaded Plugin AndroidMedia, From C:/Program Files (x86)/Epic Games/4.14/Engine/Plugins/Media/AndroidMedia/AndroidMedia.uplugin
LogPluginManager: Loaded Plugin AvfMedia, From C:/Program Files (x86)/Epic Games/4.14/Engine/Plugins/Media/AvfMedia/AvfMedia.uplugin
LogPluginManager: Loaded Plugin MediaPlayerEditor, From C:/Program Files (x86)/Epic Games/4.14/Engine/Plugins/Media/MediaPlayerEditor/MediaPlayerEditor.uplugin
LogPluginManager: Loaded Plugin WmfMedia, From C:/Program Files (x86)/Epic Games/4.14/Engine/Plugins/Media/WmfMedia/WmfMedia.uplugin
LogPluginManager: Loaded Plugin MessagingDebugger, From C:/Program Files (x86)/Epic Games/4.14/Engine/Plugins/Messaging/MessagingDebugger/MessagingDebugger.uplugin
LogPluginManager: Loaded Plugin TcpMessaging, From C:/Program Files (x86)/Epic Games/4.14/Engine/Plugins/Messaging/TcpMessaging/TcpMessaging.uplugin
LogPluginManager: Loaded Plugin UdpMessaging, From C:/Program Files (x86)/Epic Games/4.14/Engine/Plugins/Messaging/UdpMessaging/UdpMessaging.uplugin
LogPluginManager: Loaded Plugin LevelSequenceEditor, From C:/Program Files (x86)/Epic Games/4.14/Engine/Plugins/MovieScene/LevelSequenceEditor/LevelSequenceEditor.uplugin
LogPluginManager: Loaded Plugin MatineeToLevelSequence, From C:/Program Files (x86)/Epic Games/4.14/Engine/Plugins/MovieScene/MatineeToLevelSequence/MatineeToLevelSequence.uplugin
LogPluginManager: Loaded Plugin NetcodeUnitTest, From C:/Program Files (x86)/Epic Games/4.14/Engine/Plugins/NetcodeUnitTest/NetcodeUnitTest/NetcodeUnitTest.uplugin
LogPluginManager: Loaded Plugin NUTUnrealEngine4, From C:/Program Files (x86)/Epic Games/4.14/Engine/Plugins/NetcodeUnitTest/NUTUnrealEngine4/NUTUnrealEngine4.uplugin
LogPluginManager: Loaded Plugin OnlineSubsystemGameCircle, From C:/Program Files (x86)/Epic Games/4.14/Engine/Plugins/Online/Android/OnlineSubsystemGameCircle/OnlineSubsystemGameCircle.uplugin
LogPluginManager: Loaded Plugin OnlineSubsystemGooglePlay, From C:/Program Files (x86)/Epic Games/4.14/Engine/Plugins/Online/Android/OnlineSubsystemGooglePlay/OnlineSubsystemGooglePlay.uplugin
LogPluginManager: Loaded Plugin OnlineSubsystemIOS, From C:/Program Files (x86)/Epic Games/4.14/Engine/Plugins/Online/IOS/OnlineSubsystemIOS/OnlineSubsystemIOS.uplugin
LogPluginManager: Loaded Plugin OnlineFramework, From C:/Program Files (x86)/Epic Games/4.14/Engine/Plugins/Online/OnlineFramework/OnlineFramework.uplugin
LogPluginManager: Loaded Plugin OnlineSubsystem, From C:/Program Files (x86)/Epic Games/4.14/Engine/Plugins/Online/OnlineSubsystem/OnlineSubsystem.uplugin
LogPluginManager: Loaded Plugin OnlineSubsystemAmazon, From C:/Program Files (x86)/Epic Games/4.14/Engine/Plugins/Online/OnlineSubsystemAmazon/OnlineSubsystemAmazon.uplugin
LogPluginManager: Loaded Plugin OnlineSubsystemFacebook, From C:/Program Files (x86)/Epic Games/4.14/Engine/Plugins/Online/OnlineSubsystemFacebook/OnlineSubsystemFacebook.uplugin
LogPluginManager: Loaded Plugin OnlineSubsystemNull, From C:/Program Files (x86)/Epic Games/4.14/Engine/Plugins/Online/OnlineSubsystemNull/OnlineSubsystemNull.uplugin
LogPluginManager: Loaded Plugin OnlineSubsystemOculus, From C:/Program Files (x86)/Epic Games/4.14/Engine/Plugins/Online/OnlineSubsystemOculus/OnlineSubsystemOculus.uplugin
LogPluginManager: Loaded Plugin OnlineSubsystemSteam, From C:/Program Files (x86)/Epic Games/4.14/Engine/Plugins/Online/OnlineSubsystemSteam/OnlineSubsystemSteam.uplugin
LogPluginManager: Loaded Plugin OnlineSubsystemUtils, From C:/Program Files (x86)/Epic Games/4.14/Engine/Plugins/Online/OnlineSubsystemUtils/OnlineSubsystemUtils.uplugin
LogPluginManager: Loaded Plugin IOSTapJoy, From C:/Program Files (x86)/Epic Games/4.14/Engine/Plugins/Runtime/Advertising/IOSTapJoy/IOSTapJoy.uplugin
LogPluginManager: Loaded Plugin AnalyticsBlueprintLibrary, From C:/Program Files (x86)/Epic Games/4.14/Engine/Plugins/Runtime/Analytics/AnalyticsBlueprintLibrary/AnalyticsBlueprintLibrary.uplugin
LogPluginManager: Loaded Plugin AnalyticsMulticast, From C:/Program Files (x86)/Epic Games/4.14/Engine/Plugins/Runtime/Analytics/AnalyticsMulticast/AnalyticsMulticast.uplugin
LogPluginManager: Loaded Plugin Apsalar, From C:/Program Files (x86)/Epic Games/4.14/Engine/Plugins/Runtime/Analytics/Apsalar/Apsalar.uplugin
LogPluginManager: Loaded Plugin FileLogging, From C:/Program Files (x86)/Epic Games/4.14/Engine/Plugins/Runtime/Analytics/FileLogging/FileLogging.uplugin
LogPluginManager: Loaded Plugin Flurry, From C:/Program Files (x86)/Epic Games/4.14/Engine/Plugins/Runtime/Analytics/Flurry/Flurry.uplugin
LogPluginManager: Loaded Plugin AndroidDeviceProfileSelector, From C:/Program Files (x86)/Epic Games/4.14/Engine/Plugins/Runtime/AndroidDeviceProfileSelector/AndroidDeviceProfileSelector.uplugin
LogPluginManager: Loaded Plugin AndroidMoviePlayer, From C:/Program Files (x86)/Epic Games/4.14/Engine/Plugins/Runtime/AndroidMoviePlayer/AndroidMoviePlayer.uplugin
LogPluginManager: Loaded Plugin AppleMoviePlayer, From C:/Program Files (x86)/Epic Games/4.14/Engine/Plugins/Runtime/AppleMoviePlayer/AppleMoviePlayer.uplugin
LogPluginManager: Loaded Plugin ArchVisCharacter, From C:/Program Files (x86)/Epic Games/4.14/Engine/Plugins/Runtime/ArchVisCharacter/ArchVisCharacter.uplugin
LogPluginManager: Loaded Plugin CableComponent, From C:/Program Files (x86)/Epic Games/4.14/Engine/Plugins/Runtime/CableComponent/CableComponent.uplugin
LogPluginManager: Loaded Plugin CustomMeshComponent, From C:/Program Files (x86)/Epic Games/4.14/Engine/Plugins/Runtime/CustomMeshComponent/CustomMeshComponent.uplugin
LogPluginManager: Loaded Plugin ExampleDeviceProfileSelector, From C:/Program Files (x86)/Epic Games/4.14/Engine/Plugins/Runtime/ExampleDeviceProfileSelector/ExampleDeviceProfileSelector.uplugin
LogPluginManager: Loaded Plugin GearVR, From C:/Program Files (x86)/Epic Games/4.14/Engine/Plugins/Runtime/GearVR/GearVR.uplugin
LogPluginManager: Loaded Plugin GoogleVRController, From C:/Program Files (x86)/Epic Games/4.14/Engine/Plugins/Runtime/GoogleVR/GoogleVRController/GoogleVRController.uplugin
LogPluginManager: Loaded Plugin GoogleVRHMD, From C:/Program Files (x86)/Epic Games/4.14/Engine/Plugins/Runtime/GoogleVR/GoogleVRHMD/GoogleVRHMD.uplugin
LogPluginManager: Loaded Plugin IOSDeviceProfileSelector, From C:/Program Files (x86)/Epic Games/4.14/Engine/Plugins/Runtime/IOSDeviceProfileSelector/IOSDeviceProfileSelector.uplugin
LogPluginManager: Loaded Plugin LeapMotion, From C:/Program Files (x86)/Epic Games/4.14/Engine/Plugins/Runtime/LeapMotion/LeapMotion.uplugin
LogPluginManager: Loaded Plugin LinuxDeviceProfileSelector, From C:/Program Files (x86)/Epic Games/4.14/Engine/Plugins/Runtime/LinuxDeviceProfileSelector/LinuxDeviceProfileSelector.uplugin
LogPluginManager: Loaded Plugin MIDIDevice, From C:/Program Files (x86)/Epic Games/4.14/Engine/Plugins/Runtime/MIDIDevice/MIDIDevice.uplugin
LogPluginManager: Loaded Plugin MobilePatchingUtils, From C:/Program Files (x86)/Epic Games/4.14/Engine/Plugins/Runtime/MobilePatchingUtils/MobilePatchingUtils.uplugin
LogPluginManager: Loaded Plugin Ansel, From C:/Program Files (x86)/Epic Games/4.14/Engine/Plugins/Runtime/Nvidia/Ansel/Ansel.uplugin
LogPluginManager: Loaded Plugin OculusAudio, From C:/Program Files (x86)/Epic Games/4.14/Engine/Plugins/Runtime/OculusAudio/OculusAudio.uplugin
LogPluginManager: Loaded Plugin OculusInput, From C:/Program Files (x86)/Epic Games/4.14/Engine/Plugins/Runtime/OculusInput/OculusInput.uplugin
LogPluginManager: Loaded Plugin OculusLibrary, From C:/Program Files (x86)/Epic Games/4.14/Engine/Plugins/Runtime/OculusLibrary/OculusLibrary.uplugin
LogPluginManager: Loaded Plugin OculusRift, From C:/Program Files (x86)/Epic Games/4.14/Engine/Plugins/Runtime/OculusRift/OculusRift.uplugin
LogPluginManager: Loaded Plugin Oodle, From C:/Program Files (x86)/Epic Games/4.14/Engine/Plugins/Runtime/PacketHandlers/CompressionComponents/Oodle/Oodle.uplugin
LogPluginManager: Loaded Plugin ProceduralMeshComponent, From C:/Program Files (x86)/Epic Games/4.14/Engine/Plugins/Runtime/ProceduralMeshComponent/ProceduralMeshComponent.uplugin
LogPluginManager: Loaded Plugin SoundMod, From C:/Program Files (x86)/Epic Games/4.14/Engine/Plugins/Runtime/SoundMod/SoundMod.uplugin
LogPluginManager: Loaded Plugin SoundVisualizations, From C:/Program Files (x86)/Epic Games/4.14/Engine/Plugins/Runtime/SoundVisualizations/SoundVisualizations.uplugin
LogPluginManager: Loaded Plugin SteamController, From C:/Program Files (x86)/Epic Games/4.14/Engine/Plugins/Runtime/Steam/SteamController/SteamController.uplugin
LogPluginManager: Loaded Plugin SteamVR, From C:/Program Files (x86)/Epic Games/4.14/Engine/Plugins/Runtime/Steam/SteamVR/SteamVR.uplugin
LogPluginManager: Loaded Plugin WebBrowserWidget, From C:/Program Files (x86)/Epic Games/4.14/Engine/Plugins/Runtime/WebBrowserWidget/WebBrowserWidget.uplugin
LogPluginManager: Loaded Plugin WindowsDeviceProfileSelector, From C:/Program Files (x86)/Epic Games/4.14/Engine/Plugins/Runtime/WindowsDeviceProfileSelector/WindowsDeviceProfileSelector.uplugin
LogPluginManager: Loaded Plugin WindowsMoviePlayer, From C:/Program Files (x86)/Epic Games/4.14/Engine/Plugins/Runtime/WindowsMoviePlayer/WindowsMoviePlayer.uplugin
LogPluginManager: Loaded Plugin ScriptPlugin, From C:/Program Files (x86)/Epic Games/4.14/Engine/Plugins/ScriptPlugin/ScriptPlugin.uplugin
LogPluginManager: Loaded Plugin SlateRemote, From C:/Program Files (x86)/Epic Games/4.14/Engine/Plugins/Slate/SlateRemote/SlateRemote.uplugin
LogPluginManager: Loaded Plugin EditorTests, From C:/Program Files (x86)/Epic Games/4.14/Engine/Plugins/Tests/EditorTests/EditorTests.uplugin
LogPluginManager: Loaded Plugin FbxAutomationTestBuilder, From C:/Program Files (x86)/Epic Games/4.14/Engine/Plugins/Tests/FbxAutomationTestBuilder/FbxAutomationTestBuilder.uplugin
LogPluginManager: Loaded Plugin FunctionalTestingEditor, From C:/Program Files (x86)/Epic Games/4.14/Engine/Plugins/Tests/FunctionalTestingEditor/FunctionalTestingEditor.uplugin
LogPluginManager: Loaded Plugin RuntimeTests, From C:/Program Files (x86)/Epic Games/4.14/Engine/Plugins/Tests/RuntimeTests/RuntimeTests.uplugin
LogPluginManager: Loaded Plugin ScreenshotTools, From C:/Program Files (x86)/Epic Games/4.14/Engine/Plugins/Tests/ScreenshotTools/ScreenshotTools.uplugin
LogInit: Using libcurl 7.47.1
LogInit:  - built for x86_64-pc-win32
LogInit:  - supports SSL with OpenSSL/1.0.2g
LogInit:  - supports HTTP deflate (compression) using libz 1.2.8
LogInit:  - other features:
LogInit:      CURL_VERSION_SSL
LogInit:      CURL_VERSION_LIBZ
LogInit:      CURL_VERSION_IPV6
LogInit:      CURL_VERSION_ASYNCHDNS
LogInit:      CURL_VERSION_LARGEFILE
LogInit:      CURL_VERSION_IDN
LogInit:  CurlRequestOptions (configurable via config and command line):
LogInit:  - bVerifyPeer = false  - Libcurl will NOT verify peer certificate
LogInit:  - bUseHttpProxy = false  - Libcurl will NOT use HTTP proxy
LogInit:  - bDontReuseConnections = false  - Libcurl will reuse connections
LogInit:  - CertBundlePath = nullptr  - Libcurl will use whatever was configured at build time.
LogInit: Build: ++UE4+Release-4.14-CL-3224400
LogInit: Engine Version: 4.14.1-3224400+++UE4+Release-4.14
LogInit: Compatible Engine Version: 4.14.0-3195953+++UE4+Release-4.14
LogInit: Net CL: 3195953
LogDevObjectVersion: Number of dev versions registered: 13
LogDevObjectVersion:   Dev-Blueprints (B0D832E4-1F89-4F0D-ACCF-7EB736FD4AA2): 7
LogDevObjectVersion:   Dev-Build (E1C64328-A22C-4D53-A36C-8E866417BD8C): 0
LogDevObjectVersion:   Dev-Core (375EC13C-06E4-48FB-B500-84F0262A717E): 1
LogDevObjectVersion:   Dev-Editor (E4B068ED-F494-42E9-A231-DA0B2E46BB41): 8
LogDevObjectVersion:   Dev-Framework (CFFC743F-43B0-4480-9391-14DF171D2073): 17
LogDevObjectVersion:   Dev-Mobile (B02B49B5-BB20-44E9-A304-32B752E40360): 0
LogDevObjectVersion:   Dev-Networking (A4E4105C-59A1-49B5-A7C5-40C4547EDFEE): 0
LogDevObjectVersion:   Dev-Online (39C831C9-5AE6-47DC-9A44-9C173E1C8E7C): 0
LogDevObjectVersion:   Dev-Physics (78F01B33-EBEA-4F98-B9B4-84EACCB95AA2): 0
LogDevObjectVersion:   Dev-Platform (6631380F-2D4D-43E0-8009-CF276956A95A): 0
LogDevObjectVersion:   Dev-Rendering (12F88B9F-8875-4AFC-A67C-D90C383ABD29): 12
LogDevObjectVersion:   Dev-Sequencer (7B5AE74C-D270-4C10-A958-57980B212A5A): 1
LogDevObjectVersion:   Dev-VR (D7296918-1DD6-4BDD-9DE2-64A83CC13884): 0
LogInit: Compiled (64-bit): Dec  7 2016 02:14:32
LogInit: Compiled with Visual C++: 19.00.23026.00
LogInit: Build Configuration: Development
LogInit: Branch Name: ++UE4+Release-4.14
LogInit: Command line:  
LogInit: Base directory: C:/Program Files (x86)/Epic Games/4.14/Engine/Binaries/Win64/
LogInit: Installed Engine Build: 1
LogInit: Presizing for max 8388607 objects, including 0 objects not considered by GC, pre-allocating 0 bytes for permanent pool.
LogInit: Object subsystem initialized
[2017.01.01-15.25.23:885][  0]LogInit: Selected Device Profile: [Windows]
[2017.01.01-15.25.23:885][  0]LogInit: Applying CVar settings loaded from the selected device profile: [Windows]
[2017.01.01-15.25.24:043][  0]LogInit: Computer: MANUPC
[2017.01.01-15.25.24:043][  0]LogInit: User: Manu
[2017.01.01-15.25.24:043][  0]LogInit: CPU Page size=65536, Cores=4
[2017.01.01-15.25.24:043][  0]LogInit: High frequency timer resolution =2.533200 MHz
[2017.01.01-15.25.24:044][  0]LogMemory: Memory total: Physical=7.9GB (8GB approx)
[2017.01.01-15.25.24:044][  0]LogMemory: Platform Memory Stats for Windows
[2017.01.01-15.25.24:044][  0]LogMemory: Process Physical Memory: 263.01 MB used, 263.01 MB peak
[2017.01.01-15.25.24:044][  0]LogMemory: Process Virtual Memory: 262.75 MB used, 262.75 MB peak
[2017.01.01-15.25.24:044][  0]LogMemory: Physical Memory: 2546.59 MB used,  5568.69 MB free, 8115.27 MB total
[2017.01.01-15.25.24:044][  0]LogMemory: Virtual Memory: 676.55 MB used,  5568.69 MB free, 134217728.00 MB total
[2017.01.01-15.25.25:014][  0]LogTextLocalizationManager: No translations for ('fr-FR') exist, falling back to 'en' for localization and internationalization data.
[2017.01.01-15.25.33:070][  0]LogD3D11RHI: D3D11 adapters:
[2017.01.01-15.25.33:836][  0]LogD3D11RHI:    0. 'NVIDIA GeForce GTX 960M' (Feature Level 11_0)
[2017.01.01-15.25.33:836][  0]LogD3D11RHI:       2018/0/4057 MB DedicatedVideo/DedicatedSystem/SharedSystem, Outputs:1, VendorId:0x10de
[2017.01.01-15.25.33:889][  0]LogD3D11RHI:    1. 'Intel(R) HD Graphics 4600' (Feature Level 11_0)
[2017.01.01-15.25.33:889][  0]LogD3D11RHI:       112/0/2048 MB DedicatedVideo/DedicatedSystem/SharedSystem, Outputs:0, VendorId:0x8086
[2017.01.01-15.25.33:892][  0]LogD3D11RHI:    2. 'Microsoft Basic Render Driver' (Feature Level 11_0)
[2017.01.01-15.25.33:892][  0]LogD3D11RHI:       0/0/4057 MB DedicatedVideo/DedicatedSystem/SharedSystem, Outputs:0, VendorId:0x1414
[2017.01.01-15.25.33:892][  0]LogD3D11RHI: Chosen D3D11 Adapter: 0
[2017.01.01-15.25.33:902][  0]LogD3D11RHI: Creating new Direct3DDevice
[2017.01.01-15.25.33:902][  0]LogD3D11RHI:     GPU DeviceId: 0x139b (for the marketing name, search the web for "GPU Device Id")
[2017.01.01-15.25.33:902][  0]LogWindows: EnumDisplayDevices:
[2017.01.01-15.25.33:902][  0]LogWindows:    0. 'Intel(R) HD Graphics 4600' (P:1 D:1)
[2017.01.01-15.25.33:902][  0]LogWindows:    1. 'Intel(R) HD Graphics 4600' (P:0 D:0)
[2017.01.01-15.25.33:903][  0]LogWindows:    2. 'Intel(R) HD Graphics 4600' (P:0 D:0)
[2017.01.01-15.25.33:903][  0]LogWindows: DebugString: PrimaryIsNotTheChoosenAdapter PrimaryIsNotTheChoosenAdapter PrimaryIsNotTheChoosenAdapter FoundDriverCount:0 
[2017.01.01-15.25.33:903][  0]LogD3D11RHI:     Adapter Name: NVIDIA GeForce GTX 960M
[2017.01.01-15.25.33:903][  0]LogD3D11RHI:   Driver Version: Unknown (internal:Unknown, unified:Unknown)
[2017.01.01-15.25.33:903][  0]LogD3D11RHI:      Driver Date: Unknown
[2017.01.01-15.25.33:903][  0]LogRHI: Texture pool is 1361 MB (70% of 1945 MB)
[2017.01.01-15.25.34:439][  0]LogD3D11RHI: Async texture creation enabled
[2017.01.01-15.25.34:665][  0]LogD3D11RHI: GPU Timing Frequency: 1000.000000 (Debug: 2 1)
[2017.01.01-15.25.34:675][  0]LogShaderCompilers: Guid format shader working directory is -19 characters bigger than the processId version (../../../../../../Users/Manu/Documents/Unreal Projects/RescaleE/Intermediate/Shaders/WorkingDirectory/58120/).
[2017.01.01-15.25.34:675][  0]LogShaderCompilers: Cleaned the shader compiler working directory 'C:/Users/Manu/AppData/Local/Temp/UnrealShaderWorkingDir/5E9AF28646658230F66F8B975CCEDF61/'.
[2017.01.01-15.25.34:675][  0]LogShaderCompilers:Display: Using Local Shader Compiler.
[2017.01.01-15.25.42:257][  0]LogTemp:Display: Loaded TP AllDesktopTargetPlatform
[2017.01.01-15.25.42:308][  0]LogTemp:Display: Loaded TP MacClientTargetPlatform
[2017.01.01-15.25.42:358][  0]LogTemp:Display: Loaded TP MacNoEditorTargetPlatform
[2017.01.01-15.25.42:410][  0]LogTemp:Display: Loaded TP MacServerTargetPlatform
[2017.01.01-15.25.42:465][  0]LogTemp:Display: Loaded TP MacTargetPlatform
[2017.01.01-15.25.42:527][  0]LogTemp:Display: Loaded TP WindowsClientTargetPlatform
[2017.01.01-15.25.42:578][  0]LogTemp:Display: Loaded TP WindowsNoEditorTargetPlatform
[2017.01.01-15.25.42:631][  0]LogTemp:Display: Loaded TP WindowsServerTargetPlatform
[2017.01.01-15.25.42:686][  0]LogTemp:Display: Loaded TP WindowsTargetPlatform
[2017.01.01-15.25.42:750][  0]LogTemp:Display: Loaded TP AndroidTargetPlatform
[2017.01.01-15.25.42:801][  0]LogTemp:Display: Loaded TP Android_ASTCTargetPlatform
[2017.01.01-15.25.42:856][  0]LogTemp:Display: Loaded TP Android_ATCTargetPlatform
[2017.01.01-15.25.42:907][  0]LogTemp:Display: Loaded TP Android_DXTTargetPlatform
[2017.01.01-15.25.42:957][  0]LogTemp:Display: Loaded TP Android_ETC1TargetPlatform
[2017.01.01-15.25.43:006][  0]LogTemp:Display: Loaded TP Android_ETC2TargetPlatform
[2017.01.01-15.25.43:106][  0]LogTemp:Display: Loaded TP Android_MultiTargetPlatform
[2017.01.01-15.25.43:106][  0]LogTemp:Display: Loaded TP Android_PVRTCTargetPlatform
[2017.01.01-15.25.43:141][  0]LogTemp:Display: Loaded TP HTML5TargetPlatform
[2017.01.01-15.25.43:242][  0]LogTemp:Display: Loaded TP IOSTargetPlatform
[2017.01.01-15.25.43:289][  0]LogTemp:Display: Loaded TP TVOSTargetPlatform
[2017.01.01-15.25.43:338][  0]LogTemp:Display: Loaded TP LinuxClientTargetPlatform
[2017.01.01-15.25.43:390][  0]LogTemp:Display: Loaded TP LinuxNoEditorTargetPlatform
[2017.01.01-15.25.43:440][  0]LogTemp:Display: Loaded TP LinuxServerTargetPlatform
[2017.01.01-15.25.43:492][  0]LogTemp:Display: Loaded TP LinuxTargetPlatform
[2017.01.01-15.25.43:492][  0]LogTargetPlatformManager:Display: Building Assets For Windows
[2017.01.01-15.25.44:143][  0]LogDerivedDataCache:Display: Max Cache Size: 512 MB
[2017.01.01-15.25.44:494][  0]LogDerivedDataCache: Loaded boot cache 0.35s 50MB C:/Users/Manu/AppData/Local/UnrealEngine/4.14/DerivedDataCache/Boot.ddc.
[2017.01.01-15.25.44:494][  0]LogDerivedDataCache:Display: Loaded Boot cache: C:/Users/Manu/AppData/Local/UnrealEngine/4.14/DerivedDataCache/Boot.ddc
[2017.01.01-15.25.44:494][  0]LogDerivedDataCache: FDerivedDataBackendGraph:  Pak pak cache file ../../../../../../Users/Manu/Documents/Unreal Projects/RescaleE/DerivedDataCache/DDC.ddp not found, will not use a pak cache.
[2017.01.01-15.25.44:494][  0]LogDerivedDataCache: Unable to find inner node Pak for hierarchical cache Hierarchy.
[2017.01.01-15.25.44:494][  0]LogDerivedDataCache: FDerivedDataBackendGraph:  CompressedPak pak cache file ../../../../../../Users/Manu/Documents/Unreal Projects/RescaleE/DerivedDataCache/Compressed.ddp not found, will not use a pak cache.
[2017.01.01-15.25.44:494][  0]LogDerivedDataCache: Unable to find inner node CompressedPak for hierarchical cache Hierarchy.
[2017.01.01-15.25.44:520][  0]LogDerivedDataCache:Display: Pak cache opened for reading ../../../Engine/DerivedDataCache/Compressed.ddp.
[2017.01.01-15.25.44:561][  0]LogDerivedDataCache: Using Local data cache path C:/Users/Manu/AppData/Local/UnrealEngine/Common/DerivedDataCache: Writable
[2017.01.01-15.25.47:141][  0]LogInit: Selected Device Profile: [Windows]
[2017.01.01-15.25.47:156][  0]LogContentStreaming: Texture pool size is 0.00 MB
[2017.01.01-15.25.47:694][  0]LogMeshUtilities: Using QuadricMeshReduction for automatic static mesh reduction
[2017.01.01-15.25.47:760][  0]LogSimplygon: Simplygon DLL not present - disabling.
[2017.01.01-15.25.47:804][  0]LogMeshUtilities: Using SimplygonSwarm for distributed automatic mesh merging
[2017.01.01-15.25.47:804][  0]LogMeshUtilities: No automatic skeletal mesh reduction module available
[2017.01.01-15.25.47:804][  0]LogMeshUtilities: No automatic mesh merging module available
[2017.01.01-15.25.49:080][  0]LogNetVersion: GetLocalNetworkVersion: CL: 3195953, ProjectName: rescale, ProjectVersion: , EngineNetworkVersion: 2, GameNetworkVersion: 0, NetworkChecksum: 103703839
[2017.01.01-15.25.49:157][  0]LogAssetRegistry: FAssetRegistry took 0.0223 seconds to start up
[2017.01.01-15.25.49:245][  0]LogPackageLocalizationCache: Processed 3 localized package path(s) for 1 prioritized culture(s) in 0.056925 seconds
[2017.01.01-15.25.49:252][  0]LogUObjectArray: 31946 objects as part of root set at end of initial load.
[2017.01.01-15.25.49:252][  0]LogUObjectAllocator: 6935840 out of 0 bytes used by permanent object pool.
[2017.01.01-15.25.49:252][  0]LogUObjectArray: CloseDisregardForGC: 0/0 objects in disregard for GC pool
[2017.01.01-15.25.49:370][  0]LogInit: WinSock: version 1.1 (2.2), MaxSocks=32767, MaxUdp=65467
[2017.01.01-15.25.51:078][  0]LogSlate: Using Freetype 2.6.0
[2017.01.01-15.25.51:096][  0]LogSlate: SlateFontCache - WITH_FREETYPE: 1, WITH_HARFBUZZ: 1
[2017.01.01-15.25.51:096][  0]LogSlate: SlateFontCache - WITH_FREETYPE: 1, WITH_HARFBUZZ: 1
[2017.01.01-15.26.04:685][  0]LogSubstanceCoreModule: Substance CPU Engine Loaded, Max Texture Size 2048
[2017.01.01-15.26.04:737][  0]LogTcpMessaging: Initializing TcpMessaging bridge
[2017.01.01-15.26.04:774][  0]LogUdpMessaging: Initializing bridge on interface 0.0.0.0:0 to multicast group 230.0.0.1:6666.
[2017.01.01-15.26.05:351][  0]LogMaterial: Uniform references updated for custom material expression Custom.
[2017.01.01-15.26.05:769][  0]SourceControl: Info Source control is disabled
[2017.01.01-15.26.05:791][  0]SourceControl: Info Source control is disabled
[2017.01.01-15.26.05:835][  0]SourceControl: Info Source control is disabled
[2017.01.01-15.26.05:884][  0]SourceControl: Info Source control is disabled
[2017.01.01-15.26.07:596][  0]LogEngine: Initializing Engine...
[2017.01.01-15.26.07:596][  0]LogHMD: Failed to initialize OpenVR with code 110
[2017.01.01-15.26.07:963][  0]LogAIModule: Creating AISystem for world Untitled
[2017.01.01-15.26.07:993][  0]LogInit: XAudio2 using 'Haut-parleurs (Realtek High Definition Audio)' : 2 channels at 48 kHz using 32 bits per sample (channel mask 0x3)
[2017.01.01-15.26.08:037][  0]LogInit: FAudioDevice initialized.
[2017.01.01-15.26.08:070][  0]LogDerivedDataCache: Saved boot cache 0.03s 50MB C:/Users/Manu/AppData/Local/UnrealEngine/4.14/DerivedDataCache/Boot.ddc.
[2017.01.01-15.26.08:081][  0]LogInit: Texture streaming: Enabled
[2017.01.01-15.26.08:324][  0]LogInit: Transaction tracking system initialized
[2017.01.01-15.26.08:651][  0]BlueprintLog: New page: Editor Load
[2017.01.01-15.26.09:618][  0]LocalizationService: Info Localization service is disabled
[2017.01.01-15.26.10:307][  0]LogConsoleResponse:Display: 
[2017.01.01-15.26.11:147][  0]LogCook:Display: Max memory allowance for cook 16384mb min free memory 0mb
[2017.01.01-15.26.11:147][  0]LogCook:Display: Mobile HDR setting 1
[2017.01.01-15.26.11:478][  0]LogFileCache: Scanning file cache for directory 'C:/Users/Manu/Documents/Unreal Projects/RescaleE/Content/' took 0.05s
[2017.01.01-15.26.12:947][  0]SourceControl: Info Source control is disabled
[2017.01.01-15.26.12:948][  0]Cmd: MAP LOAD FILE="../../../../../../Users/Manu/Documents/Unreal Projects/RescaleE/Content/_Rescale/MapTest.umap" TEMPLATE=0 SHOWPROGRESS=1 FEATURELEVEL=3
[2017.01.01-15.26.12:955][  0]LightingResults: New page: Lighting Build
[2017.01.01-15.26.12:997][  0]MapCheck: New page: Map Check
[2017.01.01-15.26.12:997][  0]LightingResults: New page: Lighting Build
[2017.01.01-15.26.14:386][  0]LogAIModule: Creating AISystem for world MapTest
[2017.01.01-15.26.14:533][  0]LogEditorServer: Finished looking for orphan Actors (0.000 secs)
[2017.01.01-15.26.14:533][  0]Cmd: MAP CHECKDEP NOCLEARLOG
[2017.01.01-15.26.14:573][  0]MapCheck: Info Map check complete: 0 Error(s), 0 Warning(s), took 39.792ms to complete.
[2017.01.01-15.26.14:573][  0]LogFileHelpers: Loading map 'MapTest' took 1.625
[2017.01.01-15.26.14:803][  0]LogCollectionManager: Loaded 0 collections in 0.001601 seconds
[2017.01.01-15.26.14:912][  0]LogFileCache: Scanning file cache for directory 'C:/Users/Manu/Documents/Unreal Projects/RescaleE/Saved/Collections/' took 0.01s
[2017.01.01-15.26.14:912][  0]LogFileCache: Scanning file cache for directory 'C:/Users/Manu/Documents/Unreal Projects/RescaleE/Content/Developers/Manu/Collections/' took 0.01s
[2017.01.01-15.26.14:912][  0]LogFileCache: Scanning file cache for directory 'C:/Users/Manu/Documents/Unreal Projects/RescaleE/Content/Collections/' took 0.01s
[2017.01.01-15.26.14:912][  0]LogCollectionManager: Rebuilt the GUID cache for 0 collections in 0.000002 seconds
[2017.01.01-15.26.14:920][  0]LogContentBrowser: Native class hierarchy populated in 0.0083 seconds. Added 2205 classes and 434 folders.
[2017.01.01-15.26.14:956][  0]LogStats: UGameplayTagsManager::ConstructGameplayTagTree: Construct from data asset -  0.000 s
[2017.01.01-15.26.14:956][  0]LogStats: UGameplayTagsManager::ConstructGameplayTagTree: GameplayTagTreeChangedEvent.Broadcast -  0.000 s
[2017.01.01-15.26.14:957][  0]LogContentBrowser: Native class hierarchy updated for 'GameplayTags' in 0.0007 seconds. Added 13 classes and 0 folders.
[2017.01.01-15.26.15:040][  0]LogContentBrowser: Native class hierarchy updated for 'WidgetCarousel' in 0.0004 seconds. Added 0 classes and 0 folders.
[2017.01.01-15.26.15:785][  0]LogContentBrowser: Native class hierarchy updated for 'AddContentDialog' in 0.0006 seconds. Added 0 classes and 0 folders.
[2017.01.01-15.26.15:887][  0]LogContentBrowser: Native class hierarchy updated for 'SceneOutliner' in 0.0005 seconds. Added 1 classes and 2 folders.
[2017.01.01-15.26.15:976][  0]LogCrashTracker: Crashtracker disabled due to settings.
[2017.01.01-15.26.17:669][  0]LogSlate: Only BGRA pngs, bmps or icos are supported in by External Image Picker
[2017.01.01-15.26.17:703][  0]LogUObjectGlobals:Warning: Failed to find object 'Class None.'
[2017.01.01-15.26.17:973][  0]LogTemp:Display: Executing iPhonePackager certificates Engine -bundlename com.YourCompany.Rescale

[2017.01.01-15.26.17:973][  0]LogTemp:Display: CWD: C:\Program Files (x86)\Epic Games\4.14\Engine\Binaries\DotNet\IOS

[2017.01.01-15.26.17:973][  0]LogTemp:Display: Initial Dir: C:\Program Files (x86)\Epic Games\4.14

[2017.01.01-15.26.17:973][  0]LogTemp:Display: Env CWD: C:\Program Files (x86)\Epic Games\4.14\Engine\Binaries\DotNet\IOS

[2017.01.01-15.26.17:973][  0]LogTemp:Display: BranchPath = MANUPC/C/Program Files (x86)/Epic Games/4.14/Engine/Binaries --- GameBranchPath = MANUPC/C/Program Files (x86)/Epic Games/4.14/Engine/Binaries

[2017.01.01-15.26.18:030][  0]LogTemp:Display: IPP ERROR: Application exception: System.IO.DirectoryNotFoundException: Impossible de trouver une partie du chemin d'acc?s 'C:\Users\Manu\AppData\Local\Apple Computer\MobileDevice\Provisioning Profiles'.

[2017.01.01-15.26.18:030][  0]LogTemp:Display:    ? System.IO.__Error.WinIOError(Int32 errorCode, String maybeFullPath)

[2017.01.01-15.26.18:030][  0]LogTemp:Display:    ? System.IO.FileSystemEnumerableIterator`1.CommonInit()

[2017.01.01-15.26.18:030][  0]LogTemp:Display:    ? System.IO.Directory.EnumerateFiles(String path, String searchPattern)

[2017.01.01-15.26.18:030][  0]LogTemp:Display:    ? iPhonePackager.CodeSignatureBuilder.FindProvisions(String CFBundleIdentifier)

[2017.01.01-15.26.18:030][  0]LogTemp:Display:    ? iPhonePackager.Program.Main(String[] args)

[2017.01.01-15.26.18:030][  0]LogContentBrowser: Native class hierarchy updated for 'HierarchicalLODOutliner' in 0.0005 seconds. Added 1 classes and 2 folders.
[2017.01.01-15.26.18:030][  0]LogLoad: (Engine Initialization) Total time: 60.91 seconds
[2017.01.01-15.26.18:030][  0]LogLoad: (Engine Initialization) Total Blueprint compile time: 0.25 seconds
[2017.01.01-15.26.18:030][  0]LogExternalProfiler: Found external profiler: VSPerf
[2017.01.01-15.26.18:030][  0]LogExternalProfiler: Using external profiler: VSPerf
[2017.01.01-15.26.18:370][  0]LogOcInput: OculusInput pre-init called
[2017.01.01-15.26.18:398][  0]LogContentStreaming: Texture pool size now 1000 MB
[2017.01.01-15.26.18:768][  0]LogRenderer: Reallocating scene render targets to support 848x600 NumSamples 1 (Frame:2).
[2017.01.01-15.26.18:875][  1]LogAssetRegistry: Asset discovery search completed in 29.7403 seconds
[2017.01.01-15.26.18:875][  1]LogCollectionManager: Rebuilt the object cache for 0 collections in 0.000001 seconds (found 0 objects)
[2017.01.01-15.26.18:875][  1]LogCollectionManager: Fixed up redirectors for 0 collections in 0.000032 seconds (updated 0 objects)
[2017.01.01-15.26.26:187][199]LogAIModule: Creating AISystem for world Inside
[2017.01.01-15.26.26:222][199]Cmd: MAP LOAD FILE="../../../../../../Users/Manu/Documents/Unreal Projects/RescaleE/Content/_Rescale/Inside.umap" TEMPLATE=0 SHOWPROGRESS=1 FEATURELEVEL=3
[2017.01.01-15.26.26:222][199]LightingResults: New page: Lighting Build
[2017.01.01-15.26.26:222][199]LoadErrors: New page: Loading map: Inside.umap
[2017.01.01-15.26.26:224][199]MapCheck: New page: Map Check
[2017.01.01-15.26.26:224][199]LightingResults: New page: Lighting Build
[2017.01.01-15.26.26:282][199]LogEditorServer: Finished looking for orphan Actors (0.000 secs)
[2017.01.01-15.26.26:305][199]Cmd: MAP CHECKDEP NOCLEARLOG
[2017.01.01-15.26.26:362][199]MapCheck: Info Map check complete: 0 Error(s), 0 Warning(s), took 57.41ms to complete.
[2017.01.01-15.26.26:362][199]LogFileHelpers: Loading map 'Inside' took 0.142
[2017.01.01-15.26.29:291][362]LogTemp: Repeting last play command: Selected Viewport
[2017.01.01-15.26.29:309][362]LogPlayLevel: PlayLevel: No blueprints needed recompiling
[2017.01.01-15.26.29:311][362]PIE: New page: PIE session: Inside (Jan 1, 2017, 5:26:29 PM)
[2017.01.01-15.26.29:311][362]LogPlayLevel: Creating play world package: /Game/_Rescale/UEDPIE_0_Inside
[2017.01.01-15.26.29:325][362]LogPlayLevel: PIE: StaticDuplicateObject took: (0.014810s)
[2017.01.01-15.26.29:326][362]LogAIModule: Creating AISystem for world Inside
[2017.01.01-15.26.29:326][362]LogPlayLevel: PIE: World Init took: (0.000674s)
[2017.01.01-15.26.29:326][362]LogPlayLevel: PIE: Created PIE world by copying editor world from /Game/_Rescale/Inside.Inside to /Game/_Rescale/UEDPIE_0_Inside.Inside (0.015763s)
[2017.01.01-15.26.29:340][362]LogInit: XAudio2 using 'Haut-parleurs (Realtek High Definition Audio)' : 2 channels at 48 kHz using 32 bits per sample (channel mask 0x3)
[2017.01.01-15.26.29:471][362]LogInit: FAudioDevice initialized.
[2017.01.01-15.26.30:364][362]LogLoad: Game class is 'BP_RescaleGamemode_C'
[2017.01.01-15.26.30:370][362]LogWorld: Bringing World /Game/_Rescale/UEDPIE_0_Inside.Inside up for play (max tick rate 60) at 2017.01.01-16.26.30
[2017.01.01-15.26.30:370][362]LogWorld: Bringing up level for play took: 0.004263
[2017.01.01-15.26.30:408][362]LogContentBrowser: Native class hierarchy updated for 'MovieSceneCapture' in 0.0007 seconds. Added 11 classes and 0 folders.
[2017.01.01-15.26.30:411][362]LogScriptCore:Warning: Script Msg: Divide by zero
Script call stack:
	Function /Game/_Rescale/Meshes/Mannequins/ThirdPerson/Animations/ThirdPerson_AnimBP.ThirdPerson_AnimBP_C:BlueprintUpdateAnimation
	Function /Game/_Rescale/Meshes/Mannequins/ThirdPerson/Animations/ThirdPerson_AnimBP.ThirdPerson_AnimBP_C:ExecuteUbergraph_ThirdPerson_AnimBP

[2017.01.01-15.26.30:414][362]PIE: Info Play in editor start time for /Game/_Rescale/UEDPIE_0_Inside 0.359
[2017.01.01-15.26.34:625][597]LogRenderer: Reallocating scene render targets to support 852x600 NumSamples 1 (Frame:576).
[2017.01.01-15.26.34:665][598]LogRenderer: Reallocating scene render targets to support 860x600 NumSamples 1 (Frame:577).
[2017.01.01-15.26.34:706][599]LogRenderer: Reallocating scene render targets to support 864x600 NumSamples 1 (Frame:578).
[2017.01.01-15.26.40:229][876]LogEditorViewport: Clicking on Actor (LMB): ScalableGeometry_C (ScalableGeometry)
[2017.01.01-15.26.48:199][347]LogTemp: Repeting last play command: Selected Viewport
[2017.01.01-15.26.48:217][347]LogPlayLevel: PlayLevel: No blueprints needed recompiling
[2017.01.01-15.26.48:217][347]PIE: New page: PIE session: Inside (Jan 1, 2017, 5:26:48 PM)
[2017.01.01-15.26.48:217][347]LogPlayLevel: Creating play world package: /Game/_Rescale/UEDPIE_0_Inside
[2017.01.01-15.26.48:231][347]LogPlayLevel: PIE: StaticDuplicateObject took: (0.013984s)
[2017.01.01-15.26.48:231][347]LogAIModule: Creating AISystem for world Inside
[2017.01.01-15.26.48:232][347]LogPlayLevel: PIE: World Init took: (0.000626s)
[2017.01.01-15.26.48:232][347]LogPlayLevel: PIE: Created PIE world by copying editor world from /Game/_Rescale/Inside.Inside to /Game/_Rescale/UEDPIE_0_Inside.Inside (0.014899s)
[2017.01.01-15.26.48:244][347]LogInit: XAudio2 using 'Haut-parleurs (Realtek High Definition Audio)' : 2 channels at 48 kHz using 32 bits per sample (channel mask 0x3)
[2017.01.01-15.26.48:253][347]LogInit: FAudioDevice initialized.
[2017.01.01-15.26.48:284][347]LogLoad: Game class is 'BP_RescaleGamemode_C'
[2017.01.01-15.26.48:290][347]LogWorld: Bringing World /Game/_Rescale/UEDPIE_0_Inside.Inside up for play (max tick rate 60) at 2017.01.01-16.26.48
[2017.01.01-15.26.48:290][347]LogWorld: Bringing up level for play took: 0.004797
[2017.01.01-15.26.48:291][347]LogScriptCore:Warning: Script Msg: Divide by zero
Script call stack:
	Function /Game/_Rescale/Meshes/Mannequins/ThirdPerson/Animations/ThirdPerson_AnimBP.ThirdPerson_AnimBP_C:BlueprintUpdateAnimation
	Function /Game/_Rescale/Meshes/Mannequins/ThirdPerson/Animations/ThirdPerson_AnimBP.ThirdPerson_AnimBP_C:ExecuteUbergraph_ThirdPerson_AnimBP

[2017.01.01-15.26.48:294][347]PIE: Info Play in editor start time for /Game/_Rescale/UEDPIE_0_Inside 0.239
[2017.01.01-15.26.50:524][480]Cmd: LevelEditor.ToggleImmersive
[2017.01.01-15.26.50:700][481]LogRenderer: Reallocating scene render targets to support 1296x800 NumSamples 1 (Frame:1481).
[2017.01.01-15.26.50:769][482]LogRenderer: Reallocating scene render targets to support 1920x1080 NumSamples 1 (Frame:1483).
[2017.01.01-15.27.31:599][581]MapCheck: New page: Map Check
[2017.01.01-15.27.31:612][581]Cmd: MAP REBUILD ALLVISIBLE
[2017.01.01-15.27.31:612][581]LogEditorServer: Rebuildmap Clear paths rebuilt
[2017.01.01-15.27.31:738][581]LightingResults: New page: Lighting Build - Jan 1, 2017, 5:27:31 PM
[2017.01.01-15.27.31:774][581]LogSwarmInterface: [OpenConnection] Registering TCP channel ...
[2017.01.01-15.27.32:041][581]LogSwarmInterface: [OpenConnection] Connecting to agent ...
[2017.01.01-15.27.32:075][581]LogSwarmInterface: [TryOpenConnection] Testing the Agent
[2017.01.01-15.27.34:097][581]LogSwarmInterface:Error: [TryOpenConnection] Waiting for the agent to start up ...
[2017.01.01-15.27.34:099][581]LogSwarmInterface:Error: System.Net.Sockets.SocketException (0x80004005): Aucune connexion n’a pu être établie car l’ordinateur cible l’a expressément refusée 127.0.0.1:8008

Server stack trace: 
   à System.Net.Sockets.Socket.DoConnect(EndPoint endPointSnapshot, SocketAddress socketAddress)
   à System.Net.Sockets.Socket.Connect(EndPoint remoteEP)
   à System.Runtime.Remoting.Channels.RemoteConnection.CreateNewSocket(EndPoint ipEndPoint)
   à System.Runtime.Remoting.Channels.SocketCache.GetSocket(String machinePortAndSid, Boolean openNew)
   à System.Runtime.Remoting.Channels.Tcp.TcpClientTransportSink.SendRequestWithRetry(IMessage msg, ITransportHeaders requestHeaders, Stream requestStream)
   à System.Runtime.Remoting.Channels.Tcp.TcpClientTransportSink.AsyncProcessRequest(IClientChannelSinkStack sinkStack, IMessage msg, ITransportHeaders headers, Stream stream)
   à System.Runtime.Remoting.Channels.BinaryClientFormatterSink.AsyncProcessMessage(IMessage msg, IMessageSink replySink)

Exception rethrown at [0]: 
   à System.Runtime.Remoting.Proxies.RealProxy.HandleReturnMessage(IMessage reqMsg, IMessage retMsg)
   à System.Runtime.Remoting.Proxies.RealProxy.PrivateInvoke(MessageData& msgData, Int32 type)
   à NSwarm.IAgentInterfaceWrapper.MethodDelegate.EndInvoke(Hashtable& OutParameters, IAsyncResult result)
   à NSwarm.FSwarmInterface.TryOpenConnection(FConnectionCallback CallbackFunc, IntPtr CallbackData, ELogFlags LoggingFlags)
[2017.01.01-15.27.39:304][581]LogSwarmInterface: [TryOpenConnection] Opening Connection to Agent
[2017.01.01-15.27.39:304][581]LogSwarmInterface: [TryOpenConnection] Local Process ID is 58120
[2017.01.01-15.27.39:604][581]LogStaticLightingSystem: Running Lightmass w/ ImmediateImport mode ENABLED
[2017.01.01-15.27.39:604][581]LogStaticLightingSystem: Running Lightmass w/ ImmediateProcess mode ENABLED
[2017.01.01-15.27.39:604][581]LogStaticLightingSystem: Running Lightmass w/ Sorting mode ENABLED
[2017.01.01-15.27.39:604][581]LogStaticLightingSystem: Running Lightmass w/ Mapping paddings ENABLED
[2017.01.01-15.27.39:604][581]LogStaticLightingSystem: Running Lightmass w/ Mapping debug paddings DISABLED
[2017.01.01-15.27.41:789][581]Cmd: MAP CHECK DONTDISPLAYDIALOG
[2017.01.01-15.27.41:789][581]MapCheck: New page: Inside - Jan 1, 2017, 5:27:41 PM
[2017.01.01-15.27.41:791][581]MapCheck:Error: Error WorldSettings Maps need lighting rebuilt 
[2017.01.01-15.27.41:858][581]MapCheck: Info Map check complete: 1 Error(s), 0 Warning(s), took 68.365ms to complete.
[2017.01.01-15.27.41:880][581]LogEditorBuildUtils: Build time 0:10
[2017.01.01-15.29.11:556][785]Job is a success!
[2017.01.01-15.29.13:399][786]LogTexture:Display: Building textures: HQ_Lightmap0_1 (AutoDXT)
[2017.01.01-15.29.13:399][786]LogTexture:Display: Building textures: LQ_Lightmap_0_1 (DXT1)
[2017.01.01-15.29.13:399][786]LogTexture:Display: Building textures: HQ_Lightmap0_2 (AutoDXT)
[2017.01.01-15.29.13:399][786]LogTexture:Display: Building textures: HQ_Lightmap0_3 (AutoDXT)
[2017.01.01-15.29.13:399][786]LogTexture:Display: Building textures: LQ_Lightmap_0_2 (DXT1)
[2017.01.01-15.29.13:399][786]LogTexture:Display: Building textures: LQ_Lightmap_0_3 (DXT1)
[2017.01.01-15.29.13:962][786]LogTexture:Display: Building textures: ShadowMapTexture2D_0 (BGRA8)
[2017.01.01-15.29.14:098][786]Lightmass on MANUPC: 1:30 min total, 188 ms importing, 371 ms setup, 11.3 sec photons, 1:18 min processing, 0 ms extra exporting [185/185 mappings]. Threads: 9:10 min total, 7:33 min processing.
[2017.01.01-15.29.14:144][786]LogStaticLightingSystem: Illumination: 1:42 min (1.44 sec encoding lightmaps, 559 ms encoding shadowmaps)
[2017.01.01-15.29.14:144][786]LogStaticLightingSystem: Lightmap texture memory:  6.0 MB (4.0 MB streaming, 2.0 MB non-streaming), 6 textures
[2017.01.01-15.29.14:144][786]LogStaticLightingSystem: Shadowmap texture memory: 10.7 MB (10.7 MB streaming, 0.0 MB non-streaming), 1 textures
[2017.01.01-15.29.14:647][786]DumpUnbuiltLightIteractions
[2017.01.01-15.29.14:647][786]Lights with unbuilt interactions: 0
[2017.01.01-15.29.14:647][786]
[2017.01.01-15.29.14:647][786]Primitives with unbuilt interactions: 0
[2017.01.01-15.29.14:668][787]Cmd: MAP CHECK NOTIFYRESULTS
[2017.01.01-15.29.14:669][787]MapCheck: New page: Inside - Jan 1, 2017, 5:29:14 PM
[2017.01.01-15.29.14:773][787]MapCheck: Info Map check complete: 0 Error(s), 0 Warning(s), took 104.497ms to complete.
[2017.01.01-15.29.19:764][ 72]LogTemp: Repeting last play command: Selected Viewport
[2017.01.01-15.29.19:777][ 72]LogPlayLevel: PlayLevel: No blueprints needed recompiling
[2017.01.01-15.29.19:778][ 72]PIE: New page: PIE session: Inside (Jan 1, 2017, 5:29:19 PM)
[2017.01.01-15.29.19:778][ 72]LogPlayLevel: Creating play world package: /Game/_Rescale/UEDPIE_0_Inside
[2017.01.01-15.29.19:791][ 72]LogPlayLevel: PIE: StaticDuplicateObject took: (0.012567s)
[2017.01.01-15.29.19:791][ 72]LogAIModule: Creating AISystem for world Inside
[2017.01.01-15.29.19:791][ 72]LogPlayLevel: PIE: World Init took: (0.000582s)
[2017.01.01-15.29.19:791][ 72]LogPlayLevel: PIE: Created PIE world by copying editor world from /Game/_Rescale/Inside.Inside to /Game/_Rescale/UEDPIE_0_Inside.Inside (0.013426s)
[2017.01.01-15.29.19:803][ 72]LogInit: XAudio2 using 'Haut-parleurs (Realtek High Definition Audio)' : 2 channels at 48 kHz using 32 bits per sample (channel mask 0x3)
[2017.01.01-15.29.19:816][ 72]LogInit: FAudioDevice initialized.
[2017.01.01-15.29.19:846][ 72]LogLoad: Game class is 'BP_RescaleGamemode_C'
[2017.01.01-15.29.19:852][ 72]LogWorld: Bringing World /Game/_Rescale/UEDPIE_0_Inside.Inside up for play (max tick rate 60) at 2017.01.01-16.29.19
[2017.01.01-15.29.19:852][ 72]LogWorld: Bringing up level for play took: 0.004114
[2017.01.01-15.29.19:853][ 72]LogScriptCore:Warning: Script Msg: Divide by zero
Script call stack:
	Function /Game/_Rescale/Meshes/Mannequins/ThirdPerson/Animations/ThirdPerson_AnimBP.ThirdPerson_AnimBP_C:BlueprintUpdateAnimation
	Function /Game/_Rescale/Meshes/Mannequins/ThirdPerson/Animations/ThirdPerson_AnimBP.ThirdPerson_AnimBP_C:ExecuteUbergraph_ThirdPerson_AnimBP

[2017.01.01-15.29.19:854][ 72]PIE: Info Play in editor start time for /Game/_Rescale/UEDPIE_0_Inside -0.2
[2017.01.01-15.31.59:966][604]LogTemp: Repeting last play command: Selected Viewport
[2017.01.01-15.31.59:980][604]LogPlayLevel: PlayLevel: No blueprints needed recompiling
[2017.01.01-15.31.59:980][604]PIE: New page: PIE session: Inside (Jan 1, 2017, 5:31:59 PM)
[2017.01.01-15.31.59:980][604]LogPlayLevel: Creating play world package: /Game/_Rescale/UEDPIE_0_Inside
[2017.01.01-15.31.59:992][604]LogPlayLevel: PIE: StaticDuplicateObject took: (0.011881s)
[2017.01.01-15.31.59:993][604]LogAIModule: Creating AISystem for world Inside
[2017.01.01-15.31.59:993][604]LogPlayLevel: PIE: World Init took: (0.000488s)
[2017.01.01-15.31.59:993][604]LogPlayLevel: PIE: Created PIE world by copying editor world from /Game/_Rescale/Inside.Inside to /Game/_Rescale/UEDPIE_0_Inside.Inside (0.012627s)
[2017.01.01-15.32.00:003][604]LogInit: XAudio2 using 'Haut-parleurs (Realtek High Definition Audio)' : 2 channels at 48 kHz using 32 bits per sample (channel mask 0x3)
[2017.01.01-15.32.00:012][604]LogInit: FAudioDevice initialized.
[2017.01.01-15.32.00:040][604]LogLoad: Game class is 'BP_RescaleGamemode_C'
[2017.01.01-15.32.00:045][604]LogWorld: Bringing World /Game/_Rescale/UEDPIE_0_Inside.Inside up for play (max tick rate 60) at 2017.01.01-16.32.00
[2017.01.01-15.32.00:045][604]LogWorld: Bringing up level for play took: 0.004042
[2017.01.01-15.32.00:046][604]LogScriptCore:Warning: Script Msg: Divide by zero
Script call stack:
	Function /Game/_Rescale/Meshes/Mannequins/ThirdPerson/Animations/ThirdPerson_AnimBP.ThirdPerson_AnimBP_C:BlueprintUpdateAnimation
	Function /Game/_Rescale/Meshes/Mannequins/ThirdPerson/Animations/ThirdPerson_AnimBP.ThirdPerson_AnimBP_C:ExecuteUbergraph_ThirdPerson_AnimBP

[2017.01.01-15.32.00:048][604]PIE: Info Play in editor start time for /Game/_Rescale/UEDPIE_0_Inside -0.007
[2017.01.01-15.32.03:185][792]Cmd: LevelEditor.ToggleImmersive
[2017.01.01-15.33.26:774][183]LogTemp: Repeting last play command: Selected Viewport
[2017.01.01-15.33.26:791][183]LogPlayLevel: PlayLevel: No blueprints needed recompiling
[2017.01.01-15.33.26:791][183]PIE: New page: PIE session: Inside (Jan 1, 2017, 5:33:26 PM)
[2017.01.01-15.33.26:791][183]LogPlayLevel: Creating play world package: /Game/_Rescale/UEDPIE_0_Inside
[2017.01.01-15.33.26:807][183]LogPlayLevel: PIE: StaticDuplicateObject took: (0.015848s)
[2017.01.01-15.33.26:807][183]LogAIModule: Creating AISystem for world Inside
[2017.01.01-15.33.26:807][183]LogPlayLevel: PIE: World Init took: (0.000651s)
[2017.01.01-15.33.26:808][183]LogPlayLevel: PIE: Created PIE world by copying editor world from /Game/_Rescale/Inside.Inside to /Game/_Rescale/UEDPIE_0_Inside.Inside (0.016769s)
[2017.01.01-15.33.26:822][183]LogInit: XAudio2 using 'Haut-parleurs (Realtek High Definition Audio)' : 2 channels at 48 kHz using 32 bits per sample (channel mask 0x3)
[2017.01.01-15.33.26:851][183]LogInit: FAudioDevice initialized.
[2017.01.01-15.33.26:880][183]LogLoad: Game class is 'BP_RescaleGamemode_C'
[2017.01.01-15.33.26:885][183]LogWorld: Bringing World /Game/_Rescale/UEDPIE_0_Inside.Inside up for play (max tick rate 60) at 2017.01.01-16.33.26
[2017.01.01-15.33.26:886][183]LogWorld: Bringing up level for play took: 0.004935
[2017.01.01-15.33.26:887][183]LogScriptCore:Warning: Script Msg: Divide by zero
Script call stack:
	Function /Game/_Rescale/Meshes/Mannequins/ThirdPerson/Animations/ThirdPerson_AnimBP.ThirdPerson_AnimBP_C:BlueprintUpdateAnimation
	Function /Game/_Rescale/Meshes/Mannequins/ThirdPerson/Animations/ThirdPerson_AnimBP.ThirdPerson_AnimBP_C:ExecuteUbergraph_ThirdPerson_AnimBP

[2017.01.01-15.33.26:889][183]PIE: Info Play in editor start time for /Game/_Rescale/UEDPIE_0_Inside 0.835
[2017.01.01-15.33.36:447][756]Cmd: LevelEditor.ToggleImmersive
[2017.01.01-15.33.50:099][374]LogEditorViewport: Clicking on Actor (LMB): PointLight (PointLight7)
[2017.01.01-15.33.51:182][435]LogEditorViewport: Clicking on Actor (CTRL LMB): PointLight (PointLight4)
[2017.01.01-15.33.52:574][515]LogEditorViewport: Clicking on Actor (CTRL LMB): PointLight (PointLight2)
[2017.01.01-15.34.06:877][363]LogEditorViewport: Clicking on Actor (LMB): PointLight (PointLight33)
[2017.01.01-15.35.35:330][596]Cmd: OBJ SAVEPACKAGE PACKAGE="/Game/_Rescale/Inside" FILE="../../../../../../Users/Manu/Documents/Unreal Projects/RescaleE/Content/_Rescale/Inside.umap" SILENT=true AUTOSAVING=false KEEPDIRTY=false
[2017.01.01-15.35.35:493][596]LogSavePackage: Save=143.99ms
[2017.01.01-15.35.35:493][596]LogSavePackage: Moving '../../../../../../Users/Manu/Documents/Unreal Projects/RescaleE/Saved/InsideDBE2EF434453242E9C422DA7D2915C5A.tmp' to '../../../../../../Users/Manu/Documents/Unreal Projects/RescaleE/Content/_Rescale/Inside.umap'
[2017.01.01-15.35.35:499][596]LogSavePackage:Display: Finished SavePackage ../../../../../../Users/Manu/Documents/Unreal Projects/RescaleE/Content/_Rescale/Inside.umap
[2017.01.01-15.35.35:702][596]LogFileHelpers: Saving map 'Inside' took 0.439
[2017.01.01-15.35.35:709][596]Cmd: OBJ SAVEPACKAGE PACKAGE="/Game/_Rescale/Inside_BuiltData" FILE="../../../../../../Users/Manu/Documents/Unreal Projects/RescaleE/Content/_Rescale/Inside_BuiltData.uasset" SILENT=true
[2017.01.01-15.35.36:347][596]LogSavePackage: Save=533.51ms
[2017.01.01-15.35.36:347][596]LogSavePackage: Moving '../../../../../../Users/Manu/Documents/Unreal Projects/RescaleE/Saved/Inside_BuiltData212A0C05431F4C767B056BA76F7BD56E.tmp' to '../../../../../../Users/Manu/Documents/Unreal Projects/RescaleE/Content/_Rescale/Inside_BuiltData.uasset'
[2017.01.01-15.35.36:351][596]LogSavePackage:Display: Finished SavePackage ../../../../../../Users/Manu/Documents/Unreal Projects/RescaleE/Content/_Rescale/Inside_BuiltData.uasset
[2017.01.01-15.35.37:510][655]LogWindowsTextInputMethodSystem:Display: IME system now deactivated.
[2017.01.01-15.35.38:563][656]Cmd: QUIT_EDITOR
[2017.01.01-15.35.38:999][656]LogExit: Preparing to exit.
[2017.01.01-15.35.40:118][656]LogDirectoryWatcher: A directory notification for 'C:/Users/Manu/Documents/Unreal Projects/RescaleE/Content/' was aborted.
[2017.01.01-15.35.40:156][656]LogExit: Editor shut down
[2017.01.01-15.35.40:156][656]LogExit: Transaction tracking system shut down
[2017.01.01-15.35.40:228][656]LogObj: Freed 0b from 0 cluster array pools.
[2017.01.01-15.35.40:228][656]LogExit: Object subsystem successfully closed.
[2017.01.01-15.35.40:242][656]LogD3D11RHI: Shutdown
[2017.01.01-15.35.40:242][656]LogD3D11RHI: CleanupD3DDevice
[2017.01.01-15.35.40:383][656]LogD3D11RHI: ~FD3D11DynamicRHI
[2017.01.01-15.35.40:394][656]LogHttp:Display: Http module shutting down, but needs to wait on 1 outstanding Http requests:
[2017.01.01-15.35.40:394][656]LogHttp:Display: 	verb=[POST] url=[https://datarouter.ol.epicgames.com/datarouter/api/v1/public/data?SessionID=%7B8EB69A55-45B2-64D5-C1BC-B5B751D47B01%7D&AppID=UEEditor.Rocket.Release&AppVersion=4.14.1-3224400%2B%2B%2BUE4%2BRelease-4.14&UserID=bfaa3a4f404181b542fa71861563d13b%7C2f077aada51d4e47af0f7dc5927b56f4%7Cb3c26870-df9c-4f47-93ba-0b2c15a5d9e7&AppEnvironment=datacollector-binary&UploadType=eteventstream] status=Processing
[2017.01.01-15.35.40:403][656]LogModuleManager: Shutting down and abandoning module HierarchicalLODUtilities (246)
[2017.01.01-15.35.40:403][656]LogModuleManager: Shutting down and abandoning module MovieSceneCapture (245)
[2017.01.01-15.35.40:403][656]LogModuleManager: Shutting down and abandoning module HierarchicalLODOutliner (244)
[2017.01.01-15.35.40:403][656]LogModuleManager: Shutting down and abandoning module ExternalImagePicker (243)
[2017.01.01-15.35.40:403][656]LogModuleManager: Shutting down and abandoning module CrashTracker (242)
[2017.01.01-15.35.40:403][656]LogModuleManager: Shutting down and abandoning module SceneOutliner (241)
[2017.01.01-15.35.40:403][656]LogModuleManager: Shutting down and abandoning module WidgetCarousel (240)
[2017.01.01-15.35.40:403][656]LogModuleManager: Shutting down and abandoning module AddContentDialog (239)
[2017.01.01-15.35.40:403][656]LogDirectoryWatcher: A directory notification for 'C:/Program Files (x86)/Epic Games/4.14/FeaturePacks/' was aborted.
[2017.01.01-15.35.40:404][656]LogModuleManager: Shutting down and abandoning module GameplayTags (238)
[2017.01.01-15.35.40:404][656]LogModuleManager: Shutting down and abandoning module EditorWidgets (237)
[2017.01.01-15.35.40:404][656]LogModuleManager: Shutting down and abandoning module CollectionManager (236)
[2017.01.01-15.35.40:404][656]LogDirectoryWatcher: A directory notification for 'C:/Users/Manu/Documents/Unreal Projects/RescaleE/Content/Collections/' was aborted.
[2017.01.01-15.35.40:404][656]LogDirectoryWatcher: A directory notification for 'C:/Users/Manu/Documents/Unreal Projects/RescaleE/Content/Developers/Manu/Collections/' was aborted.
[2017.01.01-15.35.40:404][656]LogDirectoryWatcher: A directory notification for 'C:/Users/Manu/Documents/Unreal Projects/RescaleE/Saved/Collections/' was aborted.
[2017.01.01-15.35.40:404][656]LogModuleManager: Shutting down and abandoning module StatsViewer (235)
[2017.01.01-15.35.40:405][656]LogModuleManager: Shutting down and abandoning module FoliageEdit (234)
[2017.01.01-15.35.40:405][656]LogModuleManager: Shutting down and abandoning module LandscapeEditor (233)
[2017.01.01-15.35.40:405][656]LogModuleManager: Shutting down and abandoning module SceneDepthPickerMode (232)
[2017.01.01-15.35.40:405][656]LogModuleManager: Shutting down and abandoning module ActorPickerMode (231)
[2017.01.01-15.35.40:405][656]LogModuleManager: Shutting down and abandoning module GeometryMode (230)
[2017.01.01-15.35.40:405][656]LogModuleManager: Shutting down and abandoning module TextureAlignMode (229)
[2017.01.01-15.35.40:405][656]LogModuleManager: Shutting down and abandoning module BspMode (228)
[2017.01.01-15.35.40:405][656]LogModuleManager: Shutting down and abandoning module HardwareSurvey (227)
[2017.01.01-15.35.40:405][656]LogModuleManager: Shutting down and abandoning module SequenceRecorderSections (226)
[2017.01.01-15.35.40:405][656]LogModuleManager: Shutting down and abandoning module AutomationWorker (225)
[2017.01.01-15.35.40:405][656]LogModuleManager: Shutting down and abandoning module MatineeToLevelSequence (224)
[2017.01.01-15.35.40:405][656]LogModuleManager: Shutting down and abandoning module PlacementMode (223)
[2017.01.01-15.35.40:405][656]LogModuleManager: Shutting down and abandoning module LevelSequenceEditor (222)
[2017.01.01-15.35.40:405][656]LogModuleManager: Shutting down and abandoning module WmfMediaFactory (221)
[2017.01.01-15.35.40:405][656]LogModuleManager: Shutting down and abandoning module WmfMediaEditor (220)
[2017.01.01-15.35.40:405][656]LogModuleManager: Shutting down and abandoning module AvfMediaFactory (219)
[2017.01.01-15.35.40:405][656]LogModuleManager: Shutting down and abandoning module AvfMediaEditor (218)
[2017.01.01-15.35.40:405][656]LogModuleManager: Shutting down and abandoning module Media (217)
[2017.01.01-15.35.40:405][656]LogModuleManager: Shutting down and abandoning module AndroidMediaFactory (216)
[2017.01.01-15.35.40:405][656]LogModuleManager: Shutting down and abandoning module AndroidMediaEditor (215)
[2017.01.01-15.35.40:405][656]LogModuleManager: Shutting down and abandoning module CharacterAI (214)
[2017.01.01-15.35.40:405][656]LogModuleManager: Shutting down and abandoning module SequenceRecorder (213)
[2017.01.01-15.35.40:405][656]LogModuleManager: Shutting down and abandoning module AudioCapture (212)
[2017.01.01-15.35.40:405][656]LogModuleManager: Shutting down and abandoning module SmartSnapping (211)
[2017.01.01-15.35.40:405][656]LogModuleManager: Shutting down and abandoning module SessionServices (210)
[2017.01.01-15.35.40:405][656]LogModuleManager: Shutting down and abandoning module ViewportSnapping (209)
[2017.01.01-15.35.40:405][656]LogModuleManager: Shutting down and abandoning module ViewportInteraction (208)
[2017.01.01-15.35.40:405][656]LogModuleManager: Shutting down and abandoning module LogVisualizer (207)
[2017.01.01-15.35.40:405][656]LogModuleManager: Shutting down and abandoning module GameProjectGeneration (206)
[2017.01.01-15.35.40:405][656]LogModuleManager: Shutting down and abandoning module IntroTutorials (205)
[2017.01.01-15.35.40:405][656]LogModuleManager: Shutting down and abandoning module EditorLiveStreaming (204)
[2017.01.01-15.35.40:405][656]LogModuleManager: Shutting down and abandoning module IOSPlatformEditor (203)
[2017.01.01-15.35.40:405][656]LogModuleManager: Shutting down and abandoning module HTML5PlatformEditor (202)
[2017.01.01-15.35.40:405][656]LogModuleManager: Shutting down and abandoning module AndroidDeviceDetection (201)
[2017.01.01-15.35.41:202][656]LogModuleManager: Shutting down and abandoning module AndroidPlatformEditor (200)
[2017.01.01-15.35.41:202][656]LogModuleManager: Shutting down and abandoning module IOSRuntimeSettings (199)
[2017.01.01-15.35.41:202][656]LogModuleManager: Shutting down and abandoning module AndroidRuntimeSettings (198)
[2017.01.01-15.35.41:202][656]LogModuleManager: Shutting down and abandoning module InputBindingEditor (197)
[2017.01.01-15.35.41:202][656]LogModuleManager: Shutting down and abandoning module NiagaraEditor (196)
[2017.01.01-15.35.41:202][656]LogModuleManager: Shutting down and abandoning module MergeActors (195)
[2017.01.01-15.35.41:202][656]LogModuleManager: Shutting down and abandoning module SizeMap (194)
[2017.01.01-15.35.41:202][656]LogModuleManager: Shutting down and abandoning module TreeMap (193)
[2017.01.01-15.35.41:202][656]LogModuleManager: Shutting down and abandoning module ReferenceViewer (192)
[2017.01.01-15.35.41:202][656]LogModuleManager: Shutting down and abandoning module LocalizationService (191)
[2017.01.01-15.35.41:202][656]LogModuleManager: Shutting down and abandoning module LocalizationDashboard (190)
[2017.01.01-15.35.41:202][656]LogModuleManager: Shutting down and abandoning module HardwareTargeting (189)
[2017.01.01-15.35.41:202][656]LogModuleManager: Shutting down and abandoning module DeviceProfileEditor (188)
[2017.01.01-15.35.41:202][656]LogModuleManager: Shutting down and abandoning module UndoHistory (187)
[2017.01.01-15.35.41:203][656]LogModuleManager: Shutting down and abandoning module UserFeedback (186)
[2017.01.01-15.35.41:203][656]LogModuleManager: Shutting down and abandoning module XmlParser (185)
[2017.01.01-15.35.41:203][656]LogModuleManager: Shutting down and abandoning module Blutility (184)
[2017.01.01-15.35.41:203][656]LogModuleManager: Shutting down and abandoning module ProjectTargetPlatformEditor (183)
[2017.01.01-15.35.41:203][656]LogModuleManager: Shutting down and abandoning module ProjectSettingsViewer (182)
[2017.01.01-15.35.41:203][656]LogModuleManager: Shutting down and abandoning module EditorSettingsViewer (181)
[2017.01.01-15.35.41:203][656]LogModuleManager: Shutting down and abandoning module SettingsEditor (180)
[2017.01.01-15.35.41:203][656]LogModuleManager: Shutting down and abandoning module ProjectLauncher (179)
[2017.01.01-15.35.41:203][656]LogModuleManager: Shutting down and abandoning module SessionFrontend (178)
[2017.01.01-15.35.41:203][656]LogModuleManager: Shutting down and abandoning module ProfilerClient (177)
[2017.01.01-15.35.41:203][656]LogModuleManager: Shutting down and abandoning module TargetDeviceServices (176)
[2017.01.01-15.35.41:204][656]LogModuleManager: Shutting down and abandoning module DeviceManager (175)
[2017.01.01-15.35.41:256][656]LogModuleManager: Shutting down and abandoning module AutomationController (174)
[2017.01.01-15.35.41:256][656]LogModuleManager: Shutting down and abandoning module AutomationWindow (173)
[2017.01.01-15.35.41:256][656]LogModuleManager: Shutting down and abandoning module Layers (172)
[2017.01.01-15.35.41:256][656]LogModuleManager: Shutting down and abandoning module ComponentVisualizers (171)
[2017.01.01-15.35.41:256][656]LogModuleManager: Shutting down and abandoning module DetailCustomizations (170)
[2017.01.01-15.35.41:256][656]LogModuleManager: Shutting down and abandoning module PackagesDialog (169)
[2017.01.01-15.35.41:257][656]LogModuleManager: Shutting down and abandoning module AnimGraph (168)
[2017.01.01-15.35.41:257][656]LogModuleManager: Shutting down and abandoning module Persona (167)
[2017.01.01-15.35.41:257][656]LogModuleManager: Shutting down and abandoning module Kismet (166)
[2017.01.01-15.35.41:259][656]LogModuleManager: Shutting down and abandoning module GraphEditor (165)
[2017.01.01-15.35.41:259][656]LogModuleManager: Shutting down and abandoning module ClassViewer (164)
[2017.01.01-15.35.41:259][656]LogModuleManager: Shutting down and abandoning module Toolbox (163)
[2017.01.01-15.35.41:259][656]LogModuleManager: Shutting down and abandoning module ModuleUI (162)
[2017.01.01-15.35.41:259][656]LogModuleManager: Shutting down and abandoning module MovieSceneTools (161)
[2017.01.01-15.35.41:260][656]LogModuleManager: Shutting down and abandoning module OutputLog (160)
[2017.01.01-15.35.41:260][656]LogModuleManager: Shutting down and abandoning module GammaUI (159)
[2017.01.01-15.35.41:260][656]LogModuleManager: Shutting down and abandoning module Documentation (158)
[2017.01.01-15.35.41:260][656]LogModuleManager: Shutting down and abandoning module Niagara (157)
[2017.01.01-15.35.41:260][656]LogModuleManager: Shutting down and abandoning module StreamingPauseRendering (156)
[2017.01.01-15.35.41:260][656]LogModuleManager: Shutting down and abandoning module AnalyticsET (155)
[2017.01.01-15.35.41:260][656]LogModuleManager: Shutting down and abandoning module PortalServices (154)
[2017.01.01-15.35.41:260][656]LogModuleManager: Shutting down and abandoning module PortalRpc (153)
[2017.01.01-15.35.41:260][656]LogModuleManager: Shutting down and abandoning module MessagingRpc (152)
[2017.01.01-15.35.41:260][656]LogModuleManager: Shutting down and abandoning module GameplayDebugger (151)
[2017.01.01-15.35.41:260][656]LogModuleManager: Shutting down and abandoning module AITestSuite (150)
[2017.01.01-15.35.41:260][656]LogModuleManager: Shutting down and abandoning module AIModule (149)
[2017.01.01-15.35.41:260][656]LogModuleManager: Shutting down and abandoning module ProfilerService (148)
[2017.01.01-15.35.41:499][656]LogModuleManager: Shutting down and abandoning module TaskGraph (147)
[2017.01.01-15.35.41:499][656]LogModuleManager: Shutting down and abandoning module SubstanceEditor (146)
[2017.01.01-15.35.41:500][656]LogModuleManager: Shutting down and abandoning module SlateRemote (145)
[2017.01.01-15.35.41:500][656]LogModuleManager: Shutting down and abandoning module SteamVRController (144)
[2017.01.01-15.35.41:500][656]LogModuleManager: Shutting down and abandoning module SteamVR (143)
[2017.01.01-15.35.41:500][656]LogModuleManager: Shutting down and abandoning module ProceduralMeshComponentEditor (142)
[2017.01.01-15.35.41:500][656]LogModuleManager: Shutting down and abandoning module ProceduralMeshComponent (141)
[2017.01.01-15.35.41:500][656]LogModuleManager: Shutting down and abandoning module OculusLibrary (140)
[2017.01.01-15.35.41:500][656]LogModuleManager: Shutting down and abandoning module OculusInput (139)
[2017.01.01-15.35.41:500][656]LogModuleManager: Shutting down and abandoning module MobilePatchingUtils (138)
[2017.01.01-15.35.41:500][656]LogModuleManager: Shutting down and abandoning module CustomMeshComponent (137)
[2017.01.01-15.35.41:500][656]LogModuleManager: Shutting down and abandoning module CableComponent (136)
[2017.01.01-15.35.41:500][656]LogModuleManager: Shutting down and abandoning module ArchVisCharacter (135)
[2017.01.01-15.35.41:500][656]LogModuleManager: Shutting down and abandoning module MediaPlayerEditor (133)
[2017.01.01-15.35.41:501][656]LogModuleManager: Shutting down and abandoning module HTML5Networking (132)
[2017.01.01-15.35.41:501][656]LogModuleManager: Shutting down and abandoning module GeometryCacheEd (131)
[2017.01.01-15.35.41:501][656]LogModuleManager: Shutting down and abandoning module GeometryCache (130)
[2017.01.01-15.35.41:501][656]LogModuleManager: Shutting down and abandoning module AlembicLibrary (129)
[2017.01.01-15.35.41:501][656]LogModuleManager: Shutting down and abandoning module AlembicImporter (128)
[2017.01.01-15.35.41:501][656]LogModuleManager: Shutting down and abandoning module SuperSearch (127)
[2017.01.01-15.35.41:501][656]LogModuleManager: Shutting down and abandoning module SuperSearchEditor (126)
[2017.01.01-15.35.41:501][656]LogModuleManager: Shutting down and abandoning module SpeedTreeImporter (125)
[2017.01.01-15.35.41:501][656]LogModuleManager: Shutting down and abandoning module PluginBrowser (124)
[2017.01.01-15.35.41:501][656]LogModuleManager: Shutting down and abandoning module MobileLauncherProfileWizard (123)
[2017.01.01-15.35.41:501][656]LogModuleManager: Shutting down and abandoning module EpicSurvey (122)
[2017.01.01-15.35.41:501][656]LogModuleManager: Shutting down and abandoning module DesktopPlatform (121)
[2017.01.01-15.35.41:501][656]LogModuleManager: Shutting down and abandoning module VisualStudioSourceCodeAccess (120)
[2017.01.01-15.35.41:501][656]LogModuleManager: Shutting down and abandoning module UObjectPlugin (119)
[2017.01.01-15.35.41:501][656]LogModuleManager: Shutting down and abandoning module SubversionSourceControl (118)
[2017.01.01-15.35.41:501][656]LogModuleManager: Shutting down and abandoning module PerforceSourceControl (117)
[2017.01.01-15.35.41:501][656]LogModuleManager: Shutting down and abandoning module SourceControl (116)
[2017.01.01-15.35.41:501][656]LogModuleManager: Shutting down and abandoning module GitSourceControl (115)
[2017.01.01-15.35.41:501][656]LogModuleManager: Shutting down and abandoning module LightPropagationVolumeEditor (114)
[2017.01.01-15.35.41:501][656]LogModuleManager: Shutting down and abandoning module PaperTiledImporter (113)
[2017.01.01-15.35.41:502][656]LogModuleManager: Shutting down and abandoning module PaperSpriteSheetImporter (112)
[2017.01.01-15.35.41:502][656]LogModuleManager: Shutting down and abandoning module MeshPaint (111)
[2017.01.01-15.35.41:502][656]LogModuleManager: Shutting down and abandoning module PixelInspectorModule (110)
[2017.01.01-15.35.41:502][656]LogModuleManager: Shutting down and abandoning module HotReload (109)
[2017.01.01-15.35.41:503][656]LogModuleManager: Shutting down and abandoning module MainFrame (108)
[2017.01.01-15.35.41:503][656]LogModuleManager: Shutting down and abandoning module LevelEditor (107)
[2017.01.01-15.35.41:523][656]LogModuleManager: Shutting down and abandoning module ContentBrowser (106)
[2017.01.01-15.35.41:525][656]LogModuleManager: Shutting down and abandoning module Paper2DEditor (105)
[2017.01.01-15.35.41:525][656]LogModuleManager: Shutting down and abandoning module UdpMessaging (104)
[2017.01.01-15.35.41:626][656]LogModuleManager: Shutting down and abandoning module TcpMessaging (103)
[2017.01.01-15.35.41:726][656]LogModuleManager: Shutting down and abandoning module SubstanceCore (102)
[2017.01.01-15.35.41:726][656]LogModuleManager: Shutting down and abandoning module LightPropagationVolumeRuntime (101)
[2017.01.01-15.35.41:726][656]LogModuleManager: Shutting down and abandoning module Paper2D (100)
[2017.01.01-15.35.41:726][656]LogModuleManager: Shutting down and abandoning module WindowsMoviePlayer (99)
[2017.01.01-15.35.41:726][656]LogModuleManager: Shutting down and abandoning module WmfMedia (98)
[2017.01.01-15.35.41:727][656]LogModuleManager: Shutting down and abandoning module MediaAssets (97)
[2017.01.01-15.35.41:727][656]LogModuleManager: Shutting down and abandoning module GameLiveStreaming (96)
[2017.01.01-15.35.41:727][656]LogModuleManager: Shutting down and abandoning module GameplayTagsEditor (95)
[2017.01.01-15.35.41:727][656]LogModuleManager: Shutting down and abandoning module VREditor (94)
[2017.01.01-15.35.41:727][656]LogModuleManager: Shutting down and abandoning module GameplayTasksEditor (93)
[2017.01.01-15.35.41:727][656]LogModuleManager: Shutting down and abandoning module BehaviorTreeEditor (92)
[2017.01.01-15.35.41:727][656]LogModuleManager: Shutting down and abandoning module FunctionalTesting (91)
[2017.01.01-15.35.41:727][656]LogModuleManager: Shutting down and abandoning module CollisionAnalyzer (90)
[2017.01.01-15.35.41:727][656]LogModuleManager: Shutting down and abandoning module Sequencer (89)
[2017.01.01-15.35.41:727][656]LogModuleManager: Shutting down and abandoning module WorkspaceMenuStructure (88)
[2017.01.01-15.35.41:727][656]LogModuleManager: Shutting down and abandoning module MessageLog (87)
[2017.01.01-15.35.41:727][656]LogModuleManager: Shutting down and abandoning module AssetTools (86)
[2017.01.01-15.35.41:728][656]LogModuleManager: Shutting down and abandoning module UMGEditor (85)
[2017.01.01-15.35.41:728][656]LogModuleManager: Shutting down and abandoning module UMG (84)
[2017.01.01-15.35.41:728][656]LogModuleManager: Shutting down and abandoning module SlateReflector (83)
[2017.01.01-15.35.41:728][656]LogModuleManager: Shutting down and abandoning module Slate (82)
[2017.01.01-15.35.41:728][656]LogModuleManager: Shutting down and abandoning module EditorStyle (81)
[2017.01.01-15.35.41:736][656]LogModuleManager: Shutting down and abandoning module SourceCodeAccess (80)
[2017.01.01-15.35.41:736][656]LogModuleManager: Shutting down and abandoning module HeadMountedDisplay (79)
[2017.01.01-15.35.41:736][656]LogModuleManager: Shutting down and abandoning module XAudio2 (78)
[2017.01.01-15.35.41:736][656]LogModuleManager: Shutting down and abandoning module Networking (76)
[2017.01.01-15.35.41:736][656]LogModuleManager: Shutting down and abandoning module Core (75)
[2017.01.01-15.35.41:736][656]LogModuleManager: Shutting down and abandoning module DirectoryWatcher (74)
[2017.01.01-15.35.41:736][656]LogDirectoryWatcher: A directory notification for '../../../Engine/Content/' was aborted.
[2017.01.01-15.35.41:736][656]LogDirectoryWatcher: A directory notification for '../../../../../../Users/Manu/Documents/Unreal Projects/RescaleE/Content/' was aborted.
[2017.01.01-15.35.41:736][656]LogDirectoryWatcher: A directory notification for '../../../Engine/Plugins/2D/Paper2D/Content/' was aborted.
[2017.01.01-15.35.41:738][656]LogModuleManager: Shutting down and abandoning module AssetRegistry (73)
[2017.01.01-15.35.41:804][656]LogModuleManager: Shutting down and abandoning module KismetCompiler (72)
[2017.01.01-15.35.41:804][656]LogModuleManager: Shutting down and abandoning module PhysXFormats (71)
[2017.01.01-15.35.41:804][656]LogModuleManager: Shutting down and abandoning module SimplygonSwarm (70)
[2017.01.01-15.35.41:804][656]LogModuleManager: Shutting down and abandoning module SimplygonMeshReduction (69)
[2017.01.01-15.35.41:804][656]LogModuleManager: Shutting down and abandoning module QuadricMeshReduction (68)
[2017.01.01-15.35.41:804][656]LogModuleManager: Shutting down and abandoning module PropertyEditor (67)
[2017.01.01-15.35.41:804][656]LogModuleManager: Shutting down and abandoning module MeshUtilities (66)
[2017.01.01-15.35.41:804][656]LogModuleManager: Shutting down and abandoning module DerivedDataCache (65)
[2017.01.01-15.35.41:860][656]LogDerivedDataCache: Shutdown
[2017.01.01-15.35.41:860][656]LogModuleManager: Shutting down and abandoning module VulkanShaderFormat (64)
[2017.01.01-15.35.41:860][656]LogModuleManager: Shutting down and abandoning module ShaderFormatOpenGL (63)
[2017.01.01-15.35.41:860][656]LogModuleManager: Shutting down and abandoning module ShaderFormatD3D (62)
[2017.01.01-15.35.41:860][656]LogModuleManager: Shutting down and abandoning module MetalShaderFormat (61)
[2017.01.01-15.35.41:860][656]LogModuleManager: Shutting down and abandoning module TextureFormatUncompressed (60)
[2017.01.01-15.35.41:860][656]LogModuleManager: Shutting down and abandoning module TextureFormatPVR (59)
[2017.01.01-15.35.41:860][656]LogModuleManager: Shutting down and abandoning module TextureFormatDXT (58)
[2017.01.01-15.35.41:860][656]LogModuleManager: Shutting down and abandoning module TextureFormatIntelISPCTexComp (57)
[2017.01.01-15.35.41:861][656]LogModuleManager: Shutting down and abandoning module ImageWrapper (56)
[2017.01.01-15.35.41:861][656]LogModuleManager: Shutting down and abandoning module TextureFormatASTC (55)
[2017.01.01-15.35.41:861][656]LogModuleManager: Shutting down and abandoning module TextureFormatAndroid (54)
[2017.01.01-15.35.41:861][656]LogModuleManager: Shutting down and abandoning module AudioFormatOpus (53)
[2017.01.01-15.35.41:861][656]LogModuleManager: Shutting down and abandoning module AudioFormatOgg (52)
[2017.01.01-15.35.41:861][656]LogModuleManager: Shutting down and abandoning module AudioFormatADPCM (51)
[2017.01.01-15.35.41:861][656]LogModuleManager: Shutting down and abandoning module LinuxTargetPlatform (50)
[2017.01.01-15.35.41:861][656]LogModuleManager: Shutting down and abandoning module LinuxServerTargetPlatform (49)
[2017.01.01-15.35.41:861][656]LogModuleManager: Shutting down and abandoning module LinuxNoEditorTargetPlatform (48)
[2017.01.01-15.35.41:861][656]LogModuleManager: Shutting down and abandoning module LinuxClientTargetPlatform (47)
[2017.01.01-15.35.41:861][656]LogModuleManager: Shutting down and abandoning module TVOSTargetPlatform (46)
[2017.01.01-15.35.41:861][656]LogModuleManager: Shutting down and abandoning module Messaging (45)
[2017.01.01-15.35.41:861][656]LogModuleManager: Shutting down and abandoning module IOSTargetPlatform (44)
[2017.01.01-15.35.41:861][656]LogModuleManager: Shutting down and abandoning module HTML5TargetPlatform (43)
[2017.01.01-15.35.41:861][656]LogModuleManager: Shutting down and abandoning module Android_PVRTCTargetPlatform (42)
[2017.01.01-15.35.41:861][656]LogModuleManager: Shutting down and abandoning module Android_MultiTargetPlatform (41)
[2017.01.01-15.35.41:861][656]LogModuleManager: Shutting down and abandoning module Android_ETC2TargetPlatform (40)
[2017.01.01-15.35.41:861][656]LogModuleManager: Shutting down and abandoning module Android_ETC1TargetPlatform (39)
[2017.01.01-15.35.41:861][656]LogModuleManager: Shutting down and abandoning module Android_DXTTargetPlatform (38)
[2017.01.01-15.35.41:861][656]LogModuleManager: Shutting down and abandoning module Android_ATCTargetPlatform (37)
[2017.01.01-15.35.41:861][656]LogModuleManager: Shutting down and abandoning module Android_ASTCTargetPlatform (36)
[2017.01.01-15.35.41:861][656]LogModuleManager: Shutting down and abandoning module AndroidTargetPlatform (35)
[2017.01.01-15.35.41:861][656]LogModuleManager: Shutting down and abandoning module WindowsTargetPlatform (34)
[2017.01.01-15.35.41:861][656]LogModuleManager: Shutting down and abandoning module WindowsServerTargetPlatform (33)
[2017.01.01-15.35.41:861][656]LogModuleManager: Shutting down and abandoning module WindowsNoEditorTargetPlatform (32)
[2017.01.01-15.35.41:861][656]LogModuleManager: Shutting down and abandoning module WindowsClientTargetPlatform (31)
[2017.01.01-15.35.41:861][656]LogModuleManager: Shutting down and abandoning module MacTargetPlatform (30)
[2017.01.01-15.35.41:861][656]LogModuleManager: Shutting down and abandoning module MacServerTargetPlatform (29)
[2017.01.01-15.35.41:862][656]LogModuleManager: Shutting down and abandoning module MacNoEditorTargetPlatform (28)
[2017.01.01-15.35.41:862][656]LogModuleManager: Shutting down and abandoning module MacClientTargetPlatform (27)
[2017.01.01-15.35.41:862][656]LogModuleManager: Shutting down and abandoning module AllDesktopTargetPlatform (26)
[2017.01.01-15.35.41:862][656]LogModuleManager: Shutting down and abandoning module TargetPlatform (25)
[2017.01.01-15.35.41:862][656]LogModuleManager: Shutting down and abandoning module InputCore (24)
[2017.01.01-15.35.41:862][656]LogModuleManager: Shutting down and abandoning module Settings (23)
[2017.01.01-15.35.41:862][656]LogModuleManager: Shutting down and abandoning module OculusRift (22)
[2017.01.01-15.35.41:862][656]LogModuleManager: Shutting down and abandoning module ExampleDeviceProfileSelector (21)
[2017.01.01-15.35.41:862][656]LogModuleManager: Shutting down and abandoning module OnlineBlueprintSupport (20)
[2017.01.01-15.35.41:862][656]LogModuleManager: Shutting down and abandoning module OnlineSubsystem (18)
[2017.01.01-15.35.41:862][656]LogOnline:Display: Unloading online subsystem: NULL
[2017.01.01-15.35.41:862][656]LogModuleManager: Shutting down and abandoning module SSL (17)
[2017.01.01-15.35.41:866][656]LogModuleManager: Shutting down and abandoning module HTTP (16)
[2017.01.01-15.35.41:866][656]LogModuleManager: Shutting down and abandoning module XMPP (15)
[2017.01.01-15.35.41:866][656]LogModuleManager: Shutting down and abandoning module TextureCompressor (14)
[2017.01.01-15.35.41:866][656]LogModuleManager: Shutting down and abandoning module ShaderCore (13)
[2017.01.01-15.35.41:866][656]LogModuleManager: Shutting down and abandoning module Landscape (12)
[2017.01.01-15.35.41:866][656]LogModuleManager: Shutting down and abandoning module SlateRHIRenderer (11)
[2017.01.01-15.35.41:870][656]LogModuleManager: Shutting down and abandoning module OpenGLDrv (10)
[2017.01.01-15.35.41:870][656]LogModuleManager: Shutting down and abandoning module D3D11RHI (9)
[2017.01.01-15.35.41:870][656]LogModuleManager: Shutting down and abandoning module AnimGraphRuntime (8)
[2017.01.01-15.35.41:870][656]LogModuleManager: Shutting down and abandoning module Renderer (7)
[2017.01.01-15.35.41:870][656]LogModuleManager: Shutting down and abandoning module Engine (6)
[2017.01.01-15.35.41:870][656]LogModuleManager: Shutting down and abandoning module CoreUObject (5)
[2017.01.01-15.35.41:870][656]LogModuleManager: Shutting down and abandoning module NetworkFile (4)
[2017.01.01-15.35.41:870][656]LogModuleManager: Shutting down and abandoning module StreamingFile (3)
[2017.01.01-15.35.41:870][656]LogModuleManager: Shutting down and abandoning module SandboxFile (2)
[2017.01.01-15.35.41:870][656]LogModuleManager: Shutting down and abandoning module PakFile (1)
[2017.01.01-15.35.41:875][656]LogExit: Exiting.
[2017.01.01-15.35.41:880][656]Log file closed, 01/01/17 16:35:41
